Using pre-set license
Built from '2021.3/staging' branch; Version is '2021.3.14f1 (eee1884e7226) revision 15655304'; Using compiler version '192829333'; Build Type 'Release'
OS: 'Windows 11  (10.0.22621) 64bit Core' Language: 'en' Physical Memory: 32439 MB
BatchMode: 1, IsHumanControllingUs: 0, StartBugReporterOnCrash: 0, Is64bit: 1, IsPro: 1

COMMAND LINE ARGUMENTS:
C:\Program Files\Unity\Hub\Editor\2021.3.14f1\Editor\Unity.exe
-adb2
-batchMode
-noUpm
-name
AssetImportWorker13
-projectPath
C:/Data/Buckeye Vertical/BV-Domain-Randomization-Unity-Project
-logFile
Logs/AssetImportWorker13.log
-srvPort
61913
Successfully changed project path to: C:/Data/Buckeye Vertical/BV-Domain-Randomization-Unity-Project
C:/Data/Buckeye Vertical/BV-Domain-Randomization-Unity-Project
[UnityMemory] Configuration Parameters - Can be set up in boot.config
    "memorysetup-bucket-allocator-granularity=16"
    "memorysetup-bucket-allocator-bucket-count=8"
    "memorysetup-bucket-allocator-block-size=33554432"
    "memorysetup-bucket-allocator-block-count=8"
    "memorysetup-main-allocator-block-size=16777216"
    "memorysetup-thread-allocator-block-size=16777216"
    "memorysetup-gfx-main-allocator-block-size=16777216"
    "memorysetup-gfx-thread-allocator-block-size=16777216"
    "memorysetup-cache-allocator-block-size=4194304"
    "memorysetup-typetree-allocator-block-size=2097152"
    "memorysetup-profiler-bucket-allocator-granularity=16"
    "memorysetup-profiler-bucket-allocator-bucket-count=8"
    "memorysetup-profiler-bucket-allocator-block-size=33554432"
    "memorysetup-profiler-bucket-allocator-block-count=8"
    "memorysetup-profiler-allocator-block-size=16777216"
    "memorysetup-profiler-editor-allocator-block-size=1048576"
    "memorysetup-temp-allocator-size-main=16777216"
    "memorysetup-job-temp-allocator-block-size=2097152"
    "memorysetup-job-temp-allocator-block-size-background=1048576"
    "memorysetup-job-temp-allocator-reduction-small-platforms=262144"
    "memorysetup-temp-allocator-size-background-worker=32768"
    "memorysetup-temp-allocator-size-job-worker=262144"
    "memorysetup-temp-allocator-size-preload-manager=33554432"
    "memorysetup-temp-allocator-size-nav-mesh-worker=65536"
    "memorysetup-temp-allocator-size-audio-worker=65536"
    "memorysetup-temp-allocator-size-cloud-worker=32768"
    "memorysetup-temp-allocator-size-gi-baking-worker=262144"
    "memorysetup-temp-allocator-size-gfx=262144"
Refreshing native plugins compatible for Editor in 121.65 ms, found 3 plugins.
Preloading 0 native plugins for Editor in 0.00 ms.
Initialize engine version: 2021.3.14f1 (eee1884e7226)
[Subsystems] Discovering subsystems at path C:/Program Files/Unity/Hub/Editor/2021.3.14f1/Editor/Data/Resources/UnitySubsystems
[Subsystems] Discovering subsystems at path C:/Data/Buckeye Vertical/BV-Domain-Randomization-Unity-Project/Assets
GfxDevice: creating device client; threaded=0; jobified=0
Direct3D:
    Version:  Direct3D 11.0 [level 11.1]
    Renderer: NVIDIA GeForce RTX 3050 Ti Laptop GPU (ID=0x25a0)
    Vendor:   NVIDIA
    VRAM:     3978 MB
    Driver:   31.0.15.3209
Initialize mono
Mono path[0] = 'C:/Program Files/Unity/Hub/Editor/2021.3.14f1/Editor/Data/Managed'
Mono path[1] = 'C:/Program Files/Unity/Hub/Editor/2021.3.14f1/Editor/Data/MonoBleedingEdge/lib/mono/unityjit-win32'
Mono config path = 'C:/Program Files/Unity/Hub/Editor/2021.3.14f1/Editor/Data/MonoBleedingEdge/etc'
Using monoOptions --debugger-agent=transport=dt_socket,embedding=1,server=y,suspend=n,address=127.0.0.1:56720
Begin MonoManager ReloadAssembly
Registering precompiled unity dll's ...
Register platform support module: C:/Program Files/Unity/Hub/Editor/2021.3.14f1/Editor/Data/PlaybackEngines/WebGLSupport/UnityEditor.WebGL.Extensions.dll
Register platform support module: C:/Program Files/Unity/Hub/Editor/2021.3.14f1/Editor/Data/PlaybackEngines/WindowsStandaloneSupport/UnityEditor.WindowsStandalone.Extensions.dll
Registered in 0.012819 seconds.
Native extension for WindowsStandalone target not found
Native extension for WebGL target not found
Refreshing native plugins compatible for Editor in 147.05 ms, found 3 plugins.
Preloading 0 native plugins for Editor in 0.00 ms.
Mono: successfully reloaded assembly
- Completed reload, in  0.966 seconds
Domain Reload Profiling:
	ReloadAssembly (967ms)
		BeginReloadAssembly (112ms)
			ExecutionOrderSort (0ms)
			DisableScriptedObjects (0ms)
			BackupInstance (0ms)
			ReleaseScriptingObjects (0ms)
			CreateAndSetChildDomain (1ms)
		EndReloadAssembly (685ms)
			LoadAssemblies (109ms)
			RebuildTransferFunctionScriptingTraits (0ms)
			SetupTypeCache (133ms)
			ReleaseScriptCaches (0ms)
			RebuildScriptCaches (33ms)
			SetupLoadedEditorAssemblies (453ms)
				LogAssemblyErrors (0ms)
				InitializePlatformSupportModulesInManaged (14ms)
				SetLoadedEditorAssemblies (0ms)
				RefreshPlugins (147ms)
				BeforeProcessingInitializeOnLoad (2ms)
				ProcessInitializeOnLoadAttributes (224ms)
				ProcessInitializeOnLoadMethodAttributes (66ms)
				AfterProcessingInitializeOnLoad (0ms)
				EditorAssembliesLoaded (0ms)
			ExecutionOrderSort2 (0ms)
			AwakeInstancesAfterBackupRestoration (0ms)
Platform modules already initialized, skipping
Registering precompiled user dll's ...
Registered in 0.008214 seconds.
Begin MonoManager ReloadAssembly
Symbol file LoadedFromMemory doesn't match image C:\Data\Buckeye Vertical\BV-Domain-Randomization-Unity-Project\Library\PackageCache\com.unity.visualscripting@1.7.8\Editor\VisualScripting.Core\Dependencies\YamlDotNet\Unity.VisualScripting.YamlDotNet.dll
Symbol file LoadedFromMemory doesn't match image C:\Data\Buckeye Vertical\BV-Domain-Randomization-Unity-Project\Library\PackageCache\com.unity.visualscripting@1.7.8\Editor\VisualScripting.Core\Dependencies\DotNetZip\Unity.VisualScripting.IonicZip.dll
Native extension for WindowsStandalone target not found
Native extension for WebGL target not found
Refreshing native plugins compatible for Editor in 1.06 ms, found 3 plugins.
Preloading 0 native plugins for Editor in 0.00 ms.
Mono: successfully reloaded assembly
- Completed reload, in  1.435 seconds
Domain Reload Profiling:
	ReloadAssembly (1437ms)
		BeginReloadAssembly (148ms)
			ExecutionOrderSort (0ms)
			DisableScriptedObjects (9ms)
			BackupInstance (0ms)
			ReleaseScriptingObjects (0ms)
			CreateAndSetChildDomain (26ms)
		EndReloadAssembly (1114ms)
			LoadAssemblies (99ms)
			RebuildTransferFunctionScriptingTraits (0ms)
			SetupTypeCache (335ms)
			ReleaseScriptCaches (1ms)
			RebuildScriptCaches (93ms)
			SetupLoadedEditorAssemblies (532ms)
				LogAssemblyErrors (0ms)
				InitializePlatformSupportModulesInManaged (8ms)
				SetLoadedEditorAssemblies (1ms)
				RefreshPlugins (1ms)
				BeforeProcessingInitializeOnLoad (111ms)
				ProcessInitializeOnLoadAttributes (373ms)
				ProcessInitializeOnLoadMethodAttributes (30ms)
				AfterProcessingInitializeOnLoad (8ms)
				EditorAssembliesLoaded (0ms)
			ExecutionOrderSort2 (0ms)
			AwakeInstancesAfterBackupRestoration (9ms)
Platform modules already initialized, skipping
========================================================================
Worker process is ready to serve import requests
Launched and connected shader compiler UnityShaderCompiler.exe after 0.10 seconds
Refreshing native plugins compatible for Editor in 1.18 ms, found 3 plugins.
Preloading 0 native plugins for Editor in 0.00 ms.
Unloading 3366 Unused Serialized files (Serialized files now loaded: 0)
Unloading 27 unused Assets / (113.5 KB). Loaded Objects now: 3824.
Memory consumption went from 120.5 MB to 120.4 MB.
Total: 4.094500 ms (FindLiveObjects: 0.298500 ms CreateObjectMapping: 0.146000 ms MarkObjects: 3.513600 ms  DeleteObjects: 0.135100 ms)

AssetImportParameters requested are different than current active one (requested -> active):
  custom:video-decoder-ogg-theora: a1e56fd34408186e4bbccfd4996cb3dc -> 
  custom:container-muxer-webm: aa71ff27fc2769a1b78a27578f13a17b -> 
  custom:container-demuxer-webm: 4f35f7cbe854078d1ac9338744f61a02 -> 
  custom:video-encoder-webm-vp8: eb34c28f22e8b96e1ab97ce403110664 -> 
  custom:video-codec-MediaFoundation-h265: 746d11721c4dcdbdad8f713fa42b33f4 -> 
  custom:audio-encoder-webm-vorbis: bf7c407c2cedff20999df2af8eb42d56 -> 
  custom:framework-win-MediaFoundation: 216162199b28c13a410421893ffa2e32 -> 
  custom:container-demuxer-ogg: 62fdf1f143b41e24485cea50d1cbac27 -> 
  custom:video-decoder-webm-vp8: 9c59270c3fd7afecdb556c50c9e8de78 -> 
  custom:audio-decoder-ogg-vorbis: bf7c407c2cedff20999df2af8eb42d56 -> 
========================================================================
Received Import Request.
  Time since last request: 392510.417287 seconds.
  path: Assets/Resources/Images/Materials/0570.mat
  artifactKey: Guid(f4d697034bfe77948a094063cbe3e8a0) Importer(815301076,1909f56bfc062723c751e8b465ee728b)
Start importing Assets/Resources/Images/Materials/0570.mat using Guid(f4d697034bfe77948a094063cbe3e8a0) Importer(815301076,1909f56bfc062723c751e8b465ee728b)  -> (artifact id: 'f2bc4e798403b5f07dc2dc4722df3412') in 0.204820 seconds 
========================================================================
Received Import Request.
  Time since last request: 4.102950 seconds.
  path: Assets/Resources/Images/Materials/0577.mat
  artifactKey: Guid(08e650221fe396644a550026747b05c6) Importer(815301076,1909f56bfc062723c751e8b465ee728b)
Start importing Assets/Resources/Images/Materials/0577.mat using Guid(08e650221fe396644a550026747b05c6) Importer(815301076,1909f56bfc062723c751e8b465ee728b)  -> (artifact id: '3dda7c55a85ededb3a0e6fc436e880ae') in 0.026004 seconds 
========================================================================
Received Import Request.
  Time since last request: 0.000043 seconds.
  path: Assets/Resources/Images/Materials/0579.mat
  artifactKey: Guid(cf9c36be196dfea4a86cde6c55d2115b) Importer(815301076,1909f56bfc062723c751e8b465ee728b)
Start importing Assets/Resources/Images/Materials/0579.mat using Guid(cf9c36be196dfea4a86cde6c55d2115b) Importer(815301076,1909f56bfc062723c751e8b465ee728b)  -> (artifact id: '403b1ee25a6ff8b04be00e2d26ee768a') in 0.016274 seconds 
========================================================================
Received Import Request.
  Time since last request: 0.000031 seconds.
  path: Assets/Resources/Images/Materials/0586.mat
  artifactKey: Guid(acff77db4c310594990aed8a5f00f442) Importer(815301076,1909f56bfc062723c751e8b465ee728b)
Start importing Assets/Resources/Images/Materials/0586.mat using Guid(acff77db4c310594990aed8a5f00f442) Importer(815301076,1909f56bfc062723c751e8b465ee728b)  -> (artifact id: '81eb4d910a99a71eb8091f75f4c50346') in 0.009782 seconds 
========================================================================
Received Import Request.
  Time since last request: 0.093525 seconds.
  path: Assets/Resources/Images/Materials/0648.mat
  artifactKey: Guid(f92c38ed7f779354081ef303dfdf5815) Importer(815301076,1909f56bfc062723c751e8b465ee728b)
Start importing Assets/Resources/Images/Materials/0648.mat using Guid(f92c38ed7f779354081ef303dfdf5815) Importer(815301076,1909f56bfc062723c751e8b465ee728b)  -> (artifact id: 'd97c12ff1dd318b908899d2ac7c9cc43') in 0.014574 seconds 
========================================================================
Received Import Request.
  Time since last request: 0.000058 seconds.
  path: Assets/Resources/Images/Materials/0649.mat
  artifactKey: Guid(c667413aaaf6836488bc218f0e65d479) Importer(815301076,1909f56bfc062723c751e8b465ee728b)
Start importing Assets/Resources/Images/Materials/0649.mat using Guid(c667413aaaf6836488bc218f0e65d479) Importer(815301076,1909f56bfc062723c751e8b465ee728b)  -> (artifact id: 'f644c3a0db61bc8bc053a6f321ce458e') in 0.017995 seconds 
========================================================================
Received Import Request.
  Time since last request: 0.049183 seconds.
  path: Assets/Resources/Images/Materials/0655.mat
  artifactKey: Guid(e664d2abdffe21f4189476d83105bf08) Importer(815301076,1909f56bfc062723c751e8b465ee728b)
Start importing Assets/Resources/Images/Materials/0655.mat using Guid(e664d2abdffe21f4189476d83105bf08) Importer(815301076,1909f56bfc062723c751e8b465ee728b)  -> (artifact id: '32213c2270206694f16922282f7c7d45') in 0.018771 seconds 
========================================================================
Received Import Request.
  Time since last request: 0.000037 seconds.
  path: Assets/Resources/Images/Materials/0657.mat
  artifactKey: Guid(b546e6a83951a074b883fd9cfc50bc66) Importer(815301076,1909f56bfc062723c751e8b465ee728b)
Start importing Assets/Resources/Images/Materials/0657.mat using Guid(b546e6a83951a074b883fd9cfc50bc66) Importer(815301076,1909f56bfc062723c751e8b465ee728b)  -> (artifact id: '6536f007b8e87c5e0361cef6451cfb68') in 0.021540 seconds 
========================================================================
Received Import Request.
  Time since last request: 0.383669 seconds.
  path: Assets/Resources/Images/Materials/0669.mat
  artifactKey: Guid(6d92647fdd3a0d045a485a9ab6220cbe) Importer(815301076,1909f56bfc062723c751e8b465ee728b)
Start importing Assets/Resources/Images/Materials/0669.mat using Guid(6d92647fdd3a0d045a485a9ab6220cbe) Importer(815301076,1909f56bfc062723c751e8b465ee728b)  -> (artifact id: '946f9876b6996c261c05e95c82a8f0fc') in 0.015351 seconds 
========================================================================
Received Import Request.
  Time since last request: 0.000031 seconds.
  path: Assets/Resources/Images/Materials/0679.mat
  artifactKey: Guid(454465ec9fa40a540af85c75e986c4fb) Importer(815301076,1909f56bfc062723c751e8b465ee728b)
Start importing Assets/Resources/Images/Materials/0679.mat using Guid(454465ec9fa40a540af85c75e986c4fb) Importer(815301076,1909f56bfc062723c751e8b465ee728b)  -> (artifact id: '3e8a0f2b0a2299797bdad72ef1fce1fa') in 0.012173 seconds 
========================================================================
Received Import Request.
  Time since last request: 0.000046 seconds.
  path: Assets/Resources/Images/Materials/0684.mat
  artifactKey: Guid(557eb9849fb258744ab9e32b4918fc84) Importer(815301076,1909f56bfc062723c751e8b465ee728b)
Start importing Assets/Resources/Images/Materials/0684.mat using Guid(557eb9849fb258744ab9e32b4918fc84) Importer(815301076,1909f56bfc062723c751e8b465ee728b)  -> (artifact id: '6553ad620625669312380d38169f6247') in 0.011765 seconds 
========================================================================
Received Import Request.
  Time since last request: 0.000038 seconds.
  path: Assets/Resources/Images/Materials/0680.mat
  artifactKey: Guid(51031e84d0ce7384bb867abc9775a84a) Importer(815301076,1909f56bfc062723c751e8b465ee728b)
Start importing Assets/Resources/Images/Materials/0680.mat using Guid(51031e84d0ce7384bb867abc9775a84a) Importer(815301076,1909f56bfc062723c751e8b465ee728b)  -> (artifact id: '447de8c44912df1065c714f649671a4a') in 0.011306 seconds 
========================================================================
Received Import Request.
  Time since last request: 0.000039 seconds.
  path: Assets/Resources/Images/Materials/0685.mat
  artifactKey: Guid(ce01cf21bd89e3a4f9cf30ca3771f262) Importer(815301076,1909f56bfc062723c751e8b465ee728b)
Start importing Assets/Resources/Images/Materials/0685.mat using Guid(ce01cf21bd89e3a4f9cf30ca3771f262) Importer(815301076,1909f56bfc062723c751e8b465ee728b)  -> (artifact id: 'de3c8400bc8a3fa3e5071e24e0b046a1') in 0.013338 seconds 
========================================================================
Received Import Request.
  Time since last request: 0.000030 seconds.
  path: Assets/Resources/Images/Materials/0689.mat
  artifactKey: Guid(9cd5c8ffa4c70f44a9fca72f4d293676) Importer(815301076,1909f56bfc062723c751e8b465ee728b)
Start importing Assets/Resources/Images/Materials/0689.mat using Guid(9cd5c8ffa4c70f44a9fca72f4d293676) Importer(815301076,1909f56bfc062723c751e8b465ee728b)  -> (artifact id: 'bc66d37955ff8fdd9aae63f86e6265a2') in 0.014026 seconds 
========================================================================
Received Import Request.
  Time since last request: 0.000029 seconds.
  path: Assets/Resources/Images/Materials/0773.mat
  artifactKey: Guid(e04a3de4f7c350a4ca195b519ef9c1f0) Importer(815301076,1909f56bfc062723c751e8b465ee728b)
Start importing Assets/Resources/Images/Materials/0773.mat using Guid(e04a3de4f7c350a4ca195b519ef9c1f0) Importer(815301076,1909f56bfc062723c751e8b465ee728b)  -> (artifact id: '8eee9251671aafec7ed0394b45c076cc') in 0.011141 seconds 
========================================================================
Received Import Request.
  Time since last request: 0.000033 seconds.
  path: Assets/Resources/Images/Materials/0780.mat
  artifactKey: Guid(a9bd0b06fe2f3d5458a123839a063f85) Importer(815301076,1909f56bfc062723c751e8b465ee728b)
Start importing Assets/Resources/Images/Materials/0780.mat using Guid(a9bd0b06fe2f3d5458a123839a063f85) Importer(815301076,1909f56bfc062723c751e8b465ee728b)  -> (artifact id: '9383c4d2f327122f163f6e7408adfa73') in 0.010978 seconds 
========================================================================
Received Import Request.
  Time since last request: 0.000042 seconds.
  path: Assets/Resources/Images/Materials/0788.mat
  artifactKey: Guid(caa9591ddbc212449aa9b4a26f96e9c2) Importer(815301076,1909f56bfc062723c751e8b465ee728b)
Start importing Assets/Resources/Images/Materials/0788.mat using Guid(caa9591ddbc212449aa9b4a26f96e9c2) Importer(815301076,1909f56bfc062723c751e8b465ee728b)  -> (artifact id: '7f23df18c0d706792e561709d160e553') in 0.010023 seconds 
========================================================================
Received Import Request.
  Time since last request: 0.000029 seconds.
  path: Assets/Resources/Images/Materials/0777.mat
  artifactKey: Guid(549cd2dff2052494dbbae59948fe765a) Importer(815301076,1909f56bfc062723c751e8b465ee728b)
Start importing Assets/Resources/Images/Materials/0777.mat using Guid(549cd2dff2052494dbbae59948fe765a) Importer(815301076,1909f56bfc062723c751e8b465ee728b)  -> (artifact id: 'd2b96c89e12f437cb35eba43320b8bc4') in 0.011788 seconds 
========================================================================
Received Import Request.
  Time since last request: 0.000023 seconds.
  path: Assets/Resources/Images/Materials/1554.mat
  artifactKey: Guid(9bb623b8c43a96847b654e0a3dd0c896) Importer(815301076,1909f56bfc062723c751e8b465ee728b)
Start importing Assets/Resources/Images/Materials/1554.mat using Guid(9bb623b8c43a96847b654e0a3dd0c896) Importer(815301076,1909f56bfc062723c751e8b465ee728b)  -> (artifact id: '4377afc9e92d78947f5cf4dde10abd30') in 0.009895 seconds 
========================================================================
Received Import Request.
  Time since last request: 0.000022 seconds.
  path: Assets/Resources/Images/Materials/1574.mat
  artifactKey: Guid(623f5ed1f4a43a049a1872e90617fd15) Importer(815301076,1909f56bfc062723c751e8b465ee728b)
Start importing Assets/Resources/Images/Materials/1574.mat using Guid(623f5ed1f4a43a049a1872e90617fd15) Importer(815301076,1909f56bfc062723c751e8b465ee728b)  -> (artifact id: '4981b0c6267672cdf0f7f0ee003be3e9') in 0.010751 seconds 
========================================================================
Received Import Request.
  Time since last request: 0.000024 seconds.
  path: Assets/Resources/Images/Materials/1588.mat
  artifactKey: Guid(e7ac4d45af095bf4fbc7a744deb28dac) Importer(815301076,1909f56bfc062723c751e8b465ee728b)
Start importing Assets/Resources/Images/Materials/1588.mat using Guid(e7ac4d45af095bf4fbc7a744deb28dac) Importer(815301076,1909f56bfc062723c751e8b465ee728b)  -> (artifact id: '1e2b817c861fb816d486fef64e035502') in 0.007520 seconds 
========================================================================
Received Import Request.
  Time since last request: 0.000027 seconds.
  path: Assets/Resources/Images/Materials/1665.mat
  artifactKey: Guid(cdaccde7ca00d2d4eabdbf5490106db2) Importer(815301076,1909f56bfc062723c751e8b465ee728b)
Start importing Assets/Resources/Images/Materials/1665.mat using Guid(cdaccde7ca00d2d4eabdbf5490106db2) Importer(815301076,1909f56bfc062723c751e8b465ee728b)  -> (artifact id: '21ace52c0858914ec12bc07f039197ea') in 0.007884 seconds 
========================================================================
Received Import Request.
  Time since last request: 0.000022 seconds.
  path: Assets/Resources/Images/Materials/1655.mat
  artifactKey: Guid(2c51a7ba7a69de748bf524ad51e568cf) Importer(815301076,1909f56bfc062723c751e8b465ee728b)
Start importing Assets/Resources/Images/Materials/1655.mat using Guid(2c51a7ba7a69de748bf524ad51e568cf) Importer(815301076,1909f56bfc062723c751e8b465ee728b)  -> (artifact id: '2856433126846364bd36f63e40f57ffd') in 0.007495 seconds 
========================================================================
Received Import Request.
  Time since last request: 0.000029 seconds.
  path: Assets/Resources/Images/Materials/1689.mat
  artifactKey: Guid(c5dd6a57d8496974d9c656a4350e42b0) Importer(815301076,1909f56bfc062723c751e8b465ee728b)
Start importing Assets/Resources/Images/Materials/1689.mat using Guid(c5dd6a57d8496974d9c656a4350e42b0) Importer(815301076,1909f56bfc062723c751e8b465ee728b)  -> (artifact id: '94540dde9681e123d776af455340660e') in 0.007678 seconds 
========================================================================
Received Import Request.
  Time since last request: 0.000028 seconds.
  path: Assets/Resources/Images/Materials/1570.mat
  artifactKey: Guid(f4ca3fa4346813548ad8c17b34062d75) Importer(815301076,1909f56bfc062723c751e8b465ee728b)
Start importing Assets/Resources/Images/Materials/1570.mat using Guid(f4ca3fa4346813548ad8c17b34062d75) Importer(815301076,1909f56bfc062723c751e8b465ee728b)  -> (artifact id: '454f3bc2c69c0b1eb4e5b50c67dc16bd') in 0.007379 seconds 
========================================================================
Received Import Request.
  Time since last request: 0.000025 seconds.
  path: Assets/Resources/Images/Materials/1752.mat
  artifactKey: Guid(e3c1f740fac208d4095527dd0cacb338) Importer(815301076,1909f56bfc062723c751e8b465ee728b)
Start importing Assets/Resources/Images/Materials/1752.mat using Guid(e3c1f740fac208d4095527dd0cacb338) Importer(815301076,1909f56bfc062723c751e8b465ee728b)  -> (artifact id: 'ca7d652ca9f7be4de26256ee5121c41d') in 0.009513 seconds 
========================================================================
Received Import Request.
  Time since last request: 0.000025 seconds.
  path: Assets/Resources/Images/Materials/1573.mat
  artifactKey: Guid(80a7ed7fb4cb4664b905e4a7ef1ce713) Importer(815301076,1909f56bfc062723c751e8b465ee728b)
Start importing Assets/Resources/Images/Materials/1573.mat using Guid(80a7ed7fb4cb4664b905e4a7ef1ce713) Importer(815301076,1909f56bfc062723c751e8b465ee728b)  -> (artifact id: '112786bcd1639372d4a1930e30d14ad8') in 0.007319 seconds 
========================================================================
Received Import Request.
  Time since last request: 0.000027 seconds.
  path: Assets/Resources/Images/Materials/1778.mat
  artifactKey: Guid(3a547d012485f714d9b99c11bf7497fd) Importer(815301076,1909f56bfc062723c751e8b465ee728b)
Start importing Assets/Resources/Images/Materials/1778.mat using Guid(3a547d012485f714d9b99c11bf7497fd) Importer(815301076,1909f56bfc062723c751e8b465ee728b)  -> (artifact id: '8520de27762d9f76e25fb60fea8e8718') in 0.007743 seconds 
========================================================================
Received Import Request.
  Time since last request: 0.000023 seconds.
  path: Assets/Resources/Images/Materials/1768.mat
  artifactKey: Guid(91554b4c7dc577743bd6338e8020a992) Importer(815301076,1909f56bfc062723c751e8b465ee728b)
Start importing Assets/Resources/Images/Materials/1768.mat using Guid(91554b4c7dc577743bd6338e8020a992) Importer(815301076,1909f56bfc062723c751e8b465ee728b)  -> (artifact id: '86b194efc5b64d1dd01199eee2aa4f44') in 0.007694 seconds 
========================================================================
Received Import Request.
  Time since last request: 0.000036 seconds.
  path: Assets/Resources/Images/Materials/1754.mat
  artifactKey: Guid(22bf2c363a9ad4d4ba898769c1ed85c5) Importer(815301076,1909f56bfc062723c751e8b465ee728b)
Start importing Assets/Resources/Images/Materials/1754.mat using Guid(22bf2c363a9ad4d4ba898769c1ed85c5) Importer(815301076,1909f56bfc062723c751e8b465ee728b)  -> (artifact id: 'b9661af1afca1d4f8a0bd7b022ea104b') in 0.008907 seconds 
========================================================================
Received Import Request.
  Time since last request: 0.000028 seconds.
  path: Assets/Resources/Images/Materials/1749.mat
  artifactKey: Guid(541600b1890bee946904a6590e05b30e) Importer(815301076,1909f56bfc062723c751e8b465ee728b)
Start importing Assets/Resources/Images/Materials/1749.mat using Guid(541600b1890bee946904a6590e05b30e) Importer(815301076,1909f56bfc062723c751e8b465ee728b)  -> (artifact id: '036d0710126316da076e4d4216dd1c85') in 0.008222 seconds 
========================================================================
Received Import Request.
  Time since last request: 0.000025 seconds.
  path: Assets/Resources/Images/Materials/1757.mat
  artifactKey: Guid(6a28cb806cd172c418e45efb96474e7c) Importer(815301076,1909f56bfc062723c751e8b465ee728b)
Start importing Assets/Resources/Images/Materials/1757.mat using Guid(6a28cb806cd172c418e45efb96474e7c) Importer(815301076,1909f56bfc062723c751e8b465ee728b)  -> (artifact id: '9635e99e1bb0fc4de9e05ff8b833ec0c') in 0.008722 seconds 
========================================================================
Received Import Request.
  Time since last request: 0.000035 seconds.
  path: Assets/Resources/Images/Materials/1775.mat
  artifactKey: Guid(cb4b825bf1d457f4f88873797246bf8e) Importer(815301076,1909f56bfc062723c751e8b465ee728b)
Start importing Assets/Resources/Images/Materials/1775.mat using Guid(cb4b825bf1d457f4f88873797246bf8e) Importer(815301076,1909f56bfc062723c751e8b465ee728b)  -> (artifact id: 'd91134e1c1a0a3e279bb105e8f3e8ff1') in 0.008809 seconds 
========================================================================
Received Import Request.
  Time since last request: 0.000032 seconds.
  path: Assets/Resources/Images/Materials/1773.mat
  artifactKey: Guid(88564b5f00ef27340a561e1cf1f426ec) Importer(815301076,1909f56bfc062723c751e8b465ee728b)
Start importing Assets/Resources/Images/Materials/1773.mat using Guid(88564b5f00ef27340a561e1cf1f426ec) Importer(815301076,1909f56bfc062723c751e8b465ee728b)  -> (artifact id: '934ae64105e81f10d64f0d0f510beafe') in 0.006913 seconds 
========================================================================
Received Import Request.
  Time since last request: 0.000025 seconds.
  path: Assets/Resources/Images/Materials/1567.mat
  artifactKey: Guid(46bf2fb2f10cfe442b819dadf83bec98) Importer(815301076,1909f56bfc062723c751e8b465ee728b)
Start importing Assets/Resources/Images/Materials/1567.mat using Guid(46bf2fb2f10cfe442b819dadf83bec98) Importer(815301076,1909f56bfc062723c751e8b465ee728b)  -> (artifact id: 'c32356b3cf146428a85bb7598f075f22') in 0.007195 seconds 
========================================================================
Received Import Request.
  Time since last request: 0.000026 seconds.
  path: Assets/Resources/Images/Materials/1681.mat
  artifactKey: Guid(7801209e2750ca34193aceebcb1a8d83) Importer(815301076,1909f56bfc062723c751e8b465ee728b)
Start importing Assets/Resources/Images/Materials/1681.mat using Guid(7801209e2750ca34193aceebcb1a8d83) Importer(815301076,1909f56bfc062723c751e8b465ee728b)  -> (artifact id: '55ea187814bf4f2712d5476589db4518') in 0.008527 seconds 
========================================================================
Received Import Request.
  Time since last request: 0.000020 seconds.
  path: Assets/Resources/Images/Materials/1766.mat
  artifactKey: Guid(fa2d348ffcea99d46ab6fa01aec9b19e) Importer(815301076,1909f56bfc062723c751e8b465ee728b)
Start importing Assets/Resources/Images/Materials/1766.mat using Guid(fa2d348ffcea99d46ab6fa01aec9b19e) Importer(815301076,1909f56bfc062723c751e8b465ee728b)  -> (artifact id: 'c3e159a8c2298362ef99b3bfcf3f69a0') in 0.008208 seconds 
========================================================================
Received Import Request.
  Time since last request: 0.000026 seconds.
  path: Assets/Resources/Images/Materials/1685.mat
  artifactKey: Guid(a6261f42f2201354f93c990a541128bf) Importer(815301076,1909f56bfc062723c751e8b465ee728b)
Start importing Assets/Resources/Images/Materials/1685.mat using Guid(a6261f42f2201354f93c990a541128bf) Importer(815301076,1909f56bfc062723c751e8b465ee728b)  -> (artifact id: '8ec69358b5b24dcca1c403f184c0cbc6') in 0.008634 seconds 
========================================================================
Received Import Request.
  Time since last request: 0.000031 seconds.
  path: Assets/Resources/Images/Materials/1565.mat
  artifactKey: Guid(8f037d77013c5fe4ab15138aa9b940e5) Importer(815301076,1909f56bfc062723c751e8b465ee728b)
Start importing Assets/Resources/Images/Materials/1565.mat using Guid(8f037d77013c5fe4ab15138aa9b940e5) Importer(815301076,1909f56bfc062723c751e8b465ee728b)  -> (artifact id: '92ad9c0e79abf2e16bb481dd90aea95d') in 0.007623 seconds 
========================================================================
Received Import Request.
  Time since last request: 1.207698 seconds.
  path: Assets/Resources/Images/Materials/3686.mat
  artifactKey: Guid(32fcba2ebaaafa249b7c168d6ed147b8) Importer(815301076,1909f56bfc062723c751e8b465ee728b)
Start importing Assets/Resources/Images/Materials/3686.mat using Guid(32fcba2ebaaafa249b7c168d6ed147b8) Importer(815301076,1909f56bfc062723c751e8b465ee728b)  -> (artifact id: '75d6a2310be528f2a62068dc789168fe') in 0.011465 seconds 
========================================================================
Received Import Request.
  Time since last request: 0.000023 seconds.
  path: Assets/Resources/Images/Materials/3754.mat
  artifactKey: Guid(4577af69c7a3b33408ce9f1762d1924a) Importer(815301076,1909f56bfc062723c751e8b465ee728b)
Start importing Assets/Resources/Images/Materials/3754.mat using Guid(4577af69c7a3b33408ce9f1762d1924a) Importer(815301076,1909f56bfc062723c751e8b465ee728b)  -> (artifact id: '8a6d210ed79f85cd71c8cddf7068abdc') in 0.009863 seconds 
========================================================================
Received Import Request.
  Time since last request: 0.000024 seconds.
  path: Assets/Resources/Images/Materials/4768.mat
  artifactKey: Guid(403c19394d8889a49b34c34511859dae) Importer(815301076,1909f56bfc062723c751e8b465ee728b)
Start importing Assets/Resources/Images/Materials/4768.mat using Guid(403c19394d8889a49b34c34511859dae) Importer(815301076,1909f56bfc062723c751e8b465ee728b)  -> (artifact id: '01499b33b21193fa500ff88645d5ef51') in 0.008357 seconds 
========================================================================
Received Import Request.
  Time since last request: 0.000026 seconds.
  path: Assets/Resources/Images/Materials/5777.mat
  artifactKey: Guid(9eb1ce318e52c2e4298a888734bc1e0e) Importer(815301076,1909f56bfc062723c751e8b465ee728b)
Start importing Assets/Resources/Images/Materials/5777.mat using Guid(9eb1ce318e52c2e4298a888734bc1e0e) Importer(815301076,1909f56bfc062723c751e8b465ee728b)  -> (artifact id: '1cc386b14f45a8bdb78072d22e70c897') in 0.020611 seconds 
========================================================================
Received Import Request.
  Time since last request: 0.000020 seconds.
  path: Assets/Resources/Images/Materials/5784.mat
  artifactKey: Guid(6cd719973c710e74dab7651e5132ab36) Importer(815301076,1909f56bfc062723c751e8b465ee728b)
Start importing Assets/Resources/Images/Materials/5784.mat using Guid(6cd719973c710e74dab7651e5132ab36) Importer(815301076,1909f56bfc062723c751e8b465ee728b)  -> (artifact id: '4f397af332b019683577bd62e2d2a061') in 0.008768 seconds 
========================================================================
Received Import Request.
  Time since last request: 0.000025 seconds.
  path: Assets/Resources/Images/Materials/6666.mat
  artifactKey: Guid(45af29657383e81478239c7f68c81ef3) Importer(815301076,1909f56bfc062723c751e8b465ee728b)
Start importing Assets/Resources/Images/Materials/6666.mat using Guid(45af29657383e81478239c7f68c81ef3) Importer(815301076,1909f56bfc062723c751e8b465ee728b)  -> (artifact id: '8dfa73d011077f01eee71cef72439030') in 0.009307 seconds 
========================================================================
Received Import Request.
  Time since last request: 0.000034 seconds.
  path: Assets/Resources/Images/Materials/6667.mat
  artifactKey: Guid(030ef5247dca9c446989050ce9cdd6c4) Importer(815301076,1909f56bfc062723c751e8b465ee728b)
Start importing Assets/Resources/Images/Materials/6667.mat using Guid(030ef5247dca9c446989050ce9cdd6c4) Importer(815301076,1909f56bfc062723c751e8b465ee728b)  -> (artifact id: '6e0e1d4bd170c9c76548a5e80507643e') in 0.008328 seconds 
========================================================================
Received Import Request.
  Time since last request: 0.000024 seconds.
  path: Assets/Resources/Images/Materials/7067.mat
  artifactKey: Guid(0428cbf87e58f0a4491ab0bc8ee30ed3) Importer(815301076,1909f56bfc062723c751e8b465ee728b)
Start importing Assets/Resources/Images/Materials/7067.mat using Guid(0428cbf87e58f0a4491ab0bc8ee30ed3) Importer(815301076,1909f56bfc062723c751e8b465ee728b)  -> (artifact id: 'a27ebd3bb8ff0ae4e589702a653fa10d') in 0.006976 seconds 
========================================================================
Received Import Request.
  Time since last request: 0.000030 seconds.
  path: Assets/Resources/Images/Materials/7085.mat
  artifactKey: Guid(3bb62933c8607584da58ef18b7c1df2b) Importer(815301076,1909f56bfc062723c751e8b465ee728b)
Start importing Assets/Resources/Images/Materials/7085.mat using Guid(3bb62933c8607584da58ef18b7c1df2b) Importer(815301076,1909f56bfc062723c751e8b465ee728b)  -> (artifact id: '741b7f6117de2707bdca0205842a7ea7') in 0.008015 seconds 
========================================================================
Received Import Request.
  Time since last request: 0.000030 seconds.
  path: Assets/Resources/Images/Materials/6580.mat
  artifactKey: Guid(496af2976d52c2742ba1ef27b9fd2f0b) Importer(815301076,1909f56bfc062723c751e8b465ee728b)
Start importing Assets/Resources/Images/Materials/6580.mat using Guid(496af2976d52c2742ba1ef27b9fd2f0b) Importer(815301076,1909f56bfc062723c751e8b465ee728b)  -> (artifact id: '79c20159bd5751e17be755d3ad9c906d') in 0.008444 seconds 
========================================================================
Received Import Request.
  Time since last request: 0.000029 seconds.
  path: Assets/Resources/Images/Materials/7277.mat
  artifactKey: Guid(686530ee17b82c64784bc2220afe4fcd) Importer(815301076,1909f56bfc062723c751e8b465ee728b)
Start importing Assets/Resources/Images/Materials/7277.mat using Guid(686530ee17b82c64784bc2220afe4fcd) Importer(815301076,1909f56bfc062723c751e8b465ee728b)  -> (artifact id: 'ae49886b09cbfbdedfdd04036943198f') in 0.008680 seconds 
========================================================================
Received Import Request.
  Time since last request: 0.000038 seconds.
  path: Assets/Resources/Images/Materials/7284.mat
  artifactKey: Guid(a8ccfb7a6dea1ae45b51aa941e6229b6) Importer(815301076,1909f56bfc062723c751e8b465ee728b)
Start importing Assets/Resources/Images/Materials/7284.mat using Guid(a8ccfb7a6dea1ae45b51aa941e6229b6) Importer(815301076,1909f56bfc062723c751e8b465ee728b)  -> (artifact id: '9c01683d5d80758f62e69a6a46713f89') in 0.007198 seconds 
========================================================================
Received Import Request.
  Time since last request: 0.000025 seconds.
  path: Assets/Resources/Images/Materials/7550.mat
  artifactKey: Guid(9b416683204a2e748821ac00fb8b9efc) Importer(815301076,1909f56bfc062723c751e8b465ee728b)
Start importing Assets/Resources/Images/Materials/7550.mat using Guid(9b416683204a2e748821ac00fb8b9efc) Importer(815301076,1909f56bfc062723c751e8b465ee728b)  -> (artifact id: '9d51ca621224906c005c3169c3adf798') in 0.007708 seconds 
========================================================================
Received Import Request.
  Time since last request: 0.000027 seconds.
  path: Assets/Resources/Images/Materials/4772.mat
  artifactKey: Guid(3e72e322811b4ee4a9e64655ff043721) Importer(815301076,1909f56bfc062723c751e8b465ee728b)
Start importing Assets/Resources/Images/Materials/4772.mat using Guid(3e72e322811b4ee4a9e64655ff043721) Importer(815301076,1909f56bfc062723c751e8b465ee728b)  -> (artifact id: '618a80570fe1fd3702c6e7a35abd4577') in 0.007111 seconds 
========================================================================
Received Import Request.
  Time since last request: 0.000031 seconds.
  path: Assets/Resources/Images/Materials/5773.mat
  artifactKey: Guid(d51ecb00ec6eae64c9f614fc15b5f74c) Importer(815301076,1909f56bfc062723c751e8b465ee728b)
Start importing Assets/Resources/Images/Materials/5773.mat using Guid(d51ecb00ec6eae64c9f614fc15b5f74c) Importer(815301076,1909f56bfc062723c751e8b465ee728b)  -> (artifact id: 'bf14f3a536a8dbd626af712d8b15f3b6') in 0.010179 seconds 
========================================================================
Received Import Request.
  Time since last request: 0.000031 seconds.
  path: Assets/Resources/Images/Materials/6587.mat
  artifactKey: Guid(530f8728cf65e6f43be27ac4ebe10308) Importer(815301076,1909f56bfc062723c751e8b465ee728b)
Start importing Assets/Resources/Images/Materials/6587.mat using Guid(530f8728cf65e6f43be27ac4ebe10308) Importer(815301076,1909f56bfc062723c751e8b465ee728b)  -> (artifact id: '6b2e4d7402f06dc00e653af208e83631') in 0.010814 seconds 
========================================================================
Received Import Request.
  Time since last request: 0.000049 seconds.
  path: Assets/Resources/Images/Materials/7654.mat
  artifactKey: Guid(0d7c9a1fd7a3f1840a52176f638c7e87) Importer(815301076,1909f56bfc062723c751e8b465ee728b)
Start importing Assets/Resources/Images/Materials/7654.mat using Guid(0d7c9a1fd7a3f1840a52176f638c7e87) Importer(815301076,1909f56bfc062723c751e8b465ee728b)  -> (artifact id: 'f3be0ab393bf1b397e21602c94d074e6') in 0.008493 seconds 
========================================================================
Received Import Request.
  Time since last request: 0.000031 seconds.
  path: Assets/Resources/Images/Materials/7768.mat
  artifactKey: Guid(73546cb0f8ca0f34da28616b84e71407) Importer(815301076,1909f56bfc062723c751e8b465ee728b)
Start importing Assets/Resources/Images/Materials/7768.mat using Guid(73546cb0f8ca0f34da28616b84e71407) Importer(815301076,1909f56bfc062723c751e8b465ee728b)  -> (artifact id: '82d0e8007440695884e6e968878d66d8') in 0.013873 seconds 
========================================================================
Received Import Request.
  Time since last request: 0.000051 seconds.
  path: Assets/Resources/Images/Materials/7789.mat
  artifactKey: Guid(97668cbce31100d4eaaa122c5eb69292) Importer(815301076,1909f56bfc062723c751e8b465ee728b)
Start importing Assets/Resources/Images/Materials/7789.mat using Guid(97668cbce31100d4eaaa122c5eb69292) Importer(815301076,1909f56bfc062723c751e8b465ee728b)  -> (artifact id: '4d34c1f0d191bc5909633b78d13e3fb3') in 0.009668 seconds 
========================================================================
Received Import Request.
  Time since last request: 0.000025 seconds.
  path: Assets/Resources/Images/Materials/7287.mat
  artifactKey: Guid(ac17a3a2afbd6184b92c3d3d27d48a46) Importer(815301076,1909f56bfc062723c751e8b465ee728b)
Start importing Assets/Resources/Images/Materials/7287.mat using Guid(ac17a3a2afbd6184b92c3d3d27d48a46) Importer(815301076,1909f56bfc062723c751e8b465ee728b)  -> (artifact id: 'b273063eb6497a6bae078efd6b54ea0d') in 0.010120 seconds 
========================================================================
Received Import Request.
  Time since last request: 0.000029 seconds.
  path: Assets/Resources/Images/Materials/4784.mat
  artifactKey: Guid(66fc8caa59f73774db0694513d67fa45) Importer(815301076,1909f56bfc062723c751e8b465ee728b)
Start importing Assets/Resources/Images/Materials/4784.mat using Guid(66fc8caa59f73774db0694513d67fa45) Importer(815301076,1909f56bfc062723c751e8b465ee728b)  -> (artifact id: 'c252c0af170eb4a19fad81c4ed1892df') in 0.010132 seconds 
========================================================================
Received Import Request.
  Time since last request: 0.000030 seconds.
  path: Assets/Resources/Images/Materials/7687.mat
  artifactKey: Guid(4a83c428ccdde044c8cc7b2f4d3cfe64) Importer(815301076,1909f56bfc062723c751e8b465ee728b)
Start importing Assets/Resources/Images/Materials/7687.mat using Guid(4a83c428ccdde044c8cc7b2f4d3cfe64) Importer(815301076,1909f56bfc062723c751e8b465ee728b)  -> (artifact id: 'c91b5cfdc33360072362a0ff258b7084') in 0.020793 seconds 
========================================================================
Received Import Request.
  Time since last request: 0.000029 seconds.
  path: Assets/Resources/Images/Materials/7656.mat
  artifactKey: Guid(43837bac3ed10cd45a2451dfcaf66429) Importer(815301076,1909f56bfc062723c751e8b465ee728b)
Start importing Assets/Resources/Images/Materials/7656.mat using Guid(43837bac3ed10cd45a2451dfcaf66429) Importer(815301076,1909f56bfc062723c751e8b465ee728b)  -> (artifact id: '1371113686ea5311b4c9e0281d555ada') in 0.007517 seconds 
========================================================================
Received Import Request.
  Time since last request: 0.000028 seconds.
  path: Assets/Resources/Images/Materials/3757.mat
  artifactKey: Guid(55e08effabce029438e80acfa8c45111) Importer(815301076,1909f56bfc062723c751e8b465ee728b)
Start importing Assets/Resources/Images/Materials/3757.mat using Guid(55e08effabce029438e80acfa8c45111) Importer(815301076,1909f56bfc062723c751e8b465ee728b)  -> (artifact id: 'ef5aeb621691d186149a07d3672ee56a') in 0.006791 seconds 
========================================================================
Received Import Request.
  Time since last request: 0.000039 seconds.
  path: Assets/Resources/Images/Materials/7557.mat
  artifactKey: Guid(a65b8047202ae774a94c9ef2e20cf7d5) Importer(815301076,1909f56bfc062723c751e8b465ee728b)
Start importing Assets/Resources/Images/Materials/7557.mat using Guid(a65b8047202ae774a94c9ef2e20cf7d5) Importer(815301076,1909f56bfc062723c751e8b465ee728b)  -> (artifact id: '0c742eaca7c7a8b6cf2a002f72a004df') in 0.009180 seconds 
========================================================================
Received Import Request.
  Time since last request: 0.000033 seconds.
  path: Assets/Resources/Images/Materials/5769.mat
  artifactKey: Guid(57e35eaab7b934347846e0c8518505a1) Importer(815301076,1909f56bfc062723c751e8b465ee728b)
Start importing Assets/Resources/Images/Materials/5769.mat using Guid(57e35eaab7b934347846e0c8518505a1) Importer(815301076,1909f56bfc062723c751e8b465ee728b)  -> (artifact id: 'b9764de70f696393f73e83f8ed948b3d') in 0.007775 seconds 
========================================================================
Received Import Request.
  Time since last request: 0.000027 seconds.
  path: Assets/Resources/Images/Materials/7649.mat
  artifactKey: Guid(f781698f02f7d8f4f82f28c5cec672d4) Importer(815301076,1909f56bfc062723c751e8b465ee728b)
Start importing Assets/Resources/Images/Materials/7649.mat using Guid(f781698f02f7d8f4f82f28c5cec672d4) Importer(815301076,1909f56bfc062723c751e8b465ee728b)  -> (artifact id: '8bced280aab8f76ba12b6bcedd7c600c') in 0.008297 seconds 
========================================================================
Received Import Request.
  Time since last request: 0.000027 seconds.
  path: Assets/Resources/Images/Materials/7568.mat
  artifactKey: Guid(4ee649c724107c64c9df2575596c124a) Importer(815301076,1909f56bfc062723c751e8b465ee728b)
Start importing Assets/Resources/Images/Materials/7568.mat using Guid(4ee649c724107c64c9df2575596c124a) Importer(815301076,1909f56bfc062723c751e8b465ee728b)  -> (artifact id: '3cbaa19490c346cb5bc7fc0b87a2711b') in 0.008596 seconds 
========================================================================
Received Import Request.
  Time since last request: 0.000028 seconds.
  path: Assets/Resources/Images/Materials/7552.mat
  artifactKey: Guid(6b5fe53b373fe3a468d9a64604776103) Importer(815301076,1909f56bfc062723c751e8b465ee728b)
Start importing Assets/Resources/Images/Materials/7552.mat using Guid(6b5fe53b373fe3a468d9a64604776103) Importer(815301076,1909f56bfc062723c751e8b465ee728b)  -> (artifact id: 'b5e1ba55558700c58dee96154aaf7e74') in 0.009037 seconds 
========================================================================
Received Import Request.
  Time since last request: 0.000024 seconds.
  path: Assets/Resources/Images/Materials/4789.mat
  artifactKey: Guid(31caead98a20cdd4e808b6008020a715) Importer(815301076,1909f56bfc062723c751e8b465ee728b)
Start importing Assets/Resources/Images/Materials/4789.mat using Guid(31caead98a20cdd4e808b6008020a715) Importer(815301076,1909f56bfc062723c751e8b465ee728b)  -> (artifact id: '56671e9e7b97db7c7e1543dea5096de8') in 0.008978 seconds 
========================================================================
Received Import Request.
  Time since last request: 0.000022 seconds.
  path: Assets/Resources/Images/Materials/5050.mat
  artifactKey: Guid(d4508917d56e04f46b49bf6489419eaa) Importer(815301076,1909f56bfc062723c751e8b465ee728b)
Start importing Assets/Resources/Images/Materials/5050.mat using Guid(d4508917d56e04f46b49bf6489419eaa) Importer(815301076,1909f56bfc062723c751e8b465ee728b)  -> (artifact id: '985b74c64c549af663c8013c77b7599e') in 0.008313 seconds 
========================================================================
Received Import Request.
  Time since last request: 0.000020 seconds.
  path: Assets/Resources/Images/Materials/7483.mat
  artifactKey: Guid(c56a235091361ab46a3face097904ffe) Importer(815301076,1909f56bfc062723c751e8b465ee728b)
Start importing Assets/Resources/Images/Materials/7483.mat using Guid(c56a235091361ab46a3face097904ffe) Importer(815301076,1909f56bfc062723c751e8b465ee728b)  -> (artifact id: '41b643303e902c749616feddbae69bb9') in 0.010522 seconds 
========================================================================
Received Import Request.
  Time since last request: 0.000024 seconds.
  path: Assets/Resources/Images/Materials/7254.mat
  artifactKey: Guid(cdad6d3f75dd98c4bb1c96a3d0090bf5) Importer(815301076,1909f56bfc062723c751e8b465ee728b)
Start importing Assets/Resources/Images/Materials/7254.mat using Guid(cdad6d3f75dd98c4bb1c96a3d0090bf5) Importer(815301076,1909f56bfc062723c751e8b465ee728b)  -> (artifact id: 'e4442ba2d89627de507d79974104e6b0') in 0.010055 seconds 
========================================================================
Received Import Request.
  Time since last request: 0.000021 seconds.
  path: Assets/Resources/Images/Materials/7074.mat
  artifactKey: Guid(59e58e5c95084154886889f3463cc787) Importer(815301076,1909f56bfc062723c751e8b465ee728b)
Start importing Assets/Resources/Images/Materials/7074.mat using Guid(59e58e5c95084154886889f3463cc787) Importer(815301076,1909f56bfc062723c751e8b465ee728b)  -> (artifact id: '1be94ac7dd01e617372dce601e18b6f2') in 0.008319 seconds 
========================================================================
Received Import Request.
  Time since last request: 0.000024 seconds.
  path: Assets/Resources/Images/Materials/7777.mat
  artifactKey: Guid(4303b5eedde9cea4fa9054a0725a38a7) Importer(815301076,1909f56bfc062723c751e8b465ee728b)
Start importing Assets/Resources/Images/Materials/7777.mat using Guid(4303b5eedde9cea4fa9054a0725a38a7) Importer(815301076,1909f56bfc062723c751e8b465ee728b)  -> (artifact id: '1a0f7a7cb4a1106762233e07e34bec3c') in 0.008931 seconds 
========================================================================
Received Import Request.
  Time since last request: 0.000023 seconds.
  path: Assets/Resources/Images/Materials/4788.mat
  artifactKey: Guid(bf097af02cdc6d5499217be772bd9dff) Importer(815301076,1909f56bfc062723c751e8b465ee728b)
Start importing Assets/Resources/Images/Materials/4788.mat using Guid(bf097af02cdc6d5499217be772bd9dff) Importer(815301076,1909f56bfc062723c751e8b465ee728b)  -> (artifact id: 'b281d60d5f40fe63390d2bf2bbc5de0f') in 0.009780 seconds 
========================================================================
Received Import Request.
  Time since last request: 0.000020 seconds.
  path: Assets/Resources/Images/Materials/7651.mat
  artifactKey: Guid(e73eac0e8e9235c49a285f05782535b2) Importer(815301076,1909f56bfc062723c751e8b465ee728b)
Start importing Assets/Resources/Images/Materials/7651.mat using Guid(e73eac0e8e9235c49a285f05782535b2) Importer(815301076,1909f56bfc062723c751e8b465ee728b)  -> (artifact id: '45394c0ecd3c5836a592b9d8df4411dd') in 0.014671 seconds 
========================================================================
Received Import Request.
  Time since last request: 0.000029 seconds.
  path: Assets/Resources/Images/Materials/6653.mat
  artifactKey: Guid(35536b69f76d6c54597df2a0bbc19801) Importer(815301076,1909f56bfc062723c751e8b465ee728b)
Start importing Assets/Resources/Images/Materials/6653.mat using Guid(35536b69f76d6c54597df2a0bbc19801) Importer(815301076,1909f56bfc062723c751e8b465ee728b)  -> (artifact id: '9eb91bb6bd9540289f5c8238f8ca21e0') in 0.008547 seconds 
========================================================================
Received Import Request.
  Time since last request: 0.000024 seconds.
  path: Assets/Resources/Images/Materials/7082.mat
  artifactKey: Guid(8690a83e9e89600488b2377bebf7162d) Importer(815301076,1909f56bfc062723c751e8b465ee728b)
Start importing Assets/Resources/Images/Materials/7082.mat using Guid(8690a83e9e89600488b2377bebf7162d) Importer(815301076,1909f56bfc062723c751e8b465ee728b)  -> (artifact id: 'c578adf4a6ea69822200f71fe5bb55ef') in 0.007196 seconds 
========================================================================
Received Import Request.
  Time since last request: 0.000042 seconds.
  path: Assets/Resources/Images/Materials/7490.mat
  artifactKey: Guid(1a490910be70a6140a95a86d299b3fdc) Importer(815301076,1909f56bfc062723c751e8b465ee728b)
Start importing Assets/Resources/Images/Materials/7490.mat using Guid(1a490910be70a6140a95a86d299b3fdc) Importer(815301076,1909f56bfc062723c751e8b465ee728b)  -> (artifact id: 'a8c08c7fbf8d41e92fad4ae84660e6bb') in 0.007906 seconds 
========================================================================
Received Import Request.
  Time since last request: 0.000030 seconds.
  path: Assets/Resources/Images/Materials/3768.mat
  artifactKey: Guid(c568bcc40716dee4d9a9dc12d55719e5) Importer(815301076,1909f56bfc062723c751e8b465ee728b)
Start importing Assets/Resources/Images/Materials/3768.mat using Guid(c568bcc40716dee4d9a9dc12d55719e5) Importer(815301076,1909f56bfc062723c751e8b465ee728b)  -> (artifact id: '27eafc9c209a2292d82ebdfe64cef853') in 0.019262 seconds 
========================================================================
Received Import Request.
  Time since last request: 0.000039 seconds.
  path: Assets/Resources/Images/Materials/7666.mat
  artifactKey: Guid(5a02d3986cee6bd4e8130a14368d5d66) Importer(815301076,1909f56bfc062723c751e8b465ee728b)
Start importing Assets/Resources/Images/Materials/7666.mat using Guid(5a02d3986cee6bd4e8130a14368d5d66) Importer(815301076,1909f56bfc062723c751e8b465ee728b)  -> (artifact id: '2c47cbf2d5f9a83cea2db31dfc3350c2') in 0.007224 seconds 
========================================================================
Received Import Request.
  Time since last request: 0.000030 seconds.
  path: Assets/Resources/Images/Materials/7678.mat
  artifactKey: Guid(7e431656744861a488b8ff3a5c3122b2) Importer(815301076,1909f56bfc062723c751e8b465ee728b)
Start importing Assets/Resources/Images/Materials/7678.mat using Guid(7e431656744861a488b8ff3a5c3122b2) Importer(815301076,1909f56bfc062723c751e8b465ee728b)  -> (artifact id: 'b80821de6bec0d105bb51aaada2546ab') in 0.008004 seconds 
========================================================================
Received Import Request.
  Time since last request: 0.000022 seconds.
  path: Assets/Resources/Images/Materials/6354.mat
  artifactKey: Guid(7f1b8db5ee56b8545a3a6e95092134da) Importer(815301076,1909f56bfc062723c751e8b465ee728b)
Start importing Assets/Resources/Images/Materials/6354.mat using Guid(7f1b8db5ee56b8545a3a6e95092134da) Importer(815301076,1909f56bfc062723c751e8b465ee728b)  -> (artifact id: 'c19dfd987b52cce5a1e555d5bfc95e2a') in 0.007864 seconds 
========================================================================
Received Import Request.
  Time since last request: 0.000027 seconds.
  path: Assets/Resources/Images/Materials/6382.mat
  artifactKey: Guid(b71268ce88d0c174c900cffc00a3c35d) Importer(815301076,1909f56bfc062723c751e8b465ee728b)
Start importing Assets/Resources/Images/Materials/6382.mat using Guid(b71268ce88d0c174c900cffc00a3c35d) Importer(815301076,1909f56bfc062723c751e8b465ee728b)  -> (artifact id: 'b8e9479c51ad96b407fa1f62973f6f56') in 0.008956 seconds 
========================================================================
Received Import Request.
  Time since last request: 0.000023 seconds.
  path: Assets/Resources/Images/Materials/4284.mat
  artifactKey: Guid(65e9ee5142d882348986dc4f5a980425) Importer(815301076,1909f56bfc062723c751e8b465ee728b)
Start importing Assets/Resources/Images/Materials/4284.mat using Guid(65e9ee5142d882348986dc4f5a980425) Importer(815301076,1909f56bfc062723c751e8b465ee728b)  -> (artifact id: '3fb368275bc0aea0ca98a4bf92650d4e') in 0.008432 seconds 
========================================================================
Received Import Request.
  Time since last request: 0.000026 seconds.
  path: Assets/Resources/Images/Materials/4351.mat
  artifactKey: Guid(83908379707a03e4f9801a1c03fee329) Importer(815301076,1909f56bfc062723c751e8b465ee728b)
Start importing Assets/Resources/Images/Materials/4351.mat using Guid(83908379707a03e4f9801a1c03fee329) Importer(815301076,1909f56bfc062723c751e8b465ee728b)  -> (artifact id: 'e1216346ff9a0c3d8a9fd4ef30790c6a') in 0.007639 seconds 
========================================================================
Received Import Request.
  Time since last request: 0.000035 seconds.
  path: Assets/Resources/Images/Materials/4355.mat
  artifactKey: Guid(529ec91012c75f54ca500cefb66e7613) Importer(815301076,1909f56bfc062723c751e8b465ee728b)
Start importing Assets/Resources/Images/Materials/4355.mat using Guid(529ec91012c75f54ca500cefb66e7613) Importer(815301076,1909f56bfc062723c751e8b465ee728b)  -> (artifact id: 'd171459fee88e593fb0bdb5f8772433b') in 0.007513 seconds 
========================================================================
Received Import Request.
  Time since last request: 0.000025 seconds.
  path: Assets/Resources/Images/Materials/6356.mat
  artifactKey: Guid(c2f8a61853af7294992f1ba9a54a4fed) Importer(815301076,1909f56bfc062723c751e8b465ee728b)
Start importing Assets/Resources/Images/Materials/6356.mat using Guid(c2f8a61853af7294992f1ba9a54a4fed) Importer(815301076,1909f56bfc062723c751e8b465ee728b)  -> (artifact id: '1c4df50a09e890dde2eda6de583da29b') in 0.007117 seconds 
========================================================================
Received Import Request.
  Time since last request: 0.000022 seconds.
  path: Assets/Resources/Images/Materials/6378.mat
  artifactKey: Guid(2a1a0985dbc159c4a95b71c7e3d50f87) Importer(815301076,1909f56bfc062723c751e8b465ee728b)
Start importing Assets/Resources/Images/Materials/6378.mat using Guid(2a1a0985dbc159c4a95b71c7e3d50f87) Importer(815301076,1909f56bfc062723c751e8b465ee728b)  -> (artifact id: '91a9acebd3fcbd9e5ed31abd9a4c7089') in 0.007277 seconds 
========================================================================
Received Import Request.
  Time since last request: 0.000021 seconds.
  path: Assets/Resources/Images/Materials/6369.mat
  artifactKey: Guid(015631ff7389d054ca4d6b7f5356389f) Importer(815301076,1909f56bfc062723c751e8b465ee728b)
Start importing Assets/Resources/Images/Materials/6369.mat using Guid(015631ff7389d054ca4d6b7f5356389f) Importer(815301076,1909f56bfc062723c751e8b465ee728b)  -> (artifact id: '24786ae554f12b6903f92011780e4123') in 0.007526 seconds 
========================================================================
Received Import Request.
  Time since last request: 0.000027 seconds.
  path: Assets/Resources/Images/Materials/3750.mat
  artifactKey: Guid(efaf616daf125ef4980b86a73f940fa4) Importer(815301076,1909f56bfc062723c751e8b465ee728b)
Start importing Assets/Resources/Images/Materials/3750.mat using Guid(efaf616daf125ef4980b86a73f940fa4) Importer(815301076,1909f56bfc062723c751e8b465ee728b)  -> (artifact id: '2d16340702b3243dfd120706b2d0d4fe') in 0.007267 seconds 
========================================================================
Received Import Request.
  Time since last request: 0.000031 seconds.
  path: Assets/Resources/Images/Materials/4370.mat
  artifactKey: Guid(e34c16a2f92cacf4ea0a91667b70dfcc) Importer(815301076,1909f56bfc062723c751e8b465ee728b)
Start importing Assets/Resources/Images/Materials/4370.mat using Guid(e34c16a2f92cacf4ea0a91667b70dfcc) Importer(815301076,1909f56bfc062723c751e8b465ee728b)  -> (artifact id: '11ca653440d5f0969c78c9cab88b8107') in 0.007192 seconds 
========================================================================
Received Import Request.
  Time since last request: 0.000028 seconds.
  path: Assets/Resources/Images/Materials/7078.mat
  artifactKey: Guid(2e4962b2c0d05f344b6f82b7aebbe352) Importer(815301076,1909f56bfc062723c751e8b465ee728b)
Start importing Assets/Resources/Images/Materials/7078.mat using Guid(2e4962b2c0d05f344b6f82b7aebbe352) Importer(815301076,1909f56bfc062723c751e8b465ee728b)  -> (artifact id: 'ea32266fcf1c30d4f03f3a1b12ff8f0f') in 0.007574 seconds 
========================================================================
Received Import Request.
  Time since last request: 0.000028 seconds.
  path: Assets/Resources/Images/Materials/7283.mat
  artifactKey: Guid(15eefa077ffb6d64e8698681f59030fe) Importer(815301076,1909f56bfc062723c751e8b465ee728b)
Start importing Assets/Resources/Images/Materials/7283.mat using Guid(15eefa077ffb6d64e8698681f59030fe) Importer(815301076,1909f56bfc062723c751e8b465ee728b)  -> (artifact id: '7c3de597058c832d4f8bba2ccf601e7b') in 0.008969 seconds 
========================================================================
Received Import Request.
  Time since last request: 0.000031 seconds.
  path: Assets/Resources/Images/Materials/5048.mat
  artifactKey: Guid(927a5ef59e972fc42b0db90bef7447e0) Importer(815301076,1909f56bfc062723c751e8b465ee728b)
Start importing Assets/Resources/Images/Materials/5048.mat using Guid(927a5ef59e972fc42b0db90bef7447e0) Importer(815301076,1909f56bfc062723c751e8b465ee728b)  -> (artifact id: 'e79623b9774dd7e08c9107ec01742dd6') in 0.007542 seconds 
========================================================================
Received Import Request.
  Time since last request: 0.000022 seconds.
  path: Assets/Resources/Images/Materials/6590.mat
  artifactKey: Guid(ff5a0e88eb096ba4494038a216384e12) Importer(815301076,1909f56bfc062723c751e8b465ee728b)
Start importing Assets/Resources/Images/Materials/6590.mat using Guid(ff5a0e88eb096ba4494038a216384e12) Importer(815301076,1909f56bfc062723c751e8b465ee728b)  -> (artifact id: '9546f3b166331b0a64337b7b66f12273') in 0.007246 seconds 
========================================================================
Received Import Request.
  Time since last request: 0.000036 seconds.
  path: Assets/Resources/Images/Materials/7648.mat
  artifactKey: Guid(ae118a9b878060a46b2ffa0f4f6ccc1d) Importer(815301076,1909f56bfc062723c751e8b465ee728b)
Start importing Assets/Resources/Images/Materials/7648.mat using Guid(ae118a9b878060a46b2ffa0f4f6ccc1d) Importer(815301076,1909f56bfc062723c751e8b465ee728b)  -> (artifact id: '45c711b92aa2aff9250f916e0de0586f') in 0.011216 seconds 
========================================================================
Received Import Request.
  Time since last request: 0.000032 seconds.
  path: Assets/Resources/Images/Materials/7677.mat
  artifactKey: Guid(73dae714ae2874b42a3eaa6d347fcbcf) Importer(815301076,1909f56bfc062723c751e8b465ee728b)
Start importing Assets/Resources/Images/Materials/7677.mat using Guid(73dae714ae2874b42a3eaa6d347fcbcf) Importer(815301076,1909f56bfc062723c751e8b465ee728b)  -> (artifact id: '06e81e40875f8b83157c309851da6e13') in 0.008025 seconds 
========================================================================
Received Import Request.
  Time since last request: 0.000022 seconds.
  path: Assets/Resources/Images/Materials/4290.mat
  artifactKey: Guid(2224cfd3737d57e409d15570b268335c) Importer(815301076,1909f56bfc062723c751e8b465ee728b)
Start importing Assets/Resources/Images/Materials/4290.mat using Guid(2224cfd3737d57e409d15570b268335c) Importer(815301076,1909f56bfc062723c751e8b465ee728b)  -> (artifact id: 'aca35449a1c327b34015bc9930c87e23') in 0.009728 seconds 
========================================================================
Received Import Request.
  Time since last request: 0.000037 seconds.
  path: Assets/Resources/Images/Materials/6365.mat
  artifactKey: Guid(7bba28682e50d5f46a6bff68812449e5) Importer(815301076,1909f56bfc062723c751e8b465ee728b)
Start importing Assets/Resources/Images/Materials/6365.mat using Guid(7bba28682e50d5f46a6bff68812449e5) Importer(815301076,1909f56bfc062723c751e8b465ee728b)  -> (artifact id: 'b70443a068004a4aed79b470ef947175') in 0.009722 seconds 
========================================================================
Received Import Request.
  Time since last request: 0.000026 seconds.
  path: Assets/Resources/Images/Materials/6654.mat
  artifactKey: Guid(92b7bd18e2a39884ca785ce848a1c6bb) Importer(815301076,1909f56bfc062723c751e8b465ee728b)
Start importing Assets/Resources/Images/Materials/6654.mat using Guid(92b7bd18e2a39884ca785ce848a1c6bb) Importer(815301076,1909f56bfc062723c751e8b465ee728b)  -> (artifact id: 'd89f1915cd13efe65098c7299769710f') in 0.010274 seconds 
========================================================================
Received Import Request.
  Time since last request: 0.000029 seconds.
  path: Assets/Resources/Images/Materials/7554.mat
  artifactKey: Guid(01610fb1afc97594cb20aa5752824e0f) Importer(815301076,1909f56bfc062723c751e8b465ee728b)
Start importing Assets/Resources/Images/Materials/7554.mat using Guid(01610fb1afc97594cb20aa5752824e0f) Importer(815301076,1909f56bfc062723c751e8b465ee728b)  -> (artifact id: 'fe4921f143feaf386364a61e4fbb6c89') in 0.011491 seconds 
========================================================================
Received Import Request.
  Time since last request: 0.000025 seconds.
  path: Assets/Resources/Images/Materials/4352.mat
  artifactKey: Guid(1ed0b1f5e5f1f9443aa8b2bd8c0d1e65) Importer(815301076,1909f56bfc062723c751e8b465ee728b)
Start importing Assets/Resources/Images/Materials/4352.mat using Guid(1ed0b1f5e5f1f9443aa8b2bd8c0d1e65) Importer(815301076,1909f56bfc062723c751e8b465ee728b)  -> (artifact id: '5e78fa13a7009c74c2b3d223649d96b0') in 0.008377 seconds 
========================================================================
Received Import Request.
  Time since last request: 0.000699 seconds.
  path: Assets/Resources/Images/Materials/7556.mat
  artifactKey: Guid(6a433c4d84846454cae8b756ac63fabb) Importer(815301076,1909f56bfc062723c751e8b465ee728b)
Start importing Assets/Resources/Images/Materials/7556.mat using Guid(6a433c4d84846454cae8b756ac63fabb) Importer(815301076,1909f56bfc062723c751e8b465ee728b)  -> (artifact id: '19f502a5ac885f9d9036c1969537c537') in 0.010323 seconds 
========================================================================
Received Import Request.
  Time since last request: 0.000020 seconds.
  path: Assets/Resources/Images/Materials/7086.mat
  artifactKey: Guid(0140bb4f7d80320469b9fa2d7c84dd88) Importer(815301076,1909f56bfc062723c751e8b465ee728b)
Start importing Assets/Resources/Images/Materials/7086.mat using Guid(0140bb4f7d80320469b9fa2d7c84dd88) Importer(815301076,1909f56bfc062723c751e8b465ee728b)  -> (artifact id: '593b1c7c60906737fcfe732f5a708df2') in 0.009035 seconds 
========================================================================
Received Import Request.
  Time since last request: 0.000026 seconds.
  path: Assets/Resources/Images/Materials/4349.mat
  artifactKey: Guid(87aaae120f76d704d83a22ce5e32ff25) Importer(815301076,1909f56bfc062723c751e8b465ee728b)
Start importing Assets/Resources/Images/Materials/4349.mat using Guid(87aaae120f76d704d83a22ce5e32ff25) Importer(815301076,1909f56bfc062723c751e8b465ee728b)  -> (artifact id: '4e825f1ee166d9a88e7f205f3f400bdd') in 0.009842 seconds 
========================================================================
Received Import Request.
  Time since last request: 0.000030 seconds.
  path: Assets/Resources/Images/Materials/6383.mat
  artifactKey: Guid(19dbf3eea244bc44996697e61fd7cd39) Importer(815301076,1909f56bfc062723c751e8b465ee728b)
Start importing Assets/Resources/Images/Materials/6383.mat using Guid(19dbf3eea244bc44996697e61fd7cd39) Importer(815301076,1909f56bfc062723c751e8b465ee728b)  -> (artifact id: '0a5378997b3197897a6d4c449aac4f53') in 0.006690 seconds 
========================================================================
Received Import Request.
  Time since last request: 0.000024 seconds.
  path: Assets/Resources/Images/Materials/6373.mat
  artifactKey: Guid(d12c77ed41d6a734880007172e77f80d) Importer(815301076,1909f56bfc062723c751e8b465ee728b)
Start importing Assets/Resources/Images/Materials/6373.mat using Guid(d12c77ed41d6a734880007172e77f80d) Importer(815301076,1909f56bfc062723c751e8b465ee728b)  -> (artifact id: 'd84ae5df1249c917696974c90d9cfc58') in 0.007437 seconds 
========================================================================
Received Import Request.
  Time since last request: 0.003937 seconds.
  path: Assets/Resources/Images/Materials/6583.mat
  artifactKey: Guid(c212dbe01ade93442907522c788f8696) Importer(815301076,1909f56bfc062723c751e8b465ee728b)
Start importing Assets/Resources/Images/Materials/6583.mat using Guid(c212dbe01ade93442907522c788f8696) Importer(815301076,1909f56bfc062723c751e8b465ee728b)  -> (artifact id: '17aafc179e55c66523e3e457c4211aa4') in 0.007122 seconds 
========================================================================
Received Import Request.
  Time since last request: 0.000024 seconds.
  path: Assets/Resources/Images/Materials/7274.mat
  artifactKey: Guid(929fc5bd34ac6964bb181f9ebdc583d2) Importer(815301076,1909f56bfc062723c751e8b465ee728b)
Start importing Assets/Resources/Images/Materials/7274.mat using Guid(929fc5bd34ac6964bb181f9ebdc583d2) Importer(815301076,1909f56bfc062723c751e8b465ee728b)  -> (artifact id: 'bd6f791a2efb8a89af0ed3208fe9d2f7') in 0.006729 seconds 
Editor requested this worker to shutdown with reason: Scaling down because of idle timeout
AssetImportWorker is now disconnected from the server
Process exiting
Exiting without the bug reporter. Application will terminate with return code 0