Using pre-set license
Built from '2021.3/staging' branch; Version is '2021.3.14f1 (eee1884e7226) revision 15655304'; Using compiler version '192829333'; Build Type 'Release'
OS: 'Windows 11  (10.0.22621) 64bit Core' Language: 'en' Physical Memory: 32439 MB
BatchMode: 1, IsHumanControllingUs: 0, StartBugReporterOnCrash: 0, Is64bit: 1, IsPro: 1

COMMAND LINE ARGUMENTS:
C:\Program Files\Unity\Hub\Editor\2021.3.14f1\Editor\Unity.exe
-adb2
-batchMode
-noUpm
-name
AssetImportWorker8
-projectPath
C:/Data/Buckeye Vertical/BV-Domain-Randomization-Unity-Project
-logFile
Logs/AssetImportWorker8.log
-srvPort
61913
Successfully changed project path to: C:/Data/Buckeye Vertical/BV-Domain-Randomization-Unity-Project
C:/Data/Buckeye Vertical/BV-Domain-Randomization-Unity-Project
[UnityMemory] Configuration Parameters - Can be set up in boot.config
    "memorysetup-bucket-allocator-granularity=16"
    "memorysetup-bucket-allocator-bucket-count=8"
    "memorysetup-bucket-allocator-block-size=33554432"
    "memorysetup-bucket-allocator-block-count=8"
    "memorysetup-main-allocator-block-size=16777216"
    "memorysetup-thread-allocator-block-size=16777216"
    "memorysetup-gfx-main-allocator-block-size=16777216"
    "memorysetup-gfx-thread-allocator-block-size=16777216"
    "memorysetup-cache-allocator-block-size=4194304"
    "memorysetup-typetree-allocator-block-size=2097152"
    "memorysetup-profiler-bucket-allocator-granularity=16"
    "memorysetup-profiler-bucket-allocator-bucket-count=8"
    "memorysetup-profiler-bucket-allocator-block-size=33554432"
    "memorysetup-profiler-bucket-allocator-block-count=8"
    "memorysetup-profiler-allocator-block-size=16777216"
    "memorysetup-profiler-editor-allocator-block-size=1048576"
    "memorysetup-temp-allocator-size-main=16777216"
    "memorysetup-job-temp-allocator-block-size=2097152"
    "memorysetup-job-temp-allocator-block-size-background=1048576"
    "memorysetup-job-temp-allocator-reduction-small-platforms=262144"
    "memorysetup-temp-allocator-size-background-worker=32768"
    "memorysetup-temp-allocator-size-job-worker=262144"
    "memorysetup-temp-allocator-size-preload-manager=33554432"
    "memorysetup-temp-allocator-size-nav-mesh-worker=65536"
    "memorysetup-temp-allocator-size-audio-worker=65536"
    "memorysetup-temp-allocator-size-cloud-worker=32768"
    "memorysetup-temp-allocator-size-gi-baking-worker=262144"
    "memorysetup-temp-allocator-size-gfx=262144"
Refreshing native plugins compatible for Editor in 119.02 ms, found 3 plugins.
Preloading 0 native plugins for Editor in 0.00 ms.
Initialize engine version: 2021.3.14f1 (eee1884e7226)
[Subsystems] Discovering subsystems at path C:/Program Files/Unity/Hub/Editor/2021.3.14f1/Editor/Data/Resources/UnitySubsystems
[Subsystems] Discovering subsystems at path C:/Data/Buckeye Vertical/BV-Domain-Randomization-Unity-Project/Assets
GfxDevice: creating device client; threaded=0; jobified=0
Direct3D:
    Version:  Direct3D 11.0 [level 11.1]
    Renderer: Intel(R) Iris(R) Xe Graphics (ID=0x46a6)
    Vendor:   Intel
    VRAM:     16219 MB
    Driver:   31.0.101.4575
Initialize mono
Mono path[0] = 'C:/Program Files/Unity/Hub/Editor/2021.3.14f1/Editor/Data/Managed'
Mono path[1] = 'C:/Program Files/Unity/Hub/Editor/2021.3.14f1/Editor/Data/MonoBleedingEdge/lib/mono/unityjit-win32'
Mono config path = 'C:/Program Files/Unity/Hub/Editor/2021.3.14f1/Editor/Data/MonoBleedingEdge/etc'
Using monoOptions --debugger-agent=transport=dt_socket,embedding=1,server=y,suspend=n,address=127.0.0.1:56980
Begin MonoManager ReloadAssembly
Registering precompiled unity dll's ...
Register platform support module: C:/Program Files/Unity/Hub/Editor/2021.3.14f1/Editor/Data/PlaybackEngines/WebGLSupport/UnityEditor.WebGL.Extensions.dll
Register platform support module: C:/Program Files/Unity/Hub/Editor/2021.3.14f1/Editor/Data/PlaybackEngines/WindowsStandaloneSupport/UnityEditor.WindowsStandalone.Extensions.dll
Registered in 0.006091 seconds.
Native extension for WindowsStandalone target not found
Native extension for WebGL target not found
Refreshing native plugins compatible for Editor in 106.25 ms, found 3 plugins.
Preloading 0 native plugins for Editor in 0.00 ms.
Mono: successfully reloaded assembly
- Completed reload, in  0.732 seconds
Domain Reload Profiling:
	ReloadAssembly (733ms)
		BeginReloadAssembly (80ms)
			ExecutionOrderSort (0ms)
			DisableScriptedObjects (0ms)
			BackupInstance (0ms)
			ReleaseScriptingObjects (0ms)
			CreateAndSetChildDomain (1ms)
		EndReloadAssembly (529ms)
			LoadAssemblies (78ms)
			RebuildTransferFunctionScriptingTraits (0ms)
			SetupTypeCache (105ms)
			ReleaseScriptCaches (0ms)
			RebuildScriptCaches (30ms)
			SetupLoadedEditorAssemblies (339ms)
				LogAssemblyErrors (0ms)
				InitializePlatformSupportModulesInManaged (9ms)
				SetLoadedEditorAssemblies (0ms)
				RefreshPlugins (106ms)
				BeforeProcessingInitializeOnLoad (1ms)
				ProcessInitializeOnLoadAttributes (154ms)
				ProcessInitializeOnLoadMethodAttributes (68ms)
				AfterProcessingInitializeOnLoad (0ms)
				EditorAssembliesLoaded (0ms)
			ExecutionOrderSort2 (0ms)
			AwakeInstancesAfterBackupRestoration (0ms)
Platform modules already initialized, skipping
Registering precompiled user dll's ...
Registered in 0.008170 seconds.
Begin MonoManager ReloadAssembly
Symbol file LoadedFromMemory doesn't match image C:\Data\Buckeye Vertical\BV-Domain-Randomization-Unity-Project\Library\PackageCache\com.unity.visualscripting@1.7.8\Editor\VisualScripting.Core\Dependencies\YamlDotNet\Unity.VisualScripting.YamlDotNet.dll
Symbol file LoadedFromMemory doesn't match image C:\Data\Buckeye Vertical\BV-Domain-Randomization-Unity-Project\Library\PackageCache\com.unity.visualscripting@1.7.8\Editor\VisualScripting.Core\Dependencies\DotNetZip\Unity.VisualScripting.IonicZip.dll
Native extension for WindowsStandalone target not found
Native extension for WebGL target not found
Refreshing native plugins compatible for Editor in 1.13 ms, found 3 plugins.
Preloading 0 native plugins for Editor in 0.00 ms.
Mono: successfully reloaded assembly
- Completed reload, in  1.734 seconds
Domain Reload Profiling:
	ReloadAssembly (1735ms)
		BeginReloadAssembly (194ms)
			ExecutionOrderSort (0ms)
			DisableScriptedObjects (8ms)
			BackupInstance (0ms)
			ReleaseScriptingObjects (0ms)
			CreateAndSetChildDomain (27ms)
		EndReloadAssembly (1328ms)
			LoadAssemblies (144ms)
			RebuildTransferFunctionScriptingTraits (0ms)
			SetupTypeCache (490ms)
			ReleaseScriptCaches (1ms)
			RebuildScriptCaches (77ms)
			SetupLoadedEditorAssemblies (554ms)
				LogAssemblyErrors (0ms)
				InitializePlatformSupportModulesInManaged (14ms)
				SetLoadedEditorAssemblies (1ms)
				RefreshPlugins (1ms)
				BeforeProcessingInitializeOnLoad (139ms)
				ProcessInitializeOnLoadAttributes (360ms)
				ProcessInitializeOnLoadMethodAttributes (30ms)
				AfterProcessingInitializeOnLoad (9ms)
				EditorAssembliesLoaded (0ms)
			ExecutionOrderSort2 (0ms)
			AwakeInstancesAfterBackupRestoration (10ms)
Platform modules already initialized, skipping
========================================================================
Worker process is ready to serve import requests
Launched and connected shader compiler UnityShaderCompiler.exe after 0.12 seconds
Refreshing native plugins compatible for Editor in 0.90 ms, found 3 plugins.
Preloading 0 native plugins for Editor in 0.00 ms.
Unloading 3366 Unused Serialized files (Serialized files now loaded: 0)
Unloading 27 unused Assets / (113.5 KB). Loaded Objects now: 3824.
Memory consumption went from 120.5 MB to 120.4 MB.
Total: 5.914400 ms (FindLiveObjects: 0.314300 ms CreateObjectMapping: 0.175800 ms MarkObjects: 5.251500 ms  DeleteObjects: 0.170800 ms)

AssetImportParameters requested are different than current active one (requested -> active):
  custom:video-decoder-ogg-theora: a1e56fd34408186e4bbccfd4996cb3dc -> 
  custom:container-muxer-webm: aa71ff27fc2769a1b78a27578f13a17b -> 
  custom:container-demuxer-webm: 4f35f7cbe854078d1ac9338744f61a02 -> 
  custom:video-encoder-webm-vp8: eb34c28f22e8b96e1ab97ce403110664 -> 
  custom:video-codec-MediaFoundation-h265: 746d11721c4dcdbdad8f713fa42b33f4 -> 
  custom:audio-encoder-webm-vorbis: bf7c407c2cedff20999df2af8eb42d56 -> 
  custom:framework-win-MediaFoundation: 216162199b28c13a410421893ffa2e32 -> 
  custom:container-demuxer-ogg: 62fdf1f143b41e24485cea50d1cbac27 -> 
  custom:video-decoder-webm-vp8: 9c59270c3fd7afecdb556c50c9e8de78 -> 
  custom:audio-decoder-ogg-vorbis: bf7c407c2cedff20999df2af8eb42d56 -> 
========================================================================
Received Import Request.
  Time since last request: 391596.146160 seconds.
  path: Assets/Resources/Images/Materials/7757.mat
  artifactKey: Guid(d7aae2b779ec4f24cb9964efbc32e451) Importer(815301076,1909f56bfc062723c751e8b465ee728b)
Start importing Assets/Resources/Images/Materials/7757.mat using Guid(d7aae2b779ec4f24cb9964efbc32e451) Importer(815301076,1909f56bfc062723c751e8b465ee728b)  -> (artifact id: '713acd0f35d51d21530a20e993672415') in 0.424565 seconds 
========================================================================
Received Import Request.
  Time since last request: 0.000041 seconds.
  path: Assets/Resources/Images/Materials/7656.mat
  artifactKey: Guid(43837bac3ed10cd45a2451dfcaf66429) Importer(815301076,1909f56bfc062723c751e8b465ee728b)
Start importing Assets/Resources/Images/Materials/7656.mat using Guid(43837bac3ed10cd45a2451dfcaf66429) Importer(815301076,1909f56bfc062723c751e8b465ee728b)  -> (artifact id: '940a49673f90e17dff31625dda7922b8') in 0.022835 seconds 
========================================================================
Received Import Request.
  Time since last request: 0.000057 seconds.
  path: Assets/Resources/Images/Materials/7557.mat
  artifactKey: Guid(a65b8047202ae774a94c9ef2e20cf7d5) Importer(815301076,1909f56bfc062723c751e8b465ee728b)
Start importing Assets/Resources/Images/Materials/7557.mat using Guid(a65b8047202ae774a94c9ef2e20cf7d5) Importer(815301076,1909f56bfc062723c751e8b465ee728b)  -> (artifact id: '3c5026649624aba2a7247e1727c989c9') in 0.023103 seconds 
========================================================================
Received Import Request.
  Time since last request: 0.000056 seconds.
  path: Assets/Resources/Images/Materials/7568.mat
  artifactKey: Guid(4ee649c724107c64c9df2575596c124a) Importer(815301076,1909f56bfc062723c751e8b465ee728b)
Start importing Assets/Resources/Images/Materials/7568.mat using Guid(4ee649c724107c64c9df2575596c124a) Importer(815301076,1909f56bfc062723c751e8b465ee728b)  -> (artifact id: 'ae1ee442d9fde05f33c7138e96651ab9') in 0.022098 seconds 
========================================================================
Received Import Request.
  Time since last request: 0.000046 seconds.
  path: Assets/Resources/Images/Materials/7672.mat
  artifactKey: Guid(945e1f99edbe6db4da98629fdf2f906b) Importer(815301076,1909f56bfc062723c751e8b465ee728b)
Start importing Assets/Resources/Images/Materials/7672.mat using Guid(945e1f99edbe6db4da98629fdf2f906b) Importer(815301076,1909f56bfc062723c751e8b465ee728b)  -> (artifact id: '9deaa0ae6876a16bfd30873c2e968ab1') in 0.021771 seconds 
========================================================================
Received Import Request.
  Time since last request: 0.000039 seconds.
  path: Assets/Resources/Images/Materials/7577.mat
  artifactKey: Guid(0362e188692ad984194efbdace3cd59f) Importer(815301076,1909f56bfc062723c751e8b465ee728b)
Start importing Assets/Resources/Images/Materials/7577.mat using Guid(0362e188692ad984194efbdace3cd59f) Importer(815301076,1909f56bfc062723c751e8b465ee728b)  -> (artifact id: '306178f912911e1ffa9152a7568c9d8c') in 0.028392 seconds 
========================================================================
Received Import Request.
  Time since last request: 0.000081 seconds.
  path: Assets/Resources/Images/Materials/7566.mat
  artifactKey: Guid(a96c7866e73020e4f99f2dca0eabb5f5) Importer(815301076,1909f56bfc062723c751e8b465ee728b)
Start importing Assets/Resources/Images/Materials/7566.mat using Guid(a96c7866e73020e4f99f2dca0eabb5f5) Importer(815301076,1909f56bfc062723c751e8b465ee728b)  -> (artifact id: 'de9a4ee3aa905e6940e6c8c3a4da6f54') in 0.035743 seconds 
========================================================================
Received Import Request.
  Time since last request: 0.000082 seconds.
  path: Assets/Resources/Images/Materials/7573.mat
  artifactKey: Guid(b8bc38dc165a9cf45bb8be215322ecd7) Importer(815301076,1909f56bfc062723c751e8b465ee728b)
Start importing Assets/Resources/Images/Materials/7573.mat using Guid(b8bc38dc165a9cf45bb8be215322ecd7) Importer(815301076,1909f56bfc062723c751e8b465ee728b)  -> (artifact id: '25802d5ea05c4673e6940bce21657e08') in 0.033992 seconds 
========================================================================
Received Import Request.
  Time since last request: 0.000082 seconds.
  path: Assets/Resources/Images/Materials/7651.mat
  artifactKey: Guid(e73eac0e8e9235c49a285f05782535b2) Importer(815301076,1909f56bfc062723c751e8b465ee728b)
Start importing Assets/Resources/Images/Materials/7651.mat using Guid(e73eac0e8e9235c49a285f05782535b2) Importer(815301076,1909f56bfc062723c751e8b465ee728b)  -> (artifact id: '2b35fcbae6c56bb0fe36425388ee7c01') in 0.038780 seconds 
========================================================================
Received Import Request.
  Time since last request: 0.000048 seconds.
  path: Assets/Resources/Images/Materials/7567.mat
  artifactKey: Guid(aacf4031792131443a8072ed2440986d) Importer(815301076,1909f56bfc062723c751e8b465ee728b)
Start importing Assets/Resources/Images/Materials/7567.mat using Guid(aacf4031792131443a8072ed2440986d) Importer(815301076,1909f56bfc062723c751e8b465ee728b)  -> (artifact id: 'f2941e6cf9701d5acb41794dd3120a76') in 0.030382 seconds 
========================================================================
Received Import Request.
  Time since last request: 0.000077 seconds.
  path: Assets/Resources/Images/Materials/7755.mat
  artifactKey: Guid(509ec1be7cdcc8548883d1c2df3b6546) Importer(815301076,1909f56bfc062723c751e8b465ee728b)
Start importing Assets/Resources/Images/Materials/7755.mat using Guid(509ec1be7cdcc8548883d1c2df3b6546) Importer(815301076,1909f56bfc062723c751e8b465ee728b)  -> (artifact id: '9180c64be2761d3f2c06019f74b9a6d8') in 0.078979 seconds 
========================================================================
Received Import Request.
  Time since last request: 0.000081 seconds.
  path: Assets/Resources/Images/Materials/7555.mat
  artifactKey: Guid(d2ca8bc295ade364b8fadb976e566288) Importer(815301076,1909f56bfc062723c751e8b465ee728b)
Start importing Assets/Resources/Images/Materials/7555.mat using Guid(d2ca8bc295ade364b8fadb976e566288) Importer(815301076,1909f56bfc062723c751e8b465ee728b)  -> (artifact id: '54f7466bb8daae3ef4896b5ce34f9b12') in 0.047630 seconds 
========================================================================
Received Import Request.
  Time since last request: 0.000072 seconds.
  path: Assets/Resources/Images/Materials/7378.mat
  artifactKey: Guid(b87b87d148d39c446ac9ff346a5bcd27) Importer(815301076,1909f56bfc062723c751e8b465ee728b)
Start importing Assets/Resources/Images/Materials/7378.mat using Guid(b87b87d148d39c446ac9ff346a5bcd27) Importer(815301076,1909f56bfc062723c751e8b465ee728b)  -> (artifact id: '3fb56bae17a7792046a6508b8e425c4a') in 0.042493 seconds 
========================================================================
Received Import Request.
  Time since last request: 0.000088 seconds.
  path: Assets/Resources/Images/Materials/7670.mat
  artifactKey: Guid(54d024c2b814748498744ada5edabd04) Importer(815301076,1909f56bfc062723c751e8b465ee728b)
Start importing Assets/Resources/Images/Materials/7670.mat using Guid(54d024c2b814748498744ada5edabd04) Importer(815301076,1909f56bfc062723c751e8b465ee728b)  -> (artifact id: 'd6d8940e1c43e6e29a838f3aa6ea44fe') in 0.040165 seconds 
========================================================================
Received Import Request.
  Time since last request: 0.000100 seconds.
  path: Assets/Resources/Images/Materials/7750.mat
  artifactKey: Guid(01d392375ba6d7544948c37494ffa111) Importer(815301076,1909f56bfc062723c751e8b465ee728b)
Start importing Assets/Resources/Images/Materials/7750.mat using Guid(01d392375ba6d7544948c37494ffa111) Importer(815301076,1909f56bfc062723c751e8b465ee728b)  -> (artifact id: 'c2e68390be0b08ae8496ae58eafb4916') in 0.045997 seconds 
========================================================================
Received Import Request.
  Time since last request: 0.000090 seconds.
  path: Assets/Resources/Images/Materials/7648.mat
  artifactKey: Guid(ae118a9b878060a46b2ffa0f4f6ccc1d) Importer(815301076,1909f56bfc062723c751e8b465ee728b)
Start importing Assets/Resources/Images/Materials/7648.mat using Guid(ae118a9b878060a46b2ffa0f4f6ccc1d) Importer(815301076,1909f56bfc062723c751e8b465ee728b)  -> (artifact id: 'ec0d564e56f8535124bb10404f3c9ac0') in 0.040621 seconds 
========================================================================
Received Import Request.
  Time since last request: 0.000058 seconds.
  path: Assets/Resources/Images/Materials/7481.mat
  artifactKey: Guid(54f99141b3ae53548885e66bd8406798) Importer(815301076,1909f56bfc062723c751e8b465ee728b)
Start importing Assets/Resources/Images/Materials/7481.mat using Guid(54f99141b3ae53548885e66bd8406798) Importer(815301076,1909f56bfc062723c751e8b465ee728b)  -> (artifact id: '53fecb83f15b69433cb240786f0acc59') in 0.040951 seconds 
========================================================================
Received Import Request.
  Time since last request: 0.000086 seconds.
  path: Assets/Resources/Images/Materials/7485.mat
  artifactKey: Guid(f89f2c3b5af1892438be14b763728d9b) Importer(815301076,1909f56bfc062723c751e8b465ee728b)
Start importing Assets/Resources/Images/Materials/7485.mat using Guid(f89f2c3b5af1892438be14b763728d9b) Importer(815301076,1909f56bfc062723c751e8b465ee728b)  -> (artifact id: '89f83f49809304cb063cfd7e03921943') in 0.050753 seconds 
========================================================================
Received Import Request.
  Time since last request: 0.000100 seconds.
  path: Assets/Resources/Images/Materials/7384.mat
  artifactKey: Guid(10d314edda99ae248a1c6abb64689ca7) Importer(815301076,1909f56bfc062723c751e8b465ee728b)
Start importing Assets/Resources/Images/Materials/7384.mat using Guid(10d314edda99ae248a1c6abb64689ca7) Importer(815301076,1909f56bfc062723c751e8b465ee728b)  -> (artifact id: 'e791fd7069ca2a2bac93ac553574f1eb') in 0.037563 seconds 
========================================================================
Received Import Request.
  Time since last request: 0.000060 seconds.
  path: Assets/Resources/Images/Materials/7553.mat
  artifactKey: Guid(9a25fb137201c94449792d781f8ac1fd) Importer(815301076,1909f56bfc062723c751e8b465ee728b)
Start importing Assets/Resources/Images/Materials/7553.mat using Guid(9a25fb137201c94449792d781f8ac1fd) Importer(815301076,1909f56bfc062723c751e8b465ee728b)  -> (artifact id: 'a221de17c65f87c605f2fabd78d8db61') in 0.038290 seconds 
========================================================================
Received Import Request.
  Time since last request: 0.000059 seconds.
  path: Assets/Resources/Images/Materials/7274.mat
  artifactKey: Guid(929fc5bd34ac6964bb181f9ebdc583d2) Importer(815301076,1909f56bfc062723c751e8b465ee728b)
Start importing Assets/Resources/Images/Materials/7274.mat using Guid(929fc5bd34ac6964bb181f9ebdc583d2) Importer(815301076,1909f56bfc062723c751e8b465ee728b)  -> (artifact id: '844e1911b0ee8e4d7b44f09e70f61f35') in 0.032556 seconds 
========================================================================
Received Import Request.
  Time since last request: 1.126264 seconds.
  path: Assets/Resources/Images/Materials/7248.mat
  artifactKey: Guid(4959602b591710c449d902d55a0535c7) Importer(815301076,1909f56bfc062723c751e8b465ee728b)
Start importing Assets/Resources/Images/Materials/7248.mat using Guid(4959602b591710c449d902d55a0535c7) Importer(815301076,1909f56bfc062723c751e8b465ee728b)  -> (artifact id: '8ef82502e1beb33a71ab1c28f4841378') in 0.051245 seconds 
========================================================================
Received Import Request.
  Time since last request: 0.000033 seconds.
  path: Assets/Resources/Images/Materials/7171.mat
  artifactKey: Guid(c779dfb578b46764c87da73dfccfc36a) Importer(815301076,1909f56bfc062723c751e8b465ee728b)
Start importing Assets/Resources/Images/Materials/7171.mat using Guid(c779dfb578b46764c87da73dfccfc36a) Importer(815301076,1909f56bfc062723c751e8b465ee728b)  -> (artifact id: 'bb2c7a88d7a5aec1c26d3e6514b4ea9d') in 0.024792 seconds 
========================================================================
Received Import Request.
  Time since last request: 0.000044 seconds.
  path: Assets/Resources/Images/Materials/6755.mat
  artifactKey: Guid(d6af07bd468b95d43b973d98f1286ec8) Importer(815301076,1909f56bfc062723c751e8b465ee728b)
Start importing Assets/Resources/Images/Materials/6755.mat using Guid(d6af07bd468b95d43b973d98f1286ec8) Importer(815301076,1909f56bfc062723c751e8b465ee728b)  -> (artifact id: 'ae1197cde3c2c1768063c408ec939f79') in 0.022545 seconds 
========================================================================
Received Import Request.
  Time since last request: 0.000046 seconds.
  path: Assets/Resources/Images/Materials/7170.mat
  artifactKey: Guid(fbb958965dba1a249ab8fbdea241d515) Importer(815301076,1909f56bfc062723c751e8b465ee728b)
Start importing Assets/Resources/Images/Materials/7170.mat using Guid(fbb958965dba1a249ab8fbdea241d515) Importer(815301076,1909f56bfc062723c751e8b465ee728b)  -> (artifact id: '635fccdba036128409498cbd19ab825c') in 0.020081 seconds 
========================================================================
Received Import Request.
  Time since last request: 0.000043 seconds.
  path: Assets/Resources/Images/Materials/5179.mat
  artifactKey: Guid(a54afd6f1d87ab54d84947637a0a014e) Importer(815301076,1909f56bfc062723c751e8b465ee728b)
Start importing Assets/Resources/Images/Materials/5179.mat using Guid(a54afd6f1d87ab54d84947637a0a014e) Importer(815301076,1909f56bfc062723c751e8b465ee728b)  -> (artifact id: 'ebc3aec5a991dab083c1fbd91dcdd109') in 0.028344 seconds 
========================================================================
Received Import Request.
  Time since last request: 0.000043 seconds.
  path: Assets/Resources/Images/Materials/5182.mat
  artifactKey: Guid(99e0f2d15343b14438e02b937ac1f428) Importer(815301076,1909f56bfc062723c751e8b465ee728b)
Start importing Assets/Resources/Images/Materials/5182.mat using Guid(99e0f2d15343b14438e02b937ac1f428) Importer(815301076,1909f56bfc062723c751e8b465ee728b)  -> (artifact id: 'ce499ce16f1d10e45b7acd1a7b8e5a3c') in 0.021750 seconds 
========================================================================
Received Import Request.
  Time since last request: 0.000060 seconds.
  path: Assets/Resources/Images/Materials/7071.mat
  artifactKey: Guid(fa5a54e199cd5ce4abe251b08a799629) Importer(815301076,1909f56bfc062723c751e8b465ee728b)
Start importing Assets/Resources/Images/Materials/7071.mat using Guid(fa5a54e199cd5ce4abe251b08a799629) Importer(815301076,1909f56bfc062723c751e8b465ee728b)  -> (artifact id: 'e7cf7f7fcdcd37ee90d5227b7861452c') in 0.024170 seconds 
========================================================================
Received Import Request.
  Time since last request: 0.000049 seconds.
  path: Assets/Resources/Images/Materials/5156.mat
  artifactKey: Guid(da31500ec2259444298b5cd9b4071740) Importer(815301076,1909f56bfc062723c751e8b465ee728b)
Start importing Assets/Resources/Images/Materials/5156.mat using Guid(da31500ec2259444298b5cd9b4071740) Importer(815301076,1909f56bfc062723c751e8b465ee728b)  -> (artifact id: '5ad4ddf83ddf957e4520b9899348a7b3') in 0.022200 seconds 
========================================================================
Received Import Request.
  Time since last request: 0.000044 seconds.
  path: Assets/Resources/Images/Materials/5170.mat
  artifactKey: Guid(ea709751bca16ba4198b466a6a1c37d0) Importer(815301076,1909f56bfc062723c751e8b465ee728b)
Start importing Assets/Resources/Images/Materials/5170.mat using Guid(ea709751bca16ba4198b466a6a1c37d0) Importer(815301076,1909f56bfc062723c751e8b465ee728b)  -> (artifact id: '7f1f7f85ba26bc66a8812d93fc9dfff0') in 0.023071 seconds 
========================================================================
Received Import Request.
  Time since last request: 0.000033 seconds.
  path: Assets/Resources/Images/Materials/7175.mat
  artifactKey: Guid(6043b5fdb96779b4284eee657d8da77e) Importer(815301076,1909f56bfc062723c751e8b465ee728b)
Start importing Assets/Resources/Images/Materials/7175.mat using Guid(6043b5fdb96779b4284eee657d8da77e) Importer(815301076,1909f56bfc062723c751e8b465ee728b)  -> (artifact id: 'a662d16a561cefac998e6bb8a40cf76d') in 0.019151 seconds 
========================================================================
Received Import Request.
  Time since last request: 0.000060 seconds.
  path: Assets/Resources/Images/Materials/7180.mat
  artifactKey: Guid(54c6c47653fb16149bc40364781eaba3) Importer(815301076,1909f56bfc062723c751e8b465ee728b)
Start importing Assets/Resources/Images/Materials/7180.mat using Guid(54c6c47653fb16149bc40364781eaba3) Importer(815301076,1909f56bfc062723c751e8b465ee728b)  -> (artifact id: 'df42714f73f9f74352f779422b5ec6aa') in 0.025179 seconds 
========================================================================
Received Import Request.
  Time since last request: 0.000041 seconds.
  path: Assets/Resources/Images/Materials/7080.mat
  artifactKey: Guid(a74acc717f7f08248aaca0bdf21cd4eb) Importer(815301076,1909f56bfc062723c751e8b465ee728b)
Start importing Assets/Resources/Images/Materials/7080.mat using Guid(a74acc717f7f08248aaca0bdf21cd4eb) Importer(815301076,1909f56bfc062723c751e8b465ee728b)  -> (artifact id: '41531db10a833873765afcd9273b8155') in 0.021519 seconds 
========================================================================
Received Import Request.
  Time since last request: 0.000038 seconds.
  path: Assets/Resources/Images/Materials/7089.mat
  artifactKey: Guid(4e15dcb555bc8a742bb94c2e36c4755a) Importer(815301076,1909f56bfc062723c751e8b465ee728b)
Start importing Assets/Resources/Images/Materials/7089.mat using Guid(4e15dcb555bc8a742bb94c2e36c4755a) Importer(815301076,1909f56bfc062723c751e8b465ee728b)  -> (artifact id: 'ca48e3da23ec2c51ebf507d16a1cfa7a') in 0.023014 seconds 
========================================================================
Received Import Request.
  Time since last request: 0.000062 seconds.
  path: Assets/Resources/Images/Materials/7173.mat
  artifactKey: Guid(483f1dba7efbfe844a4e5f91a79a7a60) Importer(815301076,1909f56bfc062723c751e8b465ee728b)
Start importing Assets/Resources/Images/Materials/7173.mat using Guid(483f1dba7efbfe844a4e5f91a79a7a60) Importer(815301076,1909f56bfc062723c751e8b465ee728b)  -> (artifact id: '46f36dcfaa5e1f44c1f970341eb07f52') in 0.024589 seconds 
========================================================================
Received Import Request.
  Time since last request: 0.000048 seconds.
  path: Assets/Resources/Images/Materials/5175.mat
  artifactKey: Guid(15ea37bcf0e4d15479a971c2061f46b1) Importer(815301076,1909f56bfc062723c751e8b465ee728b)
Start importing Assets/Resources/Images/Materials/5175.mat using Guid(15ea37bcf0e4d15479a971c2061f46b1) Importer(815301076,1909f56bfc062723c751e8b465ee728b)  -> (artifact id: '780a7f85cfafefb993bab83db8870d32') in 0.030545 seconds 
========================================================================
Received Import Request.
  Time since last request: 0.000044 seconds.
  path: Assets/Resources/Images/Materials/6768.mat
  artifactKey: Guid(2c95bac373d45734182ad1f42b2c20e9) Importer(815301076,1909f56bfc062723c751e8b465ee728b)
Start importing Assets/Resources/Images/Materials/6768.mat using Guid(2c95bac373d45734182ad1f42b2c20e9) Importer(815301076,1909f56bfc062723c751e8b465ee728b)  -> (artifact id: '45af2079935b696efaa1dd31ca3a757f') in 0.029558 seconds 
========================================================================
Received Import Request.
  Time since last request: 0.000056 seconds.
  path: Assets/Resources/Images/Materials/6774.mat
  artifactKey: Guid(382f9635f12ce30469dc4a1628ba622e) Importer(815301076,1909f56bfc062723c751e8b465ee728b)
Start importing Assets/Resources/Images/Materials/6774.mat using Guid(382f9635f12ce30469dc4a1628ba622e) Importer(815301076,1909f56bfc062723c751e8b465ee728b)  -> (artifact id: '6fb8c39578949df84242ea17376245ff') in 0.028137 seconds 
========================================================================
Received Import Request.
  Time since last request: 0.000039 seconds.
  path: Assets/Resources/Images/Materials/6775.mat
  artifactKey: Guid(baefafccb5f103f47b21918f340f9e96) Importer(815301076,1909f56bfc062723c751e8b465ee728b)
Start importing Assets/Resources/Images/Materials/6775.mat using Guid(baefafccb5f103f47b21918f340f9e96) Importer(815301076,1909f56bfc062723c751e8b465ee728b)  -> (artifact id: '35749045c4190be873fa7d374889b2c7') in 0.039642 seconds 
========================================================================
Received Import Request.
  Time since last request: 0.000065 seconds.
  path: Assets/Resources/Images/Materials/6766.mat
  artifactKey: Guid(67e34c8feee420c438b2a3f08189bdac) Importer(815301076,1909f56bfc062723c751e8b465ee728b)
Start importing Assets/Resources/Images/Materials/6766.mat using Guid(67e34c8feee420c438b2a3f08189bdac) Importer(815301076,1909f56bfc062723c751e8b465ee728b)  -> (artifact id: 'afd5830bf3aedf95292f568654a1e906') in 0.026682 seconds 
========================================================================
Received Import Request.
  Time since last request: 0.000073 seconds.
  path: Assets/Resources/Images/Materials/7077.mat
  artifactKey: Guid(b4693883a0b9a4e4f98544157c9127fc) Importer(815301076,1909f56bfc062723c751e8b465ee728b)
Start importing Assets/Resources/Images/Materials/7077.mat using Guid(b4693883a0b9a4e4f98544157c9127fc) Importer(815301076,1909f56bfc062723c751e8b465ee728b)  -> (artifact id: '063fce8b645751620b5f8fcc6de14a85') in 0.033045 seconds 
========================================================================
Received Import Request.
  Time since last request: 0.000053 seconds.
  path: Assets/Resources/Images/Materials/7074.mat
  artifactKey: Guid(59e58e5c95084154886889f3463cc787) Importer(815301076,1909f56bfc062723c751e8b465ee728b)
Start importing Assets/Resources/Images/Materials/7074.mat using Guid(59e58e5c95084154886889f3463cc787) Importer(815301076,1909f56bfc062723c751e8b465ee728b)  -> (artifact id: 'be1a0ab0ccd3e44b70ac80cd51f33bc9') in 0.039962 seconds 
========================================================================
Received Import Request.
  Time since last request: 0.000107 seconds.
  path: Assets/Resources/Images/Materials/7154.mat
  artifactKey: Guid(68654959b35441f428ae9825da1b92c7) Importer(815301076,1909f56bfc062723c751e8b465ee728b)
Start importing Assets/Resources/Images/Materials/7154.mat using Guid(68654959b35441f428ae9825da1b92c7) Importer(815301076,1909f56bfc062723c751e8b465ee728b)  -> (artifact id: '9a0c829cc24d2ac5592bef46e0182614') in 0.047811 seconds 
========================================================================
Received Import Request.
  Time since last request: 0.000114 seconds.
  path: Assets/Resources/Images/Materials/7186.mat
  artifactKey: Guid(101d8fef82a4b52409a619316757b045) Importer(815301076,1909f56bfc062723c751e8b465ee728b)
Start importing Assets/Resources/Images/Materials/7186.mat using Guid(101d8fef82a4b52409a619316757b045) Importer(815301076,1909f56bfc062723c751e8b465ee728b)  -> (artifact id: 'ee131d4d01d3f09e445472233e0ac458') in 0.038246 seconds 
Editor requested this worker to shutdown with reason: Scaling down because of idle timeout
AssetImportWorker is now disconnected from the server
Process exiting
Exiting without the bug reporter. Application will terminate with return code 0