Using pre-set license
Built from '2021.3/staging' branch; Version is '2021.3.14f1 (eee1884e7226) revision 15655304'; Using compiler version '192829333'; Build Type 'Release'
OS: 'Windows 11  (10.0.22621) 64bit Core' Language: 'en' Physical Memory: 32439 MB
BatchMode: 1, IsHumanControllingUs: 0, StartBugReporterOnCrash: 0, Is64bit: 1, IsPro: 1

COMMAND LINE ARGUMENTS:
C:\Program Files\Unity\Hub\Editor\2021.3.14f1\Editor\Unity.exe
-adb2
-batchMode
-noUpm
-name
AssetImportWorker9
-projectPath
C:/Data/Buckeye Vertical/BV-Domain-Randomization-Unity-Project
-logFile
Logs/AssetImportWorker9.log
-srvPort
61946
Successfully changed project path to: C:/Data/Buckeye Vertical/BV-Domain-Randomization-Unity-Project
C:/Data/Buckeye Vertical/BV-Domain-Randomization-Unity-Project
[UnityMemory] Configuration Parameters - Can be set up in boot.config
    "memorysetup-bucket-allocator-granularity=16"
    "memorysetup-bucket-allocator-bucket-count=8"
    "memorysetup-bucket-allocator-block-size=33554432"
    "memorysetup-bucket-allocator-block-count=8"
    "memorysetup-main-allocator-block-size=16777216"
    "memorysetup-thread-allocator-block-size=16777216"
    "memorysetup-gfx-main-allocator-block-size=16777216"
    "memorysetup-gfx-thread-allocator-block-size=16777216"
    "memorysetup-cache-allocator-block-size=4194304"
    "memorysetup-typetree-allocator-block-size=2097152"
    "memorysetup-profiler-bucket-allocator-granularity=16"
    "memorysetup-profiler-bucket-allocator-bucket-count=8"
    "memorysetup-profiler-bucket-allocator-block-size=33554432"
    "memorysetup-profiler-bucket-allocator-block-count=8"
    "memorysetup-profiler-allocator-block-size=16777216"
    "memorysetup-profiler-editor-allocator-block-size=1048576"
    "memorysetup-temp-allocator-size-main=16777216"
    "memorysetup-job-temp-allocator-block-size=2097152"
    "memorysetup-job-temp-allocator-block-size-background=1048576"
    "memorysetup-job-temp-allocator-reduction-small-platforms=262144"
    "memorysetup-temp-allocator-size-background-worker=32768"
    "memorysetup-temp-allocator-size-job-worker=262144"
    "memorysetup-temp-allocator-size-preload-manager=33554432"
    "memorysetup-temp-allocator-size-nav-mesh-worker=65536"
    "memorysetup-temp-allocator-size-audio-worker=65536"
    "memorysetup-temp-allocator-size-cloud-worker=32768"
    "memorysetup-temp-allocator-size-gi-baking-worker=262144"
    "memorysetup-temp-allocator-size-gfx=262144"
Refreshing native plugins compatible for Editor in 112.76 ms, found 3 plugins.
Preloading 0 native plugins for Editor in 0.00 ms.
Initialize engine version: 2021.3.14f1 (eee1884e7226)
[Subsystems] Discovering subsystems at path C:/Program Files/Unity/Hub/Editor/2021.3.14f1/Editor/Data/Resources/UnitySubsystems
[Subsystems] Discovering subsystems at path C:/Data/Buckeye Vertical/BV-Domain-Randomization-Unity-Project/Assets
GfxDevice: creating device client; threaded=0; jobified=0
Direct3D:
    Version:  Direct3D 11.0 [level 11.1]
    Renderer: NVIDIA GeForce RTX 3050 Ti Laptop GPU (ID=0x25a0)
    Vendor:   NVIDIA
    VRAM:     3978 MB
    Driver:   31.0.15.2879
Initialize mono
Mono path[0] = 'C:/Program Files/Unity/Hub/Editor/2021.3.14f1/Editor/Data/Managed'
Mono path[1] = 'C:/Program Files/Unity/Hub/Editor/2021.3.14f1/Editor/Data/MonoBleedingEdge/lib/mono/unityjit-win32'
Mono config path = 'C:/Program Files/Unity/Hub/Editor/2021.3.14f1/Editor/Data/MonoBleedingEdge/etc'
Using monoOptions --debugger-agent=transport=dt_socket,embedding=1,server=y,suspend=n,address=127.0.0.1:56376
Begin MonoManager ReloadAssembly
Registering precompiled unity dll's ...
Register platform support module: C:/Program Files/Unity/Hub/Editor/2021.3.14f1/Editor/Data/PlaybackEngines/WebGLSupport/UnityEditor.WebGL.Extensions.dll
Register platform support module: C:/Program Files/Unity/Hub/Editor/2021.3.14f1/Editor/Data/PlaybackEngines/WindowsStandaloneSupport/UnityEditor.WindowsStandalone.Extensions.dll
Registered in 0.004539 seconds.
Native extension for WindowsStandalone target not found
Native extension for WebGL target not found
Refreshing native plugins compatible for Editor in 69.53 ms, found 3 plugins.
Preloading 0 native plugins for Editor in 0.00 ms.
Mono: successfully reloaded assembly
- Completed reload, in  0.596 seconds
Domain Reload Profiling:
	ReloadAssembly (597ms)
		BeginReloadAssembly (81ms)
			ExecutionOrderSort (0ms)
			DisableScriptedObjects (0ms)
			BackupInstance (0ms)
			ReleaseScriptingObjects (0ms)
			CreateAndSetChildDomain (1ms)
		EndReloadAssembly (412ms)
			LoadAssemblies (78ms)
			RebuildTransferFunctionScriptingTraits (0ms)
			SetupTypeCache (86ms)
			ReleaseScriptCaches (0ms)
			RebuildScriptCaches (26ms)
			SetupLoadedEditorAssemblies (253ms)
				LogAssemblyErrors (0ms)
				InitializePlatformSupportModulesInManaged (8ms)
				SetLoadedEditorAssemblies (0ms)
				RefreshPlugins (70ms)
				BeforeProcessingInitializeOnLoad (1ms)
				ProcessInitializeOnLoadAttributes (133ms)
				ProcessInitializeOnLoadMethodAttributes (41ms)
				AfterProcessingInitializeOnLoad (0ms)
				EditorAssembliesLoaded (0ms)
			ExecutionOrderSort2 (0ms)
			AwakeInstancesAfterBackupRestoration (0ms)
Platform modules already initialized, skipping
Registering precompiled user dll's ...
Registered in 0.005194 seconds.
Begin MonoManager ReloadAssembly
Symbol file LoadedFromMemory doesn't match image C:\Data\Buckeye Vertical\BV-Domain-Randomization-Unity-Project\Library\PackageCache\com.unity.visualscripting@1.7.8\Editor\VisualScripting.Core\Dependencies\YamlDotNet\Unity.VisualScripting.YamlDotNet.dll
Symbol file LoadedFromMemory doesn't match image C:\Data\Buckeye Vertical\BV-Domain-Randomization-Unity-Project\Library\PackageCache\com.unity.visualscripting@1.7.8\Editor\VisualScripting.Core\Dependencies\DotNetZip\Unity.VisualScripting.IonicZip.dll
Native extension for WindowsStandalone target not found
Native extension for WebGL target not found
Refreshing native plugins compatible for Editor in 0.50 ms, found 3 plugins.
Preloading 0 native plugins for Editor in 0.00 ms.
Mono: successfully reloaded assembly
- Completed reload, in  0.800 seconds
Domain Reload Profiling:
	ReloadAssembly (800ms)
		BeginReloadAssembly (86ms)
			ExecutionOrderSort (0ms)
			DisableScriptedObjects (4ms)
			BackupInstance (0ms)
			ReleaseScriptingObjects (0ms)
			CreateAndSetChildDomain (15ms)
		EndReloadAssembly (621ms)
			LoadAssemblies (60ms)
			RebuildTransferFunctionScriptingTraits (0ms)
			SetupTypeCache (197ms)
			ReleaseScriptCaches (0ms)
			RebuildScriptCaches (38ms)
			SetupLoadedEditorAssemblies (288ms)
				LogAssemblyErrors (0ms)
				InitializePlatformSupportModulesInManaged (5ms)
				SetLoadedEditorAssemblies (0ms)
				RefreshPlugins (1ms)
				BeforeProcessingInitializeOnLoad (67ms)
				ProcessInitializeOnLoadAttributes (191ms)
				ProcessInitializeOnLoadMethodAttributes (19ms)
				AfterProcessingInitializeOnLoad (5ms)
				EditorAssembliesLoaded (0ms)
			ExecutionOrderSort2 (0ms)
			AwakeInstancesAfterBackupRestoration (6ms)
Platform modules already initialized, skipping
========================================================================
Worker process is ready to serve import requests
Launched and connected shader compiler UnityShaderCompiler.exe after 0.07 seconds
Refreshing native plugins compatible for Editor in 0.46 ms, found 3 plugins.
Preloading 0 native plugins for Editor in 0.00 ms.
Unloading 3366 Unused Serialized files (Serialized files now loaded: 0)
Unloading 27 unused Assets / (113.5 KB). Loaded Objects now: 3824.
Memory consumption went from 120.0 MB to 119.9 MB.
Total: 3.655000 ms (FindLiveObjects: 0.182800 ms CreateObjectMapping: 0.077000 ms MarkObjects: 3.305300 ms  DeleteObjects: 0.088800 ms)

AssetImportParameters requested are different than current active one (requested -> active):
  custom:video-decoder-ogg-theora: a1e56fd34408186e4bbccfd4996cb3dc -> 
  custom:container-muxer-webm: aa71ff27fc2769a1b78a27578f13a17b -> 
  custom:container-demuxer-webm: 4f35f7cbe854078d1ac9338744f61a02 -> 
  custom:video-encoder-webm-vp8: eb34c28f22e8b96e1ab97ce403110664 -> 
  custom:video-codec-MediaFoundation-h265: 746d11721c4dcdbdad8f713fa42b33f4 -> 
  custom:audio-encoder-webm-vorbis: bf7c407c2cedff20999df2af8eb42d56 -> 
  custom:framework-win-MediaFoundation: 216162199b28c13a410421893ffa2e32 -> 
  custom:container-demuxer-ogg: 62fdf1f143b41e24485cea50d1cbac27 -> 
  custom:video-decoder-webm-vp8: 9c59270c3fd7afecdb556c50c9e8de78 -> 
  custom:audio-decoder-ogg-vorbis: bf7c407c2cedff20999df2af8eb42d56 -> 
========================================================================
Received Import Request.
  Time since last request: 43206.407651 seconds.
  path: Assets/Resources/Images/0190.png
  artifactKey: Guid(7a3224794d40bde40b4758fce54f3d7d) Importer(815301076,1909f56bfc062723c751e8b465ee728b)
Start importing Assets/Resources/Images/0190.png using Guid(7a3224794d40bde40b4758fce54f3d7d) Importer(815301076,1909f56bfc062723c751e8b465ee728b)  -> (artifact id: '3de8e47fecc161f4674cebea87f32692') in 0.171456 seconds 
========================================================================
Received Import Request.
  Time since last request: 0.907324 seconds.
  path: Assets/Resources/Images/0249.png
  artifactKey: Guid(c30340d0c7cda1d42a593744d58a4086) Importer(815301076,1909f56bfc062723c751e8b465ee728b)
Start importing Assets/Resources/Images/0249.png using Guid(c30340d0c7cda1d42a593744d58a4086) Importer(815301076,1909f56bfc062723c751e8b465ee728b)  -> (artifact id: '232dc051c105eaa466fc9cd525bc17d7') in 0.033579 seconds 
========================================================================
Received Import Request.
  Time since last request: 0.000029 seconds.
  path: Assets/Resources/Images/0251.png
  artifactKey: Guid(8ad933e1b59862143aae474303479843) Importer(815301076,1909f56bfc062723c751e8b465ee728b)
Start importing Assets/Resources/Images/0251.png using Guid(8ad933e1b59862143aae474303479843) Importer(815301076,1909f56bfc062723c751e8b465ee728b)  -> (artifact id: '9144bd62181968046e294cdae17025dc') in 0.021924 seconds 
========================================================================
Received Import Request.
  Time since last request: 0.000017 seconds.
  path: Assets/Resources/Images/0250.png
  artifactKey: Guid(3c9d56e7fc241e14b8a70898eeb5e90c) Importer(815301076,1909f56bfc062723c751e8b465ee728b)
Start importing Assets/Resources/Images/0250.png using Guid(3c9d56e7fc241e14b8a70898eeb5e90c) Importer(815301076,1909f56bfc062723c751e8b465ee728b)  -> (artifact id: '2b7c8b148ca9ccf4db4deed27b11489e') in 0.016090 seconds 
========================================================================
Received Import Request.
  Time since last request: 1.795674 seconds.
  path: Assets/Resources/Images/0254.png
  artifactKey: Guid(c6436f4b560263c4b8deeca07a3a4aec) Importer(815301076,1909f56bfc062723c751e8b465ee728b)
Start importing Assets/Resources/Images/0254.png using Guid(c6436f4b560263c4b8deeca07a3a4aec) Importer(815301076,1909f56bfc062723c751e8b465ee728b)  -> (artifact id: 'f6d2bc88139edfdf37cd5169e1772bed') in 0.006962 seconds 
========================================================================
Received Import Request.
  Time since last request: 0.811353 seconds.
  path: Assets/Resources/Images/0257.png
  artifactKey: Guid(f98483a23b45faf4da02bc8b092e58f1) Importer(815301076,1909f56bfc062723c751e8b465ee728b)
Start importing Assets/Resources/Images/0257.png using Guid(f98483a23b45faf4da02bc8b092e58f1) Importer(815301076,1909f56bfc062723c751e8b465ee728b)  -> (artifact id: '9dc6294234ff428805dcefee5eb38c68') in 0.006380 seconds 
========================================================================
Received Import Request.
  Time since last request: 0.000019 seconds.
  path: Assets/Resources/Images/0255.png
  artifactKey: Guid(91a2f742c29b76e45864224e7a64b6b7) Importer(815301076,1909f56bfc062723c751e8b465ee728b)
Start importing Assets/Resources/Images/0255.png using Guid(91a2f742c29b76e45864224e7a64b6b7) Importer(815301076,1909f56bfc062723c751e8b465ee728b)  -> (artifact id: 'cc2ca779bc759fdaa4e0e16ddbe0d45e') in 0.006744 seconds 
========================================================================
Received Import Request.
  Time since last request: 0.814688 seconds.
  path: Assets/Resources/Images/1085.png
  artifactKey: Guid(c9ea53bfdcedb53419a0095b3bfcf598) Importer(815301076,1909f56bfc062723c751e8b465ee728b)
Start importing Assets/Resources/Images/1085.png using Guid(c9ea53bfdcedb53419a0095b3bfcf598) Importer(815301076,1909f56bfc062723c751e8b465ee728b)  -> (artifact id: '9b141170698e23064f6c3470ca79c62c') in 0.007360 seconds 
========================================================================
Received Import Request.
  Time since last request: 0.000019 seconds.
  path: Assets/Resources/Images/1169.png
  artifactKey: Guid(95b19fede9891094db815bb0b180a96f) Importer(815301076,1909f56bfc062723c751e8b465ee728b)
Start importing Assets/Resources/Images/1169.png using Guid(95b19fede9891094db815bb0b180a96f) Importer(815301076,1909f56bfc062723c751e8b465ee728b)  -> (artifact id: '68ee4ebbd9926f4a4615566e08b7a8d1') in 0.014886 seconds 
========================================================================
Received Import Request.
  Time since last request: 0.000030 seconds.
  path: Assets/Resources/Images/1150.png
  artifactKey: Guid(40934719591052c4397edbedec8519e3) Importer(815301076,1909f56bfc062723c751e8b465ee728b)
Start importing Assets/Resources/Images/1150.png using Guid(40934719591052c4397edbedec8519e3) Importer(815301076,1909f56bfc062723c751e8b465ee728b)  -> (artifact id: '01a8ee3fbfbcdd52f9410f653dfaf261') in 0.013454 seconds 
========================================================================
Received Import Request.
  Time since last request: 0.000020 seconds.
  path: Assets/Resources/Images/1165.png
  artifactKey: Guid(3704d12fcb3e0ac4a9c3df25d58178e9) Importer(815301076,1909f56bfc062723c751e8b465ee728b)
Start importing Assets/Resources/Images/1165.png using Guid(3704d12fcb3e0ac4a9c3df25d58178e9) Importer(815301076,1909f56bfc062723c751e8b465ee728b)  -> (artifact id: '622176afc0a18838713bd643463d5d53') in 0.007985 seconds 
========================================================================
Received Import Request.
  Time since last request: 0.000029 seconds.
  path: Assets/Resources/Images/1167.png
  artifactKey: Guid(79d39014c2f94ff4ea8272600ebd4d21) Importer(815301076,1909f56bfc062723c751e8b465ee728b)
Start importing Assets/Resources/Images/1167.png using Guid(79d39014c2f94ff4ea8272600ebd4d21) Importer(815301076,1909f56bfc062723c751e8b465ee728b)  -> (artifact id: 'cb08715e31cc31a306aa9910b4988ece') in 0.009067 seconds 
========================================================================
Received Import Request.
  Time since last request: 0.000022 seconds.
  path: Assets/Resources/Images/1390.png
  artifactKey: Guid(7074cbe79555be94cb886c54bd89c837) Importer(815301076,1909f56bfc062723c751e8b465ee728b)
Start importing Assets/Resources/Images/1390.png using Guid(7074cbe79555be94cb886c54bd89c837) Importer(815301076,1909f56bfc062723c751e8b465ee728b)  -> (artifact id: '6faa4ec1f5861e5a568db4b5d2a7bf44') in 0.010441 seconds 
========================================================================
Received Import Request.
  Time since last request: 0.000019 seconds.
  path: Assets/Resources/Images/1370.png
  artifactKey: Guid(bdb3f8d6d6aac064683aa225e45aa311) Importer(815301076,1909f56bfc062723c751e8b465ee728b)
Start importing Assets/Resources/Images/1370.png using Guid(bdb3f8d6d6aac064683aa225e45aa311) Importer(815301076,1909f56bfc062723c751e8b465ee728b)  -> (artifact id: 'f4a49b8a3b9a3ba8a19389ce77ac4e03') in 0.011828 seconds 
========================================================================
Received Import Request.
  Time since last request: 0.000022 seconds.
  path: Assets/Resources/Images/1369.png
  artifactKey: Guid(38bd98a552a613342a21af3c53c18864) Importer(815301076,1909f56bfc062723c751e8b465ee728b)
Start importing Assets/Resources/Images/1369.png using Guid(38bd98a552a613342a21af3c53c18864) Importer(815301076,1909f56bfc062723c751e8b465ee728b)  -> (artifact id: 'b434b14f2c5155c4d5b21677dc1be24d') in 0.007780 seconds 
========================================================================
Received Import Request.
  Time since last request: 0.000019 seconds.
  path: Assets/Resources/Images/1375.png
  artifactKey: Guid(66221014db409a742bdcad685022fc45) Importer(815301076,1909f56bfc062723c751e8b465ee728b)
Start importing Assets/Resources/Images/1375.png using Guid(66221014db409a742bdcad685022fc45) Importer(815301076,1909f56bfc062723c751e8b465ee728b)  -> (artifact id: '4b02a78d0402d62aff63331eacaa7216') in 0.012916 seconds 
========================================================================
Received Import Request.
  Time since last request: 0.000023 seconds.
  path: Assets/Resources/Images/1371.png
  artifactKey: Guid(260496395dfbbd6409a2a3d7b3ce461a) Importer(815301076,1909f56bfc062723c751e8b465ee728b)
Start importing Assets/Resources/Images/1371.png using Guid(260496395dfbbd6409a2a3d7b3ce461a) Importer(815301076,1909f56bfc062723c751e8b465ee728b)  -> (artifact id: '8a01bf5891ae02f58a04453ece299670') in 0.017792 seconds 
========================================================================
Received Import Request.
  Time since last request: 0.000024 seconds.
  path: Assets/Resources/Images/1451.png
  artifactKey: Guid(5e0472e2bf8189041a7f6d580fbba02d) Importer(815301076,1909f56bfc062723c751e8b465ee728b)
Start importing Assets/Resources/Images/1451.png using Guid(5e0472e2bf8189041a7f6d580fbba02d) Importer(815301076,1909f56bfc062723c751e8b465ee728b)  -> (artifact id: 'b898e36339eb99da0a81a386c72878b1') in 0.008816 seconds 
========================================================================
Received Import Request.
  Time since last request: 0.000019 seconds.
  path: Assets/Resources/Images/1153.png
  artifactKey: Guid(0bc30aac3cef44b4d92062873f0f79f2) Importer(815301076,1909f56bfc062723c751e8b465ee728b)
Start importing Assets/Resources/Images/1153.png using Guid(0bc30aac3cef44b4d92062873f0f79f2) Importer(815301076,1909f56bfc062723c751e8b465ee728b)  -> (artifact id: '170a165195b224de9bcdb19370ddca40') in 0.010547 seconds 
========================================================================
Received Import Request.
  Time since last request: 0.000031 seconds.
  path: Assets/Resources/Images/1168.png
  artifactKey: Guid(df0742cd33fe9484fad66df018defa8b) Importer(815301076,1909f56bfc062723c751e8b465ee728b)
Start importing Assets/Resources/Images/1168.png using Guid(df0742cd33fe9484fad66df018defa8b) Importer(815301076,1909f56bfc062723c751e8b465ee728b)  -> (artifact id: 'b5e8842aa92c356aa4da2e7d32c06101') in 0.008569 seconds 
========================================================================
Received Import Request.
  Time since last request: 0.000018 seconds.
  path: Assets/Resources/Images/1385.png
  artifactKey: Guid(39d0dde379562b540b01576469051fe7) Importer(815301076,1909f56bfc062723c751e8b465ee728b)
Start importing Assets/Resources/Images/1385.png using Guid(39d0dde379562b540b01576469051fe7) Importer(815301076,1909f56bfc062723c751e8b465ee728b)  -> (artifact id: '13867cc8359556db9775985211e461b6') in 0.010264 seconds 
========================================================================
Received Import Request.
  Time since last request: 0.000020 seconds.
  path: Assets/Resources/Images/1088.png
  artifactKey: Guid(b463eb317b376704c8a66d3278c00fbe) Importer(815301076,1909f56bfc062723c751e8b465ee728b)
Start importing Assets/Resources/Images/1088.png using Guid(b463eb317b376704c8a66d3278c00fbe) Importer(815301076,1909f56bfc062723c751e8b465ee728b)  -> (artifact id: '468ac14c9299ac702681c6ac36f09e62') in 0.007619 seconds 
========================================================================
Received Import Request.
  Time since last request: 0.000020 seconds.
  path: Assets/Resources/Images/1175.png
  artifactKey: Guid(fa356a2afaf83784584468eae7e50e5c) Importer(815301076,1909f56bfc062723c751e8b465ee728b)
Start importing Assets/Resources/Images/1175.png using Guid(fa356a2afaf83784584468eae7e50e5c) Importer(815301076,1909f56bfc062723c751e8b465ee728b)  -> (artifact id: '939b1ddd1b8ef63ecafe7ae1d6168881') in 0.005692 seconds 
========================================================================
Received Import Request.
  Time since last request: 0.000019 seconds.
  path: Assets/Resources/Images/1471.png
  artifactKey: Guid(fbd96252f516bf143829ac2beb34a963) Importer(815301076,1909f56bfc062723c751e8b465ee728b)
Start importing Assets/Resources/Images/1471.png using Guid(fbd96252f516bf143829ac2beb34a963) Importer(815301076,1909f56bfc062723c751e8b465ee728b)  -> (artifact id: '65ef59a09d72bf8f3c5da85987366c74') in 0.006114 seconds 
========================================================================
Received Import Request.
  Time since last request: 0.000018 seconds.
  path: Assets/Resources/Images/1472.png
  artifactKey: Guid(4618ce5081be80943a6d736cdb663989) Importer(815301076,1909f56bfc062723c751e8b465ee728b)
Start importing Assets/Resources/Images/1472.png using Guid(4618ce5081be80943a6d736cdb663989) Importer(815301076,1909f56bfc062723c751e8b465ee728b)  -> (artifact id: '07eb17c5ba0f1b05a7d7db0630a1b2c5') in 0.007712 seconds 
========================================================================
Received Import Request.
  Time since last request: 0.000019 seconds.
  path: Assets/Resources/Images/1484.png
  artifactKey: Guid(1e148e6281814b944b67248e8b104d4e) Importer(815301076,1909f56bfc062723c751e8b465ee728b)
Start importing Assets/Resources/Images/1484.png using Guid(1e148e6281814b944b67248e8b104d4e) Importer(815301076,1909f56bfc062723c751e8b465ee728b)  -> (artifact id: '7f7c848e43e1537cd05eebd3d55c0eca') in 0.007986 seconds 
========================================================================
Received Import Request.
  Time since last request: 0.000032 seconds.
  path: Assets/Resources/Images/1486.png
  artifactKey: Guid(9fcfa2604ee3a924c85d00caef2883f0) Importer(815301076,1909f56bfc062723c751e8b465ee728b)
Start importing Assets/Resources/Images/1486.png using Guid(9fcfa2604ee3a924c85d00caef2883f0) Importer(815301076,1909f56bfc062723c751e8b465ee728b)  -> (artifact id: '5e1b4e5cb6716cfafe079f1fddefe4be') in 0.006977 seconds 
========================================================================
Received Import Request.
  Time since last request: 0.000042 seconds.
  path: Assets/Resources/Images/1465.png
  artifactKey: Guid(b2b0eb3b488aa5e4f9eaeb64773611f3) Importer(815301076,1909f56bfc062723c751e8b465ee728b)
Start importing Assets/Resources/Images/1465.png using Guid(b2b0eb3b488aa5e4f9eaeb64773611f3) Importer(815301076,1909f56bfc062723c751e8b465ee728b)  -> (artifact id: '07847e3c4872d377a0b0647c0a373f44') in 0.007483 seconds 
========================================================================
Received Import Request.
  Time since last request: 0.000021 seconds.
  path: Assets/Resources/Images/1466.png
  artifactKey: Guid(6d729ab9a4e93474c92d0e9691df68da) Importer(815301076,1909f56bfc062723c751e8b465ee728b)
Start importing Assets/Resources/Images/1466.png using Guid(6d729ab9a4e93474c92d0e9691df68da) Importer(815301076,1909f56bfc062723c751e8b465ee728b)  -> (artifact id: '697b228b3083d55c9752eab5ca84405d') in 0.006825 seconds 
========================================================================
Received Import Request.
  Time since last request: 0.000018 seconds.
  path: Assets/Resources/Images/1475.png
  artifactKey: Guid(62e3b5f5047196047927961c0eb5ff86) Importer(815301076,1909f56bfc062723c751e8b465ee728b)
Start importing Assets/Resources/Images/1475.png using Guid(62e3b5f5047196047927961c0eb5ff86) Importer(815301076,1909f56bfc062723c751e8b465ee728b)  -> (artifact id: 'b6757ea2b66b5a987e3dc932f6737074') in 0.005968 seconds 
========================================================================
Received Import Request.
  Time since last request: 0.000033 seconds.
  path: Assets/Resources/Images/2057.png
  artifactKey: Guid(a1887a998a810624c8f890e3674ff5b3) Importer(815301076,1909f56bfc062723c751e8b465ee728b)
Start importing Assets/Resources/Images/2057.png using Guid(a1887a998a810624c8f890e3674ff5b3) Importer(815301076,1909f56bfc062723c751e8b465ee728b)  -> (artifact id: 'f4e693d52f29bd692b7f2c3fa7c1ed04') in 0.008318 seconds 
========================================================================
Received Import Request.
  Time since last request: 0.000018 seconds.
  path: Assets/Resources/Images/1473.png
  artifactKey: Guid(523610bbe51735f46b8de9857a507bf0) Importer(815301076,1909f56bfc062723c751e8b465ee728b)
Start importing Assets/Resources/Images/1473.png using Guid(523610bbe51735f46b8de9857a507bf0) Importer(815301076,1909f56bfc062723c751e8b465ee728b)  -> (artifact id: '38b918a2b848554590f656155dd2aaf4') in 0.007842 seconds 
========================================================================
Received Import Request.
  Time since last request: 0.000019 seconds.
  path: Assets/Resources/Images/2069.png
  artifactKey: Guid(d2d49105d5cbfa147a49be65051ba4d9) Importer(815301076,1909f56bfc062723c751e8b465ee728b)
Start importing Assets/Resources/Images/2069.png using Guid(d2d49105d5cbfa147a49be65051ba4d9) Importer(815301076,1909f56bfc062723c751e8b465ee728b)  -> (artifact id: 'fccb68ea223f70c7cd9c8647f740a3f2') in 0.007992 seconds 
========================================================================
Received Import Request.
  Time since last request: 0.000025 seconds.
  path: Assets/Resources/Images/2072.png
  artifactKey: Guid(73564c847fcf90c488beb62c6e14acd8) Importer(815301076,1909f56bfc062723c751e8b465ee728b)
Start importing Assets/Resources/Images/2072.png using Guid(73564c847fcf90c488beb62c6e14acd8) Importer(815301076,1909f56bfc062723c751e8b465ee728b)  -> (artifact id: 'dcc542c1446ccd8b1cfee9dbf33886f8') in 0.007296 seconds 
========================================================================
Received Import Request.
  Time since last request: 0.000020 seconds.
  path: Assets/Resources/Images/2052.png
  artifactKey: Guid(32dbfe9373f5e8f4e9c8ebe976fa13a6) Importer(815301076,1909f56bfc062723c751e8b465ee728b)
Start importing Assets/Resources/Images/2052.png using Guid(32dbfe9373f5e8f4e9c8ebe976fa13a6) Importer(815301076,1909f56bfc062723c751e8b465ee728b)  -> (artifact id: '9f7a69c578295b5fc0b67b214f324347') in 0.006363 seconds 
========================================================================
Received Import Request.
  Time since last request: 0.000021 seconds.
  path: Assets/Resources/Images/1474.png
  artifactKey: Guid(743ca23c474f8564594ebb1d7e2d9135) Importer(815301076,1909f56bfc062723c751e8b465ee728b)
Start importing Assets/Resources/Images/1474.png using Guid(743ca23c474f8564594ebb1d7e2d9135) Importer(815301076,1909f56bfc062723c751e8b465ee728b)  -> (artifact id: 'd489b363ac53d1d57ca8d0ff9b5d2200') in 0.005823 seconds 
========================================================================
Received Import Request.
  Time since last request: 0.000024 seconds.
  path: Assets/Resources/Images/2079.png
  artifactKey: Guid(82a361a88a27f994081b0bb0a3d8e07f) Importer(815301076,1909f56bfc062723c751e8b465ee728b)
Start importing Assets/Resources/Images/2079.png using Guid(82a361a88a27f994081b0bb0a3d8e07f) Importer(815301076,1909f56bfc062723c751e8b465ee728b)  -> (artifact id: '49d196b083ffc89d8cc2d57b2f04561e') in 0.006046 seconds 
========================================================================
Received Import Request.
  Time since last request: 0.000021 seconds.
  path: Assets/Resources/Images/2073.png
  artifactKey: Guid(c64d9dca073818b47bb9d50269db3ab3) Importer(815301076,1909f56bfc062723c751e8b465ee728b)
Start importing Assets/Resources/Images/2073.png using Guid(c64d9dca073818b47bb9d50269db3ab3) Importer(815301076,1909f56bfc062723c751e8b465ee728b)  -> (artifact id: 'cdc63de325cc97fe34f7a2ca1d1a4b72') in 0.009375 seconds 
========================================================================
Received Import Request.
  Time since last request: 0.000024 seconds.
  path: Assets/Resources/Images/1490.png
  artifactKey: Guid(40cd2eccbe43a804eaa25d4eed153344) Importer(815301076,1909f56bfc062723c751e8b465ee728b)
Start importing Assets/Resources/Images/1490.png using Guid(40cd2eccbe43a804eaa25d4eed153344) Importer(815301076,1909f56bfc062723c751e8b465ee728b)  -> (artifact id: 'f409684a694f18e5bdaf16e1ec25d3e6') in 0.006057 seconds 
========================================================================
Received Import Request.
  Time since last request: 0.000018 seconds.
  path: Assets/Resources/Images/1470.png
  artifactKey: Guid(26ca0284ccd29b44086c297069ceb225) Importer(815301076,1909f56bfc062723c751e8b465ee728b)
Start importing Assets/Resources/Images/1470.png using Guid(26ca0284ccd29b44086c297069ceb225) Importer(815301076,1909f56bfc062723c751e8b465ee728b)  -> (artifact id: '81f1051e2c3a8c9e6b2b0605db81c95d') in 0.007374 seconds 
========================================================================
Received Import Request.
  Time since last request: 0.000027 seconds.
  path: Assets/Resources/Images/2080.png
  artifactKey: Guid(fea0c072d1c8c8c49a5b56c7293a708a) Importer(815301076,1909f56bfc062723c751e8b465ee728b)
Start importing Assets/Resources/Images/2080.png using Guid(fea0c072d1c8c8c49a5b56c7293a708a) Importer(815301076,1909f56bfc062723c751e8b465ee728b)  -> (artifact id: '7995f2f448a50d78916e2e21df51abf6') in 0.007205 seconds 
========================================================================
Received Import Request.
  Time since last request: 0.000022 seconds.
  path: Assets/Resources/Images/2085.png
  artifactKey: Guid(e9565355e37613f4da480aaf3e6a444d) Importer(815301076,1909f56bfc062723c751e8b465ee728b)
Start importing Assets/Resources/Images/2085.png using Guid(e9565355e37613f4da480aaf3e6a444d) Importer(815301076,1909f56bfc062723c751e8b465ee728b)  -> (artifact id: '7646cf8d031ca23fe0b5ce15749ab776') in 0.014682 seconds 
========================================================================
Received Import Request.
  Time since last request: 0.000024 seconds.
  path: Assets/Resources/Images/2088.png
  artifactKey: Guid(99c319237cc2c4949940b2dd383b2c7a) Importer(815301076,1909f56bfc062723c751e8b465ee728b)
Start importing Assets/Resources/Images/2088.png using Guid(99c319237cc2c4949940b2dd383b2c7a) Importer(815301076,1909f56bfc062723c751e8b465ee728b)  -> (artifact id: '485d6fba915efd45dcc6399f1b85084d') in 0.008352 seconds 
========================================================================
Received Import Request.
  Time since last request: 0.000043 seconds.
  path: Assets/Resources/Images/2089.png
  artifactKey: Guid(5bc165677d3bb424f856050bc43f8f9d) Importer(815301076,1909f56bfc062723c751e8b465ee728b)
Start importing Assets/Resources/Images/2089.png using Guid(5bc165677d3bb424f856050bc43f8f9d) Importer(815301076,1909f56bfc062723c751e8b465ee728b)  -> (artifact id: '5cf3f631ec2b6560ba0eb11e5a4d099b') in 0.006573 seconds 
========================================================================
Received Import Request.
  Time since last request: 0.000035 seconds.
  path: Assets/Resources/Images/1386.png
  artifactKey: Guid(ee0ec2c545816a448b5eef75a9e69f0d) Importer(815301076,1909f56bfc062723c751e8b465ee728b)
Start importing Assets/Resources/Images/1386.png using Guid(ee0ec2c545816a448b5eef75a9e69f0d) Importer(815301076,1909f56bfc062723c751e8b465ee728b)  -> (artifact id: '75da027d55fb06f263a73e6cdde52990') in 0.006433 seconds 
========================================================================
Received Import Request.
  Time since last request: 0.000023 seconds.
  path: Assets/Resources/Images/2065.png
  artifactKey: Guid(116330522b9238d4e8712790839d9ccd) Importer(815301076,1909f56bfc062723c751e8b465ee728b)
Start importing Assets/Resources/Images/2065.png using Guid(116330522b9238d4e8712790839d9ccd) Importer(815301076,1909f56bfc062723c751e8b465ee728b)  -> (artifact id: 'f9f45e9699071de7663507db4204d150') in 0.006591 seconds 
========================================================================
Received Import Request.
  Time since last request: 0.000028 seconds.
  path: Assets/Resources/Images/0256.png
  artifactKey: Guid(e25d11b9bb040814e9dad3364f519615) Importer(815301076,1909f56bfc062723c751e8b465ee728b)
Start importing Assets/Resources/Images/0256.png using Guid(e25d11b9bb040814e9dad3364f519615) Importer(815301076,1909f56bfc062723c751e8b465ee728b)  -> (artifact id: 'f0bbbf82d733bd486c766a017f637a6d') in 0.029057 seconds 
========================================================================
Received Import Request.
  Time since last request: 0.000020 seconds.
  path: Assets/Resources/Images/1152.png
  artifactKey: Guid(48d1ea4d32ebec845bd6999867497df6) Importer(815301076,1909f56bfc062723c751e8b465ee728b)
Start importing Assets/Resources/Images/1152.png using Guid(48d1ea4d32ebec845bd6999867497df6) Importer(815301076,1909f56bfc062723c751e8b465ee728b)  -> (artifact id: '7d35e8876c992d7551491bcc7a6fe67d') in 0.006276 seconds 
========================================================================
Received Import Request.
  Time since last request: 0.000023 seconds.
  path: Assets/Resources/Images/1449.png
  artifactKey: Guid(3e54d355ca88cd843848c460e6c29bdb) Importer(815301076,1909f56bfc062723c751e8b465ee728b)
Start importing Assets/Resources/Images/1449.png using Guid(3e54d355ca88cd843848c460e6c29bdb) Importer(815301076,1909f56bfc062723c751e8b465ee728b)  -> (artifact id: 'ec305aab87f53e1b6f06c5fc90bf90d0') in 0.006784 seconds 
========================================================================
Received Import Request.
  Time since last request: 0.000020 seconds.
  path: Assets/Resources/Images/1480.png
  artifactKey: Guid(e8685b755bb5ef04386d8bba4333f116) Importer(815301076,1909f56bfc062723c751e8b465ee728b)
Start importing Assets/Resources/Images/1480.png using Guid(e8685b755bb5ef04386d8bba4333f116) Importer(815301076,1909f56bfc062723c751e8b465ee728b)  -> (artifact id: '0dbbf164024a2fba39160189fb1265f2') in 0.007884 seconds 
========================================================================
Received Import Request.
  Time since last request: 0.000019 seconds.
  path: Assets/Resources/Images/1148.png
  artifactKey: Guid(509c87fc6fd40a14284beb2fb958e456) Importer(815301076,1909f56bfc062723c751e8b465ee728b)
Start importing Assets/Resources/Images/1148.png using Guid(509c87fc6fd40a14284beb2fb958e456) Importer(815301076,1909f56bfc062723c751e8b465ee728b)  -> (artifact id: '70f6e96b56e2b01916a56a4851dec02f') in 0.006146 seconds 
Editor requested this worker to shutdown with reason: Scaling down because of idle timeout
AssetImportWorker is now disconnected from the server
Process exiting
Exiting without the bug reporter. Application will terminate with return code 0