Using pre-set license
Built from '2021.3/staging' branch; Version is '2021.3.14f1 (eee1884e7226) revision 15655304'; Using compiler version '192829333'; Build Type 'Release'
OS: 'Windows 11  (10.0.22621) 64bit Core' Language: 'en' Physical Memory: 32439 MB
BatchMode: 1, IsHumanControllingUs: 0, StartBugReporterOnCrash: 0, Is64bit: 1, IsPro: 1

COMMAND LINE ARGUMENTS:
C:\Program Files\Unity\Hub\Editor\2021.3.14f1\Editor\Unity.exe
-adb2
-batchMode
-noUpm
-name
AssetImportWorker7
-projectPath
C:/Data/Buckeye Vertical/BV-Domain-Randomization-Unity-Project
-logFile
Logs/AssetImportWorker7.log
-srvPort
61946
Successfully changed project path to: C:/Data/Buckeye Vertical/BV-Domain-Randomization-Unity-Project
C:/Data/Buckeye Vertical/BV-Domain-Randomization-Unity-Project
[UnityMemory] Configuration Parameters - Can be set up in boot.config
    "memorysetup-bucket-allocator-granularity=16"
    "memorysetup-bucket-allocator-bucket-count=8"
    "memorysetup-bucket-allocator-block-size=33554432"
    "memorysetup-bucket-allocator-block-count=8"
    "memorysetup-main-allocator-block-size=16777216"
    "memorysetup-thread-allocator-block-size=16777216"
    "memorysetup-gfx-main-allocator-block-size=16777216"
    "memorysetup-gfx-thread-allocator-block-size=16777216"
    "memorysetup-cache-allocator-block-size=4194304"
    "memorysetup-typetree-allocator-block-size=2097152"
    "memorysetup-profiler-bucket-allocator-granularity=16"
    "memorysetup-profiler-bucket-allocator-bucket-count=8"
    "memorysetup-profiler-bucket-allocator-block-size=33554432"
    "memorysetup-profiler-bucket-allocator-block-count=8"
    "memorysetup-profiler-allocator-block-size=16777216"
    "memorysetup-profiler-editor-allocator-block-size=1048576"
    "memorysetup-temp-allocator-size-main=16777216"
    "memorysetup-job-temp-allocator-block-size=2097152"
    "memorysetup-job-temp-allocator-block-size-background=1048576"
    "memorysetup-job-temp-allocator-reduction-small-platforms=262144"
    "memorysetup-temp-allocator-size-background-worker=32768"
    "memorysetup-temp-allocator-size-job-worker=262144"
    "memorysetup-temp-allocator-size-preload-manager=33554432"
    "memorysetup-temp-allocator-size-nav-mesh-worker=65536"
    "memorysetup-temp-allocator-size-audio-worker=65536"
    "memorysetup-temp-allocator-size-cloud-worker=32768"
    "memorysetup-temp-allocator-size-gi-baking-worker=262144"
    "memorysetup-temp-allocator-size-gfx=262144"
Refreshing native plugins compatible for Editor in 88.31 ms, found 3 plugins.
Preloading 0 native plugins for Editor in 0.00 ms.
Initialize engine version: 2021.3.14f1 (eee1884e7226)
[Subsystems] Discovering subsystems at path C:/Program Files/Unity/Hub/Editor/2021.3.14f1/Editor/Data/Resources/UnitySubsystems
[Subsystems] Discovering subsystems at path C:/Data/Buckeye Vertical/BV-Domain-Randomization-Unity-Project/Assets
GfxDevice: creating device client; threaded=0; jobified=0
Direct3D:
    Version:  Direct3D 11.0 [level 11.1]
    Renderer: NVIDIA GeForce RTX 3050 Ti Laptop GPU (ID=0x25a0)
    Vendor:   NVIDIA
    VRAM:     3978 MB
    Driver:   31.0.15.2879
Initialize mono
Mono path[0] = 'C:/Program Files/Unity/Hub/Editor/2021.3.14f1/Editor/Data/Managed'
Mono path[1] = 'C:/Program Files/Unity/Hub/Editor/2021.3.14f1/Editor/Data/MonoBleedingEdge/lib/mono/unityjit-win32'
Mono config path = 'C:/Program Files/Unity/Hub/Editor/2021.3.14f1/Editor/Data/MonoBleedingEdge/etc'
Using monoOptions --debugger-agent=transport=dt_socket,embedding=1,server=y,suspend=n,address=127.0.0.1:56292
Begin MonoManager ReloadAssembly
Registering precompiled unity dll's ...
Register platform support module: C:/Program Files/Unity/Hub/Editor/2021.3.14f1/Editor/Data/PlaybackEngines/WebGLSupport/UnityEditor.WebGL.Extensions.dll
Register platform support module: C:/Program Files/Unity/Hub/Editor/2021.3.14f1/Editor/Data/PlaybackEngines/WindowsStandaloneSupport/UnityEditor.WindowsStandalone.Extensions.dll
Registered in 0.005777 seconds.
Native extension for WindowsStandalone target not found
Native extension for WebGL target not found
Refreshing native plugins compatible for Editor in 87.00 ms, found 3 plugins.
Preloading 0 native plugins for Editor in 0.00 ms.
Mono: successfully reloaded assembly
- Completed reload, in  0.718 seconds
Domain Reload Profiling:
	ReloadAssembly (718ms)
		BeginReloadAssembly (76ms)
			ExecutionOrderSort (0ms)
			DisableScriptedObjects (0ms)
			BackupInstance (0ms)
			ReleaseScriptingObjects (0ms)
			CreateAndSetChildDomain (1ms)
		EndReloadAssembly (508ms)
			LoadAssemblies (77ms)
			RebuildTransferFunctionScriptingTraits (0ms)
			SetupTypeCache (111ms)
			ReleaseScriptCaches (0ms)
			RebuildScriptCaches (30ms)
			SetupLoadedEditorAssemblies (304ms)
				LogAssemblyErrors (0ms)
				InitializePlatformSupportModulesInManaged (10ms)
				SetLoadedEditorAssemblies (0ms)
				RefreshPlugins (87ms)
				BeforeProcessingInitializeOnLoad (1ms)
				ProcessInitializeOnLoadAttributes (154ms)
				ProcessInitializeOnLoadMethodAttributes (51ms)
				AfterProcessingInitializeOnLoad (0ms)
				EditorAssembliesLoaded (0ms)
			ExecutionOrderSort2 (0ms)
			AwakeInstancesAfterBackupRestoration (0ms)
Platform modules already initialized, skipping
Registering precompiled user dll's ...
Registered in 0.006238 seconds.
Begin MonoManager ReloadAssembly
Symbol file LoadedFromMemory doesn't match image C:\Data\Buckeye Vertical\BV-Domain-Randomization-Unity-Project\Library\PackageCache\com.unity.visualscripting@1.7.8\Editor\VisualScripting.Core\Dependencies\YamlDotNet\Unity.VisualScripting.YamlDotNet.dll
Symbol file LoadedFromMemory doesn't match image C:\Data\Buckeye Vertical\BV-Domain-Randomization-Unity-Project\Library\PackageCache\com.unity.visualscripting@1.7.8\Editor\VisualScripting.Core\Dependencies\DotNetZip\Unity.VisualScripting.IonicZip.dll
Native extension for WindowsStandalone target not found
Native extension for WebGL target not found
Refreshing native plugins compatible for Editor in 0.49 ms, found 3 plugins.
Preloading 0 native plugins for Editor in 0.00 ms.
Mono: successfully reloaded assembly
- Completed reload, in  1.135 seconds
Domain Reload Profiling:
	ReloadAssembly (1136ms)
		BeginReloadAssembly (112ms)
			ExecutionOrderSort (0ms)
			DisableScriptedObjects (8ms)
			BackupInstance (0ms)
			ReleaseScriptingObjects (0ms)
			CreateAndSetChildDomain (19ms)
		EndReloadAssembly (885ms)
			LoadAssemblies (81ms)
			RebuildTransferFunctionScriptingTraits (0ms)
			SetupTypeCache (278ms)
			ReleaseScriptCaches (0ms)
			RebuildScriptCaches (72ms)
			SetupLoadedEditorAssemblies (399ms)
				LogAssemblyErrors (0ms)
				InitializePlatformSupportModulesInManaged (6ms)
				SetLoadedEditorAssemblies (0ms)
				RefreshPlugins (1ms)
				BeforeProcessingInitializeOnLoad (78ms)
				ProcessInitializeOnLoadAttributes (276ms)
				ProcessInitializeOnLoadMethodAttributes (29ms)
				AfterProcessingInitializeOnLoad (9ms)
				EditorAssembliesLoaded (0ms)
			ExecutionOrderSort2 (0ms)
			AwakeInstancesAfterBackupRestoration (10ms)
Platform modules already initialized, skipping
========================================================================
Worker process is ready to serve import requests
Launched and connected shader compiler UnityShaderCompiler.exe after 0.14 seconds
Refreshing native plugins compatible for Editor in 0.97 ms, found 3 plugins.
Preloading 0 native plugins for Editor in 0.00 ms.
Unloading 3366 Unused Serialized files (Serialized files now loaded: 0)
Unloading 27 unused Assets / (113.5 KB). Loaded Objects now: 3824.
Memory consumption went from 120.1 MB to 119.9 MB.
Total: 3.270000 ms (FindLiveObjects: 0.227600 ms CreateObjectMapping: 0.102300 ms MarkObjects: 2.823100 ms  DeleteObjects: 0.115800 ms)

AssetImportParameters requested are different than current active one (requested -> active):
  custom:video-decoder-ogg-theora: a1e56fd34408186e4bbccfd4996cb3dc -> 
  custom:container-muxer-webm: aa71ff27fc2769a1b78a27578f13a17b -> 
  custom:container-demuxer-webm: 4f35f7cbe854078d1ac9338744f61a02 -> 
  custom:video-encoder-webm-vp8: eb34c28f22e8b96e1ab97ce403110664 -> 
  custom:video-codec-MediaFoundation-h265: 746d11721c4dcdbdad8f713fa42b33f4 -> 
  custom:audio-encoder-webm-vorbis: bf7c407c2cedff20999df2af8eb42d56 -> 
  custom:framework-win-MediaFoundation: 216162199b28c13a410421893ffa2e32 -> 
  custom:container-demuxer-ogg: 62fdf1f143b41e24485cea50d1cbac27 -> 
  custom:video-decoder-webm-vp8: 9c59270c3fd7afecdb556c50c9e8de78 -> 
  custom:audio-decoder-ogg-vorbis: bf7c407c2cedff20999df2af8eb42d56 -> 
========================================================================
Received Import Request.
  Time since last request: 42582.826181 seconds.
  path: Assets/Resources/Images/0084.png
  artifactKey: Guid(ab677443d8b5d0341b13227988662de6) Importer(815301076,1909f56bfc062723c751e8b465ee728b)
Start importing Assets/Resources/Images/0084.png using Guid(ab677443d8b5d0341b13227988662de6) Importer(815301076,1909f56bfc062723c751e8b465ee728b)  -> (artifact id: '28ea331c2d41628568d4e13ed546e514') in 0.138877 seconds 
========================================================================
Received Import Request.
  Time since last request: 0.799764 seconds.
  path: Assets/Resources/Images/0087.png
  artifactKey: Guid(cf5d9055daf6f934fa6f5ec854d039fa) Importer(815301076,1909f56bfc062723c751e8b465ee728b)
Start importing Assets/Resources/Images/0087.png using Guid(cf5d9055daf6f934fa6f5ec854d039fa) Importer(815301076,1909f56bfc062723c751e8b465ee728b)  -> (artifact id: '544694aa2cf4c76c6c1666b77fd3df3a') in 0.009480 seconds 
========================================================================
Received Import Request.
  Time since last request: 1.007465 seconds.
  path: Assets/Resources/Images/0148.png
  artifactKey: Guid(04588dfdf71da0a41817aa93b6c4721e) Importer(815301076,1909f56bfc062723c751e8b465ee728b)
Start importing Assets/Resources/Images/0148.png using Guid(04588dfdf71da0a41817aa93b6c4721e) Importer(815301076,1909f56bfc062723c751e8b465ee728b)  -> (artifact id: 'c5b91fe3945e8e066d6245a62f5824a1') in 0.014956 seconds 
========================================================================
Received Import Request.
  Time since last request: 0.961073 seconds.
  path: Assets/Resources/Images/0152.png
  artifactKey: Guid(23cc7aac39bf1b94ab3e6d4b1b73e2eb) Importer(815301076,1909f56bfc062723c751e8b465ee728b)
Start importing Assets/Resources/Images/0152.png using Guid(23cc7aac39bf1b94ab3e6d4b1b73e2eb) Importer(815301076,1909f56bfc062723c751e8b465ee728b)  -> (artifact id: '4b7811796efe6dedbade6be96c20679c') in 0.010292 seconds 
========================================================================
Received Import Request.
  Time since last request: 0.000025 seconds.
  path: Assets/Resources/Images/0155.png
  artifactKey: Guid(28ed36dccd8fae548a295cd28d79b3a6) Importer(815301076,1909f56bfc062723c751e8b465ee728b)
Start importing Assets/Resources/Images/0155.png using Guid(28ed36dccd8fae548a295cd28d79b3a6) Importer(815301076,1909f56bfc062723c751e8b465ee728b)  -> (artifact id: '0940d764f414235e0e8c9eaf683168be') in 0.007274 seconds 
========================================================================
Received Import Request.
  Time since last request: 0.000020 seconds.
  path: Assets/Resources/Images/0169.png
  artifactKey: Guid(2f4b5e4c5947d004bacaecb917423e25) Importer(815301076,1909f56bfc062723c751e8b465ee728b)
Start importing Assets/Resources/Images/0169.png using Guid(2f4b5e4c5947d004bacaecb917423e25) Importer(815301076,1909f56bfc062723c751e8b465ee728b)  -> (artifact id: 'bb167028a2de27c8066a6c1b9c7c4ff1') in 0.010237 seconds 
========================================================================
Received Import Request.
  Time since last request: 0.000021 seconds.
  path: Assets/Resources/Images/0182.png
  artifactKey: Guid(4098835e754bb774eb356dbc50fd3b14) Importer(815301076,1909f56bfc062723c751e8b465ee728b)
Start importing Assets/Resources/Images/0182.png using Guid(4098835e754bb774eb356dbc50fd3b14) Importer(815301076,1909f56bfc062723c751e8b465ee728b)  -> (artifact id: '8d576084f3ebc2ca594006e2fa9ba9b6') in 0.009427 seconds 
========================================================================
Received Import Request.
  Time since last request: 0.000028 seconds.
  path: Assets/Resources/Images/0186.png
  artifactKey: Guid(606e1c334351f004b9cc25b2054ae909) Importer(815301076,1909f56bfc062723c751e8b465ee728b)
Start importing Assets/Resources/Images/0186.png using Guid(606e1c334351f004b9cc25b2054ae909) Importer(815301076,1909f56bfc062723c751e8b465ee728b)  -> (artifact id: 'b5346106c9d88d8e776b3945ed66577e') in 0.010752 seconds 
========================================================================
Received Import Request.
  Time since last request: 0.000040 seconds.
  path: Assets/Resources/Images/0172.png
  artifactKey: Guid(2ed1196b7b9d36546b085f81706bcd94) Importer(815301076,1909f56bfc062723c751e8b465ee728b)
Start importing Assets/Resources/Images/0172.png using Guid(2ed1196b7b9d36546b085f81706bcd94) Importer(815301076,1909f56bfc062723c751e8b465ee728b)  -> (artifact id: '02993aae681078386d2416d1e2491534') in 0.007387 seconds 
========================================================================
Received Import Request.
  Time since last request: 0.000027 seconds.
  path: Assets/Resources/Images/0185.png
  artifactKey: Guid(8b2db3e9f6ae9894db3de281abd8253b) Importer(815301076,1909f56bfc062723c751e8b465ee728b)
Start importing Assets/Resources/Images/0185.png using Guid(8b2db3e9f6ae9894db3de281abd8253b) Importer(815301076,1909f56bfc062723c751e8b465ee728b)  -> (artifact id: '4975c34deef42621044040a322acd5aa') in 0.008278 seconds 
========================================================================
Received Import Request.
  Time since last request: 0.000023 seconds.
  path: Assets/Resources/Images/0165.png
  artifactKey: Guid(bcda26c69c04f8c4da9df90329d23993) Importer(815301076,1909f56bfc062723c751e8b465ee728b)
Start importing Assets/Resources/Images/0165.png using Guid(bcda26c69c04f8c4da9df90329d23993) Importer(815301076,1909f56bfc062723c751e8b465ee728b)  -> (artifact id: '054cae84e2e5de33aa9be91151401211') in 0.009959 seconds 
========================================================================
Received Import Request.
  Time since last request: 0.000024 seconds.
  path: Assets/Resources/Images/0168.png
  artifactKey: Guid(5f804f91d9d0a5b4fbc6e8d84b29d614) Importer(815301076,1909f56bfc062723c751e8b465ee728b)
Start importing Assets/Resources/Images/0168.png using Guid(5f804f91d9d0a5b4fbc6e8d84b29d614) Importer(815301076,1909f56bfc062723c751e8b465ee728b)  -> (artifact id: '6565146e4135f07ce45e46c5ec06c406') in 0.010239 seconds 
========================================================================
Received Import Request.
  Time since last request: 0.000024 seconds.
  path: Assets/Resources/Images/0167.png
  artifactKey: Guid(00f429a5ce0091c4c9078e2a6edf2573) Importer(815301076,1909f56bfc062723c751e8b465ee728b)
Start importing Assets/Resources/Images/0167.png using Guid(00f429a5ce0091c4c9078e2a6edf2573) Importer(815301076,1909f56bfc062723c751e8b465ee728b)  -> (artifact id: '3c98836429f9b7b353053b54a6a4c937') in 0.011193 seconds 
========================================================================
Received Import Request.
  Time since last request: 0.000022 seconds.
  path: Assets/Resources/Images/0188.png
  artifactKey: Guid(47a9803677fb41d40bbc9a1657976b97) Importer(815301076,1909f56bfc062723c751e8b465ee728b)
Start importing Assets/Resources/Images/0188.png using Guid(47a9803677fb41d40bbc9a1657976b97) Importer(815301076,1909f56bfc062723c751e8b465ee728b)  -> (artifact id: 'a55e83a564a0a93f9ff8d30bf6747a7c') in 0.009527 seconds 
========================================================================
Received Import Request.
  Time since last request: 0.000023 seconds.
  path: Assets/Resources/Images/0179.png
  artifactKey: Guid(396be6ff578bb184ca4b1d926084930b) Importer(815301076,1909f56bfc062723c751e8b465ee728b)
Start importing Assets/Resources/Images/0179.png using Guid(396be6ff578bb184ca4b1d926084930b) Importer(815301076,1909f56bfc062723c751e8b465ee728b)  -> (artifact id: 'edcdf17dea98b89158a0561fb705f1ef') in 0.009135 seconds 
========================================================================
Received Import Request.
  Time since last request: 0.000024 seconds.
  path: Assets/Resources/Images/0180.png
  artifactKey: Guid(426e39591b7e81844b1aecca2e04aed1) Importer(815301076,1909f56bfc062723c751e8b465ee728b)
Start importing Assets/Resources/Images/0180.png using Guid(426e39591b7e81844b1aecca2e04aed1) Importer(815301076,1909f56bfc062723c751e8b465ee728b)  -> (artifact id: '0523217539c18f294c0cf3d01eeb99df') in 0.007231 seconds 
========================================================================
Received Import Request.
  Time since last request: 0.000025 seconds.
  path: Assets/Resources/Images/0187.png
  artifactKey: Guid(c689b152e0e1f304a877c816e9934528) Importer(815301076,1909f56bfc062723c751e8b465ee728b)
Start importing Assets/Resources/Images/0187.png using Guid(c689b152e0e1f304a877c816e9934528) Importer(815301076,1909f56bfc062723c751e8b465ee728b)  -> (artifact id: '8dace93dd7fd99be36ff8c4e27813d63') in 0.012880 seconds 
========================================================================
Received Import Request.
  Time since last request: 0.000022 seconds.
  path: Assets/Resources/Images/0176.png
  artifactKey: Guid(b667e84dbe1e0744190ee53b1e08efda) Importer(815301076,1909f56bfc062723c751e8b465ee728b)
Start importing Assets/Resources/Images/0176.png using Guid(b667e84dbe1e0744190ee53b1e08efda) Importer(815301076,1909f56bfc062723c751e8b465ee728b)  -> (artifact id: '629274f0b72f47cade483816a34e6ba1') in 0.009775 seconds 
========================================================================
Received Import Request.
  Time since last request: 0.000029 seconds.
  path: Assets/Resources/Images/0085.png
  artifactKey: Guid(a7d7e3b5c6976c549856ef2e0fb22309) Importer(815301076,1909f56bfc062723c751e8b465ee728b)
Start importing Assets/Resources/Images/0085.png using Guid(a7d7e3b5c6976c549856ef2e0fb22309) Importer(815301076,1909f56bfc062723c751e8b465ee728b)  -> (artifact id: 'bcc70ee695285d2f07dce963e9d711e5') in 0.013103 seconds 
========================================================================
Received Import Request.
  Time since last request: 0.000021 seconds.
  path: Assets/Resources/Images/0151.png
  artifactKey: Guid(3d3b0007df2bb7e45a2b5c17a88ae7c8) Importer(815301076,1909f56bfc062723c751e8b465ee728b)
Start importing Assets/Resources/Images/0151.png using Guid(3d3b0007df2bb7e45a2b5c17a88ae7c8) Importer(815301076,1909f56bfc062723c751e8b465ee728b)  -> (artifact id: '9aa9b19cff1bfce0d583ecd264c13fc3') in 0.007716 seconds 
========================================================================
Received Import Request.
  Time since last request: 0.000024 seconds.
  path: Assets/Resources/Images/0149.png
  artifactKey: Guid(94b68eaf2a25bab4d82de80b193d233c) Importer(815301076,1909f56bfc062723c751e8b465ee728b)
Start importing Assets/Resources/Images/0149.png using Guid(94b68eaf2a25bab4d82de80b193d233c) Importer(815301076,1909f56bfc062723c751e8b465ee728b)  -> (artifact id: 'd00377bc29bb64b72a1421077c7be78b') in 0.008585 seconds 
Editor requested this worker to shutdown with reason: Scaling down because of idle timeout
AssetImportWorker is now disconnected from the server
Process exiting
Exiting without the bug reporter. Application will terminate with return code 0