Using pre-set license
Built from '2021.3/staging' branch; Version is '2021.3.14f1 (eee1884e7226) revision 15655304'; Using compiler version '192829333'; Build Type 'Release'
OS: 'Windows 11  (10.0.22621) 64bit Core' Language: 'en' Physical Memory: 32439 MB
BatchMode: 1, IsHumanControllingUs: 0, StartBugReporterOnCrash: 0, Is64bit: 1, IsPro: 1

COMMAND LINE ARGUMENTS:
C:\Program Files\Unity\Hub\Editor\2021.3.14f1\Editor\Unity.exe
-adb2
-batchMode
-noUpm
-name
AssetImportWorker18
-projectPath
C:/Data/Buckeye Vertical/BV-Domain-Randomization-Unity-Project
-logFile
Logs/AssetImportWorker18.log
-srvPort
61913
Successfully changed project path to: C:/Data/Buckeye Vertical/BV-Domain-Randomization-Unity-Project
C:/Data/Buckeye Vertical/BV-Domain-Randomization-Unity-Project
[UnityMemory] Configuration Parameters - Can be set up in boot.config
    "memorysetup-bucket-allocator-granularity=16"
    "memorysetup-bucket-allocator-bucket-count=8"
    "memorysetup-bucket-allocator-block-size=33554432"
    "memorysetup-bucket-allocator-block-count=8"
    "memorysetup-main-allocator-block-size=16777216"
    "memorysetup-thread-allocator-block-size=16777216"
    "memorysetup-gfx-main-allocator-block-size=16777216"
    "memorysetup-gfx-thread-allocator-block-size=16777216"
    "memorysetup-cache-allocator-block-size=4194304"
    "memorysetup-typetree-allocator-block-size=2097152"
    "memorysetup-profiler-bucket-allocator-granularity=16"
    "memorysetup-profiler-bucket-allocator-bucket-count=8"
    "memorysetup-profiler-bucket-allocator-block-size=33554432"
    "memorysetup-profiler-bucket-allocator-block-count=8"
    "memorysetup-profiler-allocator-block-size=16777216"
    "memorysetup-profiler-editor-allocator-block-size=1048576"
    "memorysetup-temp-allocator-size-main=16777216"
    "memorysetup-job-temp-allocator-block-size=2097152"
    "memorysetup-job-temp-allocator-block-size-background=1048576"
    "memorysetup-job-temp-allocator-reduction-small-platforms=262144"
    "memorysetup-temp-allocator-size-background-worker=32768"
    "memorysetup-temp-allocator-size-job-worker=262144"
    "memorysetup-temp-allocator-size-preload-manager=33554432"
    "memorysetup-temp-allocator-size-nav-mesh-worker=65536"
    "memorysetup-temp-allocator-size-audio-worker=65536"
    "memorysetup-temp-allocator-size-cloud-worker=32768"
    "memorysetup-temp-allocator-size-gi-baking-worker=262144"
    "memorysetup-temp-allocator-size-gfx=262144"
Refreshing native plugins compatible for Editor in 138.07 ms, found 3 plugins.
Preloading 0 native plugins for Editor in 0.00 ms.
Initialize engine version: 2021.3.14f1 (eee1884e7226)
[Subsystems] Discovering subsystems at path C:/Program Files/Unity/Hub/Editor/2021.3.14f1/Editor/Data/Resources/UnitySubsystems
[Subsystems] Discovering subsystems at path C:/Data/Buckeye Vertical/BV-Domain-Randomization-Unity-Project/Assets
GfxDevice: creating device client; threaded=0; jobified=0
Direct3D:
    Version:  Direct3D 11.0 [level 11.1]
    Renderer: NVIDIA GeForce RTX 3050 Ti Laptop GPU (ID=0x25a0)
    Vendor:   NVIDIA
    VRAM:     3978 MB
    Driver:   31.0.15.3209
Initialize mono
Mono path[0] = 'C:/Program Files/Unity/Hub/Editor/2021.3.14f1/Editor/Data/Managed'
Mono path[1] = 'C:/Program Files/Unity/Hub/Editor/2021.3.14f1/Editor/Data/MonoBleedingEdge/lib/mono/unityjit-win32'
Mono config path = 'C:/Program Files/Unity/Hub/Editor/2021.3.14f1/Editor/Data/MonoBleedingEdge/etc'
Using monoOptions --debugger-agent=transport=dt_socket,embedding=1,server=y,suspend=n,address=127.0.0.1:56356
Begin MonoManager ReloadAssembly
Registering precompiled unity dll's ...
Register platform support module: C:/Program Files/Unity/Hub/Editor/2021.3.14f1/Editor/Data/PlaybackEngines/WebGLSupport/UnityEditor.WebGL.Extensions.dll
Register platform support module: C:/Program Files/Unity/Hub/Editor/2021.3.14f1/Editor/Data/PlaybackEngines/WindowsStandaloneSupport/UnityEditor.WindowsStandalone.Extensions.dll
Registered in 0.005810 seconds.
Native extension for WindowsStandalone target not found
Native extension for WebGL target not found
Refreshing native plugins compatible for Editor in 118.38 ms, found 3 plugins.
Preloading 0 native plugins for Editor in 0.00 ms.
Mono: successfully reloaded assembly
- Completed reload, in  0.816 seconds
Domain Reload Profiling:
	ReloadAssembly (817ms)
		BeginReloadAssembly (94ms)
			ExecutionOrderSort (0ms)
			DisableScriptedObjects (0ms)
			BackupInstance (0ms)
			ReleaseScriptingObjects (0ms)
			CreateAndSetChildDomain (1ms)
		EndReloadAssembly (592ms)
			LoadAssemblies (90ms)
			RebuildTransferFunctionScriptingTraits (0ms)
			SetupTypeCache (128ms)
			ReleaseScriptCaches (0ms)
			RebuildScriptCaches (36ms)
			SetupLoadedEditorAssemblies (363ms)
				LogAssemblyErrors (0ms)
				InitializePlatformSupportModulesInManaged (11ms)
				SetLoadedEditorAssemblies (0ms)
				RefreshPlugins (118ms)
				BeforeProcessingInitializeOnLoad (2ms)
				ProcessInitializeOnLoadAttributes (180ms)
				ProcessInitializeOnLoadMethodAttributes (52ms)
				AfterProcessingInitializeOnLoad (0ms)
				EditorAssembliesLoaded (0ms)
			ExecutionOrderSort2 (0ms)
			AwakeInstancesAfterBackupRestoration (0ms)
Platform modules already initialized, skipping
Registering precompiled user dll's ...
Registered in 0.007216 seconds.
Begin MonoManager ReloadAssembly
Symbol file LoadedFromMemory doesn't match image C:\Data\Buckeye Vertical\BV-Domain-Randomization-Unity-Project\Library\PackageCache\com.unity.visualscripting@1.7.8\Editor\VisualScripting.Core\Dependencies\YamlDotNet\Unity.VisualScripting.YamlDotNet.dll
Symbol file LoadedFromMemory doesn't match image C:\Data\Buckeye Vertical\BV-Domain-Randomization-Unity-Project\Library\PackageCache\com.unity.visualscripting@1.7.8\Editor\VisualScripting.Core\Dependencies\DotNetZip\Unity.VisualScripting.IonicZip.dll
Native extension for WindowsStandalone target not found
Native extension for WebGL target not found
Refreshing native plugins compatible for Editor in 0.81 ms, found 3 plugins.
Preloading 0 native plugins for Editor in 0.00 ms.
Mono: successfully reloaded assembly
- Completed reload, in  1.367 seconds
Domain Reload Profiling:
	ReloadAssembly (1368ms)
		BeginReloadAssembly (120ms)
			ExecutionOrderSort (0ms)
			DisableScriptedObjects (6ms)
			BackupInstance (0ms)
			ReleaseScriptingObjects (0ms)
			CreateAndSetChildDomain (19ms)
		EndReloadAssembly (1107ms)
			LoadAssemblies (89ms)
			RebuildTransferFunctionScriptingTraits (0ms)
			SetupTypeCache (368ms)
			ReleaseScriptCaches (1ms)
			RebuildScriptCaches (55ms)
			SetupLoadedEditorAssemblies (529ms)
				LogAssemblyErrors (0ms)
				InitializePlatformSupportModulesInManaged (7ms)
				SetLoadedEditorAssemblies (1ms)
				RefreshPlugins (1ms)
				BeforeProcessingInitializeOnLoad (134ms)
				ProcessInitializeOnLoadAttributes (347ms)
				ProcessInitializeOnLoadMethodAttributes (32ms)
				AfterProcessingInitializeOnLoad (8ms)
				EditorAssembliesLoaded (0ms)
			ExecutionOrderSort2 (0ms)
			AwakeInstancesAfterBackupRestoration (8ms)
Platform modules already initialized, skipping
========================================================================
Worker process is ready to serve import requests
Launched and connected shader compiler UnityShaderCompiler.exe after 0.08 seconds
Refreshing native plugins compatible for Editor in 0.75 ms, found 3 plugins.
Preloading 0 native plugins for Editor in 0.00 ms.
Unloading 3366 Unused Serialized files (Serialized files now loaded: 0)
Unloading 27 unused Assets / (113.5 KB). Loaded Objects now: 3824.
Memory consumption went from 120.5 MB to 120.4 MB.
Total: 3.931800 ms (FindLiveObjects: 0.216100 ms CreateObjectMapping: 0.098900 ms MarkObjects: 3.505200 ms  DeleteObjects: 0.108900 ms)

AssetImportParameters requested are different than current active one (requested -> active):
  custom:video-decoder-ogg-theora: a1e56fd34408186e4bbccfd4996cb3dc -> 
  custom:container-muxer-webm: aa71ff27fc2769a1b78a27578f13a17b -> 
  custom:container-demuxer-webm: 4f35f7cbe854078d1ac9338744f61a02 -> 
  custom:video-encoder-webm-vp8: eb34c28f22e8b96e1ab97ce403110664 -> 
  custom:video-codec-MediaFoundation-h265: 746d11721c4dcdbdad8f713fa42b33f4 -> 
  custom:audio-encoder-webm-vorbis: bf7c407c2cedff20999df2af8eb42d56 -> 
  custom:framework-win-MediaFoundation: 216162199b28c13a410421893ffa2e32 -> 
  custom:container-demuxer-ogg: 62fdf1f143b41e24485cea50d1cbac27 -> 
  custom:video-decoder-webm-vp8: 9c59270c3fd7afecdb556c50c9e8de78 -> 
  custom:audio-decoder-ogg-vorbis: bf7c407c2cedff20999df2af8eb42d56 -> 
========================================================================
Received Prepare
Registering precompiled user dll's ...
Registered in 0.005012 seconds.
Begin MonoManager ReloadAssembly
Symbol file LoadedFromMemory doesn't match image C:\Data\Buckeye Vertical\BV-Domain-Randomization-Unity-Project\Library\PackageCache\com.unity.visualscripting@1.7.8\Editor\VisualScripting.Core\Dependencies\YamlDotNet\Unity.VisualScripting.YamlDotNet.dll
Symbol file LoadedFromMemory doesn't match image C:\Data\Buckeye Vertical\BV-Domain-Randomization-Unity-Project\Library\PackageCache\com.unity.visualscripting@1.7.8\Editor\VisualScripting.Core\Dependencies\DotNetZip\Unity.VisualScripting.IonicZip.dll
Native extension for WindowsStandalone target not found
Native extension for WebGL target not found
Refreshing native plugins compatible for Editor in 0.71 ms, found 3 plugins.
Preloading 0 native plugins for Editor in 0.00 ms.
Mono: successfully reloaded assembly
- Completed reload, in  0.964 seconds
Domain Reload Profiling:
	ReloadAssembly (964ms)
		BeginReloadAssembly (127ms)
			ExecutionOrderSort (0ms)
			DisableScriptedObjects (5ms)
			BackupInstance (0ms)
			ReleaseScriptingObjects (0ms)
			CreateAndSetChildDomain (31ms)
		EndReloadAssembly (751ms)
			LoadAssemblies (77ms)
			RebuildTransferFunctionScriptingTraits (0ms)
			SetupTypeCache (219ms)
			ReleaseScriptCaches (1ms)
			RebuildScriptCaches (38ms)
			SetupLoadedEditorAssemblies (352ms)
				LogAssemblyErrors (0ms)
				InitializePlatformSupportModulesInManaged (13ms)
				SetLoadedEditorAssemblies (0ms)
				RefreshPlugins (1ms)
				BeforeProcessingInitializeOnLoad (72ms)
				ProcessInitializeOnLoadAttributes (231ms)
				ProcessInitializeOnLoadMethodAttributes (26ms)
				AfterProcessingInitializeOnLoad (7ms)
				EditorAssembliesLoaded (0ms)
			ExecutionOrderSort2 (0ms)
			AwakeInstancesAfterBackupRestoration (11ms)
Platform modules already initialized, skipping
Refreshing native plugins compatible for Editor in 2.72 ms, found 3 plugins.
Preloading 0 native plugins for Editor in 0.00 ms.
Unloading 3348 Unused Serialized files (Serialized files now loaded: 0)
Unloading 20 unused Assets / (79.9 KB). Loaded Objects now: 3827.
Memory consumption went from 119.1 MB to 119.0 MB.
Total: 3.048900 ms (FindLiveObjects: 0.195100 ms CreateObjectMapping: 0.157500 ms MarkObjects: 2.605400 ms  DeleteObjects: 0.088900 ms)

AssetImportParameters requested are different than current active one (requested -> active):
  custom:video-decoder-ogg-theora: a1e56fd34408186e4bbccfd4996cb3dc -> 
  custom:container-muxer-webm: aa71ff27fc2769a1b78a27578f13a17b -> 
  custom:container-demuxer-webm: 4f35f7cbe854078d1ac9338744f61a02 -> 
  custom:video-encoder-webm-vp8: eb34c28f22e8b96e1ab97ce403110664 -> 
  custom:video-codec-MediaFoundation-h265: 746d11721c4dcdbdad8f713fa42b33f4 -> 
  custom:audio-encoder-webm-vorbis: bf7c407c2cedff20999df2af8eb42d56 -> 
  custom:framework-win-MediaFoundation: 216162199b28c13a410421893ffa2e32 -> 
  custom:container-demuxer-ogg: 62fdf1f143b41e24485cea50d1cbac27 -> 
  custom:video-decoder-webm-vp8: 9c59270c3fd7afecdb556c50c9e8de78 -> 
  custom:audio-decoder-ogg-vorbis: bf7c407c2cedff20999df2af8eb42d56 -> 
========================================================================
Received Import Request.
  Time since last request: 395523.004766 seconds.
  path: Assets/Resources/Images/Materials/0668.mat
  artifactKey: Guid(e04ad616c4eab974f9c84bdd02fe5b7c) Importer(815301076,1909f56bfc062723c751e8b465ee728b)
Start importing Assets/Resources/Images/Materials/0668.mat using Guid(e04ad616c4eab974f9c84bdd02fe5b7c) Importer(815301076,1909f56bfc062723c751e8b465ee728b)  -> (artifact id: '1a1181610e96c056860b66986b6506ce') in 0.189772 seconds 
========================================================================
Received Import Request.
  Time since last request: 0.959789 seconds.
  path: Assets/Resources/Images/Materials/0669.mat
  artifactKey: Guid(6d92647fdd3a0d045a485a9ab6220cbe) Importer(815301076,1909f56bfc062723c751e8b465ee728b)
Start importing Assets/Resources/Images/Materials/0669.mat using Guid(6d92647fdd3a0d045a485a9ab6220cbe) Importer(815301076,1909f56bfc062723c751e8b465ee728b)  -> (artifact id: '7dc18079d22672e093870b04fa302c93') in 0.022280 seconds 
========================================================================
Received Import Request.
  Time since last request: 1.075975 seconds.
  path: Assets/Resources/Images/Materials/0677.mat
  artifactKey: Guid(865345f893d5826489efd2089b93f8a2) Importer(815301076,1909f56bfc062723c751e8b465ee728b)
Start importing Assets/Resources/Images/Materials/0677.mat using Guid(865345f893d5826489efd2089b93f8a2) Importer(815301076,1909f56bfc062723c751e8b465ee728b)  -> (artifact id: '6bd76e1b61fc3cf71ee2a57850d1404e') in 0.023588 seconds 
========================================================================
Received Import Request.
  Time since last request: 0.000029 seconds.
  path: Assets/Resources/Images/Materials/0678.mat
  artifactKey: Guid(d634d3dac2f71f84da76ea605805c547) Importer(815301076,1909f56bfc062723c751e8b465ee728b)
Start importing Assets/Resources/Images/Materials/0678.mat using Guid(d634d3dac2f71f84da76ea605805c547) Importer(815301076,1909f56bfc062723c751e8b465ee728b)  -> (artifact id: '2afa637b992c3fa09f016cda5cdaf1e3') in 0.019034 seconds 
========================================================================
Received Import Request.
  Time since last request: 0.000027 seconds.
  path: Assets/Resources/Images/Materials/0671.mat
  artifactKey: Guid(adaf755a330d95948886e3de3455ce84) Importer(815301076,1909f56bfc062723c751e8b465ee728b)
Start importing Assets/Resources/Images/Materials/0671.mat using Guid(adaf755a330d95948886e3de3455ce84) Importer(815301076,1909f56bfc062723c751e8b465ee728b)  -> (artifact id: '46d6b2d02d59c9c413ddaac416a5115a') in 0.023728 seconds 
========================================================================
Received Import Request.
  Time since last request: 0.000023 seconds.
  path: Assets/Resources/Images/Materials/0684.mat
  artifactKey: Guid(557eb9849fb258744ab9e32b4918fc84) Importer(815301076,1909f56bfc062723c751e8b465ee728b)
Start importing Assets/Resources/Images/Materials/0684.mat using Guid(557eb9849fb258744ab9e32b4918fc84) Importer(815301076,1909f56bfc062723c751e8b465ee728b)  -> (artifact id: '7bb6b8a8ea88a190edcf4159b53565c7') in 0.020366 seconds 
========================================================================
Received Import Request.
  Time since last request: 0.000023 seconds.
  path: Assets/Resources/Images/Materials/0689.mat
  artifactKey: Guid(9cd5c8ffa4c70f44a9fca72f4d293676) Importer(815301076,1909f56bfc062723c751e8b465ee728b)
Start importing Assets/Resources/Images/Materials/0689.mat using Guid(9cd5c8ffa4c70f44a9fca72f4d293676) Importer(815301076,1909f56bfc062723c751e8b465ee728b)  -> (artifact id: 'cdc5c8f46e782e5607c44186ad6a16b6') in 0.013174 seconds 
========================================================================
Received Import Request.
  Time since last request: 0.000046 seconds.
  path: Assets/Resources/Images/Materials/0681.mat
  artifactKey: Guid(e4e9af7acdf21b64a96ecfc4ba80e9f0) Importer(815301076,1909f56bfc062723c751e8b465ee728b)
Start importing Assets/Resources/Images/Materials/0681.mat using Guid(e4e9af7acdf21b64a96ecfc4ba80e9f0) Importer(815301076,1909f56bfc062723c751e8b465ee728b)  -> (artifact id: 'ebd07f68b1d6cfeff77143da1d396366') in 0.013419 seconds 
========================================================================
Received Import Request.
  Time since last request: 0.000033 seconds.
  path: Assets/Resources/Images/Materials/0750.mat
  artifactKey: Guid(2231ed2c4cc743d46a09678f71c59645) Importer(815301076,1909f56bfc062723c751e8b465ee728b)
Start importing Assets/Resources/Images/Materials/0750.mat using Guid(2231ed2c4cc743d46a09678f71c59645) Importer(815301076,1909f56bfc062723c751e8b465ee728b)  -> (artifact id: 'dd38da3a819e783eb0be7e9b4c4879d7') in 0.011156 seconds 
========================================================================
Received Import Request.
  Time since last request: 0.000039 seconds.
  path: Assets/Resources/Images/Materials/0683.mat
  artifactKey: Guid(46d8ac7b07f1b1a45aa06aa3e35716ab) Importer(815301076,1909f56bfc062723c751e8b465ee728b)
Start importing Assets/Resources/Images/Materials/0683.mat using Guid(46d8ac7b07f1b1a45aa06aa3e35716ab) Importer(815301076,1909f56bfc062723c751e8b465ee728b)  -> (artifact id: '651aa6e4329f36e0c282e4ad811549cf') in 0.013301 seconds 
========================================================================
Received Import Request.
  Time since last request: 0.497693 seconds.
  path: Assets/Resources/Images/Materials/0753.mat
  artifactKey: Guid(d0da7e69fe3b08240bc8b0ac363fbe06) Importer(815301076,1909f56bfc062723c751e8b465ee728b)
Start importing Assets/Resources/Images/Materials/0753.mat using Guid(d0da7e69fe3b08240bc8b0ac363fbe06) Importer(815301076,1909f56bfc062723c751e8b465ee728b)  -> (artifact id: 'c6f4f643fefcce241d78125c43ce7e63') in 0.012361 seconds 
========================================================================
Received Import Request.
  Time since last request: 0.000112 seconds.
  path: Assets/Resources/Images/Materials/0754.mat
  artifactKey: Guid(63ff7991215d98049ba41174e3d538b7) Importer(815301076,1909f56bfc062723c751e8b465ee728b)
Start importing Assets/Resources/Images/Materials/0754.mat using Guid(63ff7991215d98049ba41174e3d538b7) Importer(815301076,1909f56bfc062723c751e8b465ee728b)  -> (artifact id: 'b19baf88b3039e2b297905ce430b604b') in 0.012479 seconds 
========================================================================
Received Import Request.
  Time since last request: 45.905227 seconds.
  path: Assets/Resources/Images/Materials/4048.mat
  artifactKey: Guid(2d0afed9bf5b7b34da5fc405076e0461) Importer(815301076,1909f56bfc062723c751e8b465ee728b)
Start importing Assets/Resources/Images/Materials/4048.mat using Guid(2d0afed9bf5b7b34da5fc405076e0461) Importer(815301076,1909f56bfc062723c751e8b465ee728b)  -> (artifact id: '04dbb00d5bb07a47dda3c98a15aa6f7d') in 0.031017 seconds 
========================================================================
Received Import Request.
  Time since last request: 0.000026 seconds.
  path: Assets/Resources/Images/Materials/4565.mat
  artifactKey: Guid(1a1577ce2aeb2c34e9f7ace77a8b99ae) Importer(815301076,1909f56bfc062723c751e8b465ee728b)
Start importing Assets/Resources/Images/Materials/4565.mat using Guid(1a1577ce2aeb2c34e9f7ace77a8b99ae) Importer(815301076,1909f56bfc062723c751e8b465ee728b)  -> (artifact id: '2b395941b82bcc46384f4d6e93b63ac6') in 0.023335 seconds 
========================================================================
Received Import Request.
  Time since last request: 0.000028 seconds.
  path: Assets/Resources/Images/Materials/4689.mat
  artifactKey: Guid(ca8f6170d475a344fa028e08a6a9a126) Importer(815301076,1909f56bfc062723c751e8b465ee728b)
Start importing Assets/Resources/Images/Materials/4689.mat using Guid(ca8f6170d475a344fa028e08a6a9a126) Importer(815301076,1909f56bfc062723c751e8b465ee728b)  -> (artifact id: '4dd0ff9e25ce0a474f99dfd36a9da1c4') in 0.023810 seconds 
========================================================================
Received Import Request.
  Time since last request: 0.000042 seconds.
  path: Assets/Resources/Images/Materials/4374.mat
  artifactKey: Guid(24e805b1bbfadf94a9aa686d36321e13) Importer(815301076,1909f56bfc062723c751e8b465ee728b)
Start importing Assets/Resources/Images/Materials/4374.mat using Guid(24e805b1bbfadf94a9aa686d36321e13) Importer(815301076,1909f56bfc062723c751e8b465ee728b)  -> (artifact id: '35a849d9980581f474d1983dd986d46b') in 0.023857 seconds 
========================================================================
Received Import Request.
  Time since last request: 0.000029 seconds.
  path: Assets/Resources/Images/Materials/5554.mat
  artifactKey: Guid(01b310795dea62f4f834bc347b421455) Importer(815301076,1909f56bfc062723c751e8b465ee728b)
Start importing Assets/Resources/Images/Materials/5554.mat using Guid(01b310795dea62f4f834bc347b421455) Importer(815301076,1909f56bfc062723c751e8b465ee728b)  -> (artifact id: 'c4917d41dcd6239dbe6bb446d3553580') in 0.032874 seconds 
========================================================================
Received Import Request.
  Time since last request: 0.000029 seconds.
  path: Assets/Resources/Images/Materials/5551.mat
  artifactKey: Guid(5b1b265c4fb42c640a2f3602e7a97e03) Importer(815301076,1909f56bfc062723c751e8b465ee728b)
Start importing Assets/Resources/Images/Materials/5551.mat using Guid(5b1b265c4fb42c640a2f3602e7a97e03) Importer(815301076,1909f56bfc062723c751e8b465ee728b)  -> (artifact id: '067a76feeb73d285da76237a7e412a5d') in 0.023592 seconds 
========================================================================
Received Import Request.
  Time since last request: 0.000030 seconds.
  path: Assets/Resources/Images/Materials/7171.mat
  artifactKey: Guid(c779dfb578b46764c87da73dfccfc36a) Importer(815301076,1909f56bfc062723c751e8b465ee728b)
Start importing Assets/Resources/Images/Materials/7171.mat using Guid(c779dfb578b46764c87da73dfccfc36a) Importer(815301076,1909f56bfc062723c751e8b465ee728b)  -> (artifact id: 'b0e3342d83d54f76a02d5ee04b7049a4') in 0.024812 seconds 
========================================================================
Received Import Request.
  Time since last request: 0.000033 seconds.
  path: Assets/Resources/Images/Materials/4375.mat
  artifactKey: Guid(1e84c5b9460c0594d83fff2d00eed006) Importer(815301076,1909f56bfc062723c751e8b465ee728b)
Start importing Assets/Resources/Images/Materials/4375.mat using Guid(1e84c5b9460c0594d83fff2d00eed006) Importer(815301076,1909f56bfc062723c751e8b465ee728b)  -> (artifact id: '443210dc541dd80f3e3e4eace60d9b88') in 0.011545 seconds 
========================================================================
Received Import Request.
  Time since last request: 0.000028 seconds.
  path: Assets/Resources/Images/Materials/4749.mat
  artifactKey: Guid(acec1072f9d4cde4c8834d8b3240e1c9) Importer(815301076,1909f56bfc062723c751e8b465ee728b)
Start importing Assets/Resources/Images/Materials/4749.mat using Guid(acec1072f9d4cde4c8834d8b3240e1c9) Importer(815301076,1909f56bfc062723c751e8b465ee728b)  -> (artifact id: '2bf3758b0c9de608e3248fdb622a8886') in 0.014740 seconds 
========================================================================
Received Import Request.
  Time since last request: 0.000024 seconds.
  path: Assets/Resources/Images/Materials/7170.mat
  artifactKey: Guid(fbb958965dba1a249ab8fbdea241d515) Importer(815301076,1909f56bfc062723c751e8b465ee728b)
Start importing Assets/Resources/Images/Materials/7170.mat using Guid(fbb958965dba1a249ab8fbdea241d515) Importer(815301076,1909f56bfc062723c751e8b465ee728b)  -> (artifact id: '81b72a43dafb38c7189189a104b8df51') in 0.011897 seconds 
========================================================================
Received Import Request.
  Time since last request: 0.000028 seconds.
  path: Assets/Resources/Images/Materials/7169.mat
  artifactKey: Guid(2b51b9c66b1299548858ab739868c239) Importer(815301076,1909f56bfc062723c751e8b465ee728b)
Start importing Assets/Resources/Images/Materials/7169.mat using Guid(2b51b9c66b1299548858ab739868c239) Importer(815301076,1909f56bfc062723c751e8b465ee728b)  -> (artifact id: '43939bebdf86fd078da59e93ca05b8d6') in 0.011127 seconds 
========================================================================
Received Import Request.
  Time since last request: 0.000034 seconds.
  path: Assets/Resources/Images/Materials/7174.mat
  artifactKey: Guid(bd2a3b6f42351db46bdc39036cc9cab7) Importer(815301076,1909f56bfc062723c751e8b465ee728b)
Start importing Assets/Resources/Images/Materials/7174.mat using Guid(bd2a3b6f42351db46bdc39036cc9cab7) Importer(815301076,1909f56bfc062723c751e8b465ee728b)  -> (artifact id: '6367e3a0d5c5fb7c7da207092408de24') in 0.012165 seconds 
========================================================================
Received Import Request.
  Time since last request: 0.000042 seconds.
  path: Assets/Resources/Images/Materials/4378.mat
  artifactKey: Guid(16c65d3865b46d3458abb9b47fd303e7) Importer(815301076,1909f56bfc062723c751e8b465ee728b)
Start importing Assets/Resources/Images/Materials/4378.mat using Guid(16c65d3865b46d3458abb9b47fd303e7) Importer(815301076,1909f56bfc062723c751e8b465ee728b)  -> (artifact id: 'aee159b05dd37c311746701a813ed295') in 0.011951 seconds 
========================================================================
Received Import Request.
  Time since last request: 1.697329 seconds.
  path: Assets/Resources/Images/Materials/7779.mat
  artifactKey: Guid(720266672147ae843962716aacd079a5) Importer(815301076,1909f56bfc062723c751e8b465ee728b)
Start importing Assets/Resources/Images/Materials/7779.mat using Guid(720266672147ae843962716aacd079a5) Importer(815301076,1909f56bfc062723c751e8b465ee728b)  -> (artifact id: '8b2f28f37b66533d878dd5b8860334b1') in 0.011901 seconds 
========================================================================
Received Import Request.
  Time since last request: 0.000025 seconds.
  path: Assets/Resources/Images/Materials/7781.mat
  artifactKey: Guid(da0634ed99bd65445b89e7c079c49303) Importer(815301076,1909f56bfc062723c751e8b465ee728b)
Start importing Assets/Resources/Images/Materials/7781.mat using Guid(da0634ed99bd65445b89e7c079c49303) Importer(815301076,1909f56bfc062723c751e8b465ee728b)  -> (artifact id: 'd45e09669f87b98aa2a7dc64beac3d40') in 0.009792 seconds 
========================================================================
Received Import Request.
  Time since last request: 0.057020 seconds.
  path: Assets/Resources/Images/Materials/7750.mat
  artifactKey: Guid(01d392375ba6d7544948c37494ffa111) Importer(815301076,1909f56bfc062723c751e8b465ee728b)
Start importing Assets/Resources/Images/Materials/7750.mat using Guid(01d392375ba6d7544948c37494ffa111) Importer(815301076,1909f56bfc062723c751e8b465ee728b)  -> (artifact id: 'd2cf8330b8b329018e89fe66138c6aa7') in 0.010622 seconds 
========================================================================
Received Import Request.
  Time since last request: 0.000018 seconds.
  path: Assets/Resources/Images/Materials/7752.mat
  artifactKey: Guid(191c4d5eb6038834f9170559926cf277) Importer(815301076,1909f56bfc062723c751e8b465ee728b)
Start importing Assets/Resources/Images/Materials/7752.mat using Guid(191c4d5eb6038834f9170559926cf277) Importer(815301076,1909f56bfc062723c751e8b465ee728b)  -> (artifact id: '3d10ed32afda93583480befcc5a04d1c') in 0.011060 seconds 
========================================================================
Received Import Request.
  Time since last request: 0.044631 seconds.
  path: Assets/Resources/Images/Materials/7681.mat
  artifactKey: Guid(9bc09f4e8fd9a8c4fb8f9b69efcdccce) Importer(815301076,1909f56bfc062723c751e8b465ee728b)
Start importing Assets/Resources/Images/Materials/7681.mat using Guid(9bc09f4e8fd9a8c4fb8f9b69efcdccce) Importer(815301076,1909f56bfc062723c751e8b465ee728b)  -> (artifact id: '177224a1ca5c4fcd343a0182c878d1c2') in 0.011217 seconds 
========================================================================
Received Import Request.
  Time since last request: 0.000020 seconds.
  path: Assets/Resources/Images/Materials/7666.mat
  artifactKey: Guid(5a02d3986cee6bd4e8130a14368d5d66) Importer(815301076,1909f56bfc062723c751e8b465ee728b)
Start importing Assets/Resources/Images/Materials/7666.mat using Guid(5a02d3986cee6bd4e8130a14368d5d66) Importer(815301076,1909f56bfc062723c751e8b465ee728b)  -> (artifact id: 'bef25f30ee28bfcdaae3f0155bb79e1d') in 0.009154 seconds 
========================================================================
Received Import Request.
  Time since last request: 0.000029 seconds.
  path: Assets/Resources/Images/Materials/7669.mat
  artifactKey: Guid(cea302a8cda8fcb4c907d8f86a8a5303) Importer(815301076,1909f56bfc062723c751e8b465ee728b)
Start importing Assets/Resources/Images/Materials/7669.mat using Guid(cea302a8cda8fcb4c907d8f86a8a5303) Importer(815301076,1909f56bfc062723c751e8b465ee728b)  -> (artifact id: '06e98d1fa0d900c046688e9a78886208') in 0.008979 seconds 
========================================================================
Received Import Request.
  Time since last request: 0.000019 seconds.
  path: Assets/Resources/Images/Materials/7667.mat
  artifactKey: Guid(c4849a0e7f67f76489a3f53e489d87bb) Importer(815301076,1909f56bfc062723c751e8b465ee728b)
Start importing Assets/Resources/Images/Materials/7667.mat using Guid(c4849a0e7f67f76489a3f53e489d87bb) Importer(815301076,1909f56bfc062723c751e8b465ee728b)  -> (artifact id: '98e23148de6dc616baf3f9250be6be93') in 0.021740 seconds 
========================================================================
Received Import Request.
  Time since last request: 0.000025 seconds.
  path: Assets/Resources/Images/Materials/7654.mat
  artifactKey: Guid(0d7c9a1fd7a3f1840a52176f638c7e87) Importer(815301076,1909f56bfc062723c751e8b465ee728b)
Start importing Assets/Resources/Images/Materials/7654.mat using Guid(0d7c9a1fd7a3f1840a52176f638c7e87) Importer(815301076,1909f56bfc062723c751e8b465ee728b)  -> (artifact id: '8956789b0a6ba6f283eaca25f26afb3e') in 0.010254 seconds 
========================================================================
Received Import Request.
  Time since last request: 0.000024 seconds.
  path: Assets/Resources/Images/Materials/7588.mat
  artifactKey: Guid(7200cf08c11fe9044adc0b0d49dfcc74) Importer(815301076,1909f56bfc062723c751e8b465ee728b)
Start importing Assets/Resources/Images/Materials/7588.mat using Guid(7200cf08c11fe9044adc0b0d49dfcc74) Importer(815301076,1909f56bfc062723c751e8b465ee728b)  -> (artifact id: '176a8a0c63e4eb059f14f46afea86e1b') in 0.010353 seconds 
========================================================================
Received Import Request.
  Time since last request: 0.015964 seconds.
  path: Assets/Resources/Images/Materials/7579.mat
  artifactKey: Guid(937e2aabacbff3e4992e4f2aa5ce9862) Importer(815301076,1909f56bfc062723c751e8b465ee728b)
Start importing Assets/Resources/Images/Materials/7579.mat using Guid(937e2aabacbff3e4992e4f2aa5ce9862) Importer(815301076,1909f56bfc062723c751e8b465ee728b)  -> (artifact id: '9a862dabe2c5a0d12c7235f885f7beee') in 0.021824 seconds 
========================================================================
Received Import Request.
  Time since last request: 0.013487 seconds.
  path: Assets/Resources/Images/Materials/7569.mat
  artifactKey: Guid(30cff4941c70ce34f82be499ed20fab4) Importer(815301076,1909f56bfc062723c751e8b465ee728b)
Start importing Assets/Resources/Images/Materials/7569.mat using Guid(30cff4941c70ce34f82be499ed20fab4) Importer(815301076,1909f56bfc062723c751e8b465ee728b)  -> (artifact id: '6db54cc44d65b3241306619063f3795b') in 0.010898 seconds 
========================================================================
Received Import Request.
  Time since last request: 0.000027 seconds.
  path: Assets/Resources/Images/Materials/7573.mat
  artifactKey: Guid(b8bc38dc165a9cf45bb8be215322ecd7) Importer(815301076,1909f56bfc062723c751e8b465ee728b)
Start importing Assets/Resources/Images/Materials/7573.mat using Guid(b8bc38dc165a9cf45bb8be215322ecd7) Importer(815301076,1909f56bfc062723c751e8b465ee728b)  -> (artifact id: '2d723690af7e67ac05f4f8c6a215b7c8') in 0.009034 seconds 
========================================================================
Received Import Request.
  Time since last request: 32.725023 seconds.
  path: Assets/Resources/Images/Materials/0769.mat
  artifactKey: Guid(52c49d592d0094042b8247334b3a3db2) Importer(815301076,1909f56bfc062723c751e8b465ee728b)
Start importing Assets/Resources/Images/Materials/0769.mat using Guid(52c49d592d0094042b8247334b3a3db2) Importer(815301076,1909f56bfc062723c751e8b465ee728b)  -> (artifact id: '3e6c4a9a5c72d11bafdcbced253fb3f3') in 0.039514 seconds 
========================================================================
Received Import Request.
  Time since last request: 0.000054 seconds.
  path: Assets/Resources/Images/Materials/0775.mat
  artifactKey: Guid(77dc6dd8b20cd004a8951df11786f954) Importer(815301076,1909f56bfc062723c751e8b465ee728b)
Start importing Assets/Resources/Images/Materials/0775.mat using Guid(77dc6dd8b20cd004a8951df11786f954) Importer(815301076,1909f56bfc062723c751e8b465ee728b)  -> (artifact id: 'c50f70dc2b5e32884799e8552f21da91') in 0.031768 seconds 
========================================================================
Received Import Request.
  Time since last request: 0.000024 seconds.
  path: Assets/Resources/Images/Materials/0785.mat
  artifactKey: Guid(e26350b0b1b71534993c7d110bf1d064) Importer(815301076,1909f56bfc062723c751e8b465ee728b)
Start importing Assets/Resources/Images/Materials/0785.mat using Guid(e26350b0b1b71534993c7d110bf1d064) Importer(815301076,1909f56bfc062723c751e8b465ee728b)  -> (artifact id: '51d371b768ba2349c2bd7484198e2a48') in 0.021868 seconds 
========================================================================
Received Import Request.
  Time since last request: 0.000036 seconds.
  path: Assets/Resources/Images/Materials/0778.mat
  artifactKey: Guid(cbee5c33ec82613478bcff109d6107f7) Importer(815301076,1909f56bfc062723c751e8b465ee728b)
Start importing Assets/Resources/Images/Materials/0778.mat using Guid(cbee5c33ec82613478bcff109d6107f7) Importer(815301076,1909f56bfc062723c751e8b465ee728b)  -> (artifact id: '86ead1e657d433387b91e5fc49571c3c') in 0.010439 seconds 
========================================================================
Received Import Request.
  Time since last request: 0.014744 seconds.
  path: Assets/Resources/Images/Materials/0790.mat
  artifactKey: Guid(0e4ddb1c84d4bed478ce27fd02ecccd1) Importer(815301076,1909f56bfc062723c751e8b465ee728b)
Start importing Assets/Resources/Images/Materials/0790.mat using Guid(0e4ddb1c84d4bed478ce27fd02ecccd1) Importer(815301076,1909f56bfc062723c751e8b465ee728b)  -> (artifact id: 'b80ac059ff60ec01bf2fa6213586b8af') in 0.019604 seconds 
========================================================================
Received Import Request.
  Time since last request: 0.000037 seconds.
  path: Assets/Resources/Images/Materials/1549.mat
  artifactKey: Guid(9ede7208ff8474d4a9f7316636beef84) Importer(815301076,1909f56bfc062723c751e8b465ee728b)
Start importing Assets/Resources/Images/Materials/1549.mat using Guid(9ede7208ff8474d4a9f7316636beef84) Importer(815301076,1909f56bfc062723c751e8b465ee728b)  -> (artifact id: 'f88fa9b07fdbb5a8d73d5f51d41738fa') in 0.021593 seconds 
========================================================================
Received Import Request.
  Time since last request: 0.000041 seconds.
  path: Assets/Resources/Images/Materials/1556.mat
  artifactKey: Guid(d66883b70a57212428beb5b18a5ebe35) Importer(815301076,1909f56bfc062723c751e8b465ee728b)
Start importing Assets/Resources/Images/Materials/1556.mat using Guid(d66883b70a57212428beb5b18a5ebe35) Importer(815301076,1909f56bfc062723c751e8b465ee728b)  -> (artifact id: '5087d1e997f308eadd294ea417d74b7f') in 0.021333 seconds 
========================================================================
Received Import Request.
  Time since last request: 1.237418 seconds.
  path: Assets/Resources/Images/Materials/1568.mat
  artifactKey: Guid(5f15ba2ed53c54342bb083d574102182) Importer(815301076,1909f56bfc062723c751e8b465ee728b)
Start importing Assets/Resources/Images/Materials/1568.mat using Guid(5f15ba2ed53c54342bb083d574102182) Importer(815301076,1909f56bfc062723c751e8b465ee728b)  -> (artifact id: '3006aec8abf203f390e8c49cf7510c6e') in 0.019266 seconds 
========================================================================
Received Import Request.
  Time since last request: 0.000021 seconds.
  path: Assets/Resources/Images/Materials/1675.mat
  artifactKey: Guid(da77aa12957d8a24d82efb0fa479d341) Importer(815301076,1909f56bfc062723c751e8b465ee728b)
Start importing Assets/Resources/Images/Materials/1675.mat using Guid(da77aa12957d8a24d82efb0fa479d341) Importer(815301076,1909f56bfc062723c751e8b465ee728b)  -> (artifact id: '7ac83bc797bfa665dee99c6057024bbb') in 0.015141 seconds 
========================================================================
Received Import Request.
  Time since last request: 0.000037 seconds.
  path: Assets/Resources/Images/Materials/1784.mat
  artifactKey: Guid(d9031fc9a1ea23f4494cfe6402ddf839) Importer(815301076,1909f56bfc062723c751e8b465ee728b)
Start importing Assets/Resources/Images/Materials/1784.mat using Guid(d9031fc9a1ea23f4494cfe6402ddf839) Importer(815301076,1909f56bfc062723c751e8b465ee728b)  -> (artifact id: 'dadbf5704f29b68889a73993abfd8127') in 0.015147 seconds 
========================================================================
Received Import Request.
  Time since last request: 0.000032 seconds.
  path: Assets/Resources/Images/Materials/3665.mat
  artifactKey: Guid(f80057f1808c33e4b9aaa6d27e716e7a) Importer(815301076,1909f56bfc062723c751e8b465ee728b)
Start importing Assets/Resources/Images/Materials/3665.mat using Guid(f80057f1808c33e4b9aaa6d27e716e7a) Importer(815301076,1909f56bfc062723c751e8b465ee728b)  -> (artifact id: 'f38c1211f104bc9c9f1559e4e94d29a3') in 0.012598 seconds 
========================================================================
Received Import Request.
  Time since last request: 0.000021 seconds.
  path: Assets/Resources/Images/Materials/3585.mat
  artifactKey: Guid(65bbca2a59a13184f99af85fd6cf0c4c) Importer(815301076,1909f56bfc062723c751e8b465ee728b)
Start importing Assets/Resources/Images/Materials/3585.mat using Guid(65bbca2a59a13184f99af85fd6cf0c4c) Importer(815301076,1909f56bfc062723c751e8b465ee728b)  -> (artifact id: 'e7e09985f2ceef6b85cf6d3c0bda8869') in 0.013750 seconds 
========================================================================
Received Import Request.
  Time since last request: 0.000025 seconds.
  path: Assets/Resources/Images/Materials/4787.mat
  artifactKey: Guid(1952369c9126ff2448e558c5483c3869) Importer(815301076,1909f56bfc062723c751e8b465ee728b)
Start importing Assets/Resources/Images/Materials/4787.mat using Guid(1952369c9126ff2448e558c5483c3869) Importer(815301076,1909f56bfc062723c751e8b465ee728b)  -> (artifact id: '012e0c8db128dbbd99e90a3135cf85df') in 0.014484 seconds 
========================================================================
Received Import Request.
  Time since last request: 0.000020 seconds.
  path: Assets/Resources/Images/Materials/1578.mat
  artifactKey: Guid(2438339202ad1bc49b50d49134da51fc) Importer(815301076,1909f56bfc062723c751e8b465ee728b)
Start importing Assets/Resources/Images/Materials/1578.mat using Guid(2438339202ad1bc49b50d49134da51fc) Importer(815301076,1909f56bfc062723c751e8b465ee728b)  -> (artifact id: '4a60e709cd336d1191a857243852dcee') in 0.022318 seconds 
========================================================================
Received Import Request.
  Time since last request: 0.000029 seconds.
  path: Assets/Resources/Images/Materials/5687.mat
  artifactKey: Guid(5c6e00a425beb5943a380301da2c02db) Importer(815301076,1909f56bfc062723c751e8b465ee728b)
Start importing Assets/Resources/Images/Materials/5687.mat using Guid(5c6e00a425beb5943a380301da2c02db) Importer(815301076,1909f56bfc062723c751e8b465ee728b)  -> (artifact id: 'aa12de8b26e60fa941e37b4dbe76a519') in 0.011873 seconds 
========================================================================
Received Import Request.
  Time since last request: 0.000047 seconds.
  path: Assets/Resources/Images/Materials/6273.mat
  artifactKey: Guid(f93bb81e3a5018443856133fa8d566aa) Importer(815301076,1909f56bfc062723c751e8b465ee728b)
Start importing Assets/Resources/Images/Materials/6273.mat using Guid(f93bb81e3a5018443856133fa8d566aa) Importer(815301076,1909f56bfc062723c751e8b465ee728b)  -> (artifact id: 'ee0432bd4cfa5024285771df4473ed61') in 0.013281 seconds 
========================================================================
Received Import Request.
  Time since last request: 0.000190 seconds.
  path: Assets/Resources/Images/Materials/5765.mat
  artifactKey: Guid(f84a654c823a48e4082e03b37e0d8ced) Importer(815301076,1909f56bfc062723c751e8b465ee728b)
Start importing Assets/Resources/Images/Materials/5765.mat using Guid(f84a654c823a48e4082e03b37e0d8ced) Importer(815301076,1909f56bfc062723c751e8b465ee728b)  -> (artifact id: 'e34976c328c379f8b6820aa1c427ee32') in 0.013601 seconds 
========================================================================
Received Import Request.
  Time since last request: 0.000026 seconds.
  path: Assets/Resources/Images/Materials/6380.mat
  artifactKey: Guid(dde4c12f97cdaea4c9a5c57c7493ad12) Importer(815301076,1909f56bfc062723c751e8b465ee728b)
Start importing Assets/Resources/Images/Materials/6380.mat using Guid(dde4c12f97cdaea4c9a5c57c7493ad12) Importer(815301076,1909f56bfc062723c751e8b465ee728b)  -> (artifact id: '8e63e06cc3b695be3f228930517bf889') in 0.012899 seconds 
========================================================================
Received Import Request.
  Time since last request: 0.000053 seconds.
  path: Assets/Resources/Images/Materials/6274.mat
  artifactKey: Guid(e577e00ea6017e3489ac980ebc065566) Importer(815301076,1909f56bfc062723c751e8b465ee728b)
Start importing Assets/Resources/Images/Materials/6274.mat using Guid(e577e00ea6017e3489ac980ebc065566) Importer(815301076,1909f56bfc062723c751e8b465ee728b)  -> (artifact id: 'e9c8e663ddde064995ffe768031ad86e') in 0.013416 seconds 
========================================================================
Received Import Request.
  Time since last request: 0.000026 seconds.
  path: Assets/Resources/Images/Materials/7071.mat
  artifactKey: Guid(fa5a54e199cd5ce4abe251b08a799629) Importer(815301076,1909f56bfc062723c751e8b465ee728b)
Start importing Assets/Resources/Images/Materials/7071.mat using Guid(fa5a54e199cd5ce4abe251b08a799629) Importer(815301076,1909f56bfc062723c751e8b465ee728b)  -> (artifact id: 'be9eeae468fae614edb8696238efdc1c') in 0.013184 seconds 
========================================================================
Received Import Request.
  Time since last request: 0.000028 seconds.
  path: Assets/Resources/Images/Materials/1672.mat
  artifactKey: Guid(084a0e53b4561a44da68bee37aa7b814) Importer(815301076,1909f56bfc062723c751e8b465ee728b)
Start importing Assets/Resources/Images/Materials/1672.mat using Guid(084a0e53b4561a44da68bee37aa7b814) Importer(815301076,1909f56bfc062723c751e8b465ee728b)  -> (artifact id: '9e6a628adba95937951bb7203b8e702b') in 0.014611 seconds 
========================================================================
Received Import Request.
  Time since last request: 0.000023 seconds.
  path: Assets/Resources/Images/Materials/7080.mat
  artifactKey: Guid(a74acc717f7f08248aaca0bdf21cd4eb) Importer(815301076,1909f56bfc062723c751e8b465ee728b)
Start importing Assets/Resources/Images/Materials/7080.mat using Guid(a74acc717f7f08248aaca0bdf21cd4eb) Importer(815301076,1909f56bfc062723c751e8b465ee728b)  -> (artifact id: '1c1c8987b3e4d4cc5be11aa209a3d612') in 0.012279 seconds 
========================================================================
Received Import Request.
  Time since last request: 0.000027 seconds.
  path: Assets/Resources/Images/Materials/6271.mat
  artifactKey: Guid(00f9c969a1987d741851fc1f3bc09f91) Importer(815301076,1909f56bfc062723c751e8b465ee728b)
Start importing Assets/Resources/Images/Materials/6271.mat using Guid(00f9c969a1987d741851fc1f3bc09f91) Importer(815301076,1909f56bfc062723c751e8b465ee728b)  -> (artifact id: '441ad0799c108dcebde0c832ee291ada') in 0.014500 seconds 
========================================================================
Received Import Request.
  Time since last request: 0.000027 seconds.
  path: Assets/Resources/Images/Materials/6357.mat
  artifactKey: Guid(93740292acb0aa646b8fd196b2851ad8) Importer(815301076,1909f56bfc062723c751e8b465ee728b)
Start importing Assets/Resources/Images/Materials/6357.mat using Guid(93740292acb0aa646b8fd196b2851ad8) Importer(815301076,1909f56bfc062723c751e8b465ee728b)  -> (artifact id: '9b9826a03b6068008bcca36c72122e58') in 0.013138 seconds 
========================================================================
Received Import Request.
  Time since last request: 0.000026 seconds.
  path: Assets/Resources/Images/Materials/4779.mat
  artifactKey: Guid(c4ef6781856c28c4386e3c0c3d498186) Importer(815301076,1909f56bfc062723c751e8b465ee728b)
Start importing Assets/Resources/Images/Materials/4779.mat using Guid(c4ef6781856c28c4386e3c0c3d498186) Importer(815301076,1909f56bfc062723c751e8b465ee728b)  -> (artifact id: 'd171ad53420b65b77e84fa908c810d29') in 0.012839 seconds 
========================================================================
Received Import Request.
  Time since last request: 0.000081 seconds.
  path: Assets/Resources/Images/Materials/5050.mat
  artifactKey: Guid(d4508917d56e04f46b49bf6489419eaa) Importer(815301076,1909f56bfc062723c751e8b465ee728b)
Start importing Assets/Resources/Images/Materials/5050.mat using Guid(d4508917d56e04f46b49bf6489419eaa) Importer(815301076,1909f56bfc062723c751e8b465ee728b)  -> (artifact id: '2bbcf78e6f2e6cf0be3e7d755a0aea51') in 0.011534 seconds 
========================================================================
Received Import Request.
  Time since last request: 0.000040 seconds.
  path: Assets/Resources/Images/Materials/3586.mat
  artifactKey: Guid(35dcbf8d67a05f64789a4c12e22faac8) Importer(815301076,1909f56bfc062723c751e8b465ee728b)
Start importing Assets/Resources/Images/Materials/3586.mat using Guid(35dcbf8d67a05f64789a4c12e22faac8) Importer(815301076,1909f56bfc062723c751e8b465ee728b)  -> (artifact id: '0b492605ff98b686950bdee9c62d40a8') in 0.011538 seconds 
========================================================================
Received Import Request.
  Time since last request: 0.000040 seconds.
  path: Assets/Resources/Images/Materials/1581.mat
  artifactKey: Guid(164f908519cf44047b40aeb3e7ac8805) Importer(815301076,1909f56bfc062723c751e8b465ee728b)
Start importing Assets/Resources/Images/Materials/1581.mat using Guid(164f908519cf44047b40aeb3e7ac8805) Importer(815301076,1909f56bfc062723c751e8b465ee728b)  -> (artifact id: '74a27ccc744aa908bb94d8bcb35b9796') in 0.011229 seconds 
========================================================================
Received Import Request.
  Time since last request: 0.000035 seconds.
  path: Assets/Resources/Images/Materials/3668.mat
  artifactKey: Guid(35b62255bc83e7b4b9d80353d916bc8c) Importer(815301076,1909f56bfc062723c751e8b465ee728b)
Start importing Assets/Resources/Images/Materials/3668.mat using Guid(35b62255bc83e7b4b9d80353d916bc8c) Importer(815301076,1909f56bfc062723c751e8b465ee728b)  -> (artifact id: '548eb8025e0808bc020ccddc5d8a0be0') in 0.012175 seconds 
========================================================================
Received Import Request.
  Time since last request: 0.000023 seconds.
  path: Assets/Resources/Images/Materials/1574.mat
  artifactKey: Guid(623f5ed1f4a43a049a1872e90617fd15) Importer(815301076,1909f56bfc062723c751e8b465ee728b)
Start importing Assets/Resources/Images/Materials/1574.mat using Guid(623f5ed1f4a43a049a1872e90617fd15) Importer(815301076,1909f56bfc062723c751e8b465ee728b)  -> (artifact id: 'd00c64a7574b1e58c6ae05e0c5a144ff') in 0.013131 seconds 
========================================================================
Received Import Request.
  Time since last request: 0.000028 seconds.
  path: Assets/Resources/Images/Materials/1577.mat
  artifactKey: Guid(e67a0201bc9dec04186b96d4466724ac) Importer(815301076,1909f56bfc062723c751e8b465ee728b)
Start importing Assets/Resources/Images/Materials/1577.mat using Guid(e67a0201bc9dec04186b96d4466724ac) Importer(815301076,1909f56bfc062723c751e8b465ee728b)  -> (artifact id: 'bac84b645c025e92cafaaa4da1fb0d91') in 0.012554 seconds 
========================================================================
Received Import Request.
  Time since last request: 0.000032 seconds.
  path: Assets/Resources/Images/Materials/7082.mat
  artifactKey: Guid(8690a83e9e89600488b2377bebf7162d) Importer(815301076,1909f56bfc062723c751e8b465ee728b)
Start importing Assets/Resources/Images/Materials/7082.mat using Guid(8690a83e9e89600488b2377bebf7162d) Importer(815301076,1909f56bfc062723c751e8b465ee728b)  -> (artifact id: '3fa6fa7f96b828fd0ef669443f1a4da7') in 0.012075 seconds 
========================================================================
Received Import Request.
  Time since last request: 0.000029 seconds.
  path: Assets/Resources/Images/Materials/4778.mat
  artifactKey: Guid(e78190ca087bbc44f9c7d6cdc797ed66) Importer(815301076,1909f56bfc062723c751e8b465ee728b)
Start importing Assets/Resources/Images/Materials/4778.mat using Guid(e78190ca087bbc44f9c7d6cdc797ed66) Importer(815301076,1909f56bfc062723c751e8b465ee728b)  -> (artifact id: 'b6ef62e2a3cfc31f37ba81b8e3911ae4') in 0.012926 seconds 
========================================================================
Received Import Request.
  Time since last request: 0.000038 seconds.
  path: Assets/Resources/Images/Materials/1754.mat
  artifactKey: Guid(22bf2c363a9ad4d4ba898769c1ed85c5) Importer(815301076,1909f56bfc062723c751e8b465ee728b)
Start importing Assets/Resources/Images/Materials/1754.mat using Guid(22bf2c363a9ad4d4ba898769c1ed85c5) Importer(815301076,1909f56bfc062723c751e8b465ee728b)  -> (artifact id: '58e9e9d225fc6816564b810cfde32430') in 0.011315 seconds 
========================================================================
Received Import Request.
  Time since last request: 0.000029 seconds.
  path: Assets/Resources/Images/Materials/4782.mat
  artifactKey: Guid(34ad88c5b02d5e644a9303a8f748b3da) Importer(815301076,1909f56bfc062723c751e8b465ee728b)
Start importing Assets/Resources/Images/Materials/4782.mat using Guid(34ad88c5b02d5e644a9303a8f748b3da) Importer(815301076,1909f56bfc062723c751e8b465ee728b)  -> (artifact id: '6f5072fff9ccb6018d1be00cec04beed') in 0.012846 seconds 
========================================================================
Received Import Request.
  Time since last request: 0.000024 seconds.
  path: Assets/Resources/Images/Materials/5048.mat
  artifactKey: Guid(927a5ef59e972fc42b0db90bef7447e0) Importer(815301076,1909f56bfc062723c751e8b465ee728b)
Start importing Assets/Resources/Images/Materials/5048.mat using Guid(927a5ef59e972fc42b0db90bef7447e0) Importer(815301076,1909f56bfc062723c751e8b465ee728b)  -> (artifact id: '41bc24efbc7e493466021dfe34cad810') in 0.012536 seconds 
========================================================================
Received Import Request.
  Time since last request: 0.000028 seconds.
  path: Assets/Resources/Images/Materials/1775.mat
  artifactKey: Guid(cb4b825bf1d457f4f88873797246bf8e) Importer(815301076,1909f56bfc062723c751e8b465ee728b)
Start importing Assets/Resources/Images/Materials/1775.mat using Guid(cb4b825bf1d457f4f88873797246bf8e) Importer(815301076,1909f56bfc062723c751e8b465ee728b)  -> (artifact id: '63c3a273f7bf7ac4be38a0ce92b46ab0') in 0.013229 seconds 
========================================================================
Received Import Request.
  Time since last request: 0.000029 seconds.
  path: Assets/Resources/Images/Materials/5682.mat
  artifactKey: Guid(cc5d94e6eb5d5d442b5f574d25097a71) Importer(815301076,1909f56bfc062723c751e8b465ee728b)
Start importing Assets/Resources/Images/Materials/5682.mat using Guid(cc5d94e6eb5d5d442b5f574d25097a71) Importer(815301076,1909f56bfc062723c751e8b465ee728b)  -> (artifact id: 'f4aabdb644e7bf8703fc87b7ceedeb09') in 0.012251 seconds 
========================================================================
Received Import Request.
  Time since last request: 0.000051 seconds.
  path: Assets/Resources/Images/Materials/4783.mat
  artifactKey: Guid(98ee78bceaba46d42b35865936c9a69d) Importer(815301076,1909f56bfc062723c751e8b465ee728b)
Start importing Assets/Resources/Images/Materials/4783.mat using Guid(98ee78bceaba46d42b35865936c9a69d) Importer(815301076,1909f56bfc062723c751e8b465ee728b)  -> (artifact id: 'd6587e2fda7ae3a228a6b647b8693ee3') in 0.013055 seconds 
========================================================================
Received Import Request.
  Time since last request: 0.000026 seconds.
  path: Assets/Resources/Images/Materials/1780.mat
  artifactKey: Guid(2c4c3060e9ddff54c90252a29187366c) Importer(815301076,1909f56bfc062723c751e8b465ee728b)
Start importing Assets/Resources/Images/Materials/1780.mat using Guid(2c4c3060e9ddff54c90252a29187366c) Importer(815301076,1909f56bfc062723c751e8b465ee728b)  -> (artifact id: 'ae9a6eb86d5e5068e6f6109dc27e4f52') in 0.011815 seconds 
========================================================================
Received Import Request.
  Time since last request: 0.000031 seconds.
  path: Assets/Resources/Images/Materials/1685.mat
  artifactKey: Guid(a6261f42f2201354f93c990a541128bf) Importer(815301076,1909f56bfc062723c751e8b465ee728b)
Start importing Assets/Resources/Images/Materials/1685.mat using Guid(a6261f42f2201354f93c990a541128bf) Importer(815301076,1909f56bfc062723c751e8b465ee728b)  -> (artifact id: 'd1cc3da86e5603e58d989c4da1ddbf7a') in 0.021819 seconds 
========================================================================
Received Import Request.
  Time since last request: 0.000053 seconds.
  path: Assets/Resources/Images/Materials/1783.mat
  artifactKey: Guid(272efc26d7dcc6a42bc31482bfdc7212) Importer(815301076,1909f56bfc062723c751e8b465ee728b)
Start importing Assets/Resources/Images/Materials/1783.mat using Guid(272efc26d7dcc6a42bc31482bfdc7212) Importer(815301076,1909f56bfc062723c751e8b465ee728b)  -> (artifact id: 'afcc402ef20981b3720a0e791b78b067') in 0.015561 seconds 
========================================================================
Received Import Request.
  Time since last request: 0.000049 seconds.
  path: Assets/Resources/Images/Materials/1674.mat
  artifactKey: Guid(ccfb3f1c59163b84c80d87455ea79115) Importer(815301076,1909f56bfc062723c751e8b465ee728b)
Start importing Assets/Resources/Images/Materials/1674.mat using Guid(ccfb3f1c59163b84c80d87455ea79115) Importer(815301076,1909f56bfc062723c751e8b465ee728b)  -> (artifact id: '81a6d98adf9665c0da020c0b7dcbd0ab') in 0.015584 seconds 
========================================================================
Received Import Request.
  Time since last request: 0.000065 seconds.
  path: Assets/Resources/Images/Materials/1684.mat
  artifactKey: Guid(caa7d24169660bd40bbad8718c2f1056) Importer(815301076,1909f56bfc062723c751e8b465ee728b)
Start importing Assets/Resources/Images/Materials/1684.mat using Guid(caa7d24169660bd40bbad8718c2f1056) Importer(815301076,1909f56bfc062723c751e8b465ee728b)  -> (artifact id: 'cb4f56e0cc6ac632439c9c85ca9e78d3') in 0.016479 seconds 
========================================================================
Received Import Request.
  Time since last request: 0.000038 seconds.
  path: Assets/Resources/Images/Materials/1687.mat
  artifactKey: Guid(b83e0c2e402355a459aef6e6b96362c6) Importer(815301076,1909f56bfc062723c751e8b465ee728b)
Start importing Assets/Resources/Images/Materials/1687.mat using Guid(b83e0c2e402355a459aef6e6b96362c6) Importer(815301076,1909f56bfc062723c751e8b465ee728b)  -> (artifact id: 'e121735dfe58e5214ded7ff5014ec9f0') in 0.036520 seconds 
========================================================================
Received Import Request.
  Time since last request: 0.000072 seconds.
  path: Assets/Resources/Images/Materials/6377.mat
  artifactKey: Guid(2118f8bfc36e6904da6596f3eb6e9958) Importer(815301076,1909f56bfc062723c751e8b465ee728b)
Start importing Assets/Resources/Images/Materials/6377.mat using Guid(2118f8bfc36e6904da6596f3eb6e9958) Importer(815301076,1909f56bfc062723c751e8b465ee728b)  -> (artifact id: 'e32e27b2a1fc22267a5990858a6d2914') in 0.030094 seconds 
========================================================================
Received Import Request.
  Time since last request: 0.000070 seconds.
  path: Assets/Resources/Images/Materials/5750.mat
  artifactKey: Guid(04f7adf0d979306459957e1daac9f032) Importer(815301076,1909f56bfc062723c751e8b465ee728b)
Start importing Assets/Resources/Images/Materials/5750.mat using Guid(04f7adf0d979306459957e1daac9f032) Importer(815301076,1909f56bfc062723c751e8b465ee728b)  -> (artifact id: '8e0fd58cac1685614279f0d933189eb3') in 0.026007 seconds 
========================================================================
Received Import Request.
  Time since last request: 0.000067 seconds.
  path: Assets/Resources/Images/Materials/1584.mat
  artifactKey: Guid(b15a8125513d78a44abe10e88d7db692) Importer(815301076,1909f56bfc062723c751e8b465ee728b)
Start importing Assets/Resources/Images/Materials/1584.mat using Guid(b15a8125513d78a44abe10e88d7db692) Importer(815301076,1909f56bfc062723c751e8b465ee728b)  -> (artifact id: 'ca5a9b4a07f63fe687ef071bb34d578d') in 0.026436 seconds 
========================================================================
Received Import Request.
  Time since last request: 0.000062 seconds.
  path: Assets/Resources/Images/Materials/1750.mat
  artifactKey: Guid(d101f3f27a23ccf4e9d81d7c03c605f4) Importer(815301076,1909f56bfc062723c751e8b465ee728b)
Start importing Assets/Resources/Images/Materials/1750.mat using Guid(d101f3f27a23ccf4e9d81d7c03c605f4) Importer(815301076,1909f56bfc062723c751e8b465ee728b)  -> (artifact id: 'fa3b433886fdceb79413b84dac65cdfb') in 0.019784 seconds 
========================================================================
Received Import Request.
  Time since last request: 0.000061 seconds.
  path: Assets/Resources/Images/Materials/3649.mat
  artifactKey: Guid(6c4e9681418b58a47b2fd593a9c00760) Importer(815301076,1909f56bfc062723c751e8b465ee728b)
Start importing Assets/Resources/Images/Materials/3649.mat using Guid(6c4e9681418b58a47b2fd593a9c00760) Importer(815301076,1909f56bfc062723c751e8b465ee728b)  -> (artifact id: '3db169ff46e91f05f361d5bbc06c8aae') in 0.037151 seconds 
========================================================================
Received Import Request.
  Time since last request: 0.000042 seconds.
  path: Assets/Resources/Images/Materials/1587.mat
  artifactKey: Guid(da1bb45ec62acc546aea6b3c999b567d) Importer(815301076,1909f56bfc062723c751e8b465ee728b)
Start importing Assets/Resources/Images/Materials/1587.mat using Guid(da1bb45ec62acc546aea6b3c999b567d) Importer(815301076,1909f56bfc062723c751e8b465ee728b)  -> (artifact id: '7cfe6e3d59944cabaac9707e45b4eb52') in 0.030311 seconds 
========================================================================
Received Import Request.
  Time since last request: 0.000087 seconds.
  path: Assets/Resources/Images/Materials/7087.mat
  artifactKey: Guid(05dc64e6cab702e4eb6fda86e376708b) Importer(815301076,1909f56bfc062723c751e8b465ee728b)
Start importing Assets/Resources/Images/Materials/7087.mat using Guid(05dc64e6cab702e4eb6fda86e376708b) Importer(815301076,1909f56bfc062723c751e8b465ee728b)  -> (artifact id: 'c414825b18cf49dc69f4f735e7b9c07d') in 0.032008 seconds 
========================================================================
Received Import Request.
  Time since last request: 0.000063 seconds.
  path: Assets/Resources/Images/Materials/6270.mat
  artifactKey: Guid(52711427452bcd14ba4a4ba1db8c695a) Importer(815301076,1909f56bfc062723c751e8b465ee728b)
Start importing Assets/Resources/Images/Materials/6270.mat using Guid(52711427452bcd14ba4a4ba1db8c695a) Importer(815301076,1909f56bfc062723c751e8b465ee728b)  -> (artifact id: '675072fac16ed17ce5a79b37f79d85ad') in 0.038359 seconds 
========================================================================
Received Import Request.
  Time since last request: 0.000083 seconds.
  path: Assets/Resources/Images/Materials/6388.mat
  artifactKey: Guid(3331f57bd86804d459ac5c25e4360f60) Importer(815301076,1909f56bfc062723c751e8b465ee728b)
Start importing Assets/Resources/Images/Materials/6388.mat using Guid(3331f57bd86804d459ac5c25e4360f60) Importer(815301076,1909f56bfc062723c751e8b465ee728b)  -> (artifact id: 'f5485494512daa6aeb351407f49eb277') in 0.033834 seconds 
========================================================================
Received Import Request.
  Time since last request: 0.000042 seconds.
  path: Assets/Resources/Images/Materials/6367.mat
  artifactKey: Guid(e9295d88f0d81e14f904101c8578f7e9) Importer(815301076,1909f56bfc062723c751e8b465ee728b)
Start importing Assets/Resources/Images/Materials/6367.mat using Guid(e9295d88f0d81e14f904101c8578f7e9) Importer(815301076,1909f56bfc062723c751e8b465ee728b)  -> (artifact id: 'efbdd3196e874f2f2f72a6f8fa79f6d5') in 0.017968 seconds 
========================================================================
Received Import Request.
  Time since last request: 0.000029 seconds.
  path: Assets/Resources/Images/Materials/5051.mat
  artifactKey: Guid(1f379908dfe6c254c9fc864e7164c96b) Importer(815301076,1909f56bfc062723c751e8b465ee728b)
Start importing Assets/Resources/Images/Materials/5051.mat using Guid(1f379908dfe6c254c9fc864e7164c96b) Importer(815301076,1909f56bfc062723c751e8b465ee728b)  -> (artifact id: '92d8953137cde80ae12bcec842288184') in 0.015467 seconds 
========================================================================
Received Import Request.
  Time since last request: 0.000054 seconds.
  path: Assets/Resources/Images/Materials/7086.mat
  artifactKey: Guid(0140bb4f7d80320469b9fa2d7c84dd88) Importer(815301076,1909f56bfc062723c751e8b465ee728b)
Start importing Assets/Resources/Images/Materials/7086.mat using Guid(0140bb4f7d80320469b9fa2d7c84dd88) Importer(815301076,1909f56bfc062723c751e8b465ee728b)  -> (artifact id: 'a5b60cac08b1569f062f1844da0e0003') in 0.019257 seconds 
========================================================================
Received Import Request.
  Time since last request: 0.000030 seconds.
  path: Assets/Resources/Images/Materials/1766.mat
  artifactKey: Guid(fa2d348ffcea99d46ab6fa01aec9b19e) Importer(815301076,1909f56bfc062723c751e8b465ee728b)
Start importing Assets/Resources/Images/Materials/1766.mat using Guid(fa2d348ffcea99d46ab6fa01aec9b19e) Importer(815301076,1909f56bfc062723c751e8b465ee728b)  -> (artifact id: '185b71b266d07e5df86c0b5824e73279') in 0.017932 seconds 
========================================================================
Received Import Request.
  Time since last request: 0.000034 seconds.
  path: Assets/Resources/Images/Materials/7088.mat
  artifactKey: Guid(d506ffc9ec4a10e44a4d09bd55ac77d9) Importer(815301076,1909f56bfc062723c751e8b465ee728b)
Start importing Assets/Resources/Images/Materials/7088.mat using Guid(d506ffc9ec4a10e44a4d09bd55ac77d9) Importer(815301076,1909f56bfc062723c751e8b465ee728b)  -> (artifact id: '7fb163cc8a908e550fa3e557bbceee30') in 0.035327 seconds 
========================================================================
Received Prepare
Registering precompiled user dll's ...
Registered in 0.023482 seconds.
Begin MonoManager ReloadAssembly
Symbol file LoadedFromMemory doesn't match image C:\Data\Buckeye Vertical\BV-Domain-Randomization-Unity-Project\Library\PackageCache\com.unity.visualscripting@1.7.8\Editor\VisualScripting.Core\Dependencies\YamlDotNet\Unity.VisualScripting.YamlDotNet.dll
Symbol file LoadedFromMemory doesn't match image C:\Data\Buckeye Vertical\BV-Domain-Randomization-Unity-Project\Library\PackageCache\com.unity.visualscripting@1.7.8\Editor\VisualScripting.Core\Dependencies\DotNetZip\Unity.VisualScripting.IonicZip.dll
Native extension for WindowsStandalone target not found
Native extension for WebGL target not found
Refreshing native plugins compatible for Editor in 0.85 ms, found 3 plugins.
Preloading 0 native plugins for Editor in 0.00 ms.
Mono: successfully reloaded assembly
- Completed reload, in  1.159 seconds
Domain Reload Profiling:
	ReloadAssembly (1159ms)
		BeginReloadAssembly (161ms)
			ExecutionOrderSort (0ms)
			DisableScriptedObjects (4ms)
			BackupInstance (0ms)
			ReleaseScriptingObjects (0ms)
			CreateAndSetChildDomain (44ms)
		EndReloadAssembly (878ms)
			LoadAssemblies (105ms)
			RebuildTransferFunctionScriptingTraits (0ms)
			SetupTypeCache (281ms)
			ReleaseScriptCaches (1ms)
			RebuildScriptCaches (58ms)
			SetupLoadedEditorAssemblies (373ms)
				LogAssemblyErrors (0ms)
				InitializePlatformSupportModulesInManaged (18ms)
				SetLoadedEditorAssemblies (1ms)
				RefreshPlugins (1ms)
				BeforeProcessingInitializeOnLoad (74ms)
				ProcessInitializeOnLoadAttributes (246ms)
				ProcessInitializeOnLoadMethodAttributes (24ms)
				AfterProcessingInitializeOnLoad (10ms)
				EditorAssembliesLoaded (0ms)
			ExecutionOrderSort2 (0ms)
			AwakeInstancesAfterBackupRestoration (12ms)
Platform modules already initialized, skipping
Refreshing native plugins compatible for Editor in 11.67 ms, found 3 plugins.
Preloading 0 native plugins for Editor in 0.00 ms.
Unloading 3348 Unused Serialized files (Serialized files now loaded: 0)
Unloading 20 unused Assets / (80.2 KB). Loaded Objects now: 3871.
Memory consumption went from 123.9 MB to 123.8 MB.
Total: 11.032400 ms (FindLiveObjects: 0.605400 ms CreateObjectMapping: 0.111200 ms MarkObjects: 10.036500 ms  DeleteObjects: 0.275500 ms)

AssetImportParameters requested are different than current active one (requested -> active):
  custom:video-decoder-ogg-theora: a1e56fd34408186e4bbccfd4996cb3dc -> 
  custom:container-muxer-webm: aa71ff27fc2769a1b78a27578f13a17b -> 
  custom:container-demuxer-webm: 4f35f7cbe854078d1ac9338744f61a02 -> 
  custom:video-encoder-webm-vp8: eb34c28f22e8b96e1ab97ce403110664 -> 
  custom:video-codec-MediaFoundation-h265: 746d11721c4dcdbdad8f713fa42b33f4 -> 
  custom:audio-encoder-webm-vorbis: bf7c407c2cedff20999df2af8eb42d56 -> 
  custom:framework-win-MediaFoundation: 216162199b28c13a410421893ffa2e32 -> 
  custom:container-demuxer-ogg: 62fdf1f143b41e24485cea50d1cbac27 -> 
  custom:video-decoder-webm-vp8: 9c59270c3fd7afecdb556c50c9e8de78 -> 
  custom:audio-decoder-ogg-vorbis: bf7c407c2cedff20999df2af8eb42d56 -> 
========================================================================
Received Prepare
Registering precompiled user dll's ...
Registered in 0.007717 seconds.
Begin MonoManager ReloadAssembly
Symbol file LoadedFromMemory doesn't match image C:\Data\Buckeye Vertical\BV-Domain-Randomization-Unity-Project\Library\PackageCache\com.unity.visualscripting@1.7.8\Editor\VisualScripting.Core\Dependencies\YamlDotNet\Unity.VisualScripting.YamlDotNet.dll
Symbol file LoadedFromMemory doesn't match image C:\Data\Buckeye Vertical\BV-Domain-Randomization-Unity-Project\Library\PackageCache\com.unity.visualscripting@1.7.8\Editor\VisualScripting.Core\Dependencies\DotNetZip\Unity.VisualScripting.IonicZip.dll
Native extension for WindowsStandalone target not found
Native extension for WebGL target not found
Refreshing native plugins compatible for Editor in 0.83 ms, found 3 plugins.
Preloading 0 native plugins for Editor in 0.00 ms.
Mono: successfully reloaded assembly
- Completed reload, in  1.010 seconds
Domain Reload Profiling:
	ReloadAssembly (1011ms)
		BeginReloadAssembly (122ms)
			ExecutionOrderSort (0ms)
			DisableScriptedObjects (4ms)
			BackupInstance (0ms)
			ReleaseScriptingObjects (0ms)
			CreateAndSetChildDomain (31ms)
		EndReloadAssembly (797ms)
			LoadAssemblies (75ms)
			RebuildTransferFunctionScriptingTraits (0ms)
			SetupTypeCache (254ms)
			ReleaseScriptCaches (1ms)
			RebuildScriptCaches (42ms)
			SetupLoadedEditorAssemblies (371ms)
				LogAssemblyErrors (0ms)
				InitializePlatformSupportModulesInManaged (15ms)
				SetLoadedEditorAssemblies (0ms)
				RefreshPlugins (1ms)
				BeforeProcessingInitializeOnLoad (75ms)
				ProcessInitializeOnLoadAttributes (243ms)
				ProcessInitializeOnLoadMethodAttributes (29ms)
				AfterProcessingInitializeOnLoad (7ms)
				EditorAssembliesLoaded (0ms)
			ExecutionOrderSort2 (0ms)
			AwakeInstancesAfterBackupRestoration (10ms)
Platform modules already initialized, skipping
Refreshing native plugins compatible for Editor in 2.65 ms, found 3 plugins.
Preloading 0 native plugins for Editor in 0.00 ms.
Unloading 3348 Unused Serialized files (Serialized files now loaded: 0)
Unloading 20 unused Assets / (80.0 KB). Loaded Objects now: 3874.
Memory consumption went from 123.9 MB to 123.9 MB.
Total: 3.040800 ms (FindLiveObjects: 0.229700 ms CreateObjectMapping: 0.087300 ms MarkObjects: 2.635500 ms  DeleteObjects: 0.086600 ms)

AssetImportParameters requested are different than current active one (requested -> active):
  custom:video-decoder-ogg-theora: a1e56fd34408186e4bbccfd4996cb3dc -> 
  custom:container-muxer-webm: aa71ff27fc2769a1b78a27578f13a17b -> 
  custom:container-demuxer-webm: 4f35f7cbe854078d1ac9338744f61a02 -> 
  custom:video-encoder-webm-vp8: eb34c28f22e8b96e1ab97ce403110664 -> 
  custom:video-codec-MediaFoundation-h265: 746d11721c4dcdbdad8f713fa42b33f4 -> 
  custom:audio-encoder-webm-vorbis: bf7c407c2cedff20999df2af8eb42d56 -> 
  custom:framework-win-MediaFoundation: 216162199b28c13a410421893ffa2e32 -> 
  custom:container-demuxer-ogg: 62fdf1f143b41e24485cea50d1cbac27 -> 
  custom:video-decoder-webm-vp8: 9c59270c3fd7afecdb556c50c9e8de78 -> 
  custom:audio-decoder-ogg-vorbis: bf7c407c2cedff20999df2af8eb42d56 -> 
========================================================================
Received Prepare
Registering precompiled user dll's ...
Registered in 0.006272 seconds.
Begin MonoManager ReloadAssembly
Symbol file LoadedFromMemory doesn't match image C:\Data\Buckeye Vertical\BV-Domain-Randomization-Unity-Project\Library\PackageCache\com.unity.visualscripting@1.7.8\Editor\VisualScripting.Core\Dependencies\YamlDotNet\Unity.VisualScripting.YamlDotNet.dll
Symbol file LoadedFromMemory doesn't match image C:\Data\Buckeye Vertical\BV-Domain-Randomization-Unity-Project\Library\PackageCache\com.unity.visualscripting@1.7.8\Editor\VisualScripting.Core\Dependencies\DotNetZip\Unity.VisualScripting.IonicZip.dll
Native extension for WindowsStandalone target not found
Native extension for WebGL target not found
Refreshing native plugins compatible for Editor in 0.81 ms, found 3 plugins.
Preloading 0 native plugins for Editor in 0.00 ms.
Mono: successfully reloaded assembly
- Completed reload, in  1.085 seconds
Domain Reload Profiling:
	ReloadAssembly (1086ms)
		BeginReloadAssembly (152ms)
			ExecutionOrderSort (0ms)
			DisableScriptedObjects (8ms)
			BackupInstance (0ms)
			ReleaseScriptingObjects (0ms)
			CreateAndSetChildDomain (46ms)
		EndReloadAssembly (826ms)
			LoadAssemblies (86ms)
			RebuildTransferFunctionScriptingTraits (0ms)
			SetupTypeCache (286ms)
			ReleaseScriptCaches (1ms)
			RebuildScriptCaches (48ms)
			SetupLoadedEditorAssemblies (348ms)
				LogAssemblyErrors (0ms)
				InitializePlatformSupportModulesInManaged (15ms)
				SetLoadedEditorAssemblies (1ms)
				RefreshPlugins (1ms)
				BeforeProcessingInitializeOnLoad (69ms)
				ProcessInitializeOnLoadAttributes (228ms)
				ProcessInitializeOnLoadMethodAttributes (26ms)
				AfterProcessingInitializeOnLoad (8ms)
				EditorAssembliesLoaded (0ms)
			ExecutionOrderSort2 (0ms)
			AwakeInstancesAfterBackupRestoration (12ms)
Platform modules already initialized, skipping
Refreshing native plugins compatible for Editor in 2.16 ms, found 3 plugins.
Preloading 0 native plugins for Editor in 0.00 ms.
Unloading 3348 Unused Serialized files (Serialized files now loaded: 0)
Unloading 20 unused Assets / (79.9 KB). Loaded Objects now: 3877.
Memory consumption went from 123.9 MB to 123.9 MB.
Total: 3.870000 ms (FindLiveObjects: 0.271900 ms CreateObjectMapping: 0.098100 ms MarkObjects: 3.400100 ms  DeleteObjects: 0.098100 ms)

AssetImportParameters requested are different than current active one (requested -> active):
  custom:video-decoder-ogg-theora: a1e56fd34408186e4bbccfd4996cb3dc -> 
  custom:container-muxer-webm: aa71ff27fc2769a1b78a27578f13a17b -> 
  custom:container-demuxer-webm: 4f35f7cbe854078d1ac9338744f61a02 -> 
  custom:video-encoder-webm-vp8: eb34c28f22e8b96e1ab97ce403110664 -> 
  custom:video-codec-MediaFoundation-h265: 746d11721c4dcdbdad8f713fa42b33f4 -> 
  custom:audio-encoder-webm-vorbis: bf7c407c2cedff20999df2af8eb42d56 -> 
  custom:framework-win-MediaFoundation: 216162199b28c13a410421893ffa2e32 -> 
  custom:container-demuxer-ogg: 62fdf1f143b41e24485cea50d1cbac27 -> 
  custom:video-decoder-webm-vp8: 9c59270c3fd7afecdb556c50c9e8de78 -> 
  custom:audio-decoder-ogg-vorbis: bf7c407c2cedff20999df2af8eb42d56 -> 
========================================================================
Received Prepare
Registering precompiled user dll's ...
Registered in 0.005963 seconds.
Begin MonoManager ReloadAssembly
Symbol file LoadedFromMemory doesn't match image C:\Data\Buckeye Vertical\BV-Domain-Randomization-Unity-Project\Library\PackageCache\com.unity.visualscripting@1.7.8\Editor\VisualScripting.Core\Dependencies\YamlDotNet\Unity.VisualScripting.YamlDotNet.dll
Symbol file LoadedFromMemory doesn't match image C:\Data\Buckeye Vertical\BV-Domain-Randomization-Unity-Project\Library\PackageCache\com.unity.visualscripting@1.7.8\Editor\VisualScripting.Core\Dependencies\DotNetZip\Unity.VisualScripting.IonicZip.dll
Native extension for WindowsStandalone target not found
Native extension for WebGL target not found
Refreshing native plugins compatible for Editor in 0.88 ms, found 3 plugins.
Preloading 0 native plugins for Editor in 0.00 ms.
Mono: successfully reloaded assembly
- Completed reload, in  0.964 seconds
Domain Reload Profiling:
	ReloadAssembly (964ms)
		BeginReloadAssembly (130ms)
			ExecutionOrderSort (0ms)
			DisableScriptedObjects (5ms)
			BackupInstance (0ms)
			ReleaseScriptingObjects (0ms)
			CreateAndSetChildDomain (31ms)
		EndReloadAssembly (747ms)
			LoadAssemblies (83ms)
			RebuildTransferFunctionScriptingTraits (0ms)
			SetupTypeCache (220ms)
			ReleaseScriptCaches (1ms)
			RebuildScriptCaches (41ms)
			SetupLoadedEditorAssemblies (352ms)
				LogAssemblyErrors (0ms)
				InitializePlatformSupportModulesInManaged (17ms)
				SetLoadedEditorAssemblies (1ms)
				RefreshPlugins (1ms)
				BeforeProcessingInitializeOnLoad (75ms)
				ProcessInitializeOnLoadAttributes (224ms)
				ProcessInitializeOnLoadMethodAttributes (27ms)
				AfterProcessingInitializeOnLoad (8ms)
				EditorAssembliesLoaded (0ms)
			ExecutionOrderSort2 (0ms)
			AwakeInstancesAfterBackupRestoration (8ms)
Platform modules already initialized, skipping
Refreshing native plugins compatible for Editor in 2.68 ms, found 3 plugins.
Preloading 0 native plugins for Editor in 0.00 ms.
Unloading 3348 Unused Serialized files (Serialized files now loaded: 0)
Unloading 20 unused Assets / (79.9 KB). Loaded Objects now: 3880.
Memory consumption went from 123.9 MB to 123.9 MB.
Total: 3.319600 ms (FindLiveObjects: 0.224000 ms CreateObjectMapping: 0.090800 ms MarkObjects: 2.913300 ms  DeleteObjects: 0.090300 ms)

AssetImportParameters requested are different than current active one (requested -> active):
  custom:video-decoder-ogg-theora: a1e56fd34408186e4bbccfd4996cb3dc -> 
  custom:container-muxer-webm: aa71ff27fc2769a1b78a27578f13a17b -> 
  custom:container-demuxer-webm: 4f35f7cbe854078d1ac9338744f61a02 -> 
  custom:video-encoder-webm-vp8: eb34c28f22e8b96e1ab97ce403110664 -> 
  custom:video-codec-MediaFoundation-h265: 746d11721c4dcdbdad8f713fa42b33f4 -> 
  custom:audio-encoder-webm-vorbis: bf7c407c2cedff20999df2af8eb42d56 -> 
  custom:framework-win-MediaFoundation: 216162199b28c13a410421893ffa2e32 -> 
  custom:container-demuxer-ogg: 62fdf1f143b41e24485cea50d1cbac27 -> 
  custom:video-decoder-webm-vp8: 9c59270c3fd7afecdb556c50c9e8de78 -> 
  custom:audio-decoder-ogg-vorbis: bf7c407c2cedff20999df2af8eb42d56 -> 
========================================================================
Received Prepare
Registering precompiled user dll's ...
Registered in 0.006379 seconds.
Begin MonoManager ReloadAssembly
Symbol file LoadedFromMemory doesn't match image C:\Data\Buckeye Vertical\BV-Domain-Randomization-Unity-Project\Library\PackageCache\com.unity.visualscripting@1.7.8\Editor\VisualScripting.Core\Dependencies\YamlDotNet\Unity.VisualScripting.YamlDotNet.dll
Symbol file LoadedFromMemory doesn't match image C:\Data\Buckeye Vertical\BV-Domain-Randomization-Unity-Project\Library\PackageCache\com.unity.visualscripting@1.7.8\Editor\VisualScripting.Core\Dependencies\DotNetZip\Unity.VisualScripting.IonicZip.dll
Native extension for WindowsStandalone target not found
Native extension for WebGL target not found
Refreshing native plugins compatible for Editor in 0.99 ms, found 3 plugins.
Preloading 0 native plugins for Editor in 0.00 ms.
Mono: successfully reloaded assembly
- Completed reload, in  0.937 seconds
Domain Reload Profiling:
	ReloadAssembly (938ms)
		BeginReloadAssembly (130ms)
			ExecutionOrderSort (0ms)
			DisableScriptedObjects (4ms)
			BackupInstance (0ms)
			ReleaseScriptingObjects (0ms)
			CreateAndSetChildDomain (33ms)
		EndReloadAssembly (719ms)
			LoadAssemblies (82ms)
			RebuildTransferFunctionScriptingTraits (0ms)
			SetupTypeCache (257ms)
			ReleaseScriptCaches (1ms)
			RebuildScriptCaches (34ms)
			SetupLoadedEditorAssemblies (307ms)
				LogAssemblyErrors (0ms)
				InitializePlatformSupportModulesInManaged (13ms)
				SetLoadedEditorAssemblies (0ms)
				RefreshPlugins (1ms)
				BeforeProcessingInitializeOnLoad (62ms)
				ProcessInitializeOnLoadAttributes (199ms)
				ProcessInitializeOnLoadMethodAttributes (23ms)
				AfterProcessingInitializeOnLoad (8ms)
				EditorAssembliesLoaded (0ms)
			ExecutionOrderSort2 (0ms)
			AwakeInstancesAfterBackupRestoration (9ms)
Platform modules already initialized, skipping
Refreshing native plugins compatible for Editor in 2.58 ms, found 3 plugins.
Preloading 0 native plugins for Editor in 0.00 ms.
Unloading 3348 Unused Serialized files (Serialized files now loaded: 0)
Unloading 20 unused Assets / (80.0 KB). Loaded Objects now: 3883.
Memory consumption went from 124.0 MB to 123.9 MB.
Total: 3.509400 ms (FindLiveObjects: 0.197600 ms CreateObjectMapping: 0.098800 ms MarkObjects: 3.129000 ms  DeleteObjects: 0.082700 ms)

AssetImportParameters requested are different than current active one (requested -> active):
  custom:video-decoder-ogg-theora: a1e56fd34408186e4bbccfd4996cb3dc -> 
  custom:container-muxer-webm: aa71ff27fc2769a1b78a27578f13a17b -> 
  custom:container-demuxer-webm: 4f35f7cbe854078d1ac9338744f61a02 -> 
  custom:video-encoder-webm-vp8: eb34c28f22e8b96e1ab97ce403110664 -> 
  custom:video-codec-MediaFoundation-h265: 746d11721c4dcdbdad8f713fa42b33f4 -> 
  custom:audio-encoder-webm-vorbis: bf7c407c2cedff20999df2af8eb42d56 -> 
  custom:framework-win-MediaFoundation: 216162199b28c13a410421893ffa2e32 -> 
  custom:container-demuxer-ogg: 62fdf1f143b41e24485cea50d1cbac27 -> 
  custom:video-decoder-webm-vp8: 9c59270c3fd7afecdb556c50c9e8de78 -> 
  custom:audio-decoder-ogg-vorbis: bf7c407c2cedff20999df2af8eb42d56 -> 
