Using pre-set license
Built from '2021.3/staging' branch; Version is '2021.3.14f1 (eee1884e7226) revision 15655304'; Using compiler version '192829333'; Build Type 'Release'
OS: 'Windows 11  (10.0.22621) 64bit Core' Language: 'en' Physical Memory: 32439 MB
BatchMode: 1, IsHumanControllingUs: 0, StartBugReporterOnCrash: 0, Is64bit: 1, IsPro: 1

COMMAND LINE ARGUMENTS:
C:\Program Files\Unity\Hub\Editor\2021.3.14f1\Editor\Unity.exe
-adb2
-batchMode
-noUpm
-name
AssetImportWorker13
-projectPath
C:/Data/Buckeye Vertical/BV-Domain-Randomization-Unity-Project
-logFile
Logs/AssetImportWorker13.log
-srvPort
61946
Successfully changed project path to: C:/Data/Buckeye Vertical/BV-Domain-Randomization-Unity-Project
C:/Data/Buckeye Vertical/BV-Domain-Randomization-Unity-Project
[UnityMemory] Configuration Parameters - Can be set up in boot.config
    "memorysetup-bucket-allocator-granularity=16"
    "memorysetup-bucket-allocator-bucket-count=8"
    "memorysetup-bucket-allocator-block-size=33554432"
    "memorysetup-bucket-allocator-block-count=8"
    "memorysetup-main-allocator-block-size=16777216"
    "memorysetup-thread-allocator-block-size=16777216"
    "memorysetup-gfx-main-allocator-block-size=16777216"
    "memorysetup-gfx-thread-allocator-block-size=16777216"
    "memorysetup-cache-allocator-block-size=4194304"
    "memorysetup-typetree-allocator-block-size=2097152"
    "memorysetup-profiler-bucket-allocator-granularity=16"
    "memorysetup-profiler-bucket-allocator-bucket-count=8"
    "memorysetup-profiler-bucket-allocator-block-size=33554432"
    "memorysetup-profiler-bucket-allocator-block-count=8"
    "memorysetup-profiler-allocator-block-size=16777216"
    "memorysetup-profiler-editor-allocator-block-size=1048576"
    "memorysetup-temp-allocator-size-main=16777216"
    "memorysetup-job-temp-allocator-block-size=2097152"
    "memorysetup-job-temp-allocator-block-size-background=1048576"
    "memorysetup-job-temp-allocator-reduction-small-platforms=262144"
    "memorysetup-temp-allocator-size-background-worker=32768"
    "memorysetup-temp-allocator-size-job-worker=262144"
    "memorysetup-temp-allocator-size-preload-manager=33554432"
    "memorysetup-temp-allocator-size-nav-mesh-worker=65536"
    "memorysetup-temp-allocator-size-audio-worker=65536"
    "memorysetup-temp-allocator-size-cloud-worker=32768"
    "memorysetup-temp-allocator-size-gi-baking-worker=262144"
    "memorysetup-temp-allocator-size-gfx=262144"
Refreshing native plugins compatible for Editor in 81.26 ms, found 3 plugins.
Preloading 0 native plugins for Editor in 0.00 ms.
Initialize engine version: 2021.3.14f1 (eee1884e7226)
[Subsystems] Discovering subsystems at path C:/Program Files/Unity/Hub/Editor/2021.3.14f1/Editor/Data/Resources/UnitySubsystems
[Subsystems] Discovering subsystems at path C:/Data/Buckeye Vertical/BV-Domain-Randomization-Unity-Project/Assets
GfxDevice: creating device client; threaded=0; jobified=0
Direct3D:
    Version:  Direct3D 11.0 [level 11.1]
    Renderer: NVIDIA GeForce RTX 3050 Ti Laptop GPU (ID=0x25a0)
    Vendor:   NVIDIA
    VRAM:     3978 MB
    Driver:   31.0.15.2879
Initialize mono
Mono path[0] = 'C:/Program Files/Unity/Hub/Editor/2021.3.14f1/Editor/Data/Managed'
Mono path[1] = 'C:/Program Files/Unity/Hub/Editor/2021.3.14f1/Editor/Data/MonoBleedingEdge/lib/mono/unityjit-win32'
Mono config path = 'C:/Program Files/Unity/Hub/Editor/2021.3.14f1/Editor/Data/MonoBleedingEdge/etc'
Using monoOptions --debugger-agent=transport=dt_socket,embedding=1,server=y,suspend=n,address=127.0.0.1:56264
Begin MonoManager ReloadAssembly
Registering precompiled unity dll's ...
Register platform support module: C:/Program Files/Unity/Hub/Editor/2021.3.14f1/Editor/Data/PlaybackEngines/WebGLSupport/UnityEditor.WebGL.Extensions.dll
Register platform support module: C:/Program Files/Unity/Hub/Editor/2021.3.14f1/Editor/Data/PlaybackEngines/WindowsStandaloneSupport/UnityEditor.WindowsStandalone.Extensions.dll
Registered in 0.004667 seconds.
Native extension for WindowsStandalone target not found
Native extension for WebGL target not found
Refreshing native plugins compatible for Editor in 70.51 ms, found 3 plugins.
Preloading 0 native plugins for Editor in 0.00 ms.
Mono: successfully reloaded assembly
- Completed reload, in  0.571 seconds
Domain Reload Profiling:
	ReloadAssembly (572ms)
		BeginReloadAssembly (64ms)
			ExecutionOrderSort (0ms)
			DisableScriptedObjects (0ms)
			BackupInstance (0ms)
			ReleaseScriptingObjects (0ms)
			CreateAndSetChildDomain (1ms)
		EndReloadAssembly (413ms)
			LoadAssemblies (62ms)
			RebuildTransferFunctionScriptingTraits (0ms)
			SetupTypeCache (86ms)
			ReleaseScriptCaches (0ms)
			RebuildScriptCaches (26ms)
			SetupLoadedEditorAssemblies (255ms)
				LogAssemblyErrors (0ms)
				InitializePlatformSupportModulesInManaged (8ms)
				SetLoadedEditorAssemblies (0ms)
				RefreshPlugins (71ms)
				BeforeProcessingInitializeOnLoad (1ms)
				ProcessInitializeOnLoadAttributes (125ms)
				ProcessInitializeOnLoadMethodAttributes (50ms)
				AfterProcessingInitializeOnLoad (0ms)
				EditorAssembliesLoaded (0ms)
			ExecutionOrderSort2 (0ms)
			AwakeInstancesAfterBackupRestoration (0ms)
Platform modules already initialized, skipping
Registering precompiled user dll's ...
Registered in 0.005623 seconds.
Begin MonoManager ReloadAssembly
Symbol file LoadedFromMemory doesn't match image C:\Data\Buckeye Vertical\BV-Domain-Randomization-Unity-Project\Library\PackageCache\com.unity.visualscripting@1.7.8\Editor\VisualScripting.Core\Dependencies\YamlDotNet\Unity.VisualScripting.YamlDotNet.dll
Symbol file LoadedFromMemory doesn't match image C:\Data\Buckeye Vertical\BV-Domain-Randomization-Unity-Project\Library\PackageCache\com.unity.visualscripting@1.7.8\Editor\VisualScripting.Core\Dependencies\DotNetZip\Unity.VisualScripting.IonicZip.dll
Native extension for WindowsStandalone target not found
Native extension for WebGL target not found
Refreshing native plugins compatible for Editor in 0.52 ms, found 3 plugins.
Preloading 0 native plugins for Editor in 0.00 ms.
Mono: successfully reloaded assembly
- Completed reload, in  0.863 seconds
Domain Reload Profiling:
	ReloadAssembly (863ms)
		BeginReloadAssembly (91ms)
			ExecutionOrderSort (0ms)
			DisableScriptedObjects (5ms)
			BackupInstance (0ms)
			ReleaseScriptingObjects (0ms)
			CreateAndSetChildDomain (16ms)
		EndReloadAssembly (672ms)
			LoadAssemblies (64ms)
			RebuildTransferFunctionScriptingTraits (0ms)
			SetupTypeCache (217ms)
			ReleaseScriptCaches (0ms)
			RebuildScriptCaches (40ms)
			SetupLoadedEditorAssemblies (310ms)
				LogAssemblyErrors (0ms)
				InitializePlatformSupportModulesInManaged (5ms)
				SetLoadedEditorAssemblies (0ms)
				RefreshPlugins (1ms)
				BeforeProcessingInitializeOnLoad (71ms)
				ProcessInitializeOnLoadAttributes (207ms)
				ProcessInitializeOnLoadMethodAttributes (20ms)
				AfterProcessingInitializeOnLoad (6ms)
				EditorAssembliesLoaded (0ms)
			ExecutionOrderSort2 (0ms)
			AwakeInstancesAfterBackupRestoration (7ms)
Platform modules already initialized, skipping
========================================================================
Worker process is ready to serve import requests
Launched and connected shader compiler UnityShaderCompiler.exe after 0.12 seconds
Refreshing native plugins compatible for Editor in 0.72 ms, found 3 plugins.
Preloading 0 native plugins for Editor in 0.00 ms.
Unloading 3366 Unused Serialized files (Serialized files now loaded: 0)
Unloading 27 unused Assets / (113.5 KB). Loaded Objects now: 3824.
Memory consumption went from 120.0 MB to 119.9 MB.
Total: 3.669200 ms (FindLiveObjects: 0.217300 ms CreateObjectMapping: 0.092800 ms MarkObjects: 3.228200 ms  DeleteObjects: 0.129600 ms)

AssetImportParameters requested are different than current active one (requested -> active):
  custom:video-decoder-ogg-theora: a1e56fd34408186e4bbccfd4996cb3dc -> 
  custom:container-muxer-webm: aa71ff27fc2769a1b78a27578f13a17b -> 
  custom:container-demuxer-webm: 4f35f7cbe854078d1ac9338744f61a02 -> 
  custom:video-encoder-webm-vp8: eb34c28f22e8b96e1ab97ce403110664 -> 
  custom:video-codec-MediaFoundation-h265: 746d11721c4dcdbdad8f713fa42b33f4 -> 
  custom:audio-encoder-webm-vorbis: bf7c407c2cedff20999df2af8eb42d56 -> 
  custom:framework-win-MediaFoundation: 216162199b28c13a410421893ffa2e32 -> 
  custom:container-demuxer-ogg: 62fdf1f143b41e24485cea50d1cbac27 -> 
  custom:video-decoder-webm-vp8: 9c59270c3fd7afecdb556c50c9e8de78 -> 
  custom:audio-decoder-ogg-vorbis: bf7c407c2cedff20999df2af8eb42d56 -> 
========================================================================
Received Import Request.
  Time since last request: 43447.201498 seconds.
  path: Assets/Resources/Images/Materials/1.mat
  artifactKey: Guid(e8ab1180ed48b5f418012564344a0350) Importer(815301076,1909f56bfc062723c751e8b465ee728b)
Start importing Assets/Resources/Images/Materials/1.mat using Guid(e8ab1180ed48b5f418012564344a0350) Importer(815301076,1909f56bfc062723c751e8b465ee728b)  -> (artifact id: 'c19b34dfa62cbece9d7cb814dd3872b5') in 0.369588 seconds 
========================================================================
Received Import Request.
  Time since last request: 0.782770 seconds.
  path: Assets/Resources/Images/Materials/3.mat
  artifactKey: Guid(8b9122d3475b7b148a6688df2e952513) Importer(815301076,1909f56bfc062723c751e8b465ee728b)
Start importing Assets/Resources/Images/Materials/3.mat using Guid(8b9122d3475b7b148a6688df2e952513) Importer(815301076,1909f56bfc062723c751e8b465ee728b)  -> (artifact id: '6d76e6ca2dbe92d45f1f7c5a6c90e47c') in 0.016480 seconds 
========================================================================
Received Import Request.
  Time since last request: 0.000026 seconds.
  path: Assets/Resources/Images/Materials/7.mat
  artifactKey: Guid(c782c42363759f94f8dea506459c3c4d) Importer(815301076,1909f56bfc062723c751e8b465ee728b)
Start importing Assets/Resources/Images/Materials/7.mat using Guid(c782c42363759f94f8dea506459c3c4d) Importer(815301076,1909f56bfc062723c751e8b465ee728b)  -> (artifact id: '0bb44b93b86706880eae786364fea3df') in 0.016273 seconds 
========================================================================
Received Import Request.
  Time since last request: 0.000024 seconds.
  path: Assets/Resources/Images/Materials/4.mat
  artifactKey: Guid(ee427b4297e8b0042965570cfe0e8272) Importer(815301076,1909f56bfc062723c751e8b465ee728b)
Start importing Assets/Resources/Images/Materials/4.mat using Guid(ee427b4297e8b0042965570cfe0e8272) Importer(815301076,1909f56bfc062723c751e8b465ee728b)  -> (artifact id: '4d475f735fff4521ca73995ee68d6c8c') in 0.013370 seconds 
========================================================================
Received Import Request.
  Time since last request: 5.339888 seconds.
  path: Assets/Resources/Images/0268.png
  artifactKey: Guid(7ed5aefcd5baf9f4c84aed30798b377f) Importer(815301076,1909f56bfc062723c751e8b465ee728b)
Start importing Assets/Resources/Images/0268.png using Guid(7ed5aefcd5baf9f4c84aed30798b377f) Importer(815301076,1909f56bfc062723c751e8b465ee728b)  -> (artifact id: '9d214335198a62e83a5915f8f7e6b092') in 0.108820 seconds 
========================================================================
Received Import Request.
  Time since last request: 0.952458 seconds.
  path: Assets/Resources/Images/0272.png
  artifactKey: Guid(7bc8cea13b778ec41b9350c6974e3a55) Importer(815301076,1909f56bfc062723c751e8b465ee728b)
Start importing Assets/Resources/Images/0272.png using Guid(7bc8cea13b778ec41b9350c6974e3a55) Importer(815301076,1909f56bfc062723c751e8b465ee728b)  -> (artifact id: '735ec4975ee95ebad31cd1980e13bb1e') in 0.021808 seconds 
========================================================================
Received Import Request.
  Time since last request: 0.510071 seconds.
  path: Assets/Resources/Images/0275.png
  artifactKey: Guid(f4acb4edb5cf1dd4991da424c5de24ea) Importer(815301076,1909f56bfc062723c751e8b465ee728b)
Start importing Assets/Resources/Images/0275.png using Guid(f4acb4edb5cf1dd4991da424c5de24ea) Importer(815301076,1909f56bfc062723c751e8b465ee728b)  -> (artifact id: 'a851b615d2a0f0705782b7d832ff7304') in 0.033248 seconds 
========================================================================
Received Import Request.
  Time since last request: 0.975375 seconds.
  path: Assets/Resources/Images/0282.png
  artifactKey: Guid(755ad7387ebd84b4ea9415641988f8bf) Importer(815301076,1909f56bfc062723c751e8b465ee728b)
Start importing Assets/Resources/Images/0282.png using Guid(755ad7387ebd84b4ea9415641988f8bf) Importer(815301076,1909f56bfc062723c751e8b465ee728b)  -> (artifact id: '9fd3ca9d3d5341ebb116d9502096dd8f') in 0.064085 seconds 
========================================================================
Received Import Request.
  Time since last request: 0.000022 seconds.
  path: Assets/Resources/Images/0370.png
  artifactKey: Guid(d6275acad82dd334b86fd300639825d9) Importer(815301076,1909f56bfc062723c751e8b465ee728b)
Start importing Assets/Resources/Images/0370.png using Guid(d6275acad82dd334b86fd300639825d9) Importer(815301076,1909f56bfc062723c751e8b465ee728b)  -> (artifact id: 'e3d1a0537577cbadd365c308595692b7') in 0.011454 seconds 
========================================================================
Received Import Request.
  Time since last request: 0.000024 seconds.
  path: Assets/Resources/Images/3268.png
  artifactKey: Guid(becfbf3b36242ad41b32f4a48758d605) Importer(815301076,1909f56bfc062723c751e8b465ee728b)
Start importing Assets/Resources/Images/3268.png using Guid(becfbf3b36242ad41b32f4a48758d605) Importer(815301076,1909f56bfc062723c751e8b465ee728b)  -> (artifact id: '5fc417095cad1ab44256c40a0b5bfe05') in 0.009739 seconds 
========================================================================
Received Import Request.
  Time since last request: 0.000028 seconds.
  path: Assets/Resources/Images/3273.png
  artifactKey: Guid(e892c5b0e9fbe034da080a5f625dabf1) Importer(815301076,1909f56bfc062723c751e8b465ee728b)
Start importing Assets/Resources/Images/3273.png using Guid(e892c5b0e9fbe034da080a5f625dabf1) Importer(815301076,1909f56bfc062723c751e8b465ee728b)  -> (artifact id: '39d48f59015c1241f714e71b6188714b') in 0.021076 seconds 
========================================================================
Received Import Request.
  Time since last request: 0.000027 seconds.
  path: Assets/Resources/Images/3281.png
  artifactKey: Guid(a06881a0342445542b2f855481c86597) Importer(815301076,1909f56bfc062723c751e8b465ee728b)
Start importing Assets/Resources/Images/3281.png using Guid(a06881a0342445542b2f855481c86597) Importer(815301076,1909f56bfc062723c751e8b465ee728b)  -> (artifact id: '811701920f90a33b4174c5882e302bd4') in 0.009327 seconds 
========================================================================
Received Import Request.
  Time since last request: 0.000027 seconds.
  path: Assets/Resources/Images/3270.png
  artifactKey: Guid(1c52e5084235f7f4cafdf70633f1614b) Importer(815301076,1909f56bfc062723c751e8b465ee728b)
Start importing Assets/Resources/Images/3270.png using Guid(1c52e5084235f7f4cafdf70633f1614b) Importer(815301076,1909f56bfc062723c751e8b465ee728b)  -> (artifact id: '90b724a22d72c0ea05ebd4f02ed4cadd') in 0.009517 seconds 
========================================================================
Received Import Request.
  Time since last request: 0.000029 seconds.
  path: Assets/Resources/Images/3278.png
  artifactKey: Guid(8bc51633cca6e844ab1672f9345fa59b) Importer(815301076,1909f56bfc062723c751e8b465ee728b)
Start importing Assets/Resources/Images/3278.png using Guid(8bc51633cca6e844ab1672f9345fa59b) Importer(815301076,1909f56bfc062723c751e8b465ee728b)  -> (artifact id: '90a937dddf543693f7aab95adc47175f') in 0.010528 seconds 
========================================================================
Received Import Request.
  Time since last request: 0.000072 seconds.
  path: Assets/Resources/Images/0281.png
  artifactKey: Guid(9797e5b6c04bb6040803df90dad6329a) Importer(815301076,1909f56bfc062723c751e8b465ee728b)
Start importing Assets/Resources/Images/0281.png using Guid(9797e5b6c04bb6040803df90dad6329a) Importer(815301076,1909f56bfc062723c751e8b465ee728b)  -> (artifact id: 'eca86785595473293fd226c5f82a31ed') in 0.010534 seconds 
========================================================================
Received Import Request.
  Time since last request: 0.000026 seconds.
  path: Assets/Resources/Images/3269.png
  artifactKey: Guid(404c1f249913f4c49947c597328da47e) Importer(815301076,1909f56bfc062723c751e8b465ee728b)
Start importing Assets/Resources/Images/3269.png using Guid(404c1f249913f4c49947c597328da47e) Importer(815301076,1909f56bfc062723c751e8b465ee728b)  -> (artifact id: 'c0a374ab143a81187127f18736ef4060') in 0.008440 seconds 
========================================================================
Received Import Request.
  Time since last request: 0.000023 seconds.
  path: Assets/Resources/Images/0352.png
  artifactKey: Guid(5ef06157eba4e69429459c72a325b694) Importer(815301076,1909f56bfc062723c751e8b465ee728b)
Start importing Assets/Resources/Images/0352.png using Guid(5ef06157eba4e69429459c72a325b694) Importer(815301076,1909f56bfc062723c751e8b465ee728b)  -> (artifact id: 'e9c8996ed6779cac0711cc42abc2ceea') in 0.009575 seconds 
========================================================================
Received Import Request.
  Time since last request: 0.000021 seconds.
  path: Assets/Resources/Images/0369.png
  artifactKey: Guid(47730fc21f1f34244947fdcf19741629) Importer(815301076,1909f56bfc062723c751e8b465ee728b)
Start importing Assets/Resources/Images/0369.png using Guid(47730fc21f1f34244947fdcf19741629) Importer(815301076,1909f56bfc062723c751e8b465ee728b)  -> (artifact id: 'a8ae942a50e51033bba68111c9949171') in 0.009246 seconds 
========================================================================
Received Import Request.
  Time since last request: 0.000029 seconds.
  path: Assets/Resources/Images/0284.png
  artifactKey: Guid(10dee5afa89b2c6488df29d80d1d0e36) Importer(815301076,1909f56bfc062723c751e8b465ee728b)
Start importing Assets/Resources/Images/0284.png using Guid(10dee5afa89b2c6488df29d80d1d0e36) Importer(815301076,1909f56bfc062723c751e8b465ee728b)  -> (artifact id: 'a4dd691a8956d9a82e7f4b8741df2109') in 0.007405 seconds 
========================================================================
Received Import Request.
  Time since last request: 0.000024 seconds.
  path: Assets/Resources/Images/0350.png
  artifactKey: Guid(7de897a6ab4f94546b722e7d7abc4131) Importer(815301076,1909f56bfc062723c751e8b465ee728b)
Start importing Assets/Resources/Images/0350.png using Guid(7de897a6ab4f94546b722e7d7abc4131) Importer(815301076,1909f56bfc062723c751e8b465ee728b)  -> (artifact id: 'f260f31c1b9f047cedbe1f5008e04e98') in 0.012148 seconds 
========================================================================
Received Import Request.
  Time since last request: 0.000024 seconds.
  path: Assets/Resources/Images/3253.png
  artifactKey: Guid(92efacf104b25f04ca4c9daf6762401e) Importer(815301076,1909f56bfc062723c751e8b465ee728b)
Start importing Assets/Resources/Images/3253.png using Guid(92efacf104b25f04ca4c9daf6762401e) Importer(815301076,1909f56bfc062723c751e8b465ee728b)  -> (artifact id: '90166e71ef3bbbfe4979c8ce28bb4123') in 0.008492 seconds 
========================================================================
Received Import Request.
  Time since last request: 0.000024 seconds.
  path: Assets/Resources/Images/3256.png
  artifactKey: Guid(609776d187d4a494787ccb8c4415a5d9) Importer(815301076,1909f56bfc062723c751e8b465ee728b)
Start importing Assets/Resources/Images/3256.png using Guid(609776d187d4a494787ccb8c4415a5d9) Importer(815301076,1909f56bfc062723c751e8b465ee728b)  -> (artifact id: 'cce6dc0ac2afa44e6e1512de13155573') in 0.007134 seconds 
========================================================================
Received Import Request.
  Time since last request: 0.000023 seconds.
  path: Assets/Resources/Images/0367.png
  artifactKey: Guid(4cf4a352adae1db4b9fc4336879024dd) Importer(815301076,1909f56bfc062723c751e8b465ee728b)
Start importing Assets/Resources/Images/0367.png using Guid(4cf4a352adae1db4b9fc4336879024dd) Importer(815301076,1909f56bfc062723c751e8b465ee728b)  -> (artifact id: '2b1e93c739398143535514bde5df876b') in 0.008833 seconds 
========================================================================
Received Import Request.
  Time since last request: 0.000027 seconds.
  path: Assets/Resources/Images/3285.png
  artifactKey: Guid(143e76e19a88e8b4c86c94bc133860f2) Importer(815301076,1909f56bfc062723c751e8b465ee728b)
Start importing Assets/Resources/Images/3285.png using Guid(143e76e19a88e8b4c86c94bc133860f2) Importer(815301076,1909f56bfc062723c751e8b465ee728b)  -> (artifact id: '86802611bb47b4a79a2ce210f064aecc') in 0.008698 seconds 
========================================================================
Received Import Request.
  Time since last request: 0.000023 seconds.
  path: Assets/Resources/Images/0277.png
  artifactKey: Guid(7c893bcab46407a4289c7c72ec74dbe0) Importer(815301076,1909f56bfc062723c751e8b465ee728b)
Start importing Assets/Resources/Images/0277.png using Guid(7c893bcab46407a4289c7c72ec74dbe0) Importer(815301076,1909f56bfc062723c751e8b465ee728b)  -> (artifact id: 'd94a12a1a21517cc2d6a40bdec8d6c39') in 0.008750 seconds 
========================================================================
Received Import Request.
  Time since last request: 0.000024 seconds.
  path: Assets/Resources/Images/3277.png
  artifactKey: Guid(214e115c593c8f44db3e0de6d7c7c0f4) Importer(815301076,1909f56bfc062723c751e8b465ee728b)
Start importing Assets/Resources/Images/3277.png using Guid(214e115c593c8f44db3e0de6d7c7c0f4) Importer(815301076,1909f56bfc062723c751e8b465ee728b)  -> (artifact id: '2b479c1f516c667a99ac226f8ce99e00') in 0.008736 seconds 
========================================================================
Received Import Request.
  Time since last request: 0.000024 seconds.
  path: Assets/Resources/Images/0280.png
  artifactKey: Guid(6905ba2a7c9568344a60fa913052e0bc) Importer(815301076,1909f56bfc062723c751e8b465ee728b)
Start importing Assets/Resources/Images/0280.png using Guid(6905ba2a7c9568344a60fa913052e0bc) Importer(815301076,1909f56bfc062723c751e8b465ee728b)  -> (artifact id: 'c38febf67c4822bc0d8eb03fa8451277') in 0.008835 seconds 
========================================================================
Received Import Request.
  Time since last request: 0.428575 seconds.
  path: Assets/Resources/Images/3288.png
  artifactKey: Guid(eb12a261535fb304ba426469047d48ad) Importer(815301076,1909f56bfc062723c751e8b465ee728b)
Start importing Assets/Resources/Images/3288.png using Guid(eb12a261535fb304ba426469047d48ad) Importer(815301076,1909f56bfc062723c751e8b465ee728b)  -> (artifact id: 'a53db20d3f031f94772f88da15b2e627') in 0.014312 seconds 
========================================================================
Received Import Request.
  Time since last request: 0.000023 seconds.
  path: Assets/Resources/Images/3349.png
  artifactKey: Guid(6c791fb60e988ac46b484dc2dba34169) Importer(815301076,1909f56bfc062723c751e8b465ee728b)
Start importing Assets/Resources/Images/3349.png using Guid(6c791fb60e988ac46b484dc2dba34169) Importer(815301076,1909f56bfc062723c751e8b465ee728b)  -> (artifact id: '3955189c51c962432e5e20e8bed6279b') in 0.010954 seconds 
========================================================================
Received Import Request.
  Time since last request: 0.010556 seconds.
  path: Assets/Resources/Images/3352.png
  artifactKey: Guid(3e0549fefd2355a438b5beb8c17a44ba) Importer(815301076,1909f56bfc062723c751e8b465ee728b)
Start importing Assets/Resources/Images/3352.png using Guid(3e0549fefd2355a438b5beb8c17a44ba) Importer(815301076,1909f56bfc062723c751e8b465ee728b)  -> (artifact id: 'dba4c5bf6152bad1bf6ae13095232052') in 0.014131 seconds 
========================================================================
Received Import Request.
  Time since last request: 0.000022 seconds.
  path: Assets/Resources/Images/3355.png
  artifactKey: Guid(be407cab4e55a6b46bbac5dbfa1abbd3) Importer(815301076,1909f56bfc062723c751e8b465ee728b)
Start importing Assets/Resources/Images/3355.png using Guid(be407cab4e55a6b46bbac5dbfa1abbd3) Importer(815301076,1909f56bfc062723c751e8b465ee728b)  -> (artifact id: 'b4ebf103eefd1e97cf7a9b15efcd2562') in 0.008134 seconds 
========================================================================
Received Import Request.
  Time since last request: 0.000030 seconds.
  path: Assets/Resources/Images/3369.png
  artifactKey: Guid(a56414fde3bf69b41b536c42d54f94ee) Importer(815301076,1909f56bfc062723c751e8b465ee728b)
Start importing Assets/Resources/Images/3369.png using Guid(a56414fde3bf69b41b536c42d54f94ee) Importer(815301076,1909f56bfc062723c751e8b465ee728b)  -> (artifact id: 'aa419b9032fe058b945ab96ace6a9d92') in 0.010030 seconds 
========================================================================
Received Import Request.
  Time since last request: 0.000028 seconds.
  path: Assets/Resources/Images/3384.png
  artifactKey: Guid(e5a83dc2cb5d1354a901c240e6a38c86) Importer(815301076,1909f56bfc062723c751e8b465ee728b)
Start importing Assets/Resources/Images/3384.png using Guid(e5a83dc2cb5d1354a901c240e6a38c86) Importer(815301076,1909f56bfc062723c751e8b465ee728b)  -> (artifact id: '93966afa2891026a7aea51e972c90969') in 0.011749 seconds 
========================================================================
Received Import Request.
  Time since last request: 0.000025 seconds.
  path: Assets/Resources/Images/3388.png
  artifactKey: Guid(cd56e737891f5ee489d69242afb031ff) Importer(815301076,1909f56bfc062723c751e8b465ee728b)
Start importing Assets/Resources/Images/3388.png using Guid(cd56e737891f5ee489d69242afb031ff) Importer(815301076,1909f56bfc062723c751e8b465ee728b)  -> (artifact id: '36dce0d75c2f3ce537b948fcb077d6a4') in 0.008849 seconds 
========================================================================
Received Import Request.
  Time since last request: 0.000022 seconds.
  path: Assets/Resources/Images/3386.png
  artifactKey: Guid(e562647f20fe8504cb8b829ef2bc05ad) Importer(815301076,1909f56bfc062723c751e8b465ee728b)
Start importing Assets/Resources/Images/3386.png using Guid(e562647f20fe8504cb8b829ef2bc05ad) Importer(815301076,1909f56bfc062723c751e8b465ee728b)  -> (artifact id: 'b7b529f2008b9fc3bf8ce98882c0da8a') in 0.007484 seconds 
========================================================================
Received Import Request.
  Time since last request: 0.000030 seconds.
  path: Assets/Resources/Images/3375.png
  artifactKey: Guid(92f2fb6675d143945a5944ddf4175fbe) Importer(815301076,1909f56bfc062723c751e8b465ee728b)
Start importing Assets/Resources/Images/3375.png using Guid(92f2fb6675d143945a5944ddf4175fbe) Importer(815301076,1909f56bfc062723c751e8b465ee728b)  -> (artifact id: '77ddca2ea3a57e91a5d62fc571a81e86') in 0.006662 seconds 
========================================================================
Received Import Request.
  Time since last request: 0.000023 seconds.
  path: Assets/Resources/Images/3390.png
  artifactKey: Guid(ba076e88bb2f56b4b9bfb5a982ed7e8e) Importer(815301076,1909f56bfc062723c751e8b465ee728b)
Start importing Assets/Resources/Images/3390.png using Guid(ba076e88bb2f56b4b9bfb5a982ed7e8e) Importer(815301076,1909f56bfc062723c751e8b465ee728b)  -> (artifact id: '51142aff41c32207abb44ba241e2eab9') in 0.010168 seconds 
========================================================================
Received Import Request.
  Time since last request: 0.000020 seconds.
  path: Assets/Resources/Images/3457.png
  artifactKey: Guid(6fde535337af9a540ab6d72062626da0) Importer(815301076,1909f56bfc062723c751e8b465ee728b)
Start importing Assets/Resources/Images/3457.png using Guid(6fde535337af9a540ab6d72062626da0) Importer(815301076,1909f56bfc062723c751e8b465ee728b)  -> (artifact id: 'c1fced90c433e3edf6e90ab46f870c68') in 0.007975 seconds 
========================================================================
Received Import Request.
  Time since last request: 0.000023 seconds.
  path: Assets/Resources/Images/3473.png
  artifactKey: Guid(a7f8b97ecaaaf8a4ca9a25a963a43473) Importer(815301076,1909f56bfc062723c751e8b465ee728b)
Start importing Assets/Resources/Images/3473.png using Guid(a7f8b97ecaaaf8a4ca9a25a963a43473) Importer(815301076,1909f56bfc062723c751e8b465ee728b)  -> (artifact id: '17f3314c4993552beb484471e2353fd1') in 0.007869 seconds 
========================================================================
Received Import Request.
  Time since last request: 0.000026 seconds.
  path: Assets/Resources/Images/3480.png
  artifactKey: Guid(35925973852adaa4d91c2733ee76abf5) Importer(815301076,1909f56bfc062723c751e8b465ee728b)
Start importing Assets/Resources/Images/3480.png using Guid(35925973852adaa4d91c2733ee76abf5) Importer(815301076,1909f56bfc062723c751e8b465ee728b)  -> (artifact id: 'f89d14aceca2492f72854dd801c57474') in 0.009723 seconds 
========================================================================
Received Import Request.
  Time since last request: 0.000030 seconds.
  path: Assets/Resources/Images/3479.png
  artifactKey: Guid(4ae66709f5ec073499ae0a1551f7ca99) Importer(815301076,1909f56bfc062723c751e8b465ee728b)
Start importing Assets/Resources/Images/3479.png using Guid(4ae66709f5ec073499ae0a1551f7ca99) Importer(815301076,1909f56bfc062723c751e8b465ee728b)  -> (artifact id: 'b3dfdd69938b8bcd8599960ccf1cc6bb') in 0.008535 seconds 
========================================================================
Received Import Request.
  Time since last request: 0.000024 seconds.
  path: Assets/Resources/Images/3452.png
  artifactKey: Guid(059dd9cf1f37ab34684ea9699e9b2f04) Importer(815301076,1909f56bfc062723c751e8b465ee728b)
Start importing Assets/Resources/Images/3452.png using Guid(059dd9cf1f37ab34684ea9699e9b2f04) Importer(815301076,1909f56bfc062723c751e8b465ee728b)  -> (artifact id: '35b7f0c3aa718ae889b279b1029f073e') in 0.010308 seconds 
========================================================================
Received Import Request.
  Time since last request: 0.000053 seconds.
  path: Assets/Resources/Images/3356.png
  artifactKey: Guid(b8ec54efe667ded42b6328c48730bf1e) Importer(815301076,1909f56bfc062723c751e8b465ee728b)
Start importing Assets/Resources/Images/3356.png using Guid(b8ec54efe667ded42b6328c48730bf1e) Importer(815301076,1909f56bfc062723c751e8b465ee728b)  -> (artifact id: '1e5b23ed50d379d1736aa1a999a1e0ca') in 0.008060 seconds 
========================================================================
Received Import Request.
  Time since last request: 0.000019 seconds.
  path: Assets/Resources/Images/3489.png
  artifactKey: Guid(7a38c188a86bd5c4f8baca9a8aae393b) Importer(815301076,1909f56bfc062723c751e8b465ee728b)
Start importing Assets/Resources/Images/3489.png using Guid(7a38c188a86bd5c4f8baca9a8aae393b) Importer(815301076,1909f56bfc062723c751e8b465ee728b)  -> (artifact id: 'a59e7d4fb4eac44065fb73aa907dc473') in 0.006582 seconds 
========================================================================
Received Import Request.
  Time since last request: 0.000018 seconds.
  path: Assets/Resources/Images/3472.png
  artifactKey: Guid(18d38590f6917094b983da3f32d669f3) Importer(815301076,1909f56bfc062723c751e8b465ee728b)
Start importing Assets/Resources/Images/3472.png using Guid(18d38590f6917094b983da3f32d669f3) Importer(815301076,1909f56bfc062723c751e8b465ee728b)  -> (artifact id: '58b3f929201b8c115445f6fb52e311e7') in 0.009497 seconds 
========================================================================
Received Import Request.
  Time since last request: 0.000018 seconds.
  path: Assets/Resources/Images/3486.png
  artifactKey: Guid(981d46947d84b6d428177b96154b71ef) Importer(815301076,1909f56bfc062723c751e8b465ee728b)
Start importing Assets/Resources/Images/3486.png using Guid(981d46947d84b6d428177b96154b71ef) Importer(815301076,1909f56bfc062723c751e8b465ee728b)  -> (artifact id: 'bac5c2d04c15d6234f123792aae4f06c') in 0.006416 seconds 
========================================================================
Received Import Request.
  Time since last request: 0.000031 seconds.
  path: Assets/Resources/Images/3366.png
  artifactKey: Guid(04d1a223f72dc9f49a47d1fc30725370) Importer(815301076,1909f56bfc062723c751e8b465ee728b)
Start importing Assets/Resources/Images/3366.png using Guid(04d1a223f72dc9f49a47d1fc30725370) Importer(815301076,1909f56bfc062723c751e8b465ee728b)  -> (artifact id: '81025e7ea770f22e1b5e798be34693a1') in 0.008533 seconds 
========================================================================
Received Import Request.
  Time since last request: 0.000023 seconds.
  path: Assets/Resources/Images/3379.png
  artifactKey: Guid(beffd8765a3875c4292865afc7984dcd) Importer(815301076,1909f56bfc062723c751e8b465ee728b)
Start importing Assets/Resources/Images/3379.png using Guid(beffd8765a3875c4292865afc7984dcd) Importer(815301076,1909f56bfc062723c751e8b465ee728b)  -> (artifact id: '617fa15d732e44cf545f1516ff683d9f') in 0.006048 seconds 
========================================================================
Received Import Request.
  Time since last request: 0.000023 seconds.
  path: Assets/Resources/Images/3485.png
  artifactKey: Guid(a480f9bb62f72e64faf6c2c302060532) Importer(815301076,1909f56bfc062723c751e8b465ee728b)
Start importing Assets/Resources/Images/3485.png using Guid(a480f9bb62f72e64faf6c2c302060532) Importer(815301076,1909f56bfc062723c751e8b465ee728b)  -> (artifact id: 'bbec7437e472059ef0ae50afb8ad0fb4') in 0.006589 seconds 
========================================================================
Received Import Request.
  Time since last request: 0.000020 seconds.
  path: Assets/Resources/Images/3449.png
  artifactKey: Guid(3924e42a0f58e4c4a9c3841386dfdfc9) Importer(815301076,1909f56bfc062723c751e8b465ee728b)
Start importing Assets/Resources/Images/3449.png using Guid(3924e42a0f58e4c4a9c3841386dfdfc9) Importer(815301076,1909f56bfc062723c751e8b465ee728b)  -> (artifact id: '5e6d70857fe862e717759391cfc1e28d') in 0.006576 seconds 
========================================================================
Received Import Request.
  Time since last request: 0.000023 seconds.
  path: Assets/Resources/Images/3454.png
  artifactKey: Guid(05623c9396677524a97ea41a44c975d6) Importer(815301076,1909f56bfc062723c751e8b465ee728b)
Start importing Assets/Resources/Images/3454.png using Guid(05623c9396677524a97ea41a44c975d6) Importer(815301076,1909f56bfc062723c751e8b465ee728b)  -> (artifact id: 'c5de83b3971f844280825f35af0dfa19') in 0.005766 seconds 
========================================================================
Received Import Request.
  Time since last request: 3.027494 seconds.
  path: Assets/Resources/Images/3189.png
  artifactKey: Guid(3e120dea236e5584892ca804877be4b9) Importer(815301076,1909f56bfc062723c751e8b465ee728b)
Start importing Assets/Resources/Images/3189.png using Guid(3e120dea236e5584892ca804877be4b9) Importer(815301076,1909f56bfc062723c751e8b465ee728b)  -> (artifact id: 'dce1126e1779a9178c45ade1a61c340c') in 0.036779 seconds 
========================================================================
Received Import Request.
  Time since last request: 0.000062 seconds.
  path: Assets/Resources/Images/3250.png
  artifactKey: Guid(d647ab09a143e604cba0f517577234eb) Importer(815301076,1909f56bfc062723c751e8b465ee728b)
Start importing Assets/Resources/Images/3250.png using Guid(d647ab09a143e604cba0f517577234eb) Importer(815301076,1909f56bfc062723c751e8b465ee728b)  -> (artifact id: 'b116a02b88791303b2cd841cac1f4cd1') in 0.017969 seconds 
========================================================================
Received Import Request.
  Time since last request: 0.000026 seconds.
  path: Assets/Resources/Images/3181.png
  artifactKey: Guid(4081e0810e644304ea75ed57955f2d44) Importer(815301076,1909f56bfc062723c751e8b465ee728b)
Start importing Assets/Resources/Images/3181.png using Guid(4081e0810e644304ea75ed57955f2d44) Importer(815301076,1909f56bfc062723c751e8b465ee728b)  -> (artifact id: '796880c8e3d21198fe7da19deac0252a') in 0.016227 seconds 
========================================================================
Received Import Request.
  Time since last request: 0.000025 seconds.
  path: Assets/Resources/Images/3183.png
  artifactKey: Guid(42b7b7df0e3bb9345ab4854f705c2d2d) Importer(815301076,1909f56bfc062723c751e8b465ee728b)
Start importing Assets/Resources/Images/3183.png using Guid(42b7b7df0e3bb9345ab4854f705c2d2d) Importer(815301076,1909f56bfc062723c751e8b465ee728b)  -> (artifact id: '868fd4c5d5037ee945277448db4fd929') in 0.008533 seconds 
========================================================================
Received Import Request.
  Time since last request: 0.000039 seconds.
  path: Assets/Resources/Images/3178.png
  artifactKey: Guid(208c07bcd0bd27a4097c799f3fa46ee0) Importer(815301076,1909f56bfc062723c751e8b465ee728b)
Start importing Assets/Resources/Images/3178.png using Guid(208c07bcd0bd27a4097c799f3fa46ee0) Importer(815301076,1909f56bfc062723c751e8b465ee728b)  -> (artifact id: '8d7414d88d1265b4506f46d74da6b4a7') in 0.008401 seconds 
========================================================================
Received Import Request.
  Time since last request: 0.000025 seconds.
  path: Assets/Resources/Images/3166.png
  artifactKey: Guid(13794f4687864f44aa7b83c7a3e2d688) Importer(815301076,1909f56bfc062723c751e8b465ee728b)
Start importing Assets/Resources/Images/3166.png using Guid(13794f4687864f44aa7b83c7a3e2d688) Importer(815301076,1909f56bfc062723c751e8b465ee728b)  -> (artifact id: '9ed441dab3da07e849b94627de43d2ec') in 0.016016 seconds 
========================================================================
Received Import Request.
  Time since last request: 0.000027 seconds.
  path: Assets/Resources/Images/3154.png
  artifactKey: Guid(01ae40ad363059743bc2ddda3e2213e6) Importer(815301076,1909f56bfc062723c751e8b465ee728b)
Start importing Assets/Resources/Images/3154.png using Guid(01ae40ad363059743bc2ddda3e2213e6) Importer(815301076,1909f56bfc062723c751e8b465ee728b)  -> (artifact id: 'be028e7d0fcc8d15ba4bdd569d6be806') in 0.008774 seconds 
========================================================================
Received Import Request.
  Time since last request: 0.000066 seconds.
  path: Assets/Resources/Images/3156.png
  artifactKey: Guid(a5320c9ed1059384c86e72c01831cd45) Importer(815301076,1909f56bfc062723c751e8b465ee728b)
Start importing Assets/Resources/Images/3156.png using Guid(a5320c9ed1059384c86e72c01831cd45) Importer(815301076,1909f56bfc062723c751e8b465ee728b)  -> (artifact id: 'de13852a65ad1cac3431924d22727046') in 0.007805 seconds 
========================================================================
Received Import Request.
  Time since last request: 0.000024 seconds.
  path: Assets/Resources/Images/3090.png
  artifactKey: Guid(3e00d30e02cf8804bbc18f9755798ce9) Importer(815301076,1909f56bfc062723c751e8b465ee728b)
Start importing Assets/Resources/Images/3090.png using Guid(3e00d30e02cf8804bbc18f9755798ce9) Importer(815301076,1909f56bfc062723c751e8b465ee728b)  -> (artifact id: '4f6c531beac705f377db61e8f1cdc5d9') in 0.009528 seconds 
========================================================================
Received Import Request.
  Time since last request: 0.000025 seconds.
  path: Assets/Resources/Images/3168.png
  artifactKey: Guid(d3151c1f55709a34694481cf61b46101) Importer(815301076,1909f56bfc062723c751e8b465ee728b)
Start importing Assets/Resources/Images/3168.png using Guid(d3151c1f55709a34694481cf61b46101) Importer(815301076,1909f56bfc062723c751e8b465ee728b)  -> (artifact id: 'b5bdd097dba0e48644fde1642f887fe5') in 0.009372 seconds 
========================================================================
Received Import Request.
  Time since last request: 0.000025 seconds.
  path: Assets/Resources/Images/3089.png
  artifactKey: Guid(5088b653a54b836469bf6ac3ed731cc3) Importer(815301076,1909f56bfc062723c751e8b465ee728b)
Start importing Assets/Resources/Images/3089.png using Guid(5088b653a54b836469bf6ac3ed731cc3) Importer(815301076,1909f56bfc062723c751e8b465ee728b)  -> (artifact id: '144affbae4548ba9c7f2e522fa682e40') in 0.015022 seconds 
========================================================================
Received Import Request.
  Time since last request: 0.000025 seconds.
  path: Assets/Resources/Images/3075.png
  artifactKey: Guid(0d90643634412ce4f96b4fa8743b85b7) Importer(815301076,1909f56bfc062723c751e8b465ee728b)
Start importing Assets/Resources/Images/3075.png using Guid(0d90643634412ce4f96b4fa8743b85b7) Importer(815301076,1909f56bfc062723c751e8b465ee728b)  -> (artifact id: 'a829f876662f77680fb6bcf6af717dfa') in 0.007319 seconds 
========================================================================
Received Import Request.
  Time since last request: 0.000023 seconds.
  path: Assets/Resources/Images/3087.png
  artifactKey: Guid(e18d106e96afb1c46bb5441c6317cc03) Importer(815301076,1909f56bfc062723c751e8b465ee728b)
Start importing Assets/Resources/Images/3087.png using Guid(e18d106e96afb1c46bb5441c6317cc03) Importer(815301076,1909f56bfc062723c751e8b465ee728b)  -> (artifact id: '4f371f5014a79e93035e851c01f8e807') in 0.012600 seconds 
========================================================================
Received Import Request.
  Time since last request: 0.000022 seconds.
  path: Assets/Resources/Images/3170.png
  artifactKey: Guid(04cf28e67550cd84bbef67d380d2f181) Importer(815301076,1909f56bfc062723c751e8b465ee728b)
Start importing Assets/Resources/Images/3170.png using Guid(04cf28e67550cd84bbef67d380d2f181) Importer(815301076,1909f56bfc062723c751e8b465ee728b)  -> (artifact id: '9a4087e3223bd0e0b483173763ac107d') in 0.010907 seconds 
========================================================================
Received Import Request.
  Time since last request: 0.000023 seconds.
  path: Assets/Resources/Images/3073.png
  artifactKey: Guid(25c35ff4116b1f9478473599690a8b26) Importer(815301076,1909f56bfc062723c751e8b465ee728b)
Start importing Assets/Resources/Images/3073.png using Guid(25c35ff4116b1f9478473599690a8b26) Importer(815301076,1909f56bfc062723c751e8b465ee728b)  -> (artifact id: '9c36285934078bb9ae587d214b7360ca') in 0.008275 seconds 
========================================================================
Received Import Request.
  Time since last request: 0.000030 seconds.
  path: Assets/Resources/Images/3051.png
  artifactKey: Guid(5bbcc098afb05814294b915ad8fd95bd) Importer(815301076,1909f56bfc062723c751e8b465ee728b)
Start importing Assets/Resources/Images/3051.png using Guid(5bbcc098afb05814294b915ad8fd95bd) Importer(815301076,1909f56bfc062723c751e8b465ee728b)  -> (artifact id: '90a847bed8c05e55c31b10d74727bf35') in 0.012833 seconds 
========================================================================
Received Import Request.
  Time since last request: 0.000029 seconds.
  path: Assets/Resources/Images/3057.png
  artifactKey: Guid(590731715ba6b134aa9697407370e0d1) Importer(815301076,1909f56bfc062723c751e8b465ee728b)
Start importing Assets/Resources/Images/3057.png using Guid(590731715ba6b134aa9697407370e0d1) Importer(815301076,1909f56bfc062723c751e8b465ee728b)  -> (artifact id: 'bb2e4200d117a4cb88a990b3a15b39c1') in 0.009712 seconds 
========================================================================
Received Import Request.
  Time since last request: 0.000035 seconds.
  path: Assets/Resources/Images/3169.png
  artifactKey: Guid(9db5778816b136d45a571a2180b03186) Importer(815301076,1909f56bfc062723c751e8b465ee728b)
Start importing Assets/Resources/Images/3169.png using Guid(9db5778816b136d45a571a2180b03186) Importer(815301076,1909f56bfc062723c751e8b465ee728b)  -> (artifact id: '10c39b8116340ed6b6cb4a8ff2ffcaef') in 0.012549 seconds 
========================================================================
Received Import Request.
  Time since last request: 0.000024 seconds.
  path: Assets/Resources/Images/3080.png
  artifactKey: Guid(e72de60415ccb0147a1ec51fa1d6fb42) Importer(815301076,1909f56bfc062723c751e8b465ee728b)
Start importing Assets/Resources/Images/3080.png using Guid(e72de60415ccb0147a1ec51fa1d6fb42) Importer(815301076,1909f56bfc062723c751e8b465ee728b)  -> (artifact id: 'ec2682cac47628b03b8d742ce9af3742') in 0.009830 seconds 
========================================================================
Received Import Request.
  Time since last request: 0.863023 seconds.
  path: Assets/Resources/Images/2484.png
  artifactKey: Guid(d52eaf8f589513d4f8bb5f03f89a5aef) Importer(815301076,1909f56bfc062723c751e8b465ee728b)
Start importing Assets/Resources/Images/2484.png using Guid(d52eaf8f589513d4f8bb5f03f89a5aef) Importer(815301076,1909f56bfc062723c751e8b465ee728b)  -> (artifact id: 'bdaf9ef0573c7c185131c350f8846c5b') in 0.013938 seconds 
========================================================================
Received Import Request.
  Time since last request: 0.038870 seconds.
  path: Assets/Resources/Images/2477.png
  artifactKey: Guid(e861cdd0699bb0e46a000fb1b5fe4c53) Importer(815301076,1909f56bfc062723c751e8b465ee728b)
Start importing Assets/Resources/Images/2477.png using Guid(e861cdd0699bb0e46a000fb1b5fe4c53) Importer(815301076,1909f56bfc062723c751e8b465ee728b)  -> (artifact id: '7c243f834e6d78481b73f43356c512b1') in 0.019952 seconds 
========================================================================
Received Import Request.
  Time since last request: 0.000026 seconds.
  path: Assets/Resources/Images/2469.png
  artifactKey: Guid(cf9ce2fab1e9e1148b6d018e0e1f1808) Importer(815301076,1909f56bfc062723c751e8b465ee728b)
Start importing Assets/Resources/Images/2469.png using Guid(cf9ce2fab1e9e1148b6d018e0e1f1808) Importer(815301076,1909f56bfc062723c751e8b465ee728b)  -> (artifact id: 'd2758888f338453f30197c2977a4b119') in 0.015409 seconds 
========================================================================
Received Import Request.
  Time since last request: 0.000019 seconds.
  path: Assets/Resources/Images/2481.png
  artifactKey: Guid(40b96b8b68a8ce84f8ef631399ca2286) Importer(815301076,1909f56bfc062723c751e8b465ee728b)
Start importing Assets/Resources/Images/2481.png using Guid(40b96b8b68a8ce84f8ef631399ca2286) Importer(815301076,1909f56bfc062723c751e8b465ee728b)  -> (artifact id: 'e7849096210491c85ff1ff2cb86363b5') in 0.007843 seconds 
========================================================================
Received Import Request.
  Time since last request: 0.037485 seconds.
  path: Assets/Resources/Images/2456.png
  artifactKey: Guid(6701c6f88bfa4b540b4d06d5792d460e) Importer(815301076,1909f56bfc062723c751e8b465ee728b)
Start importing Assets/Resources/Images/2456.png using Guid(6701c6f88bfa4b540b4d06d5792d460e) Importer(815301076,1909f56bfc062723c751e8b465ee728b)  -> (artifact id: '222592c70303fca112619da9c32cc6dd') in 0.010730 seconds 
========================================================================
Received Import Request.
  Time since last request: 0.000019 seconds.
  path: Assets/Resources/Images/2466.png
  artifactKey: Guid(bf07d99a73ad8554d97ac5c9eacf2bae) Importer(815301076,1909f56bfc062723c751e8b465ee728b)
Start importing Assets/Resources/Images/2466.png using Guid(bf07d99a73ad8554d97ac5c9eacf2bae) Importer(815301076,1909f56bfc062723c751e8b465ee728b)  -> (artifact id: '373d8c90210ad462ecbcfdf99beab122') in 0.007700 seconds 
========================================================================
Received Import Request.
  Time since last request: 1.696540 seconds.
  path: Assets/Resources/Images/2449.png
  artifactKey: Guid(c3aee3e723400214db0f75f212e9f39c) Importer(815301076,1909f56bfc062723c751e8b465ee728b)
Start importing Assets/Resources/Images/2449.png using Guid(c3aee3e723400214db0f75f212e9f39c) Importer(815301076,1909f56bfc062723c751e8b465ee728b)  -> (artifact id: '0fa410e7e7452461fcb021e208f8259e') in 0.015831 seconds 
========================================================================
Received Import Request.
  Time since last request: 0.055882 seconds.
  path: Assets/Resources/Images/2378.png
  artifactKey: Guid(1854ded9cf9a8ef4a887b5f7c36df642) Importer(815301076,1909f56bfc062723c751e8b465ee728b)
Start importing Assets/Resources/Images/2378.png using Guid(1854ded9cf9a8ef4a887b5f7c36df642) Importer(815301076,1909f56bfc062723c751e8b465ee728b)  -> (artifact id: 'db6c31be7700e33b616919f3f0d948ef') in 0.036738 seconds 
========================================================================
Received Import Request.
  Time since last request: 0.000073 seconds.
  path: Assets/Resources/Images/2386.png
  artifactKey: Guid(f653e7522dc282b4c8808f059df4d725) Importer(815301076,1909f56bfc062723c751e8b465ee728b)
Start importing Assets/Resources/Images/2386.png using Guid(f653e7522dc282b4c8808f059df4d725) Importer(815301076,1909f56bfc062723c751e8b465ee728b)  -> (artifact id: 'ac63ff945efc43e323a270fa3e34f682') in 0.023517 seconds 
========================================================================
Received Import Request.
  Time since last request: 0.000030 seconds.
  path: Assets/Resources/Images/2383.png
  artifactKey: Guid(7cc95293663e14645b360364dd94720e) Importer(815301076,1909f56bfc062723c751e8b465ee728b)
Start importing Assets/Resources/Images/2383.png using Guid(7cc95293663e14645b360364dd94720e) Importer(815301076,1909f56bfc062723c751e8b465ee728b)  -> (artifact id: 'fcbe4707a2a5c98c599057a802817239') in 0.016856 seconds 
========================================================================
Received Import Request.
  Time since last request: 0.000056 seconds.
  path: Assets/Resources/Images/2375.png
  artifactKey: Guid(06ec5d5b36991d04d8eabb3e3fec0480) Importer(815301076,1909f56bfc062723c751e8b465ee728b)
Start importing Assets/Resources/Images/2375.png using Guid(06ec5d5b36991d04d8eabb3e3fec0480) Importer(815301076,1909f56bfc062723c751e8b465ee728b)  -> (artifact id: '204ed0f7f8f70e2ee11155243081f3f6') in 0.013481 seconds 
========================================================================
Received Import Request.
  Time since last request: 1.063012 seconds.
  path: Assets/Resources/Images/2357.png
  artifactKey: Guid(6683ddcf497145e4cbf579f2bae05393) Importer(815301076,1909f56bfc062723c751e8b465ee728b)
Start importing Assets/Resources/Images/2357.png using Guid(6683ddcf497145e4cbf579f2bae05393) Importer(815301076,1909f56bfc062723c751e8b465ee728b)  -> (artifact id: '3bc76e4d1fb27ff5a8c492878e3758ac') in 0.040785 seconds 
========================================================================
Received Import Request.
  Time since last request: 0.007213 seconds.
  path: Assets/Resources/Images/2349.png
  artifactKey: Guid(621f219dd11f9b649bad16adedc36ffa) Importer(815301076,1909f56bfc062723c751e8b465ee728b)
Start importing Assets/Resources/Images/2349.png using Guid(621f219dd11f9b649bad16adedc36ffa) Importer(815301076,1909f56bfc062723c751e8b465ee728b)  -> (artifact id: '67706981f916a36a3d33c38dd69954d0') in 0.013520 seconds 
========================================================================
Received Import Request.
  Time since last request: 0.064220 seconds.
  path: Assets/Resources/Images/2286.png
  artifactKey: Guid(8acbcc88e1e5eae4da73a0cf377ab54e) Importer(815301076,1909f56bfc062723c751e8b465ee728b)
Start importing Assets/Resources/Images/2286.png using Guid(8acbcc88e1e5eae4da73a0cf377ab54e) Importer(815301076,1909f56bfc062723c751e8b465ee728b)  -> (artifact id: 'bbbbecf4f87958ad37b3c33c934f2602') in 0.029474 seconds 
========================================================================
Received Import Request.
  Time since last request: 0.000036 seconds.
  path: Assets/Resources/Images/2290.png
  artifactKey: Guid(af54d6e473be9bd4290a5a103bc99954) Importer(815301076,1909f56bfc062723c751e8b465ee728b)
Start importing Assets/Resources/Images/2290.png using Guid(af54d6e473be9bd4290a5a103bc99954) Importer(815301076,1909f56bfc062723c751e8b465ee728b)  -> (artifact id: 'd560da944ba02c0c71f2637775a3d819') in 0.018491 seconds 
========================================================================
Received Import Request.
  Time since last request: 0.000024 seconds.
  path: Assets/Resources/Images/2283.png
  artifactKey: Guid(dda642fddbac86d4eb1bc163a5d4514c) Importer(815301076,1909f56bfc062723c751e8b465ee728b)
Start importing Assets/Resources/Images/2283.png using Guid(dda642fddbac86d4eb1bc163a5d4514c) Importer(815301076,1909f56bfc062723c751e8b465ee728b)  -> (artifact id: '501d9c6d26ff6fc6f439fc247297096f') in 0.012389 seconds 
========================================================================
Received Import Request.
  Time since last request: 0.059623 seconds.
  path: Assets/Resources/Images/2265.png
  artifactKey: Guid(cc8b8b8541a6b754ca525ddb17791d10) Importer(815301076,1909f56bfc062723c751e8b465ee728b)
Start importing Assets/Resources/Images/2265.png using Guid(cc8b8b8541a6b754ca525ddb17791d10) Importer(815301076,1909f56bfc062723c751e8b465ee728b)  -> (artifact id: '7d8086c3409d1e5fe0fb560248e9750c') in 0.012003 seconds 
========================================================================
Received Import Request.
  Time since last request: 0.000088 seconds.
  path: Assets/Resources/Images/2268.png
  artifactKey: Guid(02aedb499d3a4884ea38de091192b126) Importer(815301076,1909f56bfc062723c751e8b465ee728b)
Start importing Assets/Resources/Images/2268.png using Guid(02aedb499d3a4884ea38de091192b126) Importer(815301076,1909f56bfc062723c751e8b465ee728b)  -> (artifact id: 'dccc004d497bf7fbfd4e89b52b630868') in 0.015138 seconds 
========================================================================
Received Import Request.
  Time since last request: 0.000034 seconds.
  path: Assets/Resources/Images/2271.png
  artifactKey: Guid(fe27534b5b10f6d4a9c06a0bb6050fea) Importer(815301076,1909f56bfc062723c751e8b465ee728b)
Start importing Assets/Resources/Images/2271.png using Guid(fe27534b5b10f6d4a9c06a0bb6050fea) Importer(815301076,1909f56bfc062723c751e8b465ee728b)  -> (artifact id: '0562a71a21bcc3eaac7fffc24bae784f') in 0.016190 seconds 
========================================================================
Received Import Request.
  Time since last request: 0.000027 seconds.
  path: Assets/Resources/Images/2251.png
  artifactKey: Guid(bdc414c22d9431b4abe0e8c16570e101) Importer(815301076,1909f56bfc062723c751e8b465ee728b)
Start importing Assets/Resources/Images/2251.png using Guid(bdc414c22d9431b4abe0e8c16570e101) Importer(815301076,1909f56bfc062723c751e8b465ee728b)  -> (artifact id: '02a2978c7ec5341a3ea9026918868d78') in 0.011589 seconds 
========================================================================
Received Import Request.
  Time since last request: 0.000024 seconds.
  path: Assets/Resources/Images/2186.png
  artifactKey: Guid(c9c1bd3f6574b6d4eab3da3d4c2c5a5d) Importer(815301076,1909f56bfc062723c751e8b465ee728b)
Start importing Assets/Resources/Images/2186.png using Guid(c9c1bd3f6574b6d4eab3da3d4c2c5a5d) Importer(815301076,1909f56bfc062723c751e8b465ee728b)  -> (artifact id: 'b324fdfe95a660540a4686adaab39921') in 0.008989 seconds 
========================================================================
Received Import Request.
  Time since last request: 0.000029 seconds.
  path: Assets/Resources/Images/2187.png
  artifactKey: Guid(f4811da421c1adc409eeb64539c57157) Importer(815301076,1909f56bfc062723c751e8b465ee728b)
Start importing Assets/Resources/Images/2187.png using Guid(f4811da421c1adc409eeb64539c57157) Importer(815301076,1909f56bfc062723c751e8b465ee728b)  -> (artifact id: 'f4c91a4540dc4bda961aaae989ec2b3d') in 0.010940 seconds 
========================================================================
Received Import Request.
  Time since last request: 0.032517 seconds.
  path: Assets/Resources/Images/2173.png
  artifactKey: Guid(23b67d754d4befe489b04a7d43f4fab8) Importer(815301076,1909f56bfc062723c751e8b465ee728b)
Start importing Assets/Resources/Images/2173.png using Guid(23b67d754d4befe489b04a7d43f4fab8) Importer(815301076,1909f56bfc062723c751e8b465ee728b)  -> (artifact id: 'c1c3b7b870372023806e9c097d3d7b34') in 0.012733 seconds 
========================================================================
Received Import Request.
  Time since last request: 0.000030 seconds.
  path: Assets/Resources/Images/2178.png
  artifactKey: Guid(a998727a0038b3a4db8dbdf376820812) Importer(815301076,1909f56bfc062723c751e8b465ee728b)
Start importing Assets/Resources/Images/2178.png using Guid(a998727a0038b3a4db8dbdf376820812) Importer(815301076,1909f56bfc062723c751e8b465ee728b)  -> (artifact id: '04fb148c266e19fb58ef2896b49ded76') in 0.013807 seconds 
========================================================================
Received Import Request.
  Time since last request: 0.000037 seconds.
  path: Assets/Resources/Images/2176.png
  artifactKey: Guid(6e3092be5853e1842add4f636c125117) Importer(815301076,1909f56bfc062723c751e8b465ee728b)
Start importing Assets/Resources/Images/2176.png using Guid(6e3092be5853e1842add4f636c125117) Importer(815301076,1909f56bfc062723c751e8b465ee728b)  -> (artifact id: '53920fb2adbc8c76596237a366551c7c') in 0.011551 seconds 
========================================================================
Received Import Request.
  Time since last request: 0.000020 seconds.
  path: Assets/Resources/Images/2169.png
  artifactKey: Guid(73f07e69693a7ed49ae94688fa2d64f7) Importer(815301076,1909f56bfc062723c751e8b465ee728b)
Start importing Assets/Resources/Images/2169.png using Guid(73f07e69693a7ed49ae94688fa2d64f7) Importer(815301076,1909f56bfc062723c751e8b465ee728b)  -> (artifact id: 'ae80188a4c344b2550039ab8579ff870') in 0.015375 seconds 
========================================================================
Received Import Request.
  Time since last request: 0.000021 seconds.
  path: Assets/Resources/Images/2165.png
  artifactKey: Guid(02bd5fde07645384d82650b419bdbd08) Importer(815301076,1909f56bfc062723c751e8b465ee728b)
Start importing Assets/Resources/Images/2165.png using Guid(02bd5fde07645384d82650b419bdbd08) Importer(815301076,1909f56bfc062723c751e8b465ee728b)  -> (artifact id: 'fcba2487f8ccd24eed4fcf43c472dcdb') in 0.008721 seconds 
========================================================================
Received Import Request.
  Time since last request: 0.009653 seconds.
  path: Assets/Resources/Images/2153.png
  artifactKey: Guid(65ed1c23c2b525f44b08cc334c6ab6de) Importer(815301076,1909f56bfc062723c751e8b465ee728b)
Start importing Assets/Resources/Images/2153.png using Guid(65ed1c23c2b525f44b08cc334c6ab6de) Importer(815301076,1909f56bfc062723c751e8b465ee728b)  -> (artifact id: '54c22e636ff2151bdbdc41147821b245') in 0.007843 seconds 
========================================================================
Received Import Request.
  Time since last request: 1.474232 seconds.
  path: Assets/Resources/Images/1348.png
  artifactKey: Guid(e10c96936e867bd40b92ec4317cef56d) Importer(815301076,1909f56bfc062723c751e8b465ee728b)
Start importing Assets/Resources/Images/1348.png using Guid(e10c96936e867bd40b92ec4317cef56d) Importer(815301076,1909f56bfc062723c751e8b465ee728b)  -> (artifact id: '832caa84f2d406fc0e6095f45cc38b47') in 0.052320 seconds 
========================================================================
Received Import Request.
  Time since last request: 0.000046 seconds.
  path: Assets/Resources/Images/1354.png
  artifactKey: Guid(f9b0419342ddf674296f3527edf42781) Importer(815301076,1909f56bfc062723c751e8b465ee728b)
Start importing Assets/Resources/Images/1354.png using Guid(f9b0419342ddf674296f3527edf42781) Importer(815301076,1909f56bfc062723c751e8b465ee728b)  -> (artifact id: '5f754764a3b5bee259e8f1a6632f4dd5') in 0.020698 seconds 
========================================================================
Received Import Request.
  Time since last request: 0.000056 seconds.
  path: Assets/Resources/Images/0456.png
  artifactKey: Guid(b5f3eda15f0f4664f9f6079cc47162a0) Importer(815301076,1909f56bfc062723c751e8b465ee728b)
Start importing Assets/Resources/Images/0456.png using Guid(b5f3eda15f0f4664f9f6079cc47162a0) Importer(815301076,1909f56bfc062723c751e8b465ee728b)  -> (artifact id: 'ad4b62e3b14bf4ab190a3c37215bf0b3') in 0.022378 seconds 
========================================================================
Received Import Request.
  Time since last request: 0.000072 seconds.
  path: Assets/Resources/Images/0384.png
  artifactKey: Guid(272f022594171ba498d1ef36a7120655) Importer(815301076,1909f56bfc062723c751e8b465ee728b)
Start importing Assets/Resources/Images/0384.png using Guid(272f022594171ba498d1ef36a7120655) Importer(815301076,1909f56bfc062723c751e8b465ee728b)  -> (artifact id: '55d6c854c19226723381fb45e04c2b5e') in 0.013961 seconds 
========================================================================
Received Import Request.
  Time since last request: 0.000050 seconds.
  path: Assets/Resources/Images/1356.png
  artifactKey: Guid(c1a8b3088875b3d49849974ea3d842d4) Importer(815301076,1909f56bfc062723c751e8b465ee728b)
Start importing Assets/Resources/Images/1356.png using Guid(c1a8b3088875b3d49849974ea3d842d4) Importer(815301076,1909f56bfc062723c751e8b465ee728b)  -> (artifact id: '9aa6a73585a92d0ed99ed0291df721d8') in 0.020903 seconds 
========================================================================
Received Import Request.
  Time since last request: 0.000045 seconds.
  path: Assets/Resources/Images/0388.png
  artifactKey: Guid(e0da2a96c50cebc42a48e9d93992af30) Importer(815301076,1909f56bfc062723c751e8b465ee728b)
Start importing Assets/Resources/Images/0388.png using Guid(e0da2a96c50cebc42a48e9d93992af30) Importer(815301076,1909f56bfc062723c751e8b465ee728b)  -> (artifact id: '319f09a786885be03f59b7553db4698d') in 0.016942 seconds 
========================================================================
Received Import Request.
  Time since last request: 0.000056 seconds.
  path: Assets/Resources/Images/0465.png
  artifactKey: Guid(2792c9c03efd69c408c9fe709f47ca42) Importer(815301076,1909f56bfc062723c751e8b465ee728b)
Start importing Assets/Resources/Images/0465.png using Guid(2792c9c03efd69c408c9fe709f47ca42) Importer(815301076,1909f56bfc062723c751e8b465ee728b)  -> (artifact id: 'abeda677b83edfb4aabb0a5c41df2457') in 0.018632 seconds 
========================================================================
Received Import Request.
  Time since last request: 0.000040 seconds.
  path: Assets/Resources/Images/1353.png
  artifactKey: Guid(25b696f424d713a4db1f908c0be4c315) Importer(815301076,1909f56bfc062723c751e8b465ee728b)
Start importing Assets/Resources/Images/1353.png using Guid(25b696f424d713a4db1f908c0be4c315) Importer(815301076,1909f56bfc062723c751e8b465ee728b)  -> (artifact id: '2bdd948eade838b256c979c34cacca03') in 0.014769 seconds 
========================================================================
Received Import Request.
  Time since last request: 0.000025 seconds.
  path: Assets/Resources/Images/0383.png
  artifactKey: Guid(2e8c2dc77637ab3409d17887abdafc11) Importer(815301076,1909f56bfc062723c751e8b465ee728b)
Start importing Assets/Resources/Images/0383.png using Guid(2e8c2dc77637ab3409d17887abdafc11) Importer(815301076,1909f56bfc062723c751e8b465ee728b)  -> (artifact id: '98028bb8b934b7fac08562c13fb71e7d') in 0.015591 seconds 
========================================================================
Received Prepare
Registering precompiled user dll's ...
Registered in 0.008322 seconds.
Begin MonoManager ReloadAssembly
Symbol file LoadedFromMemory doesn't match image C:\Data\Buckeye Vertical\BV-Domain-Randomization-Unity-Project\Library\PackageCache\com.unity.visualscripting@1.7.8\Editor\VisualScripting.Core\Dependencies\YamlDotNet\Unity.VisualScripting.YamlDotNet.dll
Symbol file LoadedFromMemory doesn't match image C:\Data\Buckeye Vertical\BV-Domain-Randomization-Unity-Project\Library\PackageCache\com.unity.visualscripting@1.7.8\Editor\VisualScripting.Core\Dependencies\DotNetZip\Unity.VisualScripting.IonicZip.dll
Native extension for WindowsStandalone target not found
Native extension for WebGL target not found
Refreshing native plugins compatible for Editor in 0.53 ms, found 3 plugins.
Preloading 0 native plugins for Editor in 0.00 ms.
Mono: successfully reloaded assembly
- Completed reload, in  0.926 seconds
Domain Reload Profiling:
	ReloadAssembly (927ms)
		BeginReloadAssembly (149ms)
			ExecutionOrderSort (0ms)
			DisableScriptedObjects (4ms)
			BackupInstance (0ms)
			ReleaseScriptingObjects (0ms)
			CreateAndSetChildDomain (51ms)
		EndReloadAssembly (687ms)
			LoadAssemblies (79ms)
			RebuildTransferFunctionScriptingTraits (0ms)
			SetupTypeCache (233ms)
			ReleaseScriptCaches (1ms)
			RebuildScriptCaches (37ms)
			SetupLoadedEditorAssemblies (292ms)
				LogAssemblyErrors (0ms)
				InitializePlatformSupportModulesInManaged (12ms)
				SetLoadedEditorAssemblies (0ms)
				RefreshPlugins (1ms)
				BeforeProcessingInitializeOnLoad (57ms)
				ProcessInitializeOnLoadAttributes (191ms)
				ProcessInitializeOnLoadMethodAttributes (25ms)
				AfterProcessingInitializeOnLoad (6ms)
				EditorAssembliesLoaded (0ms)
			ExecutionOrderSort2 (0ms)
			AwakeInstancesAfterBackupRestoration (7ms)
Platform modules already initialized, skipping
Refreshing native plugins compatible for Editor in 2.47 ms, found 3 plugins.
Preloading 0 native plugins for Editor in 0.00 ms.
Unloading 3348 Unused Serialized files (Serialized files now loaded: 0)
Unloading 20 unused Assets / (80.1 KB). Loaded Objects now: 3870.
Memory consumption went from 123.5 MB to 123.4 MB.
Total: 4.092400 ms (FindLiveObjects: 0.385200 ms CreateObjectMapping: 0.180100 ms MarkObjects: 3.414400 ms  DeleteObjects: 0.110800 ms)

AssetImportParameters requested are different than current active one (requested -> active):
  custom:video-decoder-ogg-theora: a1e56fd34408186e4bbccfd4996cb3dc -> 
  custom:container-muxer-webm: aa71ff27fc2769a1b78a27578f13a17b -> 
  custom:container-demuxer-webm: 4f35f7cbe854078d1ac9338744f61a02 -> 
  custom:video-encoder-webm-vp8: eb34c28f22e8b96e1ab97ce403110664 -> 
  custom:video-codec-MediaFoundation-h265: 746d11721c4dcdbdad8f713fa42b33f4 -> 
  custom:audio-encoder-webm-vorbis: bf7c407c2cedff20999df2af8eb42d56 -> 
  custom:framework-win-MediaFoundation: 216162199b28c13a410421893ffa2e32 -> 
  custom:container-demuxer-ogg: 62fdf1f143b41e24485cea50d1cbac27 -> 
  custom:video-decoder-webm-vp8: 9c59270c3fd7afecdb556c50c9e8de78 -> 
  custom:audio-decoder-ogg-vorbis: bf7c407c2cedff20999df2af8eb42d56 -> 
Editor requested this worker to shutdown with reason: Scaling down because of idle timeout
AssetImportWorker is now disconnected from the server
Process exiting
Exiting without the bug reporter. Application will terminate with return code 0