Using pre-set license
Built from '2021.3/staging' branch; Version is '2021.3.14f1 (eee1884e7226) revision 15655304'; Using compiler version '192829333'; Build Type 'Release'
OS: 'Windows 11  (10.0.22621) 64bit Core' Language: 'en' Physical Memory: 32439 MB
BatchMode: 1, IsHumanControllingUs: 0, StartBugReporterOnCrash: 0, Is64bit: 1, IsPro: 1

COMMAND LINE ARGUMENTS:
C:\Program Files\Unity\Hub\Editor\2021.3.14f1\Editor\Unity.exe
-adb2
-batchMode
-noUpm
-name
AssetImportWorker11
-projectPath
C:/Data/Buckeye Vertical/BV-Domain-Randomization-Unity-Project
-logFile
Logs/AssetImportWorker11.log
-srvPort
61946
Successfully changed project path to: C:/Data/Buckeye Vertical/BV-Domain-Randomization-Unity-Project
C:/Data/Buckeye Vertical/BV-Domain-Randomization-Unity-Project
[UnityMemory] Configuration Parameters - Can be set up in boot.config
    "memorysetup-bucket-allocator-granularity=16"
    "memorysetup-bucket-allocator-bucket-count=8"
    "memorysetup-bucket-allocator-block-size=33554432"
    "memorysetup-bucket-allocator-block-count=8"
    "memorysetup-main-allocator-block-size=16777216"
    "memorysetup-thread-allocator-block-size=16777216"
    "memorysetup-gfx-main-allocator-block-size=16777216"
    "memorysetup-gfx-thread-allocator-block-size=16777216"
    "memorysetup-cache-allocator-block-size=4194304"
    "memorysetup-typetree-allocator-block-size=2097152"
    "memorysetup-profiler-bucket-allocator-granularity=16"
    "memorysetup-profiler-bucket-allocator-bucket-count=8"
    "memorysetup-profiler-bucket-allocator-block-size=33554432"
    "memorysetup-profiler-bucket-allocator-block-count=8"
    "memorysetup-profiler-allocator-block-size=16777216"
    "memorysetup-profiler-editor-allocator-block-size=1048576"
    "memorysetup-temp-allocator-size-main=16777216"
    "memorysetup-job-temp-allocator-block-size=2097152"
    "memorysetup-job-temp-allocator-block-size-background=1048576"
    "memorysetup-job-temp-allocator-reduction-small-platforms=262144"
    "memorysetup-temp-allocator-size-background-worker=32768"
    "memorysetup-temp-allocator-size-job-worker=262144"
    "memorysetup-temp-allocator-size-preload-manager=33554432"
    "memorysetup-temp-allocator-size-nav-mesh-worker=65536"
    "memorysetup-temp-allocator-size-audio-worker=65536"
    "memorysetup-temp-allocator-size-cloud-worker=32768"
    "memorysetup-temp-allocator-size-gi-baking-worker=262144"
    "memorysetup-temp-allocator-size-gfx=262144"
Refreshing native plugins compatible for Editor in 83.80 ms, found 3 plugins.
Preloading 0 native plugins for Editor in 0.00 ms.
Initialize engine version: 2021.3.14f1 (eee1884e7226)
[Subsystems] Discovering subsystems at path C:/Program Files/Unity/Hub/Editor/2021.3.14f1/Editor/Data/Resources/UnitySubsystems
[Subsystems] Discovering subsystems at path C:/Data/Buckeye Vertical/BV-Domain-Randomization-Unity-Project/Assets
GfxDevice: creating device client; threaded=0; jobified=0
Direct3D:
    Version:  Direct3D 11.0 [level 11.1]
    Renderer: NVIDIA GeForce RTX 3050 Ti Laptop GPU (ID=0x25a0)
    Vendor:   NVIDIA
    VRAM:     3978 MB
    Driver:   31.0.15.2879
Initialize mono
Mono path[0] = 'C:/Program Files/Unity/Hub/Editor/2021.3.14f1/Editor/Data/Managed'
Mono path[1] = 'C:/Program Files/Unity/Hub/Editor/2021.3.14f1/Editor/Data/MonoBleedingEdge/lib/mono/unityjit-win32'
Mono config path = 'C:/Program Files/Unity/Hub/Editor/2021.3.14f1/Editor/Data/MonoBleedingEdge/etc'
Using monoOptions --debugger-agent=transport=dt_socket,embedding=1,server=y,suspend=n,address=127.0.0.1:56868
Begin MonoManager ReloadAssembly
Registering precompiled unity dll's ...
Register platform support module: C:/Program Files/Unity/Hub/Editor/2021.3.14f1/Editor/Data/PlaybackEngines/WebGLSupport/UnityEditor.WebGL.Extensions.dll
Register platform support module: C:/Program Files/Unity/Hub/Editor/2021.3.14f1/Editor/Data/PlaybackEngines/WindowsStandaloneSupport/UnityEditor.WindowsStandalone.Extensions.dll
Registered in 0.004927 seconds.
Native extension for WindowsStandalone target not found
Native extension for WebGL target not found
Refreshing native plugins compatible for Editor in 69.69 ms, found 3 plugins.
Preloading 0 native plugins for Editor in 0.00 ms.
Mono: successfully reloaded assembly
- Completed reload, in  0.583 seconds
Domain Reload Profiling:
	ReloadAssembly (583ms)
		BeginReloadAssembly (69ms)
			ExecutionOrderSort (0ms)
			DisableScriptedObjects (0ms)
			BackupInstance (0ms)
			ReleaseScriptingObjects (0ms)
			CreateAndSetChildDomain (1ms)
		EndReloadAssembly (406ms)
			LoadAssemblies (67ms)
			RebuildTransferFunctionScriptingTraits (0ms)
			SetupTypeCache (87ms)
			ReleaseScriptCaches (0ms)
			RebuildScriptCaches (24ms)
			SetupLoadedEditorAssemblies (248ms)
				LogAssemblyErrors (0ms)
				InitializePlatformSupportModulesInManaged (8ms)
				SetLoadedEditorAssemblies (0ms)
				RefreshPlugins (70ms)
				BeforeProcessingInitializeOnLoad (1ms)
				ProcessInitializeOnLoadAttributes (123ms)
				ProcessInitializeOnLoadMethodAttributes (46ms)
				AfterProcessingInitializeOnLoad (0ms)
				EditorAssembliesLoaded (0ms)
			ExecutionOrderSort2 (0ms)
			AwakeInstancesAfterBackupRestoration (0ms)
Platform modules already initialized, skipping
Registering precompiled user dll's ...
Registered in 0.005360 seconds.
Begin MonoManager ReloadAssembly
Symbol file LoadedFromMemory doesn't match image C:\Data\Buckeye Vertical\BV-Domain-Randomization-Unity-Project\Library\PackageCache\com.unity.visualscripting@1.7.8\Editor\VisualScripting.Core\Dependencies\YamlDotNet\Unity.VisualScripting.YamlDotNet.dll
Symbol file LoadedFromMemory doesn't match image C:\Data\Buckeye Vertical\BV-Domain-Randomization-Unity-Project\Library\PackageCache\com.unity.visualscripting@1.7.8\Editor\VisualScripting.Core\Dependencies\DotNetZip\Unity.VisualScripting.IonicZip.dll
Native extension for WindowsStandalone target not found
Native extension for WebGL target not found
Refreshing native plugins compatible for Editor in 0.51 ms, found 3 plugins.
Preloading 0 native plugins for Editor in 0.00 ms.
Mono: successfully reloaded assembly
- Completed reload, in  0.877 seconds
Domain Reload Profiling:
	ReloadAssembly (878ms)
		BeginReloadAssembly (91ms)
			ExecutionOrderSort (0ms)
			DisableScriptedObjects (5ms)
			BackupInstance (0ms)
			ReleaseScriptingObjects (0ms)
			CreateAndSetChildDomain (17ms)
		EndReloadAssembly (682ms)
			LoadAssemblies (65ms)
			RebuildTransferFunctionScriptingTraits (0ms)
			SetupTypeCache (224ms)
			ReleaseScriptCaches (0ms)
			RebuildScriptCaches (41ms)
			SetupLoadedEditorAssemblies (306ms)
				LogAssemblyErrors (0ms)
				InitializePlatformSupportModulesInManaged (6ms)
				SetLoadedEditorAssemblies (0ms)
				RefreshPlugins (1ms)
				BeforeProcessingInitializeOnLoad (71ms)
				ProcessInitializeOnLoadAttributes (202ms)
				ProcessInitializeOnLoadMethodAttributes (20ms)
				AfterProcessingInitializeOnLoad (6ms)
				EditorAssembliesLoaded (0ms)
			ExecutionOrderSort2 (0ms)
			AwakeInstancesAfterBackupRestoration (7ms)
Platform modules already initialized, skipping
========================================================================
Worker process is ready to serve import requests
Launched and connected shader compiler UnityShaderCompiler.exe after 0.08 seconds
Refreshing native plugins compatible for Editor in 0.47 ms, found 3 plugins.
Preloading 0 native plugins for Editor in 0.00 ms.
Unloading 3366 Unused Serialized files (Serialized files now loaded: 0)
Unloading 27 unused Assets / (113.5 KB). Loaded Objects now: 3824.
Memory consumption went from 120.0 MB to 119.9 MB.
Total: 3.523900 ms (FindLiveObjects: 0.209600 ms CreateObjectMapping: 0.093500 ms MarkObjects: 3.117700 ms  DeleteObjects: 0.100800 ms)

AssetImportParameters requested are different than current active one (requested -> active):
  custom:video-decoder-ogg-theora: a1e56fd34408186e4bbccfd4996cb3dc -> 
  custom:container-muxer-webm: aa71ff27fc2769a1b78a27578f13a17b -> 
  custom:container-demuxer-webm: 4f35f7cbe854078d1ac9338744f61a02 -> 
  custom:video-encoder-webm-vp8: eb34c28f22e8b96e1ab97ce403110664 -> 
  custom:video-codec-MediaFoundation-h265: 746d11721c4dcdbdad8f713fa42b33f4 -> 
  custom:audio-encoder-webm-vorbis: bf7c407c2cedff20999df2af8eb42d56 -> 
  custom:framework-win-MediaFoundation: 216162199b28c13a410421893ffa2e32 -> 
  custom:container-demuxer-ogg: 62fdf1f143b41e24485cea50d1cbac27 -> 
  custom:video-decoder-webm-vp8: 9c59270c3fd7afecdb556c50c9e8de78 -> 
  custom:audio-decoder-ogg-vorbis: bf7c407c2cedff20999df2af8eb42d56 -> 
========================================================================
Received Import Request.
  Time since last request: 43211.058434 seconds.
  path: Assets/Resources/Images/1089.png
  artifactKey: Guid(4cc9dc0c534dfe646a36c675e1244126) Importer(815301076,1909f56bfc062723c751e8b465ee728b)
Start importing Assets/Resources/Images/1089.png using Guid(4cc9dc0c534dfe646a36c675e1244126) Importer(815301076,1909f56bfc062723c751e8b465ee728b)  -> (artifact id: 'a89367f1d667b8bbebed05f81eadb117') in 0.073964 seconds 
========================================================================
Received Import Request.
  Time since last request: 0.000027 seconds.
  path: Assets/Resources/Images/1378.png
  artifactKey: Guid(0104eaf1eccbcb84aa3dfc9511f68379) Importer(815301076,1909f56bfc062723c751e8b465ee728b)
Start importing Assets/Resources/Images/1378.png using Guid(0104eaf1eccbcb84aa3dfc9511f68379) Importer(815301076,1909f56bfc062723c751e8b465ee728b)  -> (artifact id: '947cfa19260d43d26a493ada1314bc40') in 0.011445 seconds 
========================================================================
Received Import Request.
  Time since last request: 0.000030 seconds.
  path: Assets/Resources/Images/1377.png
  artifactKey: Guid(6c1feba315f999e48bbc09e9b5764e14) Importer(815301076,1909f56bfc062723c751e8b465ee728b)
Start importing Assets/Resources/Images/1377.png using Guid(6c1feba315f999e48bbc09e9b5764e14) Importer(815301076,1909f56bfc062723c751e8b465ee728b)  -> (artifact id: 'ca2b7ad768c25ca80c9865e675a48e5a') in 0.014943 seconds 
========================================================================
Received Import Request.
  Time since last request: 0.000018 seconds.
  path: Assets/Resources/Images/1379.png
  artifactKey: Guid(555ae2ce9c1a0214f81c6f5989d47078) Importer(815301076,1909f56bfc062723c751e8b465ee728b)
Start importing Assets/Resources/Images/1379.png using Guid(555ae2ce9c1a0214f81c6f5989d47078) Importer(815301076,1909f56bfc062723c751e8b465ee728b)  -> (artifact id: '6ee1102e04526e9e8146f309ad7eb49b') in 0.008412 seconds 
========================================================================
Received Import Request.
  Time since last request: 0.000018 seconds.
  path: Assets/Resources/Images/1380.png
  artifactKey: Guid(8f738212885396848a3a6d124e8d6c38) Importer(815301076,1909f56bfc062723c751e8b465ee728b)
Start importing Assets/Resources/Images/1380.png using Guid(8f738212885396848a3a6d124e8d6c38) Importer(815301076,1909f56bfc062723c751e8b465ee728b)  -> (artifact id: 'd07d1d5bbe70eb6ace48f5040a1d298e') in 0.010332 seconds 
========================================================================
Received Import Request.
  Time since last request: 0.000021 seconds.
  path: Assets/Resources/Images/1174.png
  artifactKey: Guid(477e1c09e0a24c84fb8532d88ef2bf2e) Importer(815301076,1909f56bfc062723c751e8b465ee728b)
Start importing Assets/Resources/Images/1174.png using Guid(477e1c09e0a24c84fb8532d88ef2bf2e) Importer(815301076,1909f56bfc062723c751e8b465ee728b)  -> (artifact id: 'df384408248c26bb375b6c493f29c51b') in 0.010782 seconds 
========================================================================
Received Import Request.
  Time since last request: 0.000023 seconds.
  path: Assets/Resources/Images/1389.png
  artifactKey: Guid(521ecbaf4da26b2468d30f725bb8516d) Importer(815301076,1909f56bfc062723c751e8b465ee728b)
Start importing Assets/Resources/Images/1389.png using Guid(521ecbaf4da26b2468d30f725bb8516d) Importer(815301076,1909f56bfc062723c751e8b465ee728b)  -> (artifact id: 'bee67ecfa042488771e407b205d9c73c') in 0.007985 seconds 
========================================================================
Received Import Request.
  Time since last request: 0.000023 seconds.
  path: Assets/Resources/Images/1173.png
  artifactKey: Guid(5c88280b873bca248873e2e4761abed2) Importer(815301076,1909f56bfc062723c751e8b465ee728b)
Start importing Assets/Resources/Images/1173.png using Guid(5c88280b873bca248873e2e4761abed2) Importer(815301076,1909f56bfc062723c751e8b465ee728b)  -> (artifact id: '2875df3660fbf59ea98bb1ad6af707e9') in 0.011634 seconds 
========================================================================
Received Import Request.
  Time since last request: 0.000023 seconds.
  path: Assets/Resources/Images/1155.png
  artifactKey: Guid(dcc0b7171d483e942a9fbb7c81fe657b) Importer(815301076,1909f56bfc062723c751e8b465ee728b)
Start importing Assets/Resources/Images/1155.png using Guid(dcc0b7171d483e942a9fbb7c81fe657b) Importer(815301076,1909f56bfc062723c751e8b465ee728b)  -> (artifact id: '25cb4b6f1f5310029f2e4e5407c5450d') in 0.006039 seconds 
========================================================================
Received Import Request.
  Time since last request: 0.000018 seconds.
  path: Assets/Resources/Images/1373.png
  artifactKey: Guid(5d20c1baa1c0509449ba5bee8be6afbd) Importer(815301076,1909f56bfc062723c751e8b465ee728b)
Start importing Assets/Resources/Images/1373.png using Guid(5d20c1baa1c0509449ba5bee8be6afbd) Importer(815301076,1909f56bfc062723c751e8b465ee728b)  -> (artifact id: '18c7a032bc818c1778c6cc2d0f00691c') in 0.011951 seconds 
========================================================================
Received Import Request.
  Time since last request: 0.000018 seconds.
  path: Assets/Resources/Images/1381.png
  artifactKey: Guid(b3c05310b4786be42b4bdf5b28b74479) Importer(815301076,1909f56bfc062723c751e8b465ee728b)
Start importing Assets/Resources/Images/1381.png using Guid(b3c05310b4786be42b4bdf5b28b74479) Importer(815301076,1909f56bfc062723c751e8b465ee728b)  -> (artifact id: '72b8f1435ebed8936980d850e331f815') in 0.008537 seconds 
========================================================================
Received Import Request.
  Time since last request: 0.000019 seconds.
  path: Assets/Resources/Images/1388.png
  artifactKey: Guid(18568acbe9595354cb8c61f57fde66d1) Importer(815301076,1909f56bfc062723c751e8b465ee728b)
Start importing Assets/Resources/Images/1388.png using Guid(18568acbe9595354cb8c61f57fde66d1) Importer(815301076,1909f56bfc062723c751e8b465ee728b)  -> (artifact id: '4efebc904f8772bf5dc6c7891f01ab67') in 0.006173 seconds 
========================================================================
Received Import Request.
  Time since last request: 0.000032 seconds.
  path: Assets/Resources/Images/1467.png
  artifactKey: Guid(70d797f3cf5e1cc4e8fc2acf5a10dba8) Importer(815301076,1909f56bfc062723c751e8b465ee728b)
Start importing Assets/Resources/Images/1467.png using Guid(70d797f3cf5e1cc4e8fc2acf5a10dba8) Importer(815301076,1909f56bfc062723c751e8b465ee728b)  -> (artifact id: 'd403e717ee20d00f0782c300c08e3bac') in 0.007553 seconds 
========================================================================
Received Import Request.
  Time since last request: 0.000019 seconds.
  path: Assets/Resources/Images/1468.png
  artifactKey: Guid(179c6affe2024454393245a9b9a93920) Importer(815301076,1909f56bfc062723c751e8b465ee728b)
Start importing Assets/Resources/Images/1468.png using Guid(179c6affe2024454393245a9b9a93920) Importer(815301076,1909f56bfc062723c751e8b465ee728b)  -> (artifact id: '93c82af0bd84e07fba83518489898f07') in 0.007485 seconds 
========================================================================
Received Import Request.
  Time since last request: 0.000020 seconds.
  path: Assets/Resources/Images/1483.png
  artifactKey: Guid(3706b4f1ef2377f4a96f118c28310ded) Importer(815301076,1909f56bfc062723c751e8b465ee728b)
Start importing Assets/Resources/Images/1483.png using Guid(3706b4f1ef2377f4a96f118c28310ded) Importer(815301076,1909f56bfc062723c751e8b465ee728b)  -> (artifact id: '895f9f799292c1b55c4458f3372ca077') in 0.006717 seconds 
========================================================================
Received Import Request.
  Time since last request: 0.000024 seconds.
  path: Assets/Resources/Images/1481.png
  artifactKey: Guid(5cff36bf6d03abe4d95112ca588218a2) Importer(815301076,1909f56bfc062723c751e8b465ee728b)
Start importing Assets/Resources/Images/1481.png using Guid(5cff36bf6d03abe4d95112ca588218a2) Importer(815301076,1909f56bfc062723c751e8b465ee728b)  -> (artifact id: '661cc434c1b94c215fcab4e5d4dd4abe') in 0.006574 seconds 
========================================================================
Received Import Request.
  Time since last request: 0.000020 seconds.
  path: Assets/Resources/Images/1488.png
  artifactKey: Guid(2a3b5679efa13064789ddd70e74642bb) Importer(815301076,1909f56bfc062723c751e8b465ee728b)
Start importing Assets/Resources/Images/1488.png using Guid(2a3b5679efa13064789ddd70e74642bb) Importer(815301076,1909f56bfc062723c751e8b465ee728b)  -> (artifact id: '3becdc236c5029f8cadfb37eb3b608bd') in 0.006802 seconds 
========================================================================
Received Import Request.
  Time since last request: 0.000019 seconds.
  path: Assets/Resources/Images/1456.png
  artifactKey: Guid(e5ba6a95088db3c49b2f81abd4056fc9) Importer(815301076,1909f56bfc062723c751e8b465ee728b)
Start importing Assets/Resources/Images/1456.png using Guid(e5ba6a95088db3c49b2f81abd4056fc9) Importer(815301076,1909f56bfc062723c751e8b465ee728b)  -> (artifact id: 'fc124f3f8a76d3ae4e98f94ec835d911') in 0.006119 seconds 
========================================================================
Received Import Request.
  Time since last request: 0.000023 seconds.
  path: Assets/Resources/Images/1477.png
  artifactKey: Guid(e4691f100ffdf0a47bd4076f1cf436cb) Importer(815301076,1909f56bfc062723c751e8b465ee728b)
Start importing Assets/Resources/Images/1477.png using Guid(e4691f100ffdf0a47bd4076f1cf436cb) Importer(815301076,1909f56bfc062723c751e8b465ee728b)  -> (artifact id: 'dcaca7cd7e9b44043286e45fa62dc730') in 0.005662 seconds 
========================================================================
Received Import Request.
  Time since last request: 0.000031 seconds.
  path: Assets/Resources/Images/2053.png
  artifactKey: Guid(421c30c86f1add240b28063a9c890048) Importer(815301076,1909f56bfc062723c751e8b465ee728b)
Start importing Assets/Resources/Images/2053.png using Guid(421c30c86f1add240b28063a9c890048) Importer(815301076,1909f56bfc062723c751e8b465ee728b)  -> (artifact id: 'd74bbaed88cab345dc1fe486b8c1784f') in 0.008007 seconds 
========================================================================
Received Import Request.
  Time since last request: 0.000025 seconds.
  path: Assets/Resources/Images/2048.png
  artifactKey: Guid(97f2f07217c1ce240b1ab43a5712c191) Importer(815301076,1909f56bfc062723c751e8b465ee728b)
Start importing Assets/Resources/Images/2048.png using Guid(97f2f07217c1ce240b1ab43a5712c191) Importer(815301076,1909f56bfc062723c751e8b465ee728b)  -> (artifact id: '0b022715d3dc1d19961c95bfc67c12d7') in 0.005596 seconds 
========================================================================
Received Import Request.
  Time since last request: 0.000024 seconds.
  path: Assets/Resources/Images/2068.png
  artifactKey: Guid(8c45e2569d0a0e94aad71de355876051) Importer(815301076,1909f56bfc062723c751e8b465ee728b)
Start importing Assets/Resources/Images/2068.png using Guid(8c45e2569d0a0e94aad71de355876051) Importer(815301076,1909f56bfc062723c751e8b465ee728b)  -> (artifact id: '02c2a89bc4999552b5f0c48dc27eb2db') in 0.007464 seconds 
========================================================================
Received Import Request.
  Time since last request: 0.000021 seconds.
  path: Assets/Resources/Images/2071.png
  artifactKey: Guid(bda4e3ba914cdf64cad4844020c22998) Importer(815301076,1909f56bfc062723c751e8b465ee728b)
Start importing Assets/Resources/Images/2071.png using Guid(bda4e3ba914cdf64cad4844020c22998) Importer(815301076,1909f56bfc062723c751e8b465ee728b)  -> (artifact id: 'f0dedde9d25aca9dee1ac947bedf77c0') in 0.008193 seconds 
========================================================================
Received Import Request.
  Time since last request: 0.000022 seconds.
  path: Assets/Resources/Images/1489.png
  artifactKey: Guid(08c817655120633448e9e6cf8d1a88f0) Importer(815301076,1909f56bfc062723c751e8b465ee728b)
Start importing Assets/Resources/Images/1489.png using Guid(08c817655120633448e9e6cf8d1a88f0) Importer(815301076,1909f56bfc062723c751e8b465ee728b)  -> (artifact id: 'c8dbf5e27ff8b02605419f0cbc8e97d5') in 0.008103 seconds 
========================================================================
Received Import Request.
  Time since last request: 0.000019 seconds.
  path: Assets/Resources/Images/2067.png
  artifactKey: Guid(12d2d16bc1497e547b2af2e31660ffa4) Importer(815301076,1909f56bfc062723c751e8b465ee728b)
Start importing Assets/Resources/Images/2067.png using Guid(12d2d16bc1497e547b2af2e31660ffa4) Importer(815301076,1909f56bfc062723c751e8b465ee728b)  -> (artifact id: '89b0654bb4dec4987322dc447260a814') in 0.005978 seconds 
========================================================================
Received Import Request.
  Time since last request: 0.000028 seconds.
  path: Assets/Resources/Images/2070.png
  artifactKey: Guid(b853d3d4a1413f6498c4363bed7c1847) Importer(815301076,1909f56bfc062723c751e8b465ee728b)
Start importing Assets/Resources/Images/2070.png using Guid(b853d3d4a1413f6498c4363bed7c1847) Importer(815301076,1909f56bfc062723c751e8b465ee728b)  -> (artifact id: '3583f2494c50551e9bec146ff5b3bfb5') in 0.008044 seconds 
========================================================================
Received Import Request.
  Time since last request: 0.000022 seconds.
  path: Assets/Resources/Images/2078.png
  artifactKey: Guid(ec42991fb6427a74cbe8d92f4f39b38e) Importer(815301076,1909f56bfc062723c751e8b465ee728b)
Start importing Assets/Resources/Images/2078.png using Guid(ec42991fb6427a74cbe8d92f4f39b38e) Importer(815301076,1909f56bfc062723c751e8b465ee728b)  -> (artifact id: 'c17dc2325ee3d93ed105f570340553ad') in 0.005888 seconds 
========================================================================
Received Import Request.
  Time since last request: 0.000021 seconds.
  path: Assets/Resources/Images/1453.png
  artifactKey: Guid(fec73a2be6f77cc41930652cca85d34c) Importer(815301076,1909f56bfc062723c751e8b465ee728b)
Start importing Assets/Resources/Images/1453.png using Guid(fec73a2be6f77cc41930652cca85d34c) Importer(815301076,1909f56bfc062723c751e8b465ee728b)  -> (artifact id: 'c1813d9c4cdd50bdaed90cac9cd44769') in 0.005932 seconds 
========================================================================
Received Import Request.
  Time since last request: 0.000025 seconds.
  path: Assets/Resources/Images/1479.png
  artifactKey: Guid(365287ce208b9b74383e33aadc37a5f0) Importer(815301076,1909f56bfc062723c751e8b465ee728b)
Start importing Assets/Resources/Images/1479.png using Guid(365287ce208b9b74383e33aadc37a5f0) Importer(815301076,1909f56bfc062723c751e8b465ee728b)  -> (artifact id: '828a34c1f25151d6db5ecebad1d01724') in 0.007514 seconds 
========================================================================
Received Import Request.
  Time since last request: 0.000027 seconds.
  path: Assets/Resources/Images/1450.png
  artifactKey: Guid(eca3d75aec1cb8a42a8a079683722e77) Importer(815301076,1909f56bfc062723c751e8b465ee728b)
Start importing Assets/Resources/Images/1450.png using Guid(eca3d75aec1cb8a42a8a079683722e77) Importer(815301076,1909f56bfc062723c751e8b465ee728b)  -> (artifact id: 'b0c8dbfac86b86c37c40e6ceb0097f09') in 0.005815 seconds 
========================================================================
Received Import Request.
  Time since last request: 0.000020 seconds.
  path: Assets/Resources/Images/2082.png
  artifactKey: Guid(2a2be2dd4235c5a48bfdfdfeca5d8eca) Importer(815301076,1909f56bfc062723c751e8b465ee728b)
Start importing Assets/Resources/Images/2082.png using Guid(2a2be2dd4235c5a48bfdfdfeca5d8eca) Importer(815301076,1909f56bfc062723c751e8b465ee728b)  -> (artifact id: '1ca8408a0518573595b83d254e0a952e') in 0.008437 seconds 
========================================================================
Received Import Request.
  Time since last request: 0.000022 seconds.
  path: Assets/Resources/Images/1090.png
  artifactKey: Guid(9ee3df00bb9e51944bda618087612086) Importer(815301076,1909f56bfc062723c751e8b465ee728b)
Start importing Assets/Resources/Images/1090.png using Guid(9ee3df00bb9e51944bda618087612086) Importer(815301076,1909f56bfc062723c751e8b465ee728b)  -> (artifact id: '68fb98fdcea350c76b4655cc1aa0bb3d') in 0.009380 seconds 
========================================================================
Received Import Request.
  Time since last request: 0.000020 seconds.
  path: Assets/Resources/Images/1382.png
  artifactKey: Guid(f67083f75f468fa4c9da8a260db4dafd) Importer(815301076,1909f56bfc062723c751e8b465ee728b)
Start importing Assets/Resources/Images/1382.png using Guid(f67083f75f468fa4c9da8a260db4dafd) Importer(815301076,1909f56bfc062723c751e8b465ee728b)  -> (artifact id: 'c2c7b2f153ba46824df5d02df5447610') in 0.008890 seconds 
========================================================================
Received Import Request.
  Time since last request: 0.000032 seconds.
  path: Assets/Resources/Images/2090.png
  artifactKey: Guid(7edd445d81fa96140b04018ca776f479) Importer(815301076,1909f56bfc062723c751e8b465ee728b)
Start importing Assets/Resources/Images/2090.png using Guid(7edd445d81fa96140b04018ca776f479) Importer(815301076,1909f56bfc062723c751e8b465ee728b)  -> (artifact id: '6881f243a8f747db808573d36824eaee') in 0.006881 seconds 
========================================================================
Received Import Request.
  Time since last request: 0.000018 seconds.
  path: Assets/Resources/Images/2149.png
  artifactKey: Guid(f5f82e9ceb6cc5641ae52147fc589580) Importer(815301076,1909f56bfc062723c751e8b465ee728b)
Start importing Assets/Resources/Images/2149.png using Guid(f5f82e9ceb6cc5641ae52147fc589580) Importer(815301076,1909f56bfc062723c751e8b465ee728b)  -> (artifact id: '75298ef576452e996a5957a722aa5c81') in 0.006498 seconds 
========================================================================
Received Import Request.
  Time since last request: 0.000020 seconds.
  path: Assets/Resources/Images/1384.png
  artifactKey: Guid(9ede46946edd78244bb8bd09cef297f6) Importer(815301076,1909f56bfc062723c751e8b465ee728b)
Start importing Assets/Resources/Images/1384.png using Guid(9ede46946edd78244bb8bd09cef297f6) Importer(815301076,1909f56bfc062723c751e8b465ee728b)  -> (artifact id: '72f9512259f904b37d6d0e2a6a961643') in 0.007052 seconds 
========================================================================
Received Import Request.
  Time since last request: 0.000024 seconds.
  path: Assets/Resources/Images/2051.png
  artifactKey: Guid(7e56c7f43f9f97642abf4aaee22414bc) Importer(815301076,1909f56bfc062723c751e8b465ee728b)
Start importing Assets/Resources/Images/2051.png using Guid(7e56c7f43f9f97642abf4aaee22414bc) Importer(815301076,1909f56bfc062723c751e8b465ee728b)  -> (artifact id: 'f986bdb11244782cc890cb34b70787f2') in 0.027916 seconds 
========================================================================
Received Import Request.
  Time since last request: 0.000039 seconds.
  path: Assets/Resources/Images/2077.png
  artifactKey: Guid(59d2c7d3148098e409212772796768ed) Importer(815301076,1909f56bfc062723c751e8b465ee728b)
Start importing Assets/Resources/Images/2077.png using Guid(59d2c7d3148098e409212772796768ed) Importer(815301076,1909f56bfc062723c751e8b465ee728b)  -> (artifact id: '51a1d48a47631ce64542925398592efd') in 0.006309 seconds 
========================================================================
Received Import Request.
  Time since last request: 0.000023 seconds.
  path: Assets/Resources/Images/1154.png
  artifactKey: Guid(4a0dbd086842a01419a38d0663c0bf7c) Importer(815301076,1909f56bfc062723c751e8b465ee728b)
Start importing Assets/Resources/Images/1154.png using Guid(4a0dbd086842a01419a38d0663c0bf7c) Importer(815301076,1909f56bfc062723c751e8b465ee728b)  -> (artifact id: '4f9715d936a59ee89017f84110be1cb7') in 0.005906 seconds 
========================================================================
Received Import Request.
  Time since last request: 0.000019 seconds.
  path: Assets/Resources/Images/2050.png
  artifactKey: Guid(53699af5af707104dbb8dc70286bced4) Importer(815301076,1909f56bfc062723c751e8b465ee728b)
Start importing Assets/Resources/Images/2050.png using Guid(53699af5af707104dbb8dc70286bced4) Importer(815301076,1909f56bfc062723c751e8b465ee728b)  -> (artifact id: 'a48e441a568095fd5319aedecfe4a870') in 0.010157 seconds 
========================================================================
Received Import Request.
  Time since last request: 0.000022 seconds.
  path: Assets/Resources/Images/1086.png
  artifactKey: Guid(1994698d0afe1ff4dbe296fb2fc7bab4) Importer(815301076,1909f56bfc062723c751e8b465ee728b)
Start importing Assets/Resources/Images/1086.png using Guid(1994698d0afe1ff4dbe296fb2fc7bab4) Importer(815301076,1909f56bfc062723c751e8b465ee728b)  -> (artifact id: '2d96ee902e70ca80f7dadac353e2d70a') in 0.005934 seconds 
Editor requested this worker to shutdown with reason: Scaling down because of idle timeout
AssetImportWorker is now disconnected from the server
Process exiting
Exiting without the bug reporter. Application will terminate with return code 0