Using pre-set license
Built from '2021.3/staging' branch; Version is '2021.3.14f1 (eee1884e7226) revision 15655304'; Using compiler version '192829333'; Build Type 'Release'
OS: 'Windows 11  (10.0.22621) 64bit Core' Language: 'en' Physical Memory: 32439 MB
BatchMode: 1, IsHumanControllingUs: 0, StartBugReporterOnCrash: 0, Is64bit: 1, IsPro: 1

COMMAND LINE ARGUMENTS:
C:\Program Files\Unity\Hub\Editor\2021.3.14f1\Editor\Unity.exe
-adb2
-batchMode
-noUpm
-name
AssetImportWorker7
-projectPath
C:/Data/Buckeye Vertical/BV-Domain-Randomization-Unity-Project
-logFile
Logs/AssetImportWorker7.log
-srvPort
61913
Successfully changed project path to: C:/Data/Buckeye Vertical/BV-Domain-Randomization-Unity-Project
C:/Data/Buckeye Vertical/BV-Domain-Randomization-Unity-Project
[UnityMemory] Configuration Parameters - Can be set up in boot.config
    "memorysetup-bucket-allocator-granularity=16"
    "memorysetup-bucket-allocator-bucket-count=8"
    "memorysetup-bucket-allocator-block-size=33554432"
    "memorysetup-bucket-allocator-block-count=8"
    "memorysetup-main-allocator-block-size=16777216"
    "memorysetup-thread-allocator-block-size=16777216"
    "memorysetup-gfx-main-allocator-block-size=16777216"
    "memorysetup-gfx-thread-allocator-block-size=16777216"
    "memorysetup-cache-allocator-block-size=4194304"
    "memorysetup-typetree-allocator-block-size=2097152"
    "memorysetup-profiler-bucket-allocator-granularity=16"
    "memorysetup-profiler-bucket-allocator-bucket-count=8"
    "memorysetup-profiler-bucket-allocator-block-size=33554432"
    "memorysetup-profiler-bucket-allocator-block-count=8"
    "memorysetup-profiler-allocator-block-size=16777216"
    "memorysetup-profiler-editor-allocator-block-size=1048576"
    "memorysetup-temp-allocator-size-main=16777216"
    "memorysetup-job-temp-allocator-block-size=2097152"
    "memorysetup-job-temp-allocator-block-size-background=1048576"
    "memorysetup-job-temp-allocator-reduction-small-platforms=262144"
    "memorysetup-temp-allocator-size-background-worker=32768"
    "memorysetup-temp-allocator-size-job-worker=262144"
    "memorysetup-temp-allocator-size-preload-manager=33554432"
    "memorysetup-temp-allocator-size-nav-mesh-worker=65536"
    "memorysetup-temp-allocator-size-audio-worker=65536"
    "memorysetup-temp-allocator-size-cloud-worker=32768"
    "memorysetup-temp-allocator-size-gi-baking-worker=262144"
    "memorysetup-temp-allocator-size-gfx=262144"
Refreshing native plugins compatible for Editor in 158.34 ms, found 3 plugins.
Preloading 0 native plugins for Editor in 0.00 ms.
Initialize engine version: 2021.3.14f1 (eee1884e7226)
[Subsystems] Discovering subsystems at path C:/Program Files/Unity/Hub/Editor/2021.3.14f1/Editor/Data/Resources/UnitySubsystems
[Subsystems] Discovering subsystems at path C:/Data/Buckeye Vertical/BV-Domain-Randomization-Unity-Project/Assets
GfxDevice: creating device client; threaded=0; jobified=0
Direct3D:
    Version:  Direct3D 11.0 [level 11.1]
    Renderer: NVIDIA GeForce RTX 3050 Ti Laptop GPU (ID=0x25a0)
    Vendor:   NVIDIA
    VRAM:     3978 MB
    Driver:   31.0.15.3209
Initialize mono
Mono path[0] = 'C:/Program Files/Unity/Hub/Editor/2021.3.14f1/Editor/Data/Managed'
Mono path[1] = 'C:/Program Files/Unity/Hub/Editor/2021.3.14f1/Editor/Data/MonoBleedingEdge/lib/mono/unityjit-win32'
Mono config path = 'C:/Program Files/Unity/Hub/Editor/2021.3.14f1/Editor/Data/MonoBleedingEdge/etc'
Using monoOptions --debugger-agent=transport=dt_socket,embedding=1,server=y,suspend=n,address=127.0.0.1:56172
Begin MonoManager ReloadAssembly
Registering precompiled unity dll's ...
Register platform support module: C:/Program Files/Unity/Hub/Editor/2021.3.14f1/Editor/Data/PlaybackEngines/WebGLSupport/UnityEditor.WebGL.Extensions.dll
Register platform support module: C:/Program Files/Unity/Hub/Editor/2021.3.14f1/Editor/Data/PlaybackEngines/WindowsStandaloneSupport/UnityEditor.WindowsStandalone.Extensions.dll
Registered in 0.007922 seconds.
Native extension for WindowsStandalone target not found
Native extension for WebGL target not found
Refreshing native plugins compatible for Editor in 150.06 ms, found 3 plugins.
Preloading 0 native plugins for Editor in 0.00 ms.
Mono: successfully reloaded assembly
- Completed reload, in  1.011 seconds
Domain Reload Profiling:
	ReloadAssembly (1012ms)
		BeginReloadAssembly (108ms)
			ExecutionOrderSort (0ms)
			DisableScriptedObjects (0ms)
			BackupInstance (0ms)
			ReleaseScriptingObjects (0ms)
			CreateAndSetChildDomain (1ms)
		EndReloadAssembly (741ms)
			LoadAssemblies (103ms)
			RebuildTransferFunctionScriptingTraits (0ms)
			SetupTypeCache (173ms)
			ReleaseScriptCaches (0ms)
			RebuildScriptCaches (40ms)
			SetupLoadedEditorAssemblies (450ms)
				LogAssemblyErrors (0ms)
				InitializePlatformSupportModulesInManaged (16ms)
				SetLoadedEditorAssemblies (0ms)
				RefreshPlugins (150ms)
				BeforeProcessingInitializeOnLoad (2ms)
				ProcessInitializeOnLoadAttributes (212ms)
				ProcessInitializeOnLoadMethodAttributes (69ms)
				AfterProcessingInitializeOnLoad (0ms)
				EditorAssembliesLoaded (0ms)
			ExecutionOrderSort2 (0ms)
			AwakeInstancesAfterBackupRestoration (0ms)
Platform modules already initialized, skipping
Registering precompiled user dll's ...
Registered in 0.009456 seconds.
Begin MonoManager ReloadAssembly
Symbol file LoadedFromMemory doesn't match image C:\Data\Buckeye Vertical\BV-Domain-Randomization-Unity-Project\Library\PackageCache\com.unity.visualscripting@1.7.8\Editor\VisualScripting.Core\Dependencies\YamlDotNet\Unity.VisualScripting.YamlDotNet.dll
Symbol file LoadedFromMemory doesn't match image C:\Data\Buckeye Vertical\BV-Domain-Randomization-Unity-Project\Library\PackageCache\com.unity.visualscripting@1.7.8\Editor\VisualScripting.Core\Dependencies\DotNetZip\Unity.VisualScripting.IonicZip.dll
Native extension for WindowsStandalone target not found
Native extension for WebGL target not found
Refreshing native plugins compatible for Editor in 1.15 ms, found 3 plugins.
Preloading 0 native plugins for Editor in 0.00 ms.
Mono: successfully reloaded assembly
- Completed reload, in  1.996 seconds
Domain Reload Profiling:
	ReloadAssembly (1997ms)
		BeginReloadAssembly (125ms)
			ExecutionOrderSort (0ms)
			DisableScriptedObjects (6ms)
			BackupInstance (0ms)
			ReleaseScriptingObjects (0ms)
			CreateAndSetChildDomain (20ms)
		EndReloadAssembly (1727ms)
			LoadAssemblies (162ms)
			RebuildTransferFunctionScriptingTraits (0ms)
			SetupTypeCache (629ms)
			ReleaseScriptCaches (1ms)
			RebuildScriptCaches (99ms)
			SetupLoadedEditorAssemblies (691ms)
				LogAssemblyErrors (0ms)
				InitializePlatformSupportModulesInManaged (14ms)
				SetLoadedEditorAssemblies (1ms)
				RefreshPlugins (1ms)
				BeforeProcessingInitializeOnLoad (121ms)
				ProcessInitializeOnLoadAttributes (498ms)
				ProcessInitializeOnLoadMethodAttributes (44ms)
				AfterProcessingInitializeOnLoad (12ms)
				EditorAssembliesLoaded (0ms)
			ExecutionOrderSort2 (0ms)
			AwakeInstancesAfterBackupRestoration (23ms)
Platform modules already initialized, skipping
========================================================================
Worker process is ready to serve import requests
Launched and connected shader compiler UnityShaderCompiler.exe after 0.37 seconds
Refreshing native plugins compatible for Editor in 1.28 ms, found 3 plugins.
Preloading 0 native plugins for Editor in 0.00 ms.
Unloading 3366 Unused Serialized files (Serialized files now loaded: 0)
Unloading 27 unused Assets / (113.5 KB). Loaded Objects now: 3824.
Memory consumption went from 120.5 MB to 120.4 MB.
Total: 4.978600 ms (FindLiveObjects: 0.346500 ms CreateObjectMapping: 0.164800 ms MarkObjects: 4.295500 ms  DeleteObjects: 0.170100 ms)

AssetImportParameters requested are different than current active one (requested -> active):
  custom:video-decoder-ogg-theora: a1e56fd34408186e4bbccfd4996cb3dc -> 
  custom:container-muxer-webm: aa71ff27fc2769a1b78a27578f13a17b -> 
  custom:container-demuxer-webm: 4f35f7cbe854078d1ac9338744f61a02 -> 
  custom:video-encoder-webm-vp8: eb34c28f22e8b96e1ab97ce403110664 -> 
  custom:video-codec-MediaFoundation-h265: 746d11721c4dcdbdad8f713fa42b33f4 -> 
  custom:audio-encoder-webm-vorbis: bf7c407c2cedff20999df2af8eb42d56 -> 
  custom:framework-win-MediaFoundation: 216162199b28c13a410421893ffa2e32 -> 
  custom:container-demuxer-ogg: 62fdf1f143b41e24485cea50d1cbac27 -> 
  custom:video-decoder-webm-vp8: 9c59270c3fd7afecdb556c50c9e8de78 -> 
  custom:audio-decoder-ogg-vorbis: bf7c407c2cedff20999df2af8eb42d56 -> 
========================================================================
Received Import Request.
  Time since last request: 389755.957487 seconds.
  path: Assets/Resources/Images/0052.png
  artifactKey: Guid(5a87fd85ef2f8634597d6b51d73f02df) Importer(815301076,1909f56bfc062723c751e8b465ee728b)
Start importing Assets/Resources/Images/0052.png using Guid(5a87fd85ef2f8634597d6b51d73f02df) Importer(815301076,1909f56bfc062723c751e8b465ee728b)  -> (artifact id: '7e85fe8a8186920b215fa47255b011cb') in 0.168160 seconds 
========================================================================
Received Import Request.
  Time since last request: 6.503313 seconds.
  path: Assets/Resources/Images/Materials/2550.mat
  artifactKey: Guid(30bf6873228998f40b30ba4575ca41d0) Importer(815301076,1909f56bfc062723c751e8b465ee728b)
Start importing Assets/Resources/Images/Materials/2550.mat using Guid(30bf6873228998f40b30ba4575ca41d0) Importer(815301076,1909f56bfc062723c751e8b465ee728b)  -> (artifact id: 'fefcc4705817eb0949e9e7a7878cdc00') in 0.200449 seconds 
========================================================================
Received Import Request.
  Time since last request: 0.127647 seconds.
  path: Assets/Resources/Images/Materials/2670.mat
  artifactKey: Guid(35bf3b818bbb43847a82ca5e0311550b) Importer(815301076,1909f56bfc062723c751e8b465ee728b)
Start importing Assets/Resources/Images/Materials/2670.mat using Guid(35bf3b818bbb43847a82ca5e0311550b) Importer(815301076,1909f56bfc062723c751e8b465ee728b)  -> (artifact id: '12a82aad5fbc1c3d0305904940f72f87') in 0.037377 seconds 
========================================================================
Received Import Request.
  Time since last request: 0.000055 seconds.
  path: Assets/Resources/Images/Materials/2673.mat
  artifactKey: Guid(8c5acd3c13dd3b64b80b84063b18d973) Importer(815301076,1909f56bfc062723c751e8b465ee728b)
Start importing Assets/Resources/Images/Materials/2673.mat using Guid(8c5acd3c13dd3b64b80b84063b18d973) Importer(815301076,1909f56bfc062723c751e8b465ee728b)  -> (artifact id: '7191ecb0821766167387f1a76502b628') in 0.026718 seconds 
========================================================================
Received Import Request.
  Time since last request: 0.000095 seconds.
  path: Assets/Resources/Images/Materials/2678.mat
  artifactKey: Guid(9609ec461379da5488b6c3a1c917ef9c) Importer(815301076,1909f56bfc062723c751e8b465ee728b)
Start importing Assets/Resources/Images/Materials/2678.mat using Guid(9609ec461379da5488b6c3a1c917ef9c) Importer(815301076,1909f56bfc062723c751e8b465ee728b)  -> (artifact id: 'ba2747a7ee8595079205eff3968f1c72') in 0.021415 seconds 
========================================================================
Received Import Request.
  Time since last request: 0.214766 seconds.
  path: Assets/Resources/Images/Materials/2776.mat
  artifactKey: Guid(2dca477389ad60346add757ad9280ee6) Importer(815301076,1909f56bfc062723c751e8b465ee728b)
Start importing Assets/Resources/Images/Materials/2776.mat using Guid(2dca477389ad60346add757ad9280ee6) Importer(815301076,1909f56bfc062723c751e8b465ee728b)  -> (artifact id: '880e2a62d62f3b2444781bd4de25e154') in 0.032513 seconds 
========================================================================
Received Import Request.
  Time since last request: 0.023010 seconds.
  path: Assets/Resources/Images/Materials/2783.mat
  artifactKey: Guid(517294f85d3228e4c973cedd2d863eaf) Importer(815301076,1909f56bfc062723c751e8b465ee728b)
Start importing Assets/Resources/Images/Materials/2783.mat using Guid(517294f85d3228e4c973cedd2d863eaf) Importer(815301076,1909f56bfc062723c751e8b465ee728b)  -> (artifact id: 'fcf80259b89f98e172114d2630ea54ea') in 0.035515 seconds 
========================================================================
Received Import Request.
  Time since last request: 0.000080 seconds.
  path: Assets/Resources/Images/Materials/2786.mat
  artifactKey: Guid(dcbc575a513c48e4eb3c8a1915ed1f20) Importer(815301076,1909f56bfc062723c751e8b465ee728b)
Start importing Assets/Resources/Images/Materials/2786.mat using Guid(dcbc575a513c48e4eb3c8a1915ed1f20) Importer(815301076,1909f56bfc062723c751e8b465ee728b)  -> (artifact id: '50f514686c80b2678f3f4a633d5970d3') in 0.021825 seconds 
========================================================================
Received Import Request.
  Time since last request: 0.562846 seconds.
  path: Assets/Resources/Images/Materials/3588.mat
  artifactKey: Guid(b61e143c248010f4e94ba620b4e31360) Importer(815301076,1909f56bfc062723c751e8b465ee728b)
Start importing Assets/Resources/Images/Materials/3588.mat using Guid(b61e143c248010f4e94ba620b4e31360) Importer(815301076,1909f56bfc062723c751e8b465ee728b)  -> (artifact id: '65f22b1c79423dfe9e3895d3788c0b5f') in 0.045904 seconds 
========================================================================
Received Import Request.
  Time since last request: 0.000077 seconds.
  path: Assets/Resources/Images/Materials/3650.mat
  artifactKey: Guid(d04ebbcfbeea77c40919e4d4d4dd8f7a) Importer(815301076,1909f56bfc062723c751e8b465ee728b)
Start importing Assets/Resources/Images/Materials/3650.mat using Guid(d04ebbcfbeea77c40919e4d4d4dd8f7a) Importer(815301076,1909f56bfc062723c751e8b465ee728b)  -> (artifact id: 'ef102546749143f071a8bb3d0fa81027') in 0.041637 seconds 
========================================================================
Received Import Request.
  Time since last request: 0.000068 seconds.
  path: Assets/Resources/Images/Materials/3652.mat
  artifactKey: Guid(20e0b0a169203d848ad74765c5fa35e0) Importer(815301076,1909f56bfc062723c751e8b465ee728b)
Start importing Assets/Resources/Images/Materials/3652.mat using Guid(20e0b0a169203d848ad74765c5fa35e0) Importer(815301076,1909f56bfc062723c751e8b465ee728b)  -> (artifact id: 'bea74c2882d4e257ddb40ec7736ad99c') in 0.016323 seconds 
========================================================================
Received Import Request.
  Time since last request: 0.119816 seconds.
  path: Assets/Resources/Images/Materials/3666.mat
  artifactKey: Guid(c63c517afc90b7d488aa3346a3d53103) Importer(815301076,1909f56bfc062723c751e8b465ee728b)
Start importing Assets/Resources/Images/Materials/3666.mat using Guid(c63c517afc90b7d488aa3346a3d53103) Importer(815301076,1909f56bfc062723c751e8b465ee728b)  -> (artifact id: '7f4e147af0a407b4c7c8676d19a266ae') in 0.057985 seconds 
========================================================================
Received Import Request.
  Time since last request: 2.554845 seconds.
  path: Assets/Resources/Images/Materials/3673.mat
  artifactKey: Guid(97c8e09efcfcf6e469754ac8e5a2f76a) Importer(815301076,1909f56bfc062723c751e8b465ee728b)
Start importing Assets/Resources/Images/Materials/3673.mat using Guid(97c8e09efcfcf6e469754ac8e5a2f76a) Importer(815301076,1909f56bfc062723c751e8b465ee728b)  -> (artifact id: 'a126d05554bd12e0bab69cafa57300a3') in 0.042829 seconds 
========================================================================
Received Import Request.
  Time since last request: 0.172216 seconds.
  path: Assets/Resources/Images/Materials/3772.mat
  artifactKey: Guid(86bb46aa7fbe26f4ba41dfb75f447730) Importer(815301076,1909f56bfc062723c751e8b465ee728b)
Start importing Assets/Resources/Images/Materials/3772.mat using Guid(86bb46aa7fbe26f4ba41dfb75f447730) Importer(815301076,1909f56bfc062723c751e8b465ee728b)  -> (artifact id: '636ade2c7b2c717b307c143a3473cc49') in 0.037174 seconds 
========================================================================
Received Import Request.
  Time since last request: 0.000041 seconds.
  path: Assets/Resources/Images/Materials/3777.mat
  artifactKey: Guid(88846339079473543a47dd1514994007) Importer(815301076,1909f56bfc062723c751e8b465ee728b)
Start importing Assets/Resources/Images/Materials/3777.mat using Guid(88846339079473543a47dd1514994007) Importer(815301076,1909f56bfc062723c751e8b465ee728b)  -> (artifact id: 'adc7dde54b374f1bd7eb264e6b077ac4') in 0.020174 seconds 
========================================================================
Received Import Request.
  Time since last request: 0.000031 seconds.
  path: Assets/Resources/Images/Materials/3776.mat
  artifactKey: Guid(d0a3665603d9e624ea92abfab282a871) Importer(815301076,1909f56bfc062723c751e8b465ee728b)
Start importing Assets/Resources/Images/Materials/3776.mat using Guid(d0a3665603d9e624ea92abfab282a871) Importer(815301076,1909f56bfc062723c751e8b465ee728b)  -> (artifact id: '5def27292a1d260c415be686d70502e3') in 0.017032 seconds 
========================================================================
Received Import Request.
  Time since last request: 0.286641 seconds.
  path: Assets/Resources/Images/Materials/4248.mat
  artifactKey: Guid(996bd47394807d648958a240bbe8a860) Importer(815301076,1909f56bfc062723c751e8b465ee728b)
Start importing Assets/Resources/Images/Materials/4248.mat using Guid(996bd47394807d648958a240bbe8a860) Importer(815301076,1909f56bfc062723c751e8b465ee728b)  -> (artifact id: '0883fca94c639da46712a1c6fc109e07') in 0.042582 seconds 
========================================================================
Received Import Request.
  Time since last request: 0.789531 seconds.
  path: Assets/Resources/Images/Materials/4488.mat
  artifactKey: Guid(5eeab116afef472418b23568ba584b3d) Importer(815301076,1909f56bfc062723c751e8b465ee728b)
Start importing Assets/Resources/Images/Materials/4488.mat using Guid(5eeab116afef472418b23568ba584b3d) Importer(815301076,1909f56bfc062723c751e8b465ee728b)  -> (artifact id: '9403ae201a83da9e2dca1f4e66821224') in 0.038845 seconds 
========================================================================
Received Import Request.
  Time since last request: 0.000069 seconds.
  path: Assets/Resources/Images/Materials/4551.mat
  artifactKey: Guid(ad46c7f59e7c68347b5638e898054d4d) Importer(815301076,1909f56bfc062723c751e8b465ee728b)
Start importing Assets/Resources/Images/Materials/4551.mat using Guid(ad46c7f59e7c68347b5638e898054d4d) Importer(815301076,1909f56bfc062723c751e8b465ee728b)  -> (artifact id: 'd16ea6333d0671b106b54a9f95c0895e') in 0.029235 seconds 
========================================================================
Received Import Request.
  Time since last request: 0.000048 seconds.
  path: Assets/Resources/Images/Materials/4489.mat
  artifactKey: Guid(460df28b901a21146bdc0ca837b1ee3d) Importer(815301076,1909f56bfc062723c751e8b465ee728b)
Start importing Assets/Resources/Images/Materials/4489.mat using Guid(460df28b901a21146bdc0ca837b1ee3d) Importer(815301076,1909f56bfc062723c751e8b465ee728b)  -> (artifact id: '2d49d90c2f420edc44a2bd4ab43d14ba') in 0.019666 seconds 
========================================================================
Received Import Request.
  Time since last request: 0.166764 seconds.
  path: Assets/Resources/Images/Materials/4566.mat
  artifactKey: Guid(92fd19a97ff44d74abb64378dd766ca8) Importer(815301076,1909f56bfc062723c751e8b465ee728b)
Start importing Assets/Resources/Images/Materials/4566.mat using Guid(92fd19a97ff44d74abb64378dd766ca8) Importer(815301076,1909f56bfc062723c751e8b465ee728b)  -> (artifact id: '774cfb156ca3bb03ca12f79d40ed125d') in 0.049106 seconds 
Editor requested this worker to shutdown with reason: Scaling down because of idle timeout
AssetImportWorker is now disconnected from the server
Process exiting
Exiting without the bug reporter. Application will terminate with return code 0