Using pre-set license
Built from '2021.3/staging' branch; Version is '2021.3.14f1 (eee1884e7226) revision 15655304'; Using compiler version '192829333'; Build Type 'Release'
OS: 'Windows 11  (10.0.22621) 64bit Core' Language: 'en' Physical Memory: 32439 MB
BatchMode: 1, IsHumanControllingUs: 0, StartBugReporterOnCrash: 0, Is64bit: 1, IsPro: 1

COMMAND LINE ARGUMENTS:
C:\Program Files\Unity\Hub\Editor\2021.3.14f1\Editor\Unity.exe
-adb2
-batchMode
-noUpm
-name
AssetImportWorker16
-projectPath
C:/Data/Buckeye Vertical/BV-Domain-Randomization-Unity-Project
-logFile
Logs/AssetImportWorker16.log
-srvPort
61946
Successfully changed project path to: C:/Data/Buckeye Vertical/BV-Domain-Randomization-Unity-Project
C:/Data/Buckeye Vertical/BV-Domain-Randomization-Unity-Project
[UnityMemory] Configuration Parameters - Can be set up in boot.config
    "memorysetup-bucket-allocator-granularity=16"
    "memorysetup-bucket-allocator-bucket-count=8"
    "memorysetup-bucket-allocator-block-size=33554432"
    "memorysetup-bucket-allocator-block-count=8"
    "memorysetup-main-allocator-block-size=16777216"
    "memorysetup-thread-allocator-block-size=16777216"
    "memorysetup-gfx-main-allocator-block-size=16777216"
    "memorysetup-gfx-thread-allocator-block-size=16777216"
    "memorysetup-cache-allocator-block-size=4194304"
    "memorysetup-typetree-allocator-block-size=2097152"
    "memorysetup-profiler-bucket-allocator-granularity=16"
    "memorysetup-profiler-bucket-allocator-bucket-count=8"
    "memorysetup-profiler-bucket-allocator-block-size=33554432"
    "memorysetup-profiler-bucket-allocator-block-count=8"
    "memorysetup-profiler-allocator-block-size=16777216"
    "memorysetup-profiler-editor-allocator-block-size=1048576"
    "memorysetup-temp-allocator-size-main=16777216"
    "memorysetup-job-temp-allocator-block-size=2097152"
    "memorysetup-job-temp-allocator-block-size-background=1048576"
    "memorysetup-job-temp-allocator-reduction-small-platforms=262144"
    "memorysetup-temp-allocator-size-background-worker=32768"
    "memorysetup-temp-allocator-size-job-worker=262144"
    "memorysetup-temp-allocator-size-preload-manager=33554432"
    "memorysetup-temp-allocator-size-nav-mesh-worker=65536"
    "memorysetup-temp-allocator-size-audio-worker=65536"
    "memorysetup-temp-allocator-size-cloud-worker=32768"
    "memorysetup-temp-allocator-size-gi-baking-worker=262144"
    "memorysetup-temp-allocator-size-gfx=262144"
Refreshing native plugins compatible for Editor in 142.52 ms, found 3 plugins.
Preloading 0 native plugins for Editor in 0.00 ms.
Initialize engine version: 2021.3.14f1 (eee1884e7226)
[Subsystems] Discovering subsystems at path C:/Program Files/Unity/Hub/Editor/2021.3.14f1/Editor/Data/Resources/UnitySubsystems
[Subsystems] Discovering subsystems at path C:/Data/Buckeye Vertical/BV-Domain-Randomization-Unity-Project/Assets
GfxDevice: creating device client; threaded=0; jobified=0
Direct3D:
    Version:  Direct3D 11.0 [level 11.1]
    Renderer: NVIDIA GeForce RTX 3050 Ti Laptop GPU (ID=0x25a0)
    Vendor:   NVIDIA
    VRAM:     3978 MB
    Driver:   31.0.15.2879
Initialize mono
Mono path[0] = 'C:/Program Files/Unity/Hub/Editor/2021.3.14f1/Editor/Data/Managed'
Mono path[1] = 'C:/Program Files/Unity/Hub/Editor/2021.3.14f1/Editor/Data/MonoBleedingEdge/lib/mono/unityjit-win32'
Mono config path = 'C:/Program Files/Unity/Hub/Editor/2021.3.14f1/Editor/Data/MonoBleedingEdge/etc'
Using monoOptions --debugger-agent=transport=dt_socket,embedding=1,server=y,suspend=n,address=127.0.0.1:56780
Begin MonoManager ReloadAssembly
Registering precompiled unity dll's ...
Register platform support module: C:/Program Files/Unity/Hub/Editor/2021.3.14f1/Editor/Data/PlaybackEngines/WebGLSupport/UnityEditor.WebGL.Extensions.dll
Register platform support module: C:/Program Files/Unity/Hub/Editor/2021.3.14f1/Editor/Data/PlaybackEngines/WindowsStandaloneSupport/UnityEditor.WindowsStandalone.Extensions.dll
Registered in 0.006858 seconds.
Native extension for WindowsStandalone target not found
Native extension for WebGL target not found
Refreshing native plugins compatible for Editor in 78.51 ms, found 3 plugins.
Preloading 0 native plugins for Editor in 0.00 ms.
Mono: successfully reloaded assembly
- Completed reload, in  0.705 seconds
Domain Reload Profiling:
	ReloadAssembly (706ms)
		BeginReloadAssembly (77ms)
			ExecutionOrderSort (0ms)
			DisableScriptedObjects (0ms)
			BackupInstance (0ms)
			ReleaseScriptingObjects (0ms)
			CreateAndSetChildDomain (1ms)
		EndReloadAssembly (453ms)
			LoadAssemblies (75ms)
			RebuildTransferFunctionScriptingTraits (0ms)
			SetupTypeCache (109ms)
			ReleaseScriptCaches (0ms)
			RebuildScriptCaches (31ms)
			SetupLoadedEditorAssemblies (258ms)
				LogAssemblyErrors (0ms)
				InitializePlatformSupportModulesInManaged (11ms)
				SetLoadedEditorAssemblies (0ms)
				RefreshPlugins (79ms)
				BeforeProcessingInitializeOnLoad (1ms)
				ProcessInitializeOnLoadAttributes (126ms)
				ProcessInitializeOnLoadMethodAttributes (41ms)
				AfterProcessingInitializeOnLoad (0ms)
				EditorAssembliesLoaded (0ms)
			ExecutionOrderSort2 (0ms)
			AwakeInstancesAfterBackupRestoration (0ms)
Platform modules already initialized, skipping
Registering precompiled user dll's ...
Registered in 0.005328 seconds.
Begin MonoManager ReloadAssembly
Symbol file LoadedFromMemory doesn't match image C:\Data\Buckeye Vertical\BV-Domain-Randomization-Unity-Project\Library\PackageCache\com.unity.visualscripting@1.7.8\Editor\VisualScripting.Core\Dependencies\YamlDotNet\Unity.VisualScripting.YamlDotNet.dll
Symbol file LoadedFromMemory doesn't match image C:\Data\Buckeye Vertical\BV-Domain-Randomization-Unity-Project\Library\PackageCache\com.unity.visualscripting@1.7.8\Editor\VisualScripting.Core\Dependencies\DotNetZip\Unity.VisualScripting.IonicZip.dll
Native extension for WindowsStandalone target not found
Native extension for WebGL target not found
Refreshing native plugins compatible for Editor in 0.52 ms, found 3 plugins.
Preloading 0 native plugins for Editor in 0.00 ms.
Mono: successfully reloaded assembly
- Completed reload, in  0.874 seconds
Domain Reload Profiling:
	ReloadAssembly (875ms)
		BeginReloadAssembly (97ms)
			ExecutionOrderSort (0ms)
			DisableScriptedObjects (5ms)
			BackupInstance (0ms)
			ReleaseScriptingObjects (0ms)
			CreateAndSetChildDomain (16ms)
		EndReloadAssembly (676ms)
			LoadAssemblies (72ms)
			RebuildTransferFunctionScriptingTraits (0ms)
			SetupTypeCache (218ms)
			ReleaseScriptCaches (0ms)
			RebuildScriptCaches (40ms)
			SetupLoadedEditorAssemblies (310ms)
				LogAssemblyErrors (0ms)
				InitializePlatformSupportModulesInManaged (6ms)
				SetLoadedEditorAssemblies (0ms)
				RefreshPlugins (1ms)
				BeforeProcessingInitializeOnLoad (72ms)
				ProcessInitializeOnLoadAttributes (206ms)
				ProcessInitializeOnLoadMethodAttributes (20ms)
				AfterProcessingInitializeOnLoad (6ms)
				EditorAssembliesLoaded (0ms)
			ExecutionOrderSort2 (0ms)
			AwakeInstancesAfterBackupRestoration (7ms)
Platform modules already initialized, skipping
========================================================================
Worker process is ready to serve import requests
Launched and connected shader compiler UnityShaderCompiler.exe after 0.07 seconds
Refreshing native plugins compatible for Editor in 0.56 ms, found 3 plugins.
Preloading 0 native plugins for Editor in 0.00 ms.
Unloading 3366 Unused Serialized files (Serialized files now loaded: 0)
Unloading 27 unused Assets / (113.5 KB). Loaded Objects now: 3824.
Memory consumption went from 120.1 MB to 120.0 MB.
Total: 3.063500 ms (FindLiveObjects: 0.200600 ms CreateObjectMapping: 0.095500 ms MarkObjects: 2.666100 ms  DeleteObjects: 0.100100 ms)

AssetImportParameters requested are different than current active one (requested -> active):
  custom:video-decoder-ogg-theora: a1e56fd34408186e4bbccfd4996cb3dc -> 
  custom:container-muxer-webm: aa71ff27fc2769a1b78a27578f13a17b -> 
  custom:container-demuxer-webm: 4f35f7cbe854078d1ac9338744f61a02 -> 
  custom:video-encoder-webm-vp8: eb34c28f22e8b96e1ab97ce403110664 -> 
  custom:video-codec-MediaFoundation-h265: 746d11721c4dcdbdad8f713fa42b33f4 -> 
  custom:audio-encoder-webm-vorbis: bf7c407c2cedff20999df2af8eb42d56 -> 
  custom:framework-win-MediaFoundation: 216162199b28c13a410421893ffa2e32 -> 
  custom:container-demuxer-ogg: 62fdf1f143b41e24485cea50d1cbac27 -> 
  custom:video-decoder-webm-vp8: 9c59270c3fd7afecdb556c50c9e8de78 -> 
  custom:audio-decoder-ogg-vorbis: bf7c407c2cedff20999df2af8eb42d56 -> 
========================================================================
Received Import Request.
  Time since last request: 43460.602936 seconds.
  path: Assets/Resources/Images/3190.png
  artifactKey: Guid(125cbea9fedf1984e85bdb0a7a4daf3f) Importer(815301076,1909f56bfc062723c751e8b465ee728b)
Start importing Assets/Resources/Images/3190.png using Guid(125cbea9fedf1984e85bdb0a7a4daf3f) Importer(815301076,1909f56bfc062723c751e8b465ee728b)  -> (artifact id: '84adb6088212db918df283b623b790da') in 0.172058 seconds 
========================================================================
Received Import Request.
  Time since last request: 0.000025 seconds.
  path: Assets/Resources/Images/3173.png
  artifactKey: Guid(5e2678b07eada2c45b250db18e478342) Importer(815301076,1909f56bfc062723c751e8b465ee728b)
Start importing Assets/Resources/Images/3173.png using Guid(5e2678b07eada2c45b250db18e478342) Importer(815301076,1909f56bfc062723c751e8b465ee728b)  -> (artifact id: 'f5d6245277987fb53a0f8b79423b7dd7') in 0.011171 seconds 
========================================================================
Received Import Request.
  Time since last request: 0.000050 seconds.
  path: Assets/Resources/Images/3151.png
  artifactKey: Guid(23f7be6f23d33be49ac13ca884b7f4ec) Importer(815301076,1909f56bfc062723c751e8b465ee728b)
Start importing Assets/Resources/Images/3151.png using Guid(23f7be6f23d33be49ac13ca884b7f4ec) Importer(815301076,1909f56bfc062723c751e8b465ee728b)  -> (artifact id: '0c95c1bc9c7729aa817cf5cf41f94662') in 0.011683 seconds 
========================================================================
Received Import Request.
  Time since last request: 0.000022 seconds.
  path: Assets/Resources/Images/3167.png
  artifactKey: Guid(4bc43c447cc00d14f87e541567f5ff6a) Importer(815301076,1909f56bfc062723c751e8b465ee728b)
Start importing Assets/Resources/Images/3167.png using Guid(4bc43c447cc00d14f87e541567f5ff6a) Importer(815301076,1909f56bfc062723c751e8b465ee728b)  -> (artifact id: '984807b138c160a92ec6af1058665c24') in 0.012149 seconds 
========================================================================
Received Import Request.
  Time since last request: 0.000024 seconds.
  path: Assets/Resources/Images/3082.png
  artifactKey: Guid(fa26014b7be99ac44b4f981e5048d7ba) Importer(815301076,1909f56bfc062723c751e8b465ee728b)
Start importing Assets/Resources/Images/3082.png using Guid(fa26014b7be99ac44b4f981e5048d7ba) Importer(815301076,1909f56bfc062723c751e8b465ee728b)  -> (artifact id: 'b0ee80bb0a061d9c6be59ae5aaa5becd') in 0.010994 seconds 
========================================================================
Received Import Request.
  Time since last request: 0.000024 seconds.
  path: Assets/Resources/Images/3083.png
  artifactKey: Guid(91094641ce9d691468839f523f4ee618) Importer(815301076,1909f56bfc062723c751e8b465ee728b)
Start importing Assets/Resources/Images/3083.png using Guid(91094641ce9d691468839f523f4ee618) Importer(815301076,1909f56bfc062723c751e8b465ee728b)  -> (artifact id: 'af2094c58168bf248997ff7720475976') in 0.009955 seconds 
========================================================================
Received Import Request.
  Time since last request: 0.000024 seconds.
  path: Assets/Resources/Images/3177.png
  artifactKey: Guid(b4ed5bfd833848f448286a8e56561412) Importer(815301076,1909f56bfc062723c751e8b465ee728b)
Start importing Assets/Resources/Images/3177.png using Guid(b4ed5bfd833848f448286a8e56561412) Importer(815301076,1909f56bfc062723c751e8b465ee728b)  -> (artifact id: 'e440c773c4af7b8bee18f250eda419c1') in 0.010802 seconds 
========================================================================
Received Import Request.
  Time since last request: 0.000026 seconds.
  path: Assets/Resources/Images/3072.png
  artifactKey: Guid(a92d98f72c5a9a341a08f6ca922d3721) Importer(815301076,1909f56bfc062723c751e8b465ee728b)
Start importing Assets/Resources/Images/3072.png using Guid(a92d98f72c5a9a341a08f6ca922d3721) Importer(815301076,1909f56bfc062723c751e8b465ee728b)  -> (artifact id: '6e3355f179a2f488ebfb26d94d948cee') in 0.014583 seconds 
========================================================================
Received Import Request.
  Time since last request: 0.000026 seconds.
  path: Assets/Resources/Images/2489.png
  artifactKey: Guid(38c2e52259845a045b8ccbd4c9878407) Importer(815301076,1909f56bfc062723c751e8b465ee728b)
Start importing Assets/Resources/Images/2489.png using Guid(38c2e52259845a045b8ccbd4c9878407) Importer(815301076,1909f56bfc062723c751e8b465ee728b)  -> (artifact id: 'b35ccc7846b2ffeca460c32f3dcfc252') in 0.010816 seconds 
========================================================================
Received Import Request.
  Time since last request: 0.000027 seconds.
  path: Assets/Resources/Images/3050.png
  artifactKey: Guid(8f08a909263ea504face5c52cf7b4706) Importer(815301076,1909f56bfc062723c751e8b465ee728b)
Start importing Assets/Resources/Images/3050.png using Guid(8f08a909263ea504face5c52cf7b4706) Importer(815301076,1909f56bfc062723c751e8b465ee728b)  -> (artifact id: '35f36f0a1360817b847acf71f588786c') in 0.011792 seconds 
========================================================================
Received Import Request.
  Time since last request: 0.000024 seconds.
  path: Assets/Resources/Images/3048.png
  artifactKey: Guid(74a789940591aa84dafcb3415aa4c5e4) Importer(815301076,1909f56bfc062723c751e8b465ee728b)
Start importing Assets/Resources/Images/3048.png using Guid(74a789940591aa84dafcb3415aa4c5e4) Importer(815301076,1909f56bfc062723c751e8b465ee728b)  -> (artifact id: '5dbe3fcd84fb55a5cd6e62c54ec6e037') in 0.013963 seconds 
========================================================================
Received Import Request.
  Time since last request: 0.875131 seconds.
  path: Assets/Resources/Images/2485.png
  artifactKey: Guid(0707af9401e677346b3e20a76bf0fc12) Importer(815301076,1909f56bfc062723c751e8b465ee728b)
Start importing Assets/Resources/Images/2485.png using Guid(0707af9401e677346b3e20a76bf0fc12) Importer(815301076,1909f56bfc062723c751e8b465ee728b)  -> (artifact id: 'f790251e65ec171b7d369dcc29357d2b') in 0.011453 seconds 
========================================================================
Received Import Request.
  Time since last request: 0.000022 seconds.
  path: Assets/Resources/Images/2488.png
  artifactKey: Guid(c5846d57adfc710479352eb6f0108f17) Importer(815301076,1909f56bfc062723c751e8b465ee728b)
Start importing Assets/Resources/Images/2488.png using Guid(c5846d57adfc710479352eb6f0108f17) Importer(815301076,1909f56bfc062723c751e8b465ee728b)  -> (artifact id: '9b59c7a90bf485bc276de2cdc729781b') in 0.009374 seconds 
========================================================================
Received Import Request.
  Time since last request: 0.027293 seconds.
  path: Assets/Resources/Images/2478.png
  artifactKey: Guid(645d834bfae2d734891cab53ef230f76) Importer(815301076,1909f56bfc062723c751e8b465ee728b)
Start importing Assets/Resources/Images/2478.png using Guid(645d834bfae2d734891cab53ef230f76) Importer(815301076,1909f56bfc062723c751e8b465ee728b)  -> (artifact id: '6f58f78d6fcb3099b3a8078ec7070537') in 0.020331 seconds 
========================================================================
Received Import Request.
  Time since last request: 0.000029 seconds.
  path: Assets/Resources/Images/2468.png
  artifactKey: Guid(c9e1e533058e5024884153d1e89c2477) Importer(815301076,1909f56bfc062723c751e8b465ee728b)
Start importing Assets/Resources/Images/2468.png using Guid(c9e1e533058e5024884153d1e89c2477) Importer(815301076,1909f56bfc062723c751e8b465ee728b)  -> (artifact id: '8e83a02fb02bce14045ee2feb4eb46b0') in 0.012564 seconds 
========================================================================
Received Import Request.
  Time since last request: 0.000020 seconds.
  path: Assets/Resources/Images/2472.png
  artifactKey: Guid(fd4411c22d257814c8ba0a3093260aac) Importer(815301076,1909f56bfc062723c751e8b465ee728b)
Start importing Assets/Resources/Images/2472.png using Guid(fd4411c22d257814c8ba0a3093260aac) Importer(815301076,1909f56bfc062723c751e8b465ee728b)  -> (artifact id: '92ef6ec55bfcc33b128a1c401fd92d5f') in 0.015122 seconds 
========================================================================
Received Import Request.
  Time since last request: 0.032213 seconds.
  path: Assets/Resources/Images/2457.png
  artifactKey: Guid(ef3e507bfa1814a4a8bc11b717781a4b) Importer(815301076,1909f56bfc062723c751e8b465ee728b)
Start importing Assets/Resources/Images/2457.png using Guid(ef3e507bfa1814a4a8bc11b717781a4b) Importer(815301076,1909f56bfc062723c751e8b465ee728b)  -> (artifact id: 'b22cdb37cba4de9dcf4da5e508c2cdb5') in 0.011530 seconds 
========================================================================
Received Import Request.
  Time since last request: 1.708453 seconds.
  path: Assets/Resources/Images/2450.png
  artifactKey: Guid(4d1df7147b860d144b2909d8ab5327eb) Importer(815301076,1909f56bfc062723c751e8b465ee728b)
Start importing Assets/Resources/Images/2450.png using Guid(4d1df7147b860d144b2909d8ab5327eb) Importer(815301076,1909f56bfc062723c751e8b465ee728b)  -> (artifact id: '5aa6cc46a5b24e5a5414dec08c66a24c') in 0.013475 seconds 
========================================================================
Received Import Request.
  Time since last request: 0.000045 seconds.
  path: Assets/Resources/Images/2453.png
  artifactKey: Guid(ee0ff937241072740926b6bdf9187514) Importer(815301076,1909f56bfc062723c751e8b465ee728b)
Start importing Assets/Resources/Images/2453.png using Guid(ee0ff937241072740926b6bdf9187514) Importer(815301076,1909f56bfc062723c751e8b465ee728b)  -> (artifact id: '8b55062eb2dc53daa7f4ba243e806adb') in 0.009702 seconds 
========================================================================
Received Import Request.
  Time since last request: 0.045588 seconds.
  path: Assets/Resources/Images/2379.png
  artifactKey: Guid(2b9990d69bcbfd74fa6cff0b49195260) Importer(815301076,1909f56bfc062723c751e8b465ee728b)
Start importing Assets/Resources/Images/2379.png using Guid(2b9990d69bcbfd74fa6cff0b49195260) Importer(815301076,1909f56bfc062723c751e8b465ee728b)  -> (artifact id: '684cc25daf02f4050aec4b73bd0726c5') in 0.036530 seconds 
========================================================================
Received Import Request.
  Time since last request: 0.000056 seconds.
  path: Assets/Resources/Images/2387.png
  artifactKey: Guid(45745df35355a2c4dbaccd15959cd90e) Importer(815301076,1909f56bfc062723c751e8b465ee728b)
Start importing Assets/Resources/Images/2387.png using Guid(45745df35355a2c4dbaccd15959cd90e) Importer(815301076,1909f56bfc062723c751e8b465ee728b)  -> (artifact id: '61767d60983ec78976924397746aa975') in 0.023591 seconds 
========================================================================
Received Import Request.
  Time since last request: 0.003060 seconds.
  path: Assets/Resources/Images/2369.png
  artifactKey: Guid(1756ac7d68b3a5c439b650c6b30f0290) Importer(815301076,1909f56bfc062723c751e8b465ee728b)
Start importing Assets/Resources/Images/2369.png using Guid(1756ac7d68b3a5c439b650c6b30f0290) Importer(815301076,1909f56bfc062723c751e8b465ee728b)  -> (artifact id: '2683fadb6f959b3f662cb11047a10c5d') in 0.016871 seconds 
========================================================================
Received Import Request.
  Time since last request: 0.000021 seconds.
  path: Assets/Resources/Images/2370.png
  artifactKey: Guid(8856bfc36dfd38f4c99050849759df05) Importer(815301076,1909f56bfc062723c751e8b465ee728b)
Start importing Assets/Resources/Images/2370.png using Guid(8856bfc36dfd38f4c99050849759df05) Importer(815301076,1909f56bfc062723c751e8b465ee728b)  -> (artifact id: '7701e9ed70c3ac06a1fda088caca6db4') in 0.011084 seconds 
========================================================================
Received Import Request.
  Time since last request: 1.062635 seconds.
  path: Assets/Resources/Images/2365.png
  artifactKey: Guid(6abd0ba8f17141345bb32fe54c51dbde) Importer(815301076,1909f56bfc062723c751e8b465ee728b)
Start importing Assets/Resources/Images/2365.png using Guid(6abd0ba8f17141345bb32fe54c51dbde) Importer(815301076,1909f56bfc062723c751e8b465ee728b)  -> (artifact id: 'ed64a9fc838d4c966011a48955e79b87') in 0.027165 seconds 
========================================================================
Received Import Request.
  Time since last request: 0.000067 seconds.
  path: Assets/Resources/Images/2368.png
  artifactKey: Guid(273cf6d35e1696840a982c68f58d252e) Importer(815301076,1909f56bfc062723c751e8b465ee728b)
Start importing Assets/Resources/Images/2368.png using Guid(273cf6d35e1696840a982c68f58d252e) Importer(815301076,1909f56bfc062723c751e8b465ee728b)  -> (artifact id: '326632e6c884a039ade2cca58a2521c8') in 0.013083 seconds 
========================================================================
Received Import Request.
  Time since last request: 0.000022 seconds.
  path: Assets/Resources/Images/2351.png
  artifactKey: Guid(4aaec08ef563c4443ab0d78a3db95d7a) Importer(815301076,1909f56bfc062723c751e8b465ee728b)
Start importing Assets/Resources/Images/2351.png using Guid(4aaec08ef563c4443ab0d78a3db95d7a) Importer(815301076,1909f56bfc062723c751e8b465ee728b)  -> (artifact id: '1ddb980ddf8a3d37ede84129a7aa48c1') in 0.010634 seconds 
========================================================================
Received Import Request.
  Time since last request: 0.000020 seconds.
  path: Assets/Resources/Images/2353.png
  artifactKey: Guid(78c247db930fe134291290f91cf064fd) Importer(815301076,1909f56bfc062723c751e8b465ee728b)
Start importing Assets/Resources/Images/2353.png using Guid(78c247db930fe134291290f91cf064fd) Importer(815301076,1909f56bfc062723c751e8b465ee728b)  -> (artifact id: 'e03bf37920e13d6b717b53e16ad34544') in 0.012542 seconds 
========================================================================
Received Import Request.
  Time since last request: 0.052318 seconds.
  path: Assets/Resources/Images/2287.png
  artifactKey: Guid(1061ee3679d870b4cbfad5cae5cb200a) Importer(815301076,1909f56bfc062723c751e8b465ee728b)
Start importing Assets/Resources/Images/2287.png using Guid(1061ee3679d870b4cbfad5cae5cb200a) Importer(815301076,1909f56bfc062723c751e8b465ee728b)  -> (artifact id: 'e328763b7b1be5371641de8952cd15c3') in 0.028907 seconds 
========================================================================
Received Import Request.
  Time since last request: 0.000032 seconds.
  path: Assets/Resources/Images/2281.png
  artifactKey: Guid(c08323f2a2224a94f8987bad8507d40d) Importer(815301076,1909f56bfc062723c751e8b465ee728b)
Start importing Assets/Resources/Images/2281.png using Guid(c08323f2a2224a94f8987bad8507d40d) Importer(815301076,1909f56bfc062723c751e8b465ee728b)  -> (artifact id: '71564cd4a12659fdff028fa9b11d9204') in 0.019331 seconds 
========================================================================
Received Import Request.
  Time since last request: 0.000028 seconds.
  path: Assets/Resources/Images/2278.png
  artifactKey: Guid(a2bad9bf982d1fd42b35ae8697645b8e) Importer(815301076,1909f56bfc062723c751e8b465ee728b)
Start importing Assets/Resources/Images/2278.png using Guid(a2bad9bf982d1fd42b35ae8697645b8e) Importer(815301076,1909f56bfc062723c751e8b465ee728b)  -> (artifact id: '6c717d8d9848afa3035713e5f8539a7e') in 0.018856 seconds 
========================================================================
Received Import Request.
  Time since last request: 0.056835 seconds.
  path: Assets/Resources/Images/2266.png
  artifactKey: Guid(d83ddbd8a846d4c4193f495c1781b3e2) Importer(815301076,1909f56bfc062723c751e8b465ee728b)
Start importing Assets/Resources/Images/2266.png using Guid(d83ddbd8a846d4c4193f495c1781b3e2) Importer(815301076,1909f56bfc062723c751e8b465ee728b)  -> (artifact id: 'e7bc85e3ba0d6f4af52d93463cd5941e') in 0.013262 seconds 
========================================================================
Received Import Request.
  Time since last request: 0.000037 seconds.
  path: Assets/Resources/Images/2249.png
  artifactKey: Guid(ab82f1f31cded96428ae58e091f0e2ed) Importer(815301076,1909f56bfc062723c751e8b465ee728b)
Start importing Assets/Resources/Images/2249.png using Guid(ab82f1f31cded96428ae58e091f0e2ed) Importer(815301076,1909f56bfc062723c751e8b465ee728b)  -> (artifact id: 'c9ce5f9b07671e30ef45e367f9477d3d') in 0.021815 seconds 
========================================================================
Received Import Request.
  Time since last request: 0.000044 seconds.
  path: Assets/Resources/Images/2272.png
  artifactKey: Guid(17de380f03c5c5a438d5fb9d678f36cd) Importer(815301076,1909f56bfc062723c751e8b465ee728b)
Start importing Assets/Resources/Images/2272.png using Guid(17de380f03c5c5a438d5fb9d678f36cd) Importer(815301076,1909f56bfc062723c751e8b465ee728b)  -> (artifact id: '491ab7888aa109bed92cf8840e364730') in 0.010287 seconds 
========================================================================
Received Import Request.
  Time since last request: 0.000022 seconds.
  path: Assets/Resources/Images/2273.png
  artifactKey: Guid(a854ba7b48232da47bf2e80d4e6db89d) Importer(815301076,1909f56bfc062723c751e8b465ee728b)
Start importing Assets/Resources/Images/2273.png using Guid(a854ba7b48232da47bf2e80d4e6db89d) Importer(815301076,1909f56bfc062723c751e8b465ee728b)  -> (artifact id: 'd5d4490ae11458063812af1661a028c5') in 0.009932 seconds 
========================================================================
Received Import Request.
  Time since last request: 0.000023 seconds.
  path: Assets/Resources/Images/2188.png
  artifactKey: Guid(b436e05438822a445b80ed9b1c15555c) Importer(815301076,1909f56bfc062723c751e8b465ee728b)
Start importing Assets/Resources/Images/2188.png using Guid(b436e05438822a445b80ed9b1c15555c) Importer(815301076,1909f56bfc062723c751e8b465ee728b)  -> (artifact id: 'ec57aa2df6ce87b9286cc159f5c347d9') in 0.015946 seconds 
========================================================================
Received Import Request.
  Time since last request: 0.039222 seconds.
  path: Assets/Resources/Images/2174.png
  artifactKey: Guid(7af6963d3447592418b9933075a67f2f) Importer(815301076,1909f56bfc062723c751e8b465ee728b)
Start importing Assets/Resources/Images/2174.png using Guid(7af6963d3447592418b9933075a67f2f) Importer(815301076,1909f56bfc062723c751e8b465ee728b)  -> (artifact id: '9b5d8f442236707d188f128a9e829baf') in 0.014553 seconds 
========================================================================
Received Import Request.
  Time since last request: 0.000026 seconds.
  path: Assets/Resources/Images/2180.png
  artifactKey: Guid(62c34c24be7d6ed43a34b52328723509) Importer(815301076,1909f56bfc062723c751e8b465ee728b)
Start importing Assets/Resources/Images/2180.png using Guid(62c34c24be7d6ed43a34b52328723509) Importer(815301076,1909f56bfc062723c751e8b465ee728b)  -> (artifact id: 'ac1131739e9ca4bbdcfdbb1a78afbe2a') in 0.012813 seconds 
========================================================================
Received Import Request.
  Time since last request: 0.000046 seconds.
  path: Assets/Resources/Images/2179.png
  artifactKey: Guid(9fdc06a3a4c654240a5c6aa766064cd5) Importer(815301076,1909f56bfc062723c751e8b465ee728b)
Start importing Assets/Resources/Images/2179.png using Guid(9fdc06a3a4c654240a5c6aa766064cd5) Importer(815301076,1909f56bfc062723c751e8b465ee728b)  -> (artifact id: '2c5e01ea7d86bed4ea25690360925aab') in 0.013288 seconds 
========================================================================
Received Import Request.
  Time since last request: 0.000023 seconds.
  path: Assets/Resources/Images/2166.png
  artifactKey: Guid(38c2e6d3af75b4e4ca9e111897c63e2c) Importer(815301076,1909f56bfc062723c751e8b465ee728b)
Start importing Assets/Resources/Images/2166.png using Guid(38c2e6d3af75b4e4ca9e111897c63e2c) Importer(815301076,1909f56bfc062723c751e8b465ee728b)  -> (artifact id: 'fa3015b03aa38aa86400f937a41cad3c') in 0.015101 seconds 
========================================================================
Received Import Request.
  Time since last request: 0.015082 seconds.
  path: Assets/Resources/Images/2154.png
  artifactKey: Guid(ba3bd1745ecc10f498fe02038bb0e346) Importer(815301076,1909f56bfc062723c751e8b465ee728b)
Start importing Assets/Resources/Images/2154.png using Guid(ba3bd1745ecc10f498fe02038bb0e346) Importer(815301076,1909f56bfc062723c751e8b465ee728b)  -> (artifact id: '04b42e5fd42bc49e3640aca3194c9a55') in 0.007691 seconds 
========================================================================
Received Import Request.
  Time since last request: 1.475370 seconds.
  path: Assets/Resources/Images/1349.png
  artifactKey: Guid(318ff203b527aa7489edded09599b1e4) Importer(815301076,1909f56bfc062723c751e8b465ee728b)
Start importing Assets/Resources/Images/1349.png using Guid(318ff203b527aa7489edded09599b1e4) Importer(815301076,1909f56bfc062723c751e8b465ee728b)  -> (artifact id: 'e1877f78dcc40b398ce90a7f59a320b0') in 0.048948 seconds 
========================================================================
Received Import Request.
  Time since last request: 0.000049 seconds.
  path: Assets/Resources/Images/0379.png
  artifactKey: Guid(6e72c4b925951104391f8ed0b9250de5) Importer(815301076,1909f56bfc062723c751e8b465ee728b)
Start importing Assets/Resources/Images/0379.png using Guid(6e72c4b925951104391f8ed0b9250de5) Importer(815301076,1909f56bfc062723c751e8b465ee728b)  -> (artifact id: '9dede158737f4e3f25496ebcb3bb32b5') in 0.023334 seconds 
========================================================================
Received Import Request.
  Time since last request: 0.000042 seconds.
  path: Assets/Resources/Images/0387.png
  artifactKey: Guid(863f21ac348ed6c4db81a7fb54f52ee2) Importer(815301076,1909f56bfc062723c751e8b465ee728b)
Start importing Assets/Resources/Images/0387.png using Guid(863f21ac348ed6c4db81a7fb54f52ee2) Importer(815301076,1909f56bfc062723c751e8b465ee728b)  -> (artifact id: '6f0c26e92600a2d45def7cabb9b6627f') in 0.021590 seconds 
========================================================================
Received Import Request.
  Time since last request: 0.000046 seconds.
  path: Assets/Resources/Images/1351.png
  artifactKey: Guid(370730e254e189444acdf607df713aa5) Importer(815301076,1909f56bfc062723c751e8b465ee728b)
Start importing Assets/Resources/Images/1351.png using Guid(370730e254e189444acdf607df713aa5) Importer(815301076,1909f56bfc062723c751e8b465ee728b)  -> (artifact id: '751031dc9680332a27168e8644c17ea2') in 0.023509 seconds 
========================================================================
Received Import Request.
  Time since last request: 0.000082 seconds.
  path: Assets/Resources/Images/0382.png
  artifactKey: Guid(1dabdd00fdd3f384680af4f9c3425077) Importer(815301076,1909f56bfc062723c751e8b465ee728b)
Start importing Assets/Resources/Images/0382.png using Guid(1dabdd00fdd3f384680af4f9c3425077) Importer(815301076,1909f56bfc062723c751e8b465ee728b)  -> (artifact id: '88eb0eb430f9de3fa0d67e4a6692940b') in 0.019171 seconds 
========================================================================
Received Import Request.
  Time since last request: 0.000069 seconds.
  path: Assets/Resources/Images/0453.png
  artifactKey: Guid(94b9c154d3feb424cafe6520b1645a2c) Importer(815301076,1909f56bfc062723c751e8b465ee728b)
Start importing Assets/Resources/Images/0453.png using Guid(94b9c154d3feb424cafe6520b1645a2c) Importer(815301076,1909f56bfc062723c751e8b465ee728b)  -> (artifact id: 'd80288c86be641dbfa9cf17057a43067') in 0.018879 seconds 
========================================================================
Received Import Request.
  Time since last request: 0.000051 seconds.
  path: Assets/Resources/Images/0457.png
  artifactKey: Guid(b219fc5d7eb23e741a4dc4d74c058ccc) Importer(815301076,1909f56bfc062723c751e8b465ee728b)
Start importing Assets/Resources/Images/0457.png using Guid(b219fc5d7eb23e741a4dc4d74c058ccc) Importer(815301076,1909f56bfc062723c751e8b465ee728b)  -> (artifact id: '950673e48c26a425642de3f8c6179a2c') in 0.019710 seconds 
========================================================================
Received Import Request.
  Time since last request: 0.000039 seconds.
  path: Assets/Resources/Images/0380.png
  artifactKey: Guid(6816f613fd3c0e543800e7a4ec469b1a) Importer(815301076,1909f56bfc062723c751e8b465ee728b)
Start importing Assets/Resources/Images/0380.png using Guid(6816f613fd3c0e543800e7a4ec469b1a) Importer(815301076,1909f56bfc062723c751e8b465ee728b)  -> (artifact id: 'f0c85c923175043e9c1bd7e2cef098ef') in 0.015635 seconds 
========================================================================
Received Import Request.
  Time since last request: 0.000045 seconds.
  path: Assets/Resources/Images/1357.png
  artifactKey: Guid(984cbbbde80412144912b4be9a77a8fb) Importer(815301076,1909f56bfc062723c751e8b465ee728b)
Start importing Assets/Resources/Images/1357.png using Guid(984cbbbde80412144912b4be9a77a8fb) Importer(815301076,1909f56bfc062723c751e8b465ee728b)  -> (artifact id: '0536a55d5bc76617d5588889ae90c871') in 0.008035 seconds 
========================================================================
Received Prepare
Registering precompiled user dll's ...
Registered in 0.009558 seconds.
Begin MonoManager ReloadAssembly
Symbol file LoadedFromMemory doesn't match image C:\Data\Buckeye Vertical\BV-Domain-Randomization-Unity-Project\Library\PackageCache\com.unity.visualscripting@1.7.8\Editor\VisualScripting.Core\Dependencies\YamlDotNet\Unity.VisualScripting.YamlDotNet.dll
Symbol file LoadedFromMemory doesn't match image C:\Data\Buckeye Vertical\BV-Domain-Randomization-Unity-Project\Library\PackageCache\com.unity.visualscripting@1.7.8\Editor\VisualScripting.Core\Dependencies\DotNetZip\Unity.VisualScripting.IonicZip.dll
Native extension for WindowsStandalone target not found
Native extension for WebGL target not found
Refreshing native plugins compatible for Editor in 0.81 ms, found 3 plugins.
Preloading 0 native plugins for Editor in 0.00 ms.
Mono: successfully reloaded assembly
- Completed reload, in  0.962 seconds
Domain Reload Profiling:
	ReloadAssembly (963ms)
		BeginReloadAssembly (141ms)
			ExecutionOrderSort (0ms)
			DisableScriptedObjects (7ms)
			BackupInstance (0ms)
			ReleaseScriptingObjects (0ms)
			CreateAndSetChildDomain (42ms)
		EndReloadAssembly (716ms)
			LoadAssemblies (79ms)
			RebuildTransferFunctionScriptingTraits (0ms)
			SetupTypeCache (235ms)
			ReleaseScriptCaches (1ms)
			RebuildScriptCaches (38ms)
			SetupLoadedEditorAssemblies (327ms)
				LogAssemblyErrors (0ms)
				InitializePlatformSupportModulesInManaged (13ms)
				SetLoadedEditorAssemblies (1ms)
				RefreshPlugins (1ms)
				BeforeProcessingInitializeOnLoad (79ms)
				ProcessInitializeOnLoadAttributes (205ms)
				ProcessInitializeOnLoadMethodAttributes (21ms)
				AfterProcessingInitializeOnLoad (6ms)
				EditorAssembliesLoaded (0ms)
			ExecutionOrderSort2 (0ms)
			AwakeInstancesAfterBackupRestoration (7ms)
Platform modules already initialized, skipping
Refreshing native plugins compatible for Editor in 2.55 ms, found 3 plugins.
Preloading 0 native plugins for Editor in 0.00 ms.
Unloading 3348 Unused Serialized files (Serialized files now loaded: 0)
Unloading 20 unused Assets / (80.1 KB). Loaded Objects now: 3830.
Memory consumption went from 118.9 MB to 118.8 MB.
Total: 2.800800 ms (FindLiveObjects: 0.180300 ms CreateObjectMapping: 0.080600 ms MarkObjects: 2.466500 ms  DeleteObjects: 0.072000 ms)

AssetImportParameters requested are different than current active one (requested -> active):
  custom:video-decoder-ogg-theora: a1e56fd34408186e4bbccfd4996cb3dc -> 
  custom:container-muxer-webm: aa71ff27fc2769a1b78a27578f13a17b -> 
  custom:container-demuxer-webm: 4f35f7cbe854078d1ac9338744f61a02 -> 
  custom:video-encoder-webm-vp8: eb34c28f22e8b96e1ab97ce403110664 -> 
  custom:video-codec-MediaFoundation-h265: 746d11721c4dcdbdad8f713fa42b33f4 -> 
  custom:audio-encoder-webm-vorbis: bf7c407c2cedff20999df2af8eb42d56 -> 
  custom:framework-win-MediaFoundation: 216162199b28c13a410421893ffa2e32 -> 
  custom:container-demuxer-ogg: 62fdf1f143b41e24485cea50d1cbac27 -> 
  custom:video-decoder-webm-vp8: 9c59270c3fd7afecdb556c50c9e8de78 -> 
  custom:audio-decoder-ogg-vorbis: bf7c407c2cedff20999df2af8eb42d56 -> 
========================================================================
Received Prepare
Registering precompiled user dll's ...
Registered in 0.007280 seconds.
Begin MonoManager ReloadAssembly
Symbol file LoadedFromMemory doesn't match image C:\Data\Buckeye Vertical\BV-Domain-Randomization-Unity-Project\Library\PackageCache\com.unity.visualscripting@1.7.8\Editor\VisualScripting.Core\Dependencies\YamlDotNet\Unity.VisualScripting.YamlDotNet.dll
Symbol file LoadedFromMemory doesn't match image C:\Data\Buckeye Vertical\BV-Domain-Randomization-Unity-Project\Library\PackageCache\com.unity.visualscripting@1.7.8\Editor\VisualScripting.Core\Dependencies\DotNetZip\Unity.VisualScripting.IonicZip.dll
Native extension for WindowsStandalone target not found
Native extension for WebGL target not found
Refreshing native plugins compatible for Editor in 0.52 ms, found 3 plugins.
Preloading 0 native plugins for Editor in 0.00 ms.
Mono: successfully reloaded assembly
- Completed reload, in  0.845 seconds
Domain Reload Profiling:
	ReloadAssembly (845ms)
		BeginReloadAssembly (120ms)
			ExecutionOrderSort (0ms)
			DisableScriptedObjects (5ms)
			BackupInstance (0ms)
			ReleaseScriptingObjects (0ms)
			CreateAndSetChildDomain (33ms)
		EndReloadAssembly (641ms)
			LoadAssemblies (70ms)
			RebuildTransferFunctionScriptingTraits (0ms)
			SetupTypeCache (214ms)
			ReleaseScriptCaches (1ms)
			RebuildScriptCaches (37ms)
			SetupLoadedEditorAssemblies (273ms)
				LogAssemblyErrors (0ms)
				InitializePlatformSupportModulesInManaged (13ms)
				SetLoadedEditorAssemblies (0ms)
				RefreshPlugins (1ms)
				BeforeProcessingInitializeOnLoad (55ms)
				ProcessInitializeOnLoadAttributes (179ms)
				ProcessInitializeOnLoadMethodAttributes (19ms)
				AfterProcessingInitializeOnLoad (6ms)
				EditorAssembliesLoaded (0ms)
			ExecutionOrderSort2 (0ms)
			AwakeInstancesAfterBackupRestoration (7ms)
Platform modules already initialized, skipping
Refreshing native plugins compatible for Editor in 2.10 ms, found 3 plugins.
Preloading 0 native plugins for Editor in 0.00 ms.
Unloading 3348 Unused Serialized files (Serialized files now loaded: 0)
Unloading 20 unused Assets / (80.0 KB). Loaded Objects now: 3833.
Memory consumption went from 118.9 MB to 118.8 MB.
Total: 2.635700 ms (FindLiveObjects: 0.184700 ms CreateObjectMapping: 0.082000 ms MarkObjects: 2.286200 ms  DeleteObjects: 0.081400 ms)

AssetImportParameters requested are different than current active one (requested -> active):
  custom:video-decoder-ogg-theora: a1e56fd34408186e4bbccfd4996cb3dc -> 
  custom:container-muxer-webm: aa71ff27fc2769a1b78a27578f13a17b -> 
  custom:container-demuxer-webm: 4f35f7cbe854078d1ac9338744f61a02 -> 
  custom:video-encoder-webm-vp8: eb34c28f22e8b96e1ab97ce403110664 -> 
  custom:video-codec-MediaFoundation-h265: 746d11721c4dcdbdad8f713fa42b33f4 -> 
  custom:audio-encoder-webm-vorbis: bf7c407c2cedff20999df2af8eb42d56 -> 
  custom:framework-win-MediaFoundation: 216162199b28c13a410421893ffa2e32 -> 
  custom:container-demuxer-ogg: 62fdf1f143b41e24485cea50d1cbac27 -> 
  custom:video-decoder-webm-vp8: 9c59270c3fd7afecdb556c50c9e8de78 -> 
  custom:audio-decoder-ogg-vorbis: bf7c407c2cedff20999df2af8eb42d56 -> 
========================================================================
Received Prepare
Registering precompiled user dll's ...
Registered in 0.015958 seconds.
Begin MonoManager ReloadAssembly
Symbol file LoadedFromMemory doesn't match image C:\Data\Buckeye Vertical\BV-Domain-Randomization-Unity-Project\Library\PackageCache\com.unity.visualscripting@1.7.8\Editor\VisualScripting.Core\Dependencies\YamlDotNet\Unity.VisualScripting.YamlDotNet.dll
Symbol file LoadedFromMemory doesn't match image C:\Data\Buckeye Vertical\BV-Domain-Randomization-Unity-Project\Library\PackageCache\com.unity.visualscripting@1.7.8\Editor\VisualScripting.Core\Dependencies\DotNetZip\Unity.VisualScripting.IonicZip.dll
Native extension for WindowsStandalone target not found
Native extension for WebGL target not found
Refreshing native plugins compatible for Editor in 0.70 ms, found 3 plugins.
Preloading 0 native plugins for Editor in 0.00 ms.
Mono: successfully reloaded assembly
- Completed reload, in  1.476 seconds
Domain Reload Profiling:
	ReloadAssembly (1477ms)
		BeginReloadAssembly (218ms)
			ExecutionOrderSort (0ms)
			DisableScriptedObjects (17ms)
			BackupInstance (0ms)
			ReleaseScriptingObjects (0ms)
			CreateAndSetChildDomain (51ms)
		EndReloadAssembly (1111ms)
			LoadAssemblies (126ms)
			RebuildTransferFunctionScriptingTraits (0ms)
			SetupTypeCache (395ms)
			ReleaseScriptCaches (2ms)
			RebuildScriptCaches (55ms)
			SetupLoadedEditorAssemblies (477ms)
				LogAssemblyErrors (0ms)
				InitializePlatformSupportModulesInManaged (23ms)
				SetLoadedEditorAssemblies (1ms)
				RefreshPlugins (1ms)
				BeforeProcessingInitializeOnLoad (97ms)
				ProcessInitializeOnLoadAttributes (309ms)
				ProcessInitializeOnLoadMethodAttributes (37ms)
				AfterProcessingInitializeOnLoad (10ms)
				EditorAssembliesLoaded (0ms)
			ExecutionOrderSort2 (0ms)
			AwakeInstancesAfterBackupRestoration (12ms)
Platform modules already initialized, skipping
Refreshing native plugins compatible for Editor in 2.11 ms, found 3 plugins.
Preloading 0 native plugins for Editor in 0.00 ms.
Unloading 3348 Unused Serialized files (Serialized files now loaded: 0)
Unloading 20 unused Assets / (80.1 KB). Loaded Objects now: 3836.
Memory consumption went from 118.9 MB to 118.8 MB.
Total: 4.143700 ms (FindLiveObjects: 0.222600 ms CreateObjectMapping: 0.099000 ms MarkObjects: 3.715200 ms  DeleteObjects: 0.103100 ms)

AssetImportParameters requested are different than current active one (requested -> active):
  custom:video-decoder-ogg-theora: a1e56fd34408186e4bbccfd4996cb3dc -> 
  custom:container-muxer-webm: aa71ff27fc2769a1b78a27578f13a17b -> 
  custom:container-demuxer-webm: 4f35f7cbe854078d1ac9338744f61a02 -> 
  custom:video-encoder-webm-vp8: eb34c28f22e8b96e1ab97ce403110664 -> 
  custom:video-codec-MediaFoundation-h265: 746d11721c4dcdbdad8f713fa42b33f4 -> 
  custom:audio-encoder-webm-vorbis: bf7c407c2cedff20999df2af8eb42d56 -> 
  custom:framework-win-MediaFoundation: 216162199b28c13a410421893ffa2e32 -> 
  custom:container-demuxer-ogg: 62fdf1f143b41e24485cea50d1cbac27 -> 
  custom:video-decoder-webm-vp8: 9c59270c3fd7afecdb556c50c9e8de78 -> 
  custom:audio-decoder-ogg-vorbis: bf7c407c2cedff20999df2af8eb42d56 -> 
========================================================================
Received Import Request.
  Time since last request: 4384.852849 seconds.
  path: Assets/Resources/Images/0473.png
  artifactKey: Guid(d69f92e0f87d7284a9c73f7119be8d84) Importer(815301076,1909f56bfc062723c751e8b465ee728b)
Start importing Assets/Resources/Images/0473.png using Guid(d69f92e0f87d7284a9c73f7119be8d84) Importer(815301076,1909f56bfc062723c751e8b465ee728b)  -> (artifact id: '8cadf7fbf83a98ebeecc92dd96ea7a5d') in 0.182965 seconds 
========================================================================
Received Import Request.
  Time since last request: 1.259350 seconds.
  path: Assets/Resources/Images/0475.png
  artifactKey: Guid(49d81795ffc30374eb58ff132447bb75) Importer(815301076,1909f56bfc062723c751e8b465ee728b)
Start importing Assets/Resources/Images/0475.png using Guid(49d81795ffc30374eb58ff132447bb75) Importer(815301076,1909f56bfc062723c751e8b465ee728b)  -> (artifact id: '214ebecd179f79e4cf766a2d24f787f9') in 0.015164 seconds 
========================================================================
Received Import Request.
  Time since last request: 1.372085 seconds.
  path: Assets/Resources/Images/0477.png
  artifactKey: Guid(e3096bb7ee68a9c4aa8a566756def572) Importer(815301076,1909f56bfc062723c751e8b465ee728b)
Start importing Assets/Resources/Images/0477.png using Guid(e3096bb7ee68a9c4aa8a566756def572) Importer(815301076,1909f56bfc062723c751e8b465ee728b)  -> (artifact id: 'af7ba5446c7c80ba1b8e8c0b637396f0') in 0.017977 seconds 
========================================================================
Received Import Request.
  Time since last request: 1.352126 seconds.
  path: Assets/Resources/Images/0482.png
  artifactKey: Guid(2487bbbe53d483941aada2f258aebaf4) Importer(815301076,1909f56bfc062723c751e8b465ee728b)
Start importing Assets/Resources/Images/0482.png using Guid(2487bbbe53d483941aada2f258aebaf4) Importer(815301076,1909f56bfc062723c751e8b465ee728b)  -> (artifact id: '7df5c5802cb255c1fbba6c3618de7c2c') in 0.013713 seconds 
========================================================================
Received Import Request.
  Time since last request: 0.000028 seconds.
  path: Assets/Resources/Images/0481.png
  artifactKey: Guid(19d4162ab74657f40b20e3961c880372) Importer(815301076,1909f56bfc062723c751e8b465ee728b)
Start importing Assets/Resources/Images/0481.png using Guid(19d4162ab74657f40b20e3961c880372) Importer(815301076,1909f56bfc062723c751e8b465ee728b)  -> (artifact id: '1a48eb0e071de3fb92d76224c49bb098') in 0.010722 seconds 
========================================================================
Received Import Request.
  Time since last request: 0.000032 seconds.
  path: Assets/Resources/Images/0474.png
  artifactKey: Guid(ef861dc55400f964eaa65a4f2cd2f982) Importer(815301076,1909f56bfc062723c751e8b465ee728b)
Start importing Assets/Resources/Images/0474.png using Guid(ef861dc55400f964eaa65a4f2cd2f982) Importer(815301076,1909f56bfc062723c751e8b465ee728b)  -> (artifact id: '46a1eccdbf2d71d01dde6a736b56c469') in 0.014012 seconds 
========================================================================
Received Import Request.
  Time since last request: 0.000053 seconds.
  path: Assets/Resources/Images/0480.png
  artifactKey: Guid(04c1037e14926694b8fee75ab6743b3a) Importer(815301076,1909f56bfc062723c751e8b465ee728b)
Start importing Assets/Resources/Images/0480.png using Guid(04c1037e14926694b8fee75ab6743b3a) Importer(815301076,1909f56bfc062723c751e8b465ee728b)  -> (artifact id: 'f7ae80878a7d267001193e029a1fd1a3') in 0.011873 seconds 
Editor requested this worker to shutdown with reason: Scaling down because of idle timeout
AssetImportWorker is now disconnected from the server
Process exiting
Exiting without the bug reporter. Application will terminate with return code 0