Using pre-set license
Built from '2021.3/staging' branch; Version is '2021.3.14f1 (eee1884e7226) revision 15655304'; Using compiler version '192829333'; Build Type 'Release'
OS: 'Windows 11  (10.0.22621) 64bit Core' Language: 'en' Physical Memory: 32439 MB
BatchMode: 1, IsHumanControllingUs: 0, StartBugReporterOnCrash: 0, Is64bit: 1, IsPro: 1

COMMAND LINE ARGUMENTS:
C:\Program Files\Unity\Hub\Editor\2021.3.14f1\Editor\Unity.exe
-adb2
-batchMode
-noUpm
-name
AssetImportWorker4
-projectPath
C:/Data/Buckeye Vertical/BV-Domain-Randomization-Unity-Project
-logFile
Logs/AssetImportWorker4.log
-srvPort
61913
Successfully changed project path to: C:/Data/Buckeye Vertical/BV-Domain-Randomization-Unity-Project
C:/Data/Buckeye Vertical/BV-Domain-Randomization-Unity-Project
[UnityMemory] Configuration Parameters - Can be set up in boot.config
    "memorysetup-bucket-allocator-granularity=16"
    "memorysetup-bucket-allocator-bucket-count=8"
    "memorysetup-bucket-allocator-block-size=33554432"
    "memorysetup-bucket-allocator-block-count=8"
    "memorysetup-main-allocator-block-size=16777216"
    "memorysetup-thread-allocator-block-size=16777216"
    "memorysetup-gfx-main-allocator-block-size=16777216"
    "memorysetup-gfx-thread-allocator-block-size=16777216"
    "memorysetup-cache-allocator-block-size=4194304"
    "memorysetup-typetree-allocator-block-size=2097152"
    "memorysetup-profiler-bucket-allocator-granularity=16"
    "memorysetup-profiler-bucket-allocator-bucket-count=8"
    "memorysetup-profiler-bucket-allocator-block-size=33554432"
    "memorysetup-profiler-bucket-allocator-block-count=8"
    "memorysetup-profiler-allocator-block-size=16777216"
    "memorysetup-profiler-editor-allocator-block-size=1048576"
    "memorysetup-temp-allocator-size-main=16777216"
    "memorysetup-job-temp-allocator-block-size=2097152"
    "memorysetup-job-temp-allocator-block-size-background=1048576"
    "memorysetup-job-temp-allocator-reduction-small-platforms=262144"
    "memorysetup-temp-allocator-size-background-worker=32768"
    "memorysetup-temp-allocator-size-job-worker=262144"
    "memorysetup-temp-allocator-size-preload-manager=33554432"
    "memorysetup-temp-allocator-size-nav-mesh-worker=65536"
    "memorysetup-temp-allocator-size-audio-worker=65536"
    "memorysetup-temp-allocator-size-cloud-worker=32768"
    "memorysetup-temp-allocator-size-gi-baking-worker=262144"
    "memorysetup-temp-allocator-size-gfx=262144"
Refreshing native plugins compatible for Editor in 199.74 ms, found 3 plugins.
Preloading 0 native plugins for Editor in 0.00 ms.
Initialize engine version: 2021.3.14f1 (eee1884e7226)
[Subsystems] Discovering subsystems at path C:/Program Files/Unity/Hub/Editor/2021.3.14f1/Editor/Data/Resources/UnitySubsystems
[Subsystems] Discovering subsystems at path C:/Data/Buckeye Vertical/BV-Domain-Randomization-Unity-Project/Assets
GfxDevice: creating device client; threaded=0; jobified=0
Direct3D:
    Version:  Direct3D 11.0 [level 11.1]
    Renderer: NVIDIA GeForce RTX 3050 Ti Laptop GPU (ID=0x25a0)
    Vendor:   NVIDIA
    VRAM:     3978 MB
    Driver:   31.0.15.3209
Initialize mono
Mono path[0] = 'C:/Program Files/Unity/Hub/Editor/2021.3.14f1/Editor/Data/Managed'
Mono path[1] = 'C:/Program Files/Unity/Hub/Editor/2021.3.14f1/Editor/Data/MonoBleedingEdge/lib/mono/unityjit-win32'
Mono config path = 'C:/Program Files/Unity/Hub/Editor/2021.3.14f1/Editor/Data/MonoBleedingEdge/etc'
Using monoOptions --debugger-agent=transport=dt_socket,embedding=1,server=y,suspend=n,address=127.0.0.1:56404
Begin MonoManager ReloadAssembly
Registering precompiled unity dll's ...
Register platform support module: C:/Program Files/Unity/Hub/Editor/2021.3.14f1/Editor/Data/PlaybackEngines/WebGLSupport/UnityEditor.WebGL.Extensions.dll
Register platform support module: C:/Program Files/Unity/Hub/Editor/2021.3.14f1/Editor/Data/PlaybackEngines/WindowsStandaloneSupport/UnityEditor.WindowsStandalone.Extensions.dll
Registered in 0.010651 seconds.
Native extension for WindowsStandalone target not found
Native extension for WebGL target not found
Refreshing native plugins compatible for Editor in 121.36 ms, found 3 plugins.
Preloading 0 native plugins for Editor in 0.00 ms.
Mono: successfully reloaded assembly
- Completed reload, in  1.035 seconds
Domain Reload Profiling:
	ReloadAssembly (1036ms)
		BeginReloadAssembly (170ms)
			ExecutionOrderSort (0ms)
			DisableScriptedObjects (0ms)
			BackupInstance (0ms)
			ReleaseScriptingObjects (0ms)
			CreateAndSetChildDomain (1ms)
		EndReloadAssembly (661ms)
			LoadAssemblies (167ms)
			RebuildTransferFunctionScriptingTraits (0ms)
			SetupTypeCache (185ms)
			ReleaseScriptCaches (0ms)
			RebuildScriptCaches (34ms)
			SetupLoadedEditorAssemblies (371ms)
				LogAssemblyErrors (0ms)
				InitializePlatformSupportModulesInManaged (10ms)
				SetLoadedEditorAssemblies (0ms)
				RefreshPlugins (121ms)
				BeforeProcessingInitializeOnLoad (1ms)
				ProcessInitializeOnLoadAttributes (180ms)
				ProcessInitializeOnLoadMethodAttributes (58ms)
				AfterProcessingInitializeOnLoad (0ms)
				EditorAssembliesLoaded (0ms)
			ExecutionOrderSort2 (0ms)
			AwakeInstancesAfterBackupRestoration (0ms)
Platform modules already initialized, skipping
Registering precompiled user dll's ...
Registered in 0.007425 seconds.
Begin MonoManager ReloadAssembly
Symbol file LoadedFromMemory doesn't match image C:\Data\Buckeye Vertical\BV-Domain-Randomization-Unity-Project\Library\PackageCache\com.unity.visualscripting@1.7.8\Editor\VisualScripting.Core\Dependencies\YamlDotNet\Unity.VisualScripting.YamlDotNet.dll
Symbol file LoadedFromMemory doesn't match image C:\Data\Buckeye Vertical\BV-Domain-Randomization-Unity-Project\Library\PackageCache\com.unity.visualscripting@1.7.8\Editor\VisualScripting.Core\Dependencies\DotNetZip\Unity.VisualScripting.IonicZip.dll
Native extension for WindowsStandalone target not found
Native extension for WebGL target not found
Refreshing native plugins compatible for Editor in 1.19 ms, found 3 plugins.
Preloading 0 native plugins for Editor in 0.00 ms.
Mono: successfully reloaded assembly
- Completed reload, in  1.620 seconds
Domain Reload Profiling:
	ReloadAssembly (1621ms)
		BeginReloadAssembly (155ms)
			ExecutionOrderSort (0ms)
			DisableScriptedObjects (8ms)
			BackupInstance (0ms)
			ReleaseScriptingObjects (0ms)
			CreateAndSetChildDomain (24ms)
		EndReloadAssembly (1291ms)
			LoadAssemblies (118ms)
			RebuildTransferFunctionScriptingTraits (0ms)
			SetupTypeCache (402ms)
			ReleaseScriptCaches (1ms)
			RebuildScriptCaches (107ms)
			SetupLoadedEditorAssemblies (591ms)
				LogAssemblyErrors (0ms)
				InitializePlatformSupportModulesInManaged (10ms)
				SetLoadedEditorAssemblies (1ms)
				RefreshPlugins (1ms)
				BeforeProcessingInitializeOnLoad (133ms)
				ProcessInitializeOnLoadAttributes (395ms)
				ProcessInitializeOnLoadMethodAttributes (38ms)
				AfterProcessingInitializeOnLoad (12ms)
				EditorAssembliesLoaded (0ms)
			ExecutionOrderSort2 (0ms)
			AwakeInstancesAfterBackupRestoration (13ms)
Platform modules already initialized, skipping
========================================================================
Worker process is ready to serve import requests
Launched and connected shader compiler UnityShaderCompiler.exe after 0.15 seconds
Refreshing native plugins compatible for Editor in 1.80 ms, found 3 plugins.
Preloading 0 native plugins for Editor in 0.00 ms.
Unloading 3366 Unused Serialized files (Serialized files now loaded: 0)
Unloading 27 unused Assets / (113.5 KB). Loaded Objects now: 3824.
Memory consumption went from 120.5 MB to 120.4 MB.
Total: 7.008300 ms (FindLiveObjects: 0.498100 ms CreateObjectMapping: 0.337900 ms MarkObjects: 5.801800 ms  DeleteObjects: 0.368100 ms)

AssetImportParameters requested are different than current active one (requested -> active):
  custom:video-decoder-ogg-theora: a1e56fd34408186e4bbccfd4996cb3dc -> 
  custom:container-muxer-webm: aa71ff27fc2769a1b78a27578f13a17b -> 
  custom:container-demuxer-webm: 4f35f7cbe854078d1ac9338744f61a02 -> 
  custom:video-encoder-webm-vp8: eb34c28f22e8b96e1ab97ce403110664 -> 
  custom:video-codec-MediaFoundation-h265: 746d11721c4dcdbdad8f713fa42b33f4 -> 
  custom:audio-encoder-webm-vorbis: bf7c407c2cedff20999df2af8eb42d56 -> 
  custom:framework-win-MediaFoundation: 216162199b28c13a410421893ffa2e32 -> 
  custom:container-demuxer-ogg: 62fdf1f143b41e24485cea50d1cbac27 -> 
  custom:video-decoder-webm-vp8: 9c59270c3fd7afecdb556c50c9e8de78 -> 
  custom:audio-decoder-ogg-vorbis: bf7c407c2cedff20999df2af8eb42d56 -> 
========================================================================
Received Import Request.
  Time since last request: 389566.158247 seconds.
  path: Assets/Resources/Images/2172.png
  artifactKey: Guid(92087d08202721b48aecf4c9a9ce2e68) Importer(815301076,1909f56bfc062723c751e8b465ee728b)
Start importing Assets/Resources/Images/2172.png using Guid(92087d08202721b48aecf4c9a9ce2e68) Importer(815301076,1909f56bfc062723c751e8b465ee728b)  -> (artifact id: 'a4e85aeccb706a04bfdd5ed7655b682b') in 0.148630 seconds 
========================================================================
Received Import Request.
  Time since last request: 0.000044 seconds.
  path: Assets/Resources/Images/2178.png
  artifactKey: Guid(a998727a0038b3a4db8dbdf376820812) Importer(815301076,1909f56bfc062723c751e8b465ee728b)
Start importing Assets/Resources/Images/2178.png using Guid(a998727a0038b3a4db8dbdf376820812) Importer(815301076,1909f56bfc062723c751e8b465ee728b)  -> (artifact id: '5f44c61f314bc9674565dd5d376f39cb') in 0.015150 seconds 
========================================================================
Received Import Request.
  Time since last request: 0.000058 seconds.
  path: Assets/Resources/Images/2249.png
  artifactKey: Guid(ab82f1f31cded96428ae58e091f0e2ed) Importer(815301076,1909f56bfc062723c751e8b465ee728b)
Start importing Assets/Resources/Images/2249.png using Guid(ab82f1f31cded96428ae58e091f0e2ed) Importer(815301076,1909f56bfc062723c751e8b465ee728b)  -> (artifact id: '69d883d63329b807a8876517484eac43') in 0.017250 seconds 
========================================================================
Received Import Request.
  Time since last request: 0.000045 seconds.
  path: Assets/Resources/Images/2248.png
  artifactKey: Guid(d960976f419a5f547b11d2217b53c705) Importer(815301076,1909f56bfc062723c751e8b465ee728b)
Start importing Assets/Resources/Images/2248.png using Guid(d960976f419a5f547b11d2217b53c705) Importer(815301076,1909f56bfc062723c751e8b465ee728b)  -> (artifact id: '022e3b1aa3233f8241575f0d75c217bc') in 0.014499 seconds 
========================================================================
Received Import Request.
  Time since last request: 0.000039 seconds.
  path: Assets/Resources/Images/2250.png
  artifactKey: Guid(862ae681b7eb9b542bc6e2db5194acb4) Importer(815301076,1909f56bfc062723c751e8b465ee728b)
Start importing Assets/Resources/Images/2250.png using Guid(862ae681b7eb9b542bc6e2db5194acb4) Importer(815301076,1909f56bfc062723c751e8b465ee728b)  -> (artifact id: '127ee1c6708acfc9458e33807d54968e') in 0.019154 seconds 
========================================================================
Received Import Request.
  Time since last request: 0.000037 seconds.
  path: Assets/Resources/Images/2253.png
  artifactKey: Guid(75e5557b94c9a714db086df153559d08) Importer(815301076,1909f56bfc062723c751e8b465ee728b)
Start importing Assets/Resources/Images/2253.png using Guid(75e5557b94c9a714db086df153559d08) Importer(815301076,1909f56bfc062723c751e8b465ee728b)  -> (artifact id: 'bdbddf20923d300a0722da487dac4370') in 0.010807 seconds 
========================================================================
Received Import Request.
  Time since last request: 9.000766 seconds.
  path: Assets/Resources/Images/2265.png
  artifactKey: Guid(cc8b8b8541a6b754ca525ddb17791d10) Importer(815301076,1909f56bfc062723c751e8b465ee728b)
Start importing Assets/Resources/Images/2265.png using Guid(cc8b8b8541a6b754ca525ddb17791d10) Importer(815301076,1909f56bfc062723c751e8b465ee728b)  -> (artifact id: '22c713d28b452c1c572c665d046220e0') in 0.035238 seconds 
========================================================================
Received Import Request.
  Time since last request: 0.000035 seconds.
  path: Assets/Resources/Images/2271.png
  artifactKey: Guid(fe27534b5b10f6d4a9c06a0bb6050fea) Importer(815301076,1909f56bfc062723c751e8b465ee728b)
Start importing Assets/Resources/Images/2271.png using Guid(fe27534b5b10f6d4a9c06a0bb6050fea) Importer(815301076,1909f56bfc062723c751e8b465ee728b)  -> (artifact id: '32f9c1a013a80f42196eafb80880fbb3') in 0.011084 seconds 
========================================================================
Received Import Request.
  Time since last request: 0.068379 seconds.
  path: Assets/Resources/Images/2272.png
  artifactKey: Guid(17de380f03c5c5a438d5fb9d678f36cd) Importer(815301076,1909f56bfc062723c751e8b465ee728b)
Start importing Assets/Resources/Images/2272.png using Guid(17de380f03c5c5a438d5fb9d678f36cd) Importer(815301076,1909f56bfc062723c751e8b465ee728b)  -> (artifact id: '832049967119b2e2b7be45dafc56b7d3') in 0.028017 seconds 
========================================================================
Received Import Request.
  Time since last request: 1.040201 seconds.
  path: Assets/Resources/Images/2165.png
  artifactKey: Guid(02bd5fde07645384d82650b419bdbd08) Importer(815301076,1909f56bfc062723c751e8b465ee728b)
Start importing Assets/Resources/Images/2165.png using Guid(02bd5fde07645384d82650b419bdbd08) Importer(815301076,1909f56bfc062723c751e8b465ee728b)  -> (artifact id: 'de4edb5aa9cca6d540ea2523f79f1725') in 0.034149 seconds 
========================================================================
Received Import Request.
  Time since last request: 0.000051 seconds.
  path: Assets/Resources/Images/2170.png
  artifactKey: Guid(536e1e9258a43274a9859472f4402638) Importer(815301076,1909f56bfc062723c751e8b465ee728b)
Start importing Assets/Resources/Images/2170.png using Guid(536e1e9258a43274a9859472f4402638) Importer(815301076,1909f56bfc062723c751e8b465ee728b)  -> (artifact id: 'c22e6d759b4ff1e6189ca7f16cef2107') in 0.017300 seconds 
========================================================================
Received Import Request.
  Time since last request: 0.324807 seconds.
  path: Assets/Resources/Images/2151.png
  artifactKey: Guid(1e2be41d2d3b4484fb46be4f8c4abe5e) Importer(815301076,1909f56bfc062723c751e8b465ee728b)
Start importing Assets/Resources/Images/2151.png using Guid(1e2be41d2d3b4484fb46be4f8c4abe5e) Importer(815301076,1909f56bfc062723c751e8b465ee728b)  -> (artifact id: '7910461004d7176c20c8b56dfaaebf73') in 0.056679 seconds 
========================================================================
Received Import Request.
  Time since last request: 0.109341 seconds.
  path: Assets/Resources/Images/2087.png
  artifactKey: Guid(decdb52712639e146ab69b642fd78dea) Importer(815301076,1909f56bfc062723c751e8b465ee728b)
Start importing Assets/Resources/Images/2087.png using Guid(decdb52712639e146ab69b642fd78dea) Importer(815301076,1909f56bfc062723c751e8b465ee728b)  -> (artifact id: 'aec50ead5656a44b7e07af9d1f617a08') in 0.031966 seconds 
========================================================================
Received Import Request.
  Time since last request: 0.000053 seconds.
  path: Assets/Resources/Images/2149.png
  artifactKey: Guid(f5f82e9ceb6cc5641ae52147fc589580) Importer(815301076,1909f56bfc062723c751e8b465ee728b)
Start importing Assets/Resources/Images/2149.png using Guid(f5f82e9ceb6cc5641ae52147fc589580) Importer(815301076,1909f56bfc062723c751e8b465ee728b)  -> (artifact id: 'c83ae0fafcf912305950900fe3ab1268') in 0.010632 seconds 
========================================================================
Received Import Request.
  Time since last request: 0.666888 seconds.
  path: Assets/Resources/Images/2080.png
  artifactKey: Guid(fea0c072d1c8c8c49a5b56c7293a708a) Importer(815301076,1909f56bfc062723c751e8b465ee728b)
Start importing Assets/Resources/Images/2080.png using Guid(fea0c072d1c8c8c49a5b56c7293a708a) Importer(815301076,1909f56bfc062723c751e8b465ee728b)  -> (artifact id: 'a3bf5860d61964b923df9f4a80bd7428') in 0.036315 seconds 
========================================================================
Received Import Request.
  Time since last request: 0.000046 seconds.
  path: Assets/Resources/Images/2086.png
  artifactKey: Guid(f0ddb96b4ac63f14288b2d48c5fb8648) Importer(815301076,1909f56bfc062723c751e8b465ee728b)
Start importing Assets/Resources/Images/2086.png using Guid(f0ddb96b4ac63f14288b2d48c5fb8648) Importer(815301076,1909f56bfc062723c751e8b465ee728b)  -> (artifact id: '494f7791d1129d1387648ae39cc7f95d') in 0.012792 seconds 
========================================================================
Received Import Request.
  Time since last request: 1.076708 seconds.
  path: Assets/Resources/Images/2073.png
  artifactKey: Guid(c64d9dca073818b47bb9d50269db3ab3) Importer(815301076,1909f56bfc062723c751e8b465ee728b)
Start importing Assets/Resources/Images/2073.png using Guid(c64d9dca073818b47bb9d50269db3ab3) Importer(815301076,1909f56bfc062723c751e8b465ee728b)  -> (artifact id: '41ca24979f1960374b377880a386f9af') in 0.031856 seconds 
========================================================================
Received Import Request.
  Time since last request: 0.000060 seconds.
  path: Assets/Resources/Images/2078.png
  artifactKey: Guid(ec42991fb6427a74cbe8d92f4f39b38e) Importer(815301076,1909f56bfc062723c751e8b465ee728b)
Start importing Assets/Resources/Images/2078.png using Guid(ec42991fb6427a74cbe8d92f4f39b38e) Importer(815301076,1909f56bfc062723c751e8b465ee728b)  -> (artifact id: 'a6e2e88a023fdf49510a6d89e8298bf7') in 0.020057 seconds 
========================================================================
Received Import Request.
  Time since last request: 3.400959 seconds.
  path: Assets/Resources/Images/Materials/4448.mat
  artifactKey: Guid(6b4a3cc5ebcb50747b5189321891bc21) Importer(815301076,1909f56bfc062723c751e8b465ee728b)
Start importing Assets/Resources/Images/Materials/4448.mat using Guid(6b4a3cc5ebcb50747b5189321891bc21) Importer(815301076,1909f56bfc062723c751e8b465ee728b)  -> (artifact id: '918212e03091c7157c388bfa2a4f2c94') in 0.294305 seconds 
========================================================================
Received Import Request.
  Time since last request: 0.000038 seconds.
  path: Assets/Resources/Images/Materials/4466.mat
  artifactKey: Guid(358641f0d49fce744aae50d3db346758) Importer(815301076,1909f56bfc062723c751e8b465ee728b)
Start importing Assets/Resources/Images/Materials/4466.mat using Guid(358641f0d49fce744aae50d3db346758) Importer(815301076,1909f56bfc062723c751e8b465ee728b)  -> (artifact id: 'e7ef41c821c2482de960caef21f67f48') in 0.023322 seconds 
========================================================================
Received Import Request.
  Time since last request: 0.000049 seconds.
  path: Assets/Resources/Images/Materials/4480.mat
  artifactKey: Guid(f3da879dbe0a71d4a945e925a214039b) Importer(815301076,1909f56bfc062723c751e8b465ee728b)
Start importing Assets/Resources/Images/Materials/4480.mat using Guid(f3da879dbe0a71d4a945e925a214039b) Importer(815301076,1909f56bfc062723c751e8b465ee728b)  -> (artifact id: 'e75d50731971dd29acb63b1985f46174') in 0.019301 seconds 
========================================================================
Received Import Request.
  Time since last request: 0.000039 seconds.
  path: Assets/Resources/Images/Materials/4469.mat
  artifactKey: Guid(1940636548495a8408e3fe5b6c6b8e8d) Importer(815301076,1909f56bfc062723c751e8b465ee728b)
Start importing Assets/Resources/Images/Materials/4469.mat using Guid(1940636548495a8408e3fe5b6c6b8e8d) Importer(815301076,1909f56bfc062723c751e8b465ee728b)  -> (artifact id: 'e68834edd36d27bdc02591c632ad84d7') in 0.018138 seconds 
========================================================================
Received Import Request.
  Time since last request: 0.498097 seconds.
  path: Assets/Resources/Images/Materials/4384.mat
  artifactKey: Guid(fccc74d6af9bf3c45bd8d0e0b4b06e78) Importer(815301076,1909f56bfc062723c751e8b465ee728b)
Start importing Assets/Resources/Images/Materials/4384.mat using Guid(fccc74d6af9bf3c45bd8d0e0b4b06e78) Importer(815301076,1909f56bfc062723c751e8b465ee728b)  -> (artifact id: '96730a162bf111ef36706e4269668a7f') in 0.028238 seconds 
========================================================================
Received Import Request.
  Time since last request: 0.000068 seconds.
  path: Assets/Resources/Images/Materials/4390.mat
  artifactKey: Guid(b8132c29071ede8468c2bcb8fe66bd63) Importer(815301076,1909f56bfc062723c751e8b465ee728b)
Start importing Assets/Resources/Images/Materials/4390.mat using Guid(b8132c29071ede8468c2bcb8fe66bd63) Importer(815301076,1909f56bfc062723c751e8b465ee728b)  -> (artifact id: 'dbd4d6b0d6e43b798c8e38e191b06b14') in 0.025214 seconds 
========================================================================
Received Import Request.
  Time since last request: 0.000056 seconds.
  path: Assets/Resources/Images/Materials/4373.mat
  artifactKey: Guid(3c33233a44b003a46b599faa11939555) Importer(815301076,1909f56bfc062723c751e8b465ee728b)
Start importing Assets/Resources/Images/Materials/4373.mat using Guid(3c33233a44b003a46b599faa11939555) Importer(815301076,1909f56bfc062723c751e8b465ee728b)  -> (artifact id: 'd03e74aef2d098397b343edd2dc57091') in 0.023303 seconds 
========================================================================
Received Import Request.
  Time since last request: 0.000051 seconds.
  path: Assets/Resources/Images/Materials/4380.mat
  artifactKey: Guid(081e713ed03cd374e89527cbe88303ce) Importer(815301076,1909f56bfc062723c751e8b465ee728b)
Start importing Assets/Resources/Images/Materials/4380.mat using Guid(081e713ed03cd374e89527cbe88303ce) Importer(815301076,1909f56bfc062723c751e8b465ee728b)  -> (artifact id: '6ca0af56bf98ef97f5664f120b2df457') in 0.020364 seconds 
========================================================================
Received Import Request.
  Time since last request: 0.000031 seconds.
  path: Assets/Resources/Images/Materials/4352.mat
  artifactKey: Guid(1ed0b1f5e5f1f9443aa8b2bd8c0d1e65) Importer(815301076,1909f56bfc062723c751e8b465ee728b)
Start importing Assets/Resources/Images/Materials/4352.mat using Guid(1ed0b1f5e5f1f9443aa8b2bd8c0d1e65) Importer(815301076,1909f56bfc062723c751e8b465ee728b)  -> (artifact id: 'cbed83ad9615d00c8d517605a568526e') in 0.018785 seconds 
========================================================================
Received Import Request.
  Time since last request: 0.000029 seconds.
  path: Assets/Resources/Images/Materials/4357.mat
  artifactKey: Guid(3e98dbc56bab1404ca7746bd57703961) Importer(815301076,1909f56bfc062723c751e8b465ee728b)
Start importing Assets/Resources/Images/Materials/4357.mat using Guid(3e98dbc56bab1404ca7746bd57703961) Importer(815301076,1909f56bfc062723c751e8b465ee728b)  -> (artifact id: 'cd215515964239bea0a1bd2412d17d4f') in 0.018242 seconds 
========================================================================
Received Import Request.
  Time since last request: 0.000041 seconds.
  path: Assets/Resources/Images/Materials/4368.mat
  artifactKey: Guid(7ebe30963def78b4f88cffcb8ce9ff7c) Importer(815301076,1909f56bfc062723c751e8b465ee728b)
Start importing Assets/Resources/Images/Materials/4368.mat using Guid(7ebe30963def78b4f88cffcb8ce9ff7c) Importer(815301076,1909f56bfc062723c751e8b465ee728b)  -> (artifact id: '38a0c528a5e6d06eb1cd5df6b3834486') in 0.024423 seconds 
========================================================================
Received Import Request.
  Time since last request: 0.000039 seconds.
  path: Assets/Resources/Images/Materials/4378.mat
  artifactKey: Guid(16c65d3865b46d3458abb9b47fd303e7) Importer(815301076,1909f56bfc062723c751e8b465ee728b)
Start importing Assets/Resources/Images/Materials/4378.mat using Guid(16c65d3865b46d3458abb9b47fd303e7) Importer(815301076,1909f56bfc062723c751e8b465ee728b)  -> (artifact id: '5fd324552aa7dd3fc27fd067e3fad797') in 0.013682 seconds 
========================================================================
Received Import Request.
  Time since last request: 0.004704 seconds.
  path: Assets/Resources/Images/Materials/4271.mat
  artifactKey: Guid(6db9aeb31431e034c81c6795aeca3026) Importer(815301076,1909f56bfc062723c751e8b465ee728b)
Start importing Assets/Resources/Images/Materials/4271.mat using Guid(6db9aeb31431e034c81c6795aeca3026) Importer(815301076,1909f56bfc062723c751e8b465ee728b)  -> (artifact id: 'a0e226138e6f0ccd6135a65f56e505aa') in 0.014939 seconds 
========================================================================
Received Import Request.
  Time since last request: 0.000032 seconds.
  path: Assets/Resources/Images/Materials/4279.mat
  artifactKey: Guid(b02426c3339f32446942c316e5edd217) Importer(815301076,1909f56bfc062723c751e8b465ee728b)
Start importing Assets/Resources/Images/Materials/4279.mat using Guid(b02426c3339f32446942c316e5edd217) Importer(815301076,1909f56bfc062723c751e8b465ee728b)  -> (artifact id: '2d909dc27ceb44ba3e9eae67a32a5488') in 0.019851 seconds 
========================================================================
Received Import Request.
  Time since last request: 0.000028 seconds.
  path: Assets/Resources/Images/Materials/4284.mat
  artifactKey: Guid(65e9ee5142d882348986dc4f5a980425) Importer(815301076,1909f56bfc062723c751e8b465ee728b)
Start importing Assets/Resources/Images/Materials/4284.mat using Guid(65e9ee5142d882348986dc4f5a980425) Importer(815301076,1909f56bfc062723c751e8b465ee728b)  -> (artifact id: 'b0965586bef827bc354fd33205d2da61') in 0.017705 seconds 
========================================================================
Received Import Request.
  Time since last request: 0.000032 seconds.
  path: Assets/Resources/Images/Materials/4278.mat
  artifactKey: Guid(b8a0e328c566372418f4c875c1e3ac2a) Importer(815301076,1909f56bfc062723c751e8b465ee728b)
Start importing Assets/Resources/Images/Materials/4278.mat using Guid(b8a0e328c566372418f4c875c1e3ac2a) Importer(815301076,1909f56bfc062723c751e8b465ee728b)  -> (artifact id: '1f519a7b2fff38be23c0be11360c5697') in 0.016474 seconds 
========================================================================
Received Import Request.
  Time since last request: 0.000096 seconds.
  path: Assets/Resources/Images/Materials/4276.mat
  artifactKey: Guid(f0fb42088144d4d40ba1b91c48772737) Importer(815301076,1909f56bfc062723c751e8b465ee728b)
Start importing Assets/Resources/Images/Materials/4276.mat using Guid(f0fb42088144d4d40ba1b91c48772737) Importer(815301076,1909f56bfc062723c751e8b465ee728b)  -> (artifact id: '81726b65283cd33fd372de742809ca53') in 0.020101 seconds 
========================================================================
Received Import Request.
  Time since last request: 0.000030 seconds.
  path: Assets/Resources/Images/Materials/4268.mat
  artifactKey: Guid(001d22a2d74aef449b8d54bbcef8dd0f) Importer(815301076,1909f56bfc062723c751e8b465ee728b)
Start importing Assets/Resources/Images/Materials/4268.mat using Guid(001d22a2d74aef449b8d54bbcef8dd0f) Importer(815301076,1909f56bfc062723c751e8b465ee728b)  -> (artifact id: '231655d0d29a31e4cde73598358c0ffa') in 0.020558 seconds 
========================================================================
Received Import Request.
  Time since last request: 0.000061 seconds.
  path: Assets/Resources/Images/Materials/4256.mat
  artifactKey: Guid(20aa81afb06e3a145b6d8bd12ef242b3) Importer(815301076,1909f56bfc062723c751e8b465ee728b)
Start importing Assets/Resources/Images/Materials/4256.mat using Guid(20aa81afb06e3a145b6d8bd12ef242b3) Importer(815301076,1909f56bfc062723c751e8b465ee728b)  -> (artifact id: 'c0c23c18361d3c35ff822ec1645d7e77') in 0.026933 seconds 
========================================================================
Received Import Request.
  Time since last request: 0.000029 seconds.
  path: Assets/Resources/Images/Materials/4181.mat
  artifactKey: Guid(486c838db03556d4ab64a9f7ca2aafc2) Importer(815301076,1909f56bfc062723c751e8b465ee728b)
Start importing Assets/Resources/Images/Materials/4181.mat using Guid(486c838db03556d4ab64a9f7ca2aafc2) Importer(815301076,1909f56bfc062723c751e8b465ee728b)  -> (artifact id: 'cd587139bcaae682bc167e4ef26c153b') in 0.015740 seconds 
========================================================================
Received Import Request.
  Time since last request: 0.000047 seconds.
  path: Assets/Resources/Images/Materials/4186.mat
  artifactKey: Guid(a43cacabd3b7ebc4fab435be2a2c2c6e) Importer(815301076,1909f56bfc062723c751e8b465ee728b)
Start importing Assets/Resources/Images/Materials/4186.mat using Guid(a43cacabd3b7ebc4fab435be2a2c2c6e) Importer(815301076,1909f56bfc062723c751e8b465ee728b)  -> (artifact id: '71912173ecc74382c6bbbc695909150b') in 0.018839 seconds 
========================================================================
Received Import Request.
  Time since last request: 0.000065 seconds.
  path: Assets/Resources/Images/Materials/4170.mat
  artifactKey: Guid(e2e158e7488c76846b98c0f031916758) Importer(815301076,1909f56bfc062723c751e8b465ee728b)
Start importing Assets/Resources/Images/Materials/4170.mat using Guid(e2e158e7488c76846b98c0f031916758) Importer(815301076,1909f56bfc062723c751e8b465ee728b)  -> (artifact id: '65ecacff075e9d6f5a3d625417021bb9') in 0.019421 seconds 
========================================================================
Received Import Request.
  Time since last request: 0.000034 seconds.
  path: Assets/Resources/Images/Materials/4183.mat
  artifactKey: Guid(8e8d844650ddf314b85d093bd84971ef) Importer(815301076,1909f56bfc062723c751e8b465ee728b)
Start importing Assets/Resources/Images/Materials/4183.mat using Guid(8e8d844650ddf314b85d093bd84971ef) Importer(815301076,1909f56bfc062723c751e8b465ee728b)  -> (artifact id: '6d9b8c8fa2d39ea0005eb140b5ea448f') in 0.018500 seconds 
========================================================================
Received Import Request.
  Time since last request: 0.000048 seconds.
  path: Assets/Resources/Images/Materials/4166.mat
  artifactKey: Guid(6b5b8269c6145b842a63ac4a368b950a) Importer(815301076,1909f56bfc062723c751e8b465ee728b)
Start importing Assets/Resources/Images/Materials/4166.mat using Guid(6b5b8269c6145b842a63ac4a368b950a) Importer(815301076,1909f56bfc062723c751e8b465ee728b)  -> (artifact id: '00d97359ec488ecc6ebd2ffad57db1eb') in 0.021967 seconds 
========================================================================
Received Import Request.
  Time since last request: 0.000038 seconds.
  path: Assets/Resources/Images/Materials/4089.mat
  artifactKey: Guid(91a98ebe43914b4409b6b8032588e9b8) Importer(815301076,1909f56bfc062723c751e8b465ee728b)
Start importing Assets/Resources/Images/Materials/4089.mat using Guid(91a98ebe43914b4409b6b8032588e9b8) Importer(815301076,1909f56bfc062723c751e8b465ee728b)  -> (artifact id: 'c5bd8db077e46548233683120fbc401c') in 0.019139 seconds 
========================================================================
Received Import Request.
  Time since last request: 0.000072 seconds.
  path: Assets/Resources/Images/Materials/4081.mat
  artifactKey: Guid(93320bd4dfe63014ebfb5efde47d0126) Importer(815301076,1909f56bfc062723c751e8b465ee728b)
Start importing Assets/Resources/Images/Materials/4081.mat using Guid(93320bd4dfe63014ebfb5efde47d0126) Importer(815301076,1909f56bfc062723c751e8b465ee728b)  -> (artifact id: 'ab7a14de59cc3fe5e6124cdbf1d05d1d') in 0.013839 seconds 
========================================================================
Received Import Request.
  Time since last request: 0.000033 seconds.
  path: Assets/Resources/Images/Materials/4150.mat
  artifactKey: Guid(44069e0b4dd8d1e4b8f372191af19f5a) Importer(815301076,1909f56bfc062723c751e8b465ee728b)
Start importing Assets/Resources/Images/Materials/4150.mat using Guid(44069e0b4dd8d1e4b8f372191af19f5a) Importer(815301076,1909f56bfc062723c751e8b465ee728b)  -> (artifact id: 'b014a6353c4a9122b519fa5845b8ab7c') in 0.014649 seconds 
========================================================================
Received Import Request.
  Time since last request: 0.000029 seconds.
  path: Assets/Resources/Images/Materials/3786.mat
  artifactKey: Guid(9f11eeb5714c8eb4ab7fc58ec0c1f108) Importer(815301076,1909f56bfc062723c751e8b465ee728b)
Start importing Assets/Resources/Images/Materials/3786.mat using Guid(9f11eeb5714c8eb4ab7fc58ec0c1f108) Importer(815301076,1909f56bfc062723c751e8b465ee728b)  -> (artifact id: 'fa8114dc71d1fe73224a5338b842894e') in 0.018452 seconds 
========================================================================
Received Import Request.
  Time since last request: 0.000055 seconds.
  path: Assets/Resources/Images/Materials/4067.mat
  artifactKey: Guid(45324e6bc02c733418fa9e0577125c1e) Importer(815301076,1909f56bfc062723c751e8b465ee728b)
Start importing Assets/Resources/Images/Materials/4067.mat using Guid(45324e6bc02c733418fa9e0577125c1e) Importer(815301076,1909f56bfc062723c751e8b465ee728b)  -> (artifact id: 'af9fa86f2711f1a1b2453e5b678c339a') in 0.023798 seconds 
========================================================================
Received Import Request.
  Time since last request: 0.000042 seconds.
  path: Assets/Resources/Images/Materials/4086.mat
  artifactKey: Guid(1796a681b5eadc1409bc4d809cc9a49a) Importer(815301076,1909f56bfc062723c751e8b465ee728b)
Start importing Assets/Resources/Images/Materials/4086.mat using Guid(1796a681b5eadc1409bc4d809cc9a49a) Importer(815301076,1909f56bfc062723c751e8b465ee728b)  -> (artifact id: 'd65a6aaec402c095e12c574f4aef3cbc') in 0.015802 seconds 
========================================================================
Received Import Request.
  Time since last request: 0.000040 seconds.
  path: Assets/Resources/Images/Materials/3756.mat
  artifactKey: Guid(4a662d9b56424174099e0b5ca2267a08) Importer(815301076,1909f56bfc062723c751e8b465ee728b)
Start importing Assets/Resources/Images/Materials/3756.mat using Guid(4a662d9b56424174099e0b5ca2267a08) Importer(815301076,1909f56bfc062723c751e8b465ee728b)  -> (artifact id: '2a72d5a8c3d0c78afba799ee21fc402a') in 0.019096 seconds 
========================================================================
Received Import Request.
  Time since last request: 0.000027 seconds.
  path: Assets/Resources/Images/Materials/3685.mat
  artifactKey: Guid(6360398f9dc39d149b55ace52363c32c) Importer(815301076,1909f56bfc062723c751e8b465ee728b)
Start importing Assets/Resources/Images/Materials/3685.mat using Guid(6360398f9dc39d149b55ace52363c32c) Importer(815301076,1909f56bfc062723c751e8b465ee728b)  -> (artifact id: '5561a784d99f47fdd7ee6f7e9aba2ab3') in 0.016204 seconds 
========================================================================
Received Import Request.
  Time since last request: 0.000032 seconds.
  path: Assets/Resources/Images/Materials/3689.mat
  artifactKey: Guid(1bc05a907da52ad448843e54c5d07da0) Importer(815301076,1909f56bfc062723c751e8b465ee728b)
Start importing Assets/Resources/Images/Materials/3689.mat using Guid(1bc05a907da52ad448843e54c5d07da0) Importer(815301076,1909f56bfc062723c751e8b465ee728b)  -> (artifact id: '25f1530ab11065fd66fc45f0f34fb10e') in 0.020651 seconds 
========================================================================
Received Import Request.
  Time since last request: 0.000034 seconds.
  path: Assets/Resources/Images/Materials/3583.mat
  artifactKey: Guid(9ae246e4911fef3468c21fbc6b507909) Importer(815301076,1909f56bfc062723c751e8b465ee728b)
Start importing Assets/Resources/Images/Materials/3583.mat using Guid(9ae246e4911fef3468c21fbc6b507909) Importer(815301076,1909f56bfc062723c751e8b465ee728b)  -> (artifact id: '0ce03176db2678cde0116023b93c3282') in 0.015720 seconds 
========================================================================
Received Import Request.
  Time since last request: 0.000098 seconds.
  path: Assets/Resources/Images/Materials/3552.mat
  artifactKey: Guid(e8b961eb56ed18443909de2aaa04994e) Importer(815301076,1909f56bfc062723c751e8b465ee728b)
Start importing Assets/Resources/Images/Materials/3552.mat using Guid(e8b961eb56ed18443909de2aaa04994e) Importer(815301076,1909f56bfc062723c751e8b465ee728b)  -> (artifact id: '19c990736f61512dab79a073942a11c2') in 0.019569 seconds 
========================================================================
Received Import Request.
  Time since last request: 0.000031 seconds.
  path: Assets/Resources/Images/Materials/3765.mat
  artifactKey: Guid(6c85322d44c7dc74aaea03d188ad4eb7) Importer(815301076,1909f56bfc062723c751e8b465ee728b)
Start importing Assets/Resources/Images/Materials/3765.mat using Guid(6c85322d44c7dc74aaea03d188ad4eb7) Importer(815301076,1909f56bfc062723c751e8b465ee728b)  -> (artifact id: '2d1e315ca605e412c5385e79486940d2') in 0.018563 seconds 
========================================================================
Received Import Request.
  Time since last request: 0.000047 seconds.
  path: Assets/Resources/Images/Materials/3578.mat
  artifactKey: Guid(d87813d69fc332e4d8cd6f2accc4e607) Importer(815301076,1909f56bfc062723c751e8b465ee728b)
Start importing Assets/Resources/Images/Materials/3578.mat using Guid(d87813d69fc332e4d8cd6f2accc4e607) Importer(815301076,1909f56bfc062723c751e8b465ee728b)  -> (artifact id: '6b7384bd39f2cee0914e44df9d3819de') in 0.015692 seconds 
========================================================================
Received Import Request.
  Time since last request: 0.000032 seconds.
  path: Assets/Resources/Images/Materials/4055.mat
  artifactKey: Guid(2b4e4b8020597094c92cd062cdf8347d) Importer(815301076,1909f56bfc062723c751e8b465ee728b)
Start importing Assets/Resources/Images/Materials/4055.mat using Guid(2b4e4b8020597094c92cd062cdf8347d) Importer(815301076,1909f56bfc062723c751e8b465ee728b)  -> (artifact id: 'cadd1a1ea7c258b103e07062394c2dcb') in 0.015775 seconds 
========================================================================
Received Import Request.
  Time since last request: 0.000029 seconds.
  path: Assets/Resources/Images/Materials/2679.mat
  artifactKey: Guid(569f0d5a638ce174e864d87472241b39) Importer(815301076,1909f56bfc062723c751e8b465ee728b)
Start importing Assets/Resources/Images/Materials/2679.mat using Guid(569f0d5a638ce174e864d87472241b39) Importer(815301076,1909f56bfc062723c751e8b465ee728b)  -> (artifact id: '39a5864fbdd80e9e4c70102fc58f9a16') in 0.018152 seconds 
========================================================================
Received Import Request.
  Time since last request: 0.000034 seconds.
  path: Assets/Resources/Images/Materials/3752.mat
  artifactKey: Guid(d8e41aa313dac0d42a4b3b0d68707cff) Importer(815301076,1909f56bfc062723c751e8b465ee728b)
Start importing Assets/Resources/Images/Materials/3752.mat using Guid(d8e41aa313dac0d42a4b3b0d68707cff) Importer(815301076,1909f56bfc062723c751e8b465ee728b)  -> (artifact id: 'fc5720d7d3c209638efb97cd9d93ef7e') in 0.018777 seconds 
========================================================================
Received Import Request.
  Time since last request: 0.000036 seconds.
  path: Assets/Resources/Images/Materials/2682.mat
  artifactKey: Guid(49bdfd161a22c7a49b9d517af55c2102) Importer(815301076,1909f56bfc062723c751e8b465ee728b)
Start importing Assets/Resources/Images/Materials/2682.mat using Guid(49bdfd161a22c7a49b9d517af55c2102) Importer(815301076,1909f56bfc062723c751e8b465ee728b)  -> (artifact id: '2ff9340b22a59c1b240c92652cda0544') in 0.014862 seconds 
========================================================================
Received Import Request.
  Time since last request: 0.000027 seconds.
  path: Assets/Resources/Images/Materials/2657.mat
  artifactKey: Guid(9d6022f963bcdad4692a3c8289c62246) Importer(815301076,1909f56bfc062723c751e8b465ee728b)
Start importing Assets/Resources/Images/Materials/2657.mat using Guid(9d6022f963bcdad4692a3c8289c62246) Importer(815301076,1909f56bfc062723c751e8b465ee728b)  -> (artifact id: '5e09ecd37f47aaec7b5e70ed4bd69c6e') in 0.014647 seconds 
========================================================================
Received Import Request.
  Time since last request: 0.000030 seconds.
  path: Assets/Resources/Images/Materials/2586.mat
  artifactKey: Guid(c5f79eb25e2a8e945b592eb88b90cea1) Importer(815301076,1909f56bfc062723c751e8b465ee728b)
Start importing Assets/Resources/Images/Materials/2586.mat using Guid(c5f79eb25e2a8e945b592eb88b90cea1) Importer(815301076,1909f56bfc062723c751e8b465ee728b)  -> (artifact id: '17c0c588994860f8f31df5f7f1d52ca2') in 0.014717 seconds 
========================================================================
Received Import Request.
  Time since last request: 0.000034 seconds.
  path: Assets/Resources/Images/Materials/3783.mat
  artifactKey: Guid(f29c281ee5aa9c447a4b888dcb52f00b) Importer(815301076,1909f56bfc062723c751e8b465ee728b)
Start importing Assets/Resources/Images/Materials/3783.mat using Guid(f29c281ee5aa9c447a4b888dcb52f00b) Importer(815301076,1909f56bfc062723c751e8b465ee728b)  -> (artifact id: '7bb3755a75309a36eea2413d976790fe') in 0.018097 seconds 
========================================================================
Received Import Request.
  Time since last request: 0.000047 seconds.
  path: Assets/Resources/Images/Materials/1781.mat
  artifactKey: Guid(17e9c5cfe5d356b48afe9bf47f876b8b) Importer(815301076,1909f56bfc062723c751e8b465ee728b)
Start importing Assets/Resources/Images/Materials/1781.mat using Guid(17e9c5cfe5d356b48afe9bf47f876b8b) Importer(815301076,1909f56bfc062723c751e8b465ee728b)  -> (artifact id: '30fbfef6559eeb3ef232345d1eabc054') in 0.016956 seconds 
========================================================================
Received Import Request.
  Time since last request: 0.000113 seconds.
  path: Assets/Resources/Images/Materials/1778.mat
  artifactKey: Guid(3a547d012485f714d9b99c11bf7497fd) Importer(815301076,1909f56bfc062723c751e8b465ee728b)
Start importing Assets/Resources/Images/Materials/1778.mat using Guid(3a547d012485f714d9b99c11bf7497fd) Importer(815301076,1909f56bfc062723c751e8b465ee728b)  -> (artifact id: '963443dd8cd32ea24a440a17d1c1842c') in 0.019315 seconds 
========================================================================
Received Import Request.
  Time since last request: 0.000031 seconds.
  path: Assets/Resources/Images/Materials/1768.mat
  artifactKey: Guid(91554b4c7dc577743bd6338e8020a992) Importer(815301076,1909f56bfc062723c751e8b465ee728b)
Start importing Assets/Resources/Images/Materials/1768.mat using Guid(91554b4c7dc577743bd6338e8020a992) Importer(815301076,1909f56bfc062723c751e8b465ee728b)  -> (artifact id: '383293b7782f60a5cf8710fa12ad9286') in 0.016735 seconds 
========================================================================
Received Import Request.
  Time since last request: 0.000033 seconds.
  path: Assets/Resources/Images/Materials/2749.mat
  artifactKey: Guid(765d807df3cbfeb44bd898b3ae64bea4) Importer(815301076,1909f56bfc062723c751e8b465ee728b)
Start importing Assets/Resources/Images/Materials/2749.mat using Guid(765d807df3cbfeb44bd898b3ae64bea4) Importer(815301076,1909f56bfc062723c751e8b465ee728b)  -> (artifact id: '8919d801e297af856126f30279f2c5ba') in 0.019918 seconds 
========================================================================
Received Import Request.
  Time since last request: 0.000030 seconds.
  path: Assets/Resources/Images/Materials/2771.mat
  artifactKey: Guid(a02837856c3ce68449a89eabdf72f7d7) Importer(815301076,1909f56bfc062723c751e8b465ee728b)
Start importing Assets/Resources/Images/Materials/2771.mat using Guid(a02837856c3ce68449a89eabdf72f7d7) Importer(815301076,1909f56bfc062723c751e8b465ee728b)  -> (artifact id: 'eaf80f4adbe8eab7d220a5d50eacfb75') in 0.019195 seconds 
========================================================================
Received Import Request.
  Time since last request: 0.000029 seconds.
  path: Assets/Resources/Images/Materials/1676.mat
  artifactKey: Guid(d52a0e20b06cff3418f8c634ad2d29e0) Importer(815301076,1909f56bfc062723c751e8b465ee728b)
Start importing Assets/Resources/Images/Materials/1676.mat using Guid(d52a0e20b06cff3418f8c634ad2d29e0) Importer(815301076,1909f56bfc062723c751e8b465ee728b)  -> (artifact id: '5c8f99f575bc5ea33cd72f957b13dfb4') in 0.016096 seconds 
========================================================================
Received Import Request.
  Time since last request: 0.000032 seconds.
  path: Assets/Resources/Images/Materials/1665.mat
  artifactKey: Guid(cdaccde7ca00d2d4eabdbf5490106db2) Importer(815301076,1909f56bfc062723c751e8b465ee728b)
Start importing Assets/Resources/Images/Materials/1665.mat using Guid(cdaccde7ca00d2d4eabdbf5490106db2) Importer(815301076,1909f56bfc062723c751e8b465ee728b)  -> (artifact id: 'f0ae65f13d8a4cc10956fe9ae13a8a77') in 0.031993 seconds 
========================================================================
Received Import Request.
  Time since last request: 0.000033 seconds.
  path: Assets/Resources/Images/Materials/1673.mat
  artifactKey: Guid(dca35aaef29235649ab471b654cb1318) Importer(815301076,1909f56bfc062723c751e8b465ee728b)
Start importing Assets/Resources/Images/Materials/1673.mat using Guid(dca35aaef29235649ab471b654cb1318) Importer(815301076,1909f56bfc062723c751e8b465ee728b)  -> (artifact id: 'a622d50f3b3e68c2c88923333e31a5d2') in 0.014192 seconds 
========================================================================
Received Import Request.
  Time since last request: 0.000044 seconds.
  path: Assets/Resources/Images/Materials/1584.mat
  artifactKey: Guid(b15a8125513d78a44abe10e88d7db692) Importer(815301076,1909f56bfc062723c751e8b465ee728b)
Start importing Assets/Resources/Images/Materials/1584.mat using Guid(b15a8125513d78a44abe10e88d7db692) Importer(815301076,1909f56bfc062723c751e8b465ee728b)  -> (artifact id: 'cc7c5248a9b24847f7679040d35bfdcb') in 0.014991 seconds 
========================================================================
Received Import Request.
  Time since last request: 0.000032 seconds.
  path: Assets/Resources/Images/Materials/1579.mat
  artifactKey: Guid(c26f00788e1493841a0de00316ca99f4) Importer(815301076,1909f56bfc062723c751e8b465ee728b)
Start importing Assets/Resources/Images/Materials/1579.mat using Guid(c26f00788e1493841a0de00316ca99f4) Importer(815301076,1909f56bfc062723c751e8b465ee728b)  -> (artifact id: 'e755f8d1fafe215f78caa1bf229d4384') in 0.019602 seconds 
========================================================================
Received Import Request.
  Time since last request: 0.000075 seconds.
  path: Assets/Resources/Images/Materials/1587.mat
  artifactKey: Guid(da1bb45ec62acc546aea6b3c999b567d) Importer(815301076,1909f56bfc062723c751e8b465ee728b)
Start importing Assets/Resources/Images/Materials/1587.mat using Guid(da1bb45ec62acc546aea6b3c999b567d) Importer(815301076,1909f56bfc062723c751e8b465ee728b)  -> (artifact id: '2aa2c24dbb26655b0c633afde5227068') in 0.017760 seconds 
========================================================================
Received Import Request.
  Time since last request: 0.000027 seconds.
  path: Assets/Resources/Images/Materials/0769.mat
  artifactKey: Guid(52c49d592d0094042b8247334b3a3db2) Importer(815301076,1909f56bfc062723c751e8b465ee728b)
Start importing Assets/Resources/Images/Materials/0769.mat using Guid(52c49d592d0094042b8247334b3a3db2) Importer(815301076,1909f56bfc062723c751e8b465ee728b)  -> (artifact id: '1eaf5b7081bab9abb973db098b7bf223') in 0.027555 seconds 
========================================================================
Received Import Request.
  Time since last request: 0.000030 seconds.
  path: Assets/Resources/Images/Materials/0690.mat
  artifactKey: Guid(49a6f886ba1684046be7154bb2db44a8) Importer(815301076,1909f56bfc062723c751e8b465ee728b)
Start importing Assets/Resources/Images/Materials/0690.mat using Guid(49a6f886ba1684046be7154bb2db44a8) Importer(815301076,1909f56bfc062723c751e8b465ee728b)  -> (artifact id: 'a0aaf3ca7ea53f97e581873a14625b49') in 0.014776 seconds 
========================================================================
Received Import Request.
  Time since last request: 0.000031 seconds.
  path: Assets/Resources/Images/Materials/0768.mat
  artifactKey: Guid(344dbac7b964faa4e80267728d7308a9) Importer(815301076,1909f56bfc062723c751e8b465ee728b)
Start importing Assets/Resources/Images/Materials/0768.mat using Guid(344dbac7b964faa4e80267728d7308a9) Importer(815301076,1909f56bfc062723c751e8b465ee728b)  -> (artifact id: '2f2efbf3b586fb9e51c3d3e404abd0b1') in 0.028960 seconds 
========================================================================
Received Import Request.
  Time since last request: 0.000029 seconds.
  path: Assets/Resources/Images/Materials/1783.mat
  artifactKey: Guid(272efc26d7dcc6a42bc31482bfdc7212) Importer(815301076,1909f56bfc062723c751e8b465ee728b)
Start importing Assets/Resources/Images/Materials/1783.mat using Guid(272efc26d7dcc6a42bc31482bfdc7212) Importer(815301076,1909f56bfc062723c751e8b465ee728b)  -> (artifact id: '118195fabfa8a2994b725945ca597adf') in 0.023549 seconds 
========================================================================
Received Import Request.
  Time since last request: 0.000048 seconds.
  path: Assets/Resources/Images/Materials/1585.mat
  artifactKey: Guid(9197c8f50d142a340be913f6331ebce5) Importer(815301076,1909f56bfc062723c751e8b465ee728b)
Start importing Assets/Resources/Images/Materials/1585.mat using Guid(9197c8f50d142a340be913f6331ebce5) Importer(815301076,1909f56bfc062723c751e8b465ee728b)  -> (artifact id: '4dd00ad026ef2ed884744ec3ffa5d2e2') in 0.023716 seconds 
========================================================================
Received Import Request.
  Time since last request: 0.000045 seconds.
  path: Assets/Resources/Images/Materials/0583.mat
  artifactKey: Guid(b2dee6a7367fb4a4baccd4ed0357fd7b) Importer(815301076,1909f56bfc062723c751e8b465ee728b)
Start importing Assets/Resources/Images/Materials/0583.mat using Guid(b2dee6a7367fb4a4baccd4ed0357fd7b) Importer(815301076,1909f56bfc062723c751e8b465ee728b)  -> (artifact id: '3058de162c3a834e7ab2ba329752782e') in 0.023940 seconds 
========================================================================
Received Import Request.
  Time since last request: 0.000033 seconds.
  path: Assets/Resources/Images/Materials/0582.mat
  artifactKey: Guid(e1b00f3f93e00ea489fb327ed735e741) Importer(815301076,1909f56bfc062723c751e8b465ee728b)
Start importing Assets/Resources/Images/Materials/0582.mat using Guid(e1b00f3f93e00ea489fb327ed735e741) Importer(815301076,1909f56bfc062723c751e8b465ee728b)  -> (artifact id: '7887ca0c407328e662966808cab71a05') in 0.024393 seconds 
========================================================================
Received Import Request.
  Time since last request: 0.000031 seconds.
  path: Assets/Resources/Images/Materials/1684.mat
  artifactKey: Guid(caa7d24169660bd40bbad8718c2f1056) Importer(815301076,1909f56bfc062723c751e8b465ee728b)
Start importing Assets/Resources/Images/Materials/1684.mat using Guid(caa7d24169660bd40bbad8718c2f1056) Importer(815301076,1909f56bfc062723c751e8b465ee728b)  -> (artifact id: '0ed473e67514deb344ca77ab4d4a35f7') in 0.022375 seconds 
========================================================================
Received Import Request.
  Time since last request: 0.000037 seconds.
  path: Assets/Resources/Images/Materials/1576.mat
  artifactKey: Guid(e11d707cd873fef429011e7f878d3aa4) Importer(815301076,1909f56bfc062723c751e8b465ee728b)
Start importing Assets/Resources/Images/Materials/1576.mat using Guid(e11d707cd873fef429011e7f878d3aa4) Importer(815301076,1909f56bfc062723c751e8b465ee728b)  -> (artifact id: '4415a33e9dcbf9e48e1a7d4eb6a170d9') in 0.034311 seconds 
========================================================================
Received Import Request.
  Time since last request: 0.000049 seconds.
  path: Assets/Resources/Images/Materials/2585.mat
  artifactKey: Guid(f1d7a130821c20f49a9f7b454badf4b9) Importer(815301076,1909f56bfc062723c751e8b465ee728b)
Start importing Assets/Resources/Images/Materials/2585.mat using Guid(f1d7a130821c20f49a9f7b454badf4b9) Importer(815301076,1909f56bfc062723c751e8b465ee728b)  -> (artifact id: '8d50b9a14959d554cdbcada027b10d35') in 0.020991 seconds 
========================================================================
Received Import Request.
  Time since last request: 0.000030 seconds.
  path: Assets/Resources/Images/Materials/4066.mat
  artifactKey: Guid(361f7d49a3ffbad4f8601edf090bb9d1) Importer(815301076,1909f56bfc062723c751e8b465ee728b)
Start importing Assets/Resources/Images/Materials/4066.mat using Guid(361f7d49a3ffbad4f8601edf090bb9d1) Importer(815301076,1909f56bfc062723c751e8b465ee728b)  -> (artifact id: '5c93fe006265dfc0534b4ccecd159386') in 0.032450 seconds 
========================================================================
Received Import Request.
  Time since last request: 0.000062 seconds.
  path: Assets/Resources/Images/Materials/2748.mat
  artifactKey: Guid(9a5b3d76449b59a4ca4c9e9196c7b793) Importer(815301076,1909f56bfc062723c751e8b465ee728b)
Start importing Assets/Resources/Images/Materials/2748.mat using Guid(9a5b3d76449b59a4ca4c9e9196c7b793) Importer(815301076,1909f56bfc062723c751e8b465ee728b)  -> (artifact id: '71239e35420763e7ff82aaf199ea157d') in 0.019869 seconds 
========================================================================
Received Import Request.
  Time since last request: 0.000050 seconds.
  path: Assets/Resources/Images/Materials/2649.mat
  artifactKey: Guid(cf62db7778a477f41bb4374644699e52) Importer(815301076,1909f56bfc062723c751e8b465ee728b)
Start importing Assets/Resources/Images/Materials/2649.mat using Guid(cf62db7778a477f41bb4374644699e52) Importer(815301076,1909f56bfc062723c751e8b465ee728b)  -> (artifact id: '29dd422fddffaf0e0b4b3d8105b8cd10') in 0.015575 seconds 
========================================================================
Received Import Request.
  Time since last request: 0.000064 seconds.
  path: Assets/Resources/Images/Materials/3570.mat
  artifactKey: Guid(167bcab73fb8acf43ad4cb3b5efef328) Importer(815301076,1909f56bfc062723c751e8b465ee728b)
Start importing Assets/Resources/Images/Materials/3570.mat using Guid(167bcab73fb8acf43ad4cb3b5efef328) Importer(815301076,1909f56bfc062723c751e8b465ee728b)  -> (artifact id: '0a2e02f41b34020abaaa9ef485d20b3c') in 0.022364 seconds 
========================================================================
Received Import Request.
  Time since last request: 0.000035 seconds.
  path: Assets/Resources/Images/Materials/0756.mat
  artifactKey: Guid(e5e36d02cc2256c4ea3e4b3fcdab27f6) Importer(815301076,1909f56bfc062723c751e8b465ee728b)
Start importing Assets/Resources/Images/Materials/0756.mat using Guid(e5e36d02cc2256c4ea3e4b3fcdab27f6) Importer(815301076,1909f56bfc062723c751e8b465ee728b)  -> (artifact id: '7b35d77f125f3aa050031350cae707ab') in 0.021089 seconds 
========================================================================
Received Import Request.
  Time since last request: 0.000031 seconds.
  path: Assets/Resources/Images/Materials/0773.mat
  artifactKey: Guid(e04a3de4f7c350a4ca195b519ef9c1f0) Importer(815301076,1909f56bfc062723c751e8b465ee728b)
Start importing Assets/Resources/Images/Materials/0773.mat using Guid(e04a3de4f7c350a4ca195b519ef9c1f0) Importer(815301076,1909f56bfc062723c751e8b465ee728b)  -> (artifact id: 'e7c2e10cd9060ff049f61031f5df4ffa') in 0.015377 seconds 
========================================================================
Received Import Request.
  Time since last request: 0.000031 seconds.
  path: Assets/Resources/Images/Materials/0648.mat
  artifactKey: Guid(f92c38ed7f779354081ef303dfdf5815) Importer(815301076,1909f56bfc062723c751e8b465ee728b)
Start importing Assets/Resources/Images/Materials/0648.mat using Guid(f92c38ed7f779354081ef303dfdf5815) Importer(815301076,1909f56bfc062723c751e8b465ee728b)  -> (artifact id: '702dae32e793083cf846b08c82079147') in 0.019019 seconds 
========================================================================
Received Import Request.
  Time since last request: 0.000032 seconds.
  path: Assets/Resources/Images/Materials/1669.mat
  artifactKey: Guid(7218d0614923fba4a97ef87d771f2513) Importer(815301076,1909f56bfc062723c751e8b465ee728b)
Start importing Assets/Resources/Images/Materials/1669.mat using Guid(7218d0614923fba4a97ef87d771f2513) Importer(815301076,1909f56bfc062723c751e8b465ee728b)  -> (artifact id: '9b6550a676486ec3a5c9aeb078de2ff2') in 0.017322 seconds 
========================================================================
Received Import Request.
  Time since last request: 0.000044 seconds.
  path: Assets/Resources/Images/Materials/2581.mat
  artifactKey: Guid(352d3d78b92d29d4b81a0b05959c1870) Importer(815301076,1909f56bfc062723c751e8b465ee728b)
Start importing Assets/Resources/Images/Materials/2581.mat using Guid(352d3d78b92d29d4b81a0b05959c1870) Importer(815301076,1909f56bfc062723c751e8b465ee728b)  -> (artifact id: '34e20793008559ff403c5434d132b3da') in 0.020267 seconds 
========================================================================
Received Import Request.
  Time since last request: 0.000024 seconds.
  path: Assets/Resources/Images/Materials/2689.mat
  artifactKey: Guid(9552a29a39dacbc45880b3608599a4df) Importer(815301076,1909f56bfc062723c751e8b465ee728b)
Start importing Assets/Resources/Images/Materials/2689.mat using Guid(9552a29a39dacbc45880b3608599a4df) Importer(815301076,1909f56bfc062723c751e8b465ee728b)  -> (artifact id: '6b74f2fda0fd794914c29600e3a8b6f0') in 0.015466 seconds 
========================================================================
Received Import Request.
  Time since last request: 0.000044 seconds.
  path: Assets/Resources/Images/Materials/2578.mat
  artifactKey: Guid(528f4e22d1487614da36dc7932351dca) Importer(815301076,1909f56bfc062723c751e8b465ee728b)
Start importing Assets/Resources/Images/Materials/2578.mat using Guid(528f4e22d1487614da36dc7932351dca) Importer(815301076,1909f56bfc062723c751e8b465ee728b)  -> (artifact id: 'ec80f2a76470ad9ffacc8503fc795d1c') in 0.016813 seconds 
========================================================================
Received Import Request.
  Time since last request: 0.000046 seconds.
  path: Assets/Resources/Images/Materials/0652.mat
  artifactKey: Guid(3c9b9d38404a39642874533e217966f2) Importer(815301076,1909f56bfc062723c751e8b465ee728b)
Start importing Assets/Resources/Images/Materials/0652.mat using Guid(3c9b9d38404a39642874533e217966f2) Importer(815301076,1909f56bfc062723c751e8b465ee728b)  -> (artifact id: 'cbeee75b3c43b0e8935f8daf422aff8a') in 0.020944 seconds 
========================================================================
Received Import Request.
  Time since last request: 0.000036 seconds.
  path: Assets/Resources/Images/Materials/2757.mat
  artifactKey: Guid(213818a56a4731744ab5512557da20cb) Importer(815301076,1909f56bfc062723c751e8b465ee728b)
Start importing Assets/Resources/Images/Materials/2757.mat using Guid(213818a56a4731744ab5512557da20cb) Importer(815301076,1909f56bfc062723c751e8b465ee728b)  -> (artifact id: '5a2487a56b0b50097ab45bc4c1172507') in 0.017257 seconds 
========================================================================
Received Import Request.
  Time since last request: 0.000042 seconds.
  path: Assets/Resources/Images/Materials/2770.mat
  artifactKey: Guid(82c8679ad1558e647849c55c32ab22e6) Importer(815301076,1909f56bfc062723c751e8b465ee728b)
Start importing Assets/Resources/Images/Materials/2770.mat using Guid(82c8679ad1558e647849c55c32ab22e6) Importer(815301076,1909f56bfc062723c751e8b465ee728b)  -> (artifact id: 'd8535e4a44fba4758f1ee3e48afaeffe') in 0.014616 seconds 
========================================================================
Received Import Request.
  Time since last request: 0.000041 seconds.
  path: Assets/Resources/Images/Materials/3571.mat
  artifactKey: Guid(9369896d0a0e9414289fce0066612f69) Importer(815301076,1909f56bfc062723c751e8b465ee728b)
Start importing Assets/Resources/Images/Materials/3571.mat using Guid(9369896d0a0e9414289fce0066612f69) Importer(815301076,1909f56bfc062723c751e8b465ee728b)  -> (artifact id: '4c4998c1a0253c05ca1516de12a4aecd') in 0.016479 seconds 
========================================================================
Received Import Request.
  Time since last request: 0.000062 seconds.
  path: Assets/Resources/Images/Materials/1569.mat
  artifactKey: Guid(8b5413033ee527043bb54f416e214b19) Importer(815301076,1909f56bfc062723c751e8b465ee728b)
Start importing Assets/Resources/Images/Materials/1569.mat using Guid(8b5413033ee527043bb54f416e214b19) Importer(815301076,1909f56bfc062723c751e8b465ee728b)  -> (artifact id: '98863abeb638d31c862e32a621a04e16') in 0.018248 seconds 
========================================================================
Received Import Request.
  Time since last request: 0.000058 seconds.
  path: Assets/Resources/Images/Materials/2680.mat
  artifactKey: Guid(a7ad853a0f255ab4a933f21ba40ccc28) Importer(815301076,1909f56bfc062723c751e8b465ee728b)
Start importing Assets/Resources/Images/Materials/2680.mat using Guid(a7ad853a0f255ab4a933f21ba40ccc28) Importer(815301076,1909f56bfc062723c751e8b465ee728b)  -> (artifact id: 'd40c96643b1a2596eb018fa4b232192b') in 0.021235 seconds 
========================================================================
Received Import Request.
  Time since last request: 0.000031 seconds.
  path: Assets/Resources/Images/Materials/4069.mat
  artifactKey: Guid(9eb6beda80d48c24b99f89e627a5cf3e) Importer(815301076,1909f56bfc062723c751e8b465ee728b)
Start importing Assets/Resources/Images/Materials/4069.mat using Guid(9eb6beda80d48c24b99f89e627a5cf3e) Importer(815301076,1909f56bfc062723c751e8b465ee728b)  -> (artifact id: '59f0002ffa1516ab97f3be77e9b48757') in 0.017952 seconds 
========================================================================
Received Import Request.
  Time since last request: 0.000041 seconds.
  path: Assets/Resources/Images/Materials/2665.mat
  artifactKey: Guid(8b4566e6ceca3e0489a88958ce615b21) Importer(815301076,1909f56bfc062723c751e8b465ee728b)
Start importing Assets/Resources/Images/Materials/2665.mat using Guid(8b4566e6ceca3e0489a88958ce615b21) Importer(815301076,1909f56bfc062723c751e8b465ee728b)  -> (artifact id: '4cbd6191a74545fc58934e47921404d6') in 0.013232 seconds 
========================================================================
Received Import Request.
  Time since last request: 0.605128 seconds.
  path: Assets/Resources/Images/Materials/0566.mat
  artifactKey: Guid(354153d52af04a2419ed3a7e7095ff79) Importer(815301076,1909f56bfc062723c751e8b465ee728b)
Start importing Assets/Resources/Images/Materials/0566.mat using Guid(354153d52af04a2419ed3a7e7095ff79) Importer(815301076,1909f56bfc062723c751e8b465ee728b)  -> (artifact id: 'ce691c9b296ade61061a6f3e0ef8be56') in 0.042109 seconds 
========================================================================
Received Import Request.
  Time since last request: 0.000093 seconds.
  path: Assets/Resources/Images/Materials/0576.mat
  artifactKey: Guid(6b160e867bdd3a64db1d6418e93152a3) Importer(815301076,1909f56bfc062723c751e8b465ee728b)
Start importing Assets/Resources/Images/Materials/0576.mat using Guid(6b160e867bdd3a64db1d6418e93152a3) Importer(815301076,1909f56bfc062723c751e8b465ee728b)  -> (artifact id: 'c7d4cd9ae1733f86aa3df634b0902b93') in 0.030914 seconds 
========================================================================
Received Import Request.
  Time since last request: 0.000050 seconds.
  path: Assets/Resources/Images/Materials/0574.mat
  artifactKey: Guid(8f4abc1378c3694449600420802a12bc) Importer(815301076,1909f56bfc062723c751e8b465ee728b)
Start importing Assets/Resources/Images/Materials/0574.mat using Guid(8f4abc1378c3694449600420802a12bc) Importer(815301076,1909f56bfc062723c751e8b465ee728b)  -> (artifact id: 'f19c428d35a58153f71ab88b24427c4f') in 0.024566 seconds 
========================================================================
Received Import Request.
  Time since last request: 0.000061 seconds.
  path: Assets/Resources/Images/Materials/0684.mat
  artifactKey: Guid(557eb9849fb258744ab9e32b4918fc84) Importer(815301076,1909f56bfc062723c751e8b465ee728b)
Start importing Assets/Resources/Images/Materials/0684.mat using Guid(557eb9849fb258744ab9e32b4918fc84) Importer(815301076,1909f56bfc062723c751e8b465ee728b)  -> (artifact id: '1850f57d771a19142b1feffa59ef95e2') in 0.019455 seconds 
========================================================================
Received Import Request.
  Time since last request: 0.000088 seconds.
  path: Assets/Resources/Images/Materials/0678.mat
  artifactKey: Guid(d634d3dac2f71f84da76ea605805c547) Importer(815301076,1909f56bfc062723c751e8b465ee728b)
Start importing Assets/Resources/Images/Materials/0678.mat using Guid(d634d3dac2f71f84da76ea605805c547) Importer(815301076,1909f56bfc062723c751e8b465ee728b)  -> (artifact id: '1183aa3dd75b94c91f6aaa8cd7c5462f') in 0.021186 seconds 
========================================================================
Received Import Request.
  Time since last request: 0.210805 seconds.
  path: Assets/Resources/Images/Materials/0778.mat
  artifactKey: Guid(cbee5c33ec82613478bcff109d6107f7) Importer(815301076,1909f56bfc062723c751e8b465ee728b)
Start importing Assets/Resources/Images/Materials/0778.mat using Guid(cbee5c33ec82613478bcff109d6107f7) Importer(815301076,1909f56bfc062723c751e8b465ee728b)  -> (artifact id: 'c1daa6cd82a06c7b84e3a8a43e052b94') in 0.027130 seconds 
========================================================================
Received Import Request.
  Time since last request: 0.000034 seconds.
  path: Assets/Resources/Images/Materials/0784.mat
  artifactKey: Guid(5eb5b31839bba2c47b38f9f36d37340c) Importer(815301076,1909f56bfc062723c751e8b465ee728b)
Start importing Assets/Resources/Images/Materials/0784.mat using Guid(5eb5b31839bba2c47b38f9f36d37340c) Importer(815301076,1909f56bfc062723c751e8b465ee728b)  -> (artifact id: '8ceae64ae2c4cf7e31d1065cd1f8dc30') in 0.015462 seconds 
========================================================================
Received Import Request.
  Time since last request: 0.113597 seconds.
  path: Assets/Resources/Images/Materials/1648.mat
  artifactKey: Guid(ba23857d16435b04994b013f5597fb8c) Importer(815301076,1909f56bfc062723c751e8b465ee728b)
Start importing Assets/Resources/Images/Materials/1648.mat using Guid(ba23857d16435b04994b013f5597fb8c) Importer(815301076,1909f56bfc062723c751e8b465ee728b)  -> (artifact id: '44d124c8be36ff95f278caaac431c2e7') in 0.018149 seconds 
========================================================================
Received Import Request.
  Time since last request: 0.000031 seconds.
  path: Assets/Resources/Images/Materials/1653.mat
  artifactKey: Guid(d885dce7499da2c4e9b6184e3401e1ba) Importer(815301076,1909f56bfc062723c751e8b465ee728b)
Start importing Assets/Resources/Images/Materials/1653.mat using Guid(d885dce7499da2c4e9b6184e3401e1ba) Importer(815301076,1909f56bfc062723c751e8b465ee728b)  -> (artifact id: 'df4d93d1f8421eb12a127692ef1a7682') in 0.012100 seconds 
========================================================================
Received Import Request.
  Time since last request: 20.045405 seconds.
  path: Assets/Resources/Images/Materials/1690.mat
  artifactKey: Guid(f10e85050c0fc564f93581da82a16f9f) Importer(815301076,1909f56bfc062723c751e8b465ee728b)
Start importing Assets/Resources/Images/Materials/1690.mat using Guid(f10e85050c0fc564f93581da82a16f9f) Importer(815301076,1909f56bfc062723c751e8b465ee728b)  -> (artifact id: '864205dcd6f7cb898b6e76a9512c5bdb') in 0.032098 seconds 
========================================================================
Received Import Request.
  Time since last request: 0.000041 seconds.
  path: Assets/Resources/Images/Materials/1752.mat
  artifactKey: Guid(e3c1f740fac208d4095527dd0cacb338) Importer(815301076,1909f56bfc062723c751e8b465ee728b)
Start importing Assets/Resources/Images/Materials/1752.mat using Guid(e3c1f740fac208d4095527dd0cacb338) Importer(815301076,1909f56bfc062723c751e8b465ee728b)  -> (artifact id: '46093b991429e841b665dfa9af351f1b') in 0.015059 seconds 
========================================================================
Received Import Request.
  Time since last request: 14.427588 seconds.
  path: Assets/Resources/Images/Materials/1548.mat
  artifactKey: Guid(adde467bf78b2c14bb6b4250284e2444) Importer(815301076,1909f56bfc062723c751e8b465ee728b)
Start importing Assets/Resources/Images/Materials/1548.mat using Guid(adde467bf78b2c14bb6b4250284e2444) Importer(815301076,1909f56bfc062723c751e8b465ee728b)  -> (artifact id: 'fa44e5cc5aa504c0bf7c5d3c30881e4b') in 0.042317 seconds 
========================================================================
Received Import Request.
  Time since last request: 0.000037 seconds.
  path: Assets/Resources/Images/Materials/0788.mat
  artifactKey: Guid(caa9591ddbc212449aa9b4a26f96e9c2) Importer(815301076,1909f56bfc062723c751e8b465ee728b)
Start importing Assets/Resources/Images/Materials/0788.mat using Guid(caa9591ddbc212449aa9b4a26f96e9c2) Importer(815301076,1909f56bfc062723c751e8b465ee728b)  -> (artifact id: '4fdbb169483216c8d8b4a894fdc3f71e') in 0.018320 seconds 
========================================================================
Received Import Request.
  Time since last request: 0.000034 seconds.
  path: Assets/Resources/Images/Materials/0785.mat
  artifactKey: Guid(e26350b0b1b71534993c7d110bf1d064) Importer(815301076,1909f56bfc062723c751e8b465ee728b)
Start importing Assets/Resources/Images/Materials/0785.mat using Guid(e26350b0b1b71534993c7d110bf1d064) Importer(815301076,1909f56bfc062723c751e8b465ee728b)  -> (artifact id: '6183375ebbccee435987a70c5725a20a') in 0.015510 seconds 
========================================================================
Received Import Request.
  Time since last request: 28.820280 seconds.
  path: Assets/Resources/Images/Materials/0051.mat
  artifactKey: Guid(1ca9549c47ef6c141994d56b1da4f1f0) Importer(815301076,1909f56bfc062723c751e8b465ee728b)
Start importing Assets/Resources/Images/Materials/0051.mat using Guid(1ca9549c47ef6c141994d56b1da4f1f0) Importer(815301076,1909f56bfc062723c751e8b465ee728b)  -> (artifact id: '9651a5bff93f6125fe827e43ad643541') in 0.014423 seconds 
========================================================================
Received Import Request.
  Time since last request: 93.638050 seconds.
  path: Assets/Resources/Images/0075.png
  artifactKey: Guid(6985784965cd6304aac8633637d6ca49) Importer(815301076,1909f56bfc062723c751e8b465ee728b)
Start importing Assets/Resources/Images/0075.png using Guid(6985784965cd6304aac8633637d6ca49) Importer(815301076,1909f56bfc062723c751e8b465ee728b)  -> (artifact id: '8c8f753f84fdf05fb693031ee3673daf') in 0.015816 seconds 
========================================================================
Received Import Request.
  Time since last request: 1.408983 seconds.
  path: Assets/Resources/Images/0077.png
  artifactKey: Guid(8cdd240941fa3e143846a6f4e161ef32) Importer(815301076,1909f56bfc062723c751e8b465ee728b)
Start importing Assets/Resources/Images/0077.png using Guid(8cdd240941fa3e143846a6f4e161ef32) Importer(815301076,1909f56bfc062723c751e8b465ee728b)  -> (artifact id: '86440e84490e476a34c5c021ccfbf382') in 0.014292 seconds 
========================================================================
Received Import Request.
  Time since last request: 1.436092 seconds.
  path: Assets/Resources/Images/0083.png
  artifactKey: Guid(51bdc85bab546b64b9aae92c90ac2478) Importer(815301076,1909f56bfc062723c751e8b465ee728b)
Start importing Assets/Resources/Images/0083.png using Guid(51bdc85bab546b64b9aae92c90ac2478) Importer(815301076,1909f56bfc062723c751e8b465ee728b)  -> (artifact id: 'af8e47b3c28ad50a98068a32a5490436') in 0.020015 seconds 
========================================================================
Received Import Request.
  Time since last request: 1.373959 seconds.
  path: Assets/Resources/Images/0086.png
  artifactKey: Guid(2ecf00c8e2b4895429e44975fe6dd80f) Importer(815301076,1909f56bfc062723c751e8b465ee728b)
Start importing Assets/Resources/Images/0086.png using Guid(2ecf00c8e2b4895429e44975fe6dd80f) Importer(815301076,1909f56bfc062723c751e8b465ee728b)  -> (artifact id: '8900b8968b3296b274e428a18f614279') in 0.013139 seconds 
========================================================================
Received Import Request.
  Time since last request: 0.000087 seconds.
  path: Assets/Resources/Images/0165.png
  artifactKey: Guid(bcda26c69c04f8c4da9df90329d23993) Importer(815301076,1909f56bfc062723c751e8b465ee728b)
Start importing Assets/Resources/Images/0165.png using Guid(bcda26c69c04f8c4da9df90329d23993) Importer(815301076,1909f56bfc062723c751e8b465ee728b)  -> (artifact id: 'ccacc42229527531ede06b77c7c6eff4') in 0.010592 seconds 
========================================================================
Received Import Request.
  Time since last request: 0.000036 seconds.
  path: Assets/Resources/Images/0089.png
  artifactKey: Guid(f59b6f2a23e312a4b9d156505d1dca18) Importer(815301076,1909f56bfc062723c751e8b465ee728b)
Start importing Assets/Resources/Images/0089.png using Guid(f59b6f2a23e312a4b9d156505d1dca18) Importer(815301076,1909f56bfc062723c751e8b465ee728b)  -> (artifact id: '88341ec1e0ec377a85d36f5fa34b4ef1') in 0.013357 seconds 
========================================================================
Received Import Request.
  Time since last request: 0.000030 seconds.
  path: Assets/Resources/Images/0090.png
  artifactKey: Guid(4e41705f534739545b72238a1bbcdc5b) Importer(815301076,1909f56bfc062723c751e8b465ee728b)
Start importing Assets/Resources/Images/0090.png using Guid(4e41705f534739545b72238a1bbcdc5b) Importer(815301076,1909f56bfc062723c751e8b465ee728b)  -> (artifact id: '6acdf0aef11d7be52c47cbe2ca4e8650') in 0.013358 seconds 
========================================================================
Received Import Request.
  Time since last request: 0.000045 seconds.
  path: Assets/Resources/Images/0155.png
  artifactKey: Guid(28ed36dccd8fae548a295cd28d79b3a6) Importer(815301076,1909f56bfc062723c751e8b465ee728b)
Start importing Assets/Resources/Images/0155.png using Guid(28ed36dccd8fae548a295cd28d79b3a6) Importer(815301076,1909f56bfc062723c751e8b465ee728b)  -> (artifact id: 'e5ae543a8c6150efe4d663a0aaa15fec') in 0.016787 seconds 
========================================================================
Received Import Request.
  Time since last request: 0.000077 seconds.
  path: Assets/Resources/Images/0167.png
  artifactKey: Guid(00f429a5ce0091c4c9078e2a6edf2573) Importer(815301076,1909f56bfc062723c751e8b465ee728b)
Start importing Assets/Resources/Images/0167.png using Guid(00f429a5ce0091c4c9078e2a6edf2573) Importer(815301076,1909f56bfc062723c751e8b465ee728b)  -> (artifact id: 'c2357a79e8faa6abe23c3df68e488057') in 0.013003 seconds 
========================================================================
Received Import Request.
  Time since last request: 0.000060 seconds.
  path: Assets/Resources/Images/0151.png
  artifactKey: Guid(3d3b0007df2bb7e45a2b5c17a88ae7c8) Importer(815301076,1909f56bfc062723c751e8b465ee728b)
Start importing Assets/Resources/Images/0151.png using Guid(3d3b0007df2bb7e45a2b5c17a88ae7c8) Importer(815301076,1909f56bfc062723c751e8b465ee728b)  -> (artifact id: '06f43e1372d453622a80284faecc4e40') in 0.016468 seconds 
========================================================================
Received Import Request.
  Time since last request: 0.000030 seconds.
  path: Assets/Resources/Images/0088.png
  artifactKey: Guid(422a74ff43a98724e8d9660b9ab865cb) Importer(815301076,1909f56bfc062723c751e8b465ee728b)
Start importing Assets/Resources/Images/0088.png using Guid(422a74ff43a98724e8d9660b9ab865cb) Importer(815301076,1909f56bfc062723c751e8b465ee728b)  -> (artifact id: '753539b556966299dd06f713dab64d97') in 0.016418 seconds 
========================================================================
Received Import Request.
  Time since last request: 0.000034 seconds.
  path: Assets/Resources/Images/0154.png
  artifactKey: Guid(c3bf5c5d6e60b3a4296fd1495614df96) Importer(815301076,1909f56bfc062723c751e8b465ee728b)
Start importing Assets/Resources/Images/0154.png using Guid(c3bf5c5d6e60b3a4296fd1495614df96) Importer(815301076,1909f56bfc062723c751e8b465ee728b)  -> (artifact id: '95d6164177fdfb4b12defdefd1ecc7fd') in 0.012881 seconds 
========================================================================
Received Import Request.
  Time since last request: 0.000051 seconds.
  path: Assets/Resources/Images/0150.png
  artifactKey: Guid(d60929b918212814699357fd119d53bf) Importer(815301076,1909f56bfc062723c751e8b465ee728b)
Start importing Assets/Resources/Images/0150.png using Guid(d60929b918212814699357fd119d53bf) Importer(815301076,1909f56bfc062723c751e8b465ee728b)  -> (artifact id: '163c2ac97dc9f04c707fc49bc319dc11') in 0.014302 seconds 
========================================================================
Received Import Request.
  Time since last request: 0.000033 seconds.
  path: Assets/Resources/Images/0087.png
  artifactKey: Guid(cf5d9055daf6f934fa6f5ec854d039fa) Importer(815301076,1909f56bfc062723c751e8b465ee728b)
Start importing Assets/Resources/Images/0087.png using Guid(cf5d9055daf6f934fa6f5ec854d039fa) Importer(815301076,1909f56bfc062723c751e8b465ee728b)  -> (artifact id: '691404a69eb366b668d94b3f9029e203') in 0.013609 seconds 
========================================================================
Received Import Request.
  Time since last request: 7.163136 seconds.
  path: Assets/Resources/Images/0048.png
  artifactKey: Guid(6a69632464e32f14895da03b7d2a85af) Importer(815301076,1909f56bfc062723c751e8b465ee728b)
Start importing Assets/Resources/Images/0048.png using Guid(6a69632464e32f14895da03b7d2a85af) Importer(815301076,1909f56bfc062723c751e8b465ee728b)  -> (artifact id: 'c0c01e26473faff9b7bf51b430b135db') in 0.015779 seconds 
========================================================================
Received Import Request.
  Time since last request: 0.000038 seconds.
  path: Assets/Resources/Images/0055.png
  artifactKey: Guid(8edded6bff4b6234287417e16e62abb5) Importer(815301076,1909f56bfc062723c751e8b465ee728b)
Start importing Assets/Resources/Images/0055.png using Guid(8edded6bff4b6234287417e16e62abb5) Importer(815301076,1909f56bfc062723c751e8b465ee728b)  -> (artifact id: '6dd4541081d18167aa6b8fc8c66415f8') in 0.010666 seconds 
========================================================================
Received Import Request.
  Time since last request: 0.000029 seconds.
  path: Assets/Resources/Images/0074.png
  artifactKey: Guid(b11ddcadfbbe4534086a2058034f03a8) Importer(815301076,1909f56bfc062723c751e8b465ee728b)
Start importing Assets/Resources/Images/0074.png using Guid(b11ddcadfbbe4534086a2058034f03a8) Importer(815301076,1909f56bfc062723c751e8b465ee728b)  -> (artifact id: '0b97596a80080d01bb0d9d4bfa1abbca') in 0.013268 seconds 
========================================================================
Received Import Request.
  Time since last request: 0.000046 seconds.
  path: Assets/Resources/Images/0072.png
  artifactKey: Guid(067ca0487041c2c40a70dace1853a742) Importer(815301076,1909f56bfc062723c751e8b465ee728b)
Start importing Assets/Resources/Images/0072.png using Guid(067ca0487041c2c40a70dace1853a742) Importer(815301076,1909f56bfc062723c751e8b465ee728b)  -> (artifact id: '3a2c4e53f53ea9f11bd9aba45cc267e6') in 0.014717 seconds 
========================================================================
Received Import Request.
  Time since last request: 0.000049 seconds.
  path: Assets/Resources/Images/0068.png
  artifactKey: Guid(be59163e4a0c3404ea01d97e562f1b87) Importer(815301076,1909f56bfc062723c751e8b465ee728b)
Start importing Assets/Resources/Images/0068.png using Guid(be59163e4a0c3404ea01d97e562f1b87) Importer(815301076,1909f56bfc062723c751e8b465ee728b)  -> (artifact id: 'f1298a65d536c466e0e73648c56dd8bc') in 0.012882 seconds 
========================================================================
Received Import Request.
  Time since last request: 0.000030 seconds.
  path: Assets/Resources/Images/0066.png
  artifactKey: Guid(1a99fa58d46dd94438802f3afa3115cb) Importer(815301076,1909f56bfc062723c751e8b465ee728b)
Start importing Assets/Resources/Images/0066.png using Guid(1a99fa58d46dd94438802f3afa3115cb) Importer(815301076,1909f56bfc062723c751e8b465ee728b)  -> (artifact id: '2c2acb00864b1ca573050cbc80e3878e') in 0.012394 seconds 
========================================================================
Received Import Request.
  Time since last request: 0.000036 seconds.
  path: Assets/Resources/Images/0069.png
  artifactKey: Guid(501d58f92bde1aa418945e469569c270) Importer(815301076,1909f56bfc062723c751e8b465ee728b)
Start importing Assets/Resources/Images/0069.png using Guid(501d58f92bde1aa418945e469569c270) Importer(815301076,1909f56bfc062723c751e8b465ee728b)  -> (artifact id: 'a3b20accc794b4702c16ac16ebcc02ee') in 0.011954 seconds 
========================================================================
Received Import Request.
  Time since last request: 0.000032 seconds.
  path: Assets/Resources/Images/0053.png
  artifactKey: Guid(b3341d2e4a8f68344a09bf94cb57e6c0) Importer(815301076,1909f56bfc062723c751e8b465ee728b)
Start importing Assets/Resources/Images/0053.png using Guid(b3341d2e4a8f68344a09bf94cb57e6c0) Importer(815301076,1909f56bfc062723c751e8b465ee728b)  -> (artifact id: '9a6f657d60e764d71b850aa5e16f1e95') in 0.012592 seconds 
========================================================================
Received Import Request.
  Time since last request: 6.509299 seconds.
  path: Assets/Resources/Images/Materials/1789.mat
  artifactKey: Guid(49d8c4e8faadd9949b81f8341564ae26) Importer(815301076,1909f56bfc062723c751e8b465ee728b)
Start importing Assets/Resources/Images/Materials/1789.mat using Guid(49d8c4e8faadd9949b81f8341564ae26) Importer(815301076,1909f56bfc062723c751e8b465ee728b)  -> (artifact id: '20dc806cdcb6206c54478c8c6094536d') in 0.024775 seconds 
========================================================================
Received Import Request.
  Time since last request: 0.000053 seconds.
  path: Assets/Resources/Images/Materials/2551.mat
  artifactKey: Guid(e5c30f05373b0de4183ae88f27e164b8) Importer(815301076,1909f56bfc062723c751e8b465ee728b)
Start importing Assets/Resources/Images/Materials/2551.mat using Guid(e5c30f05373b0de4183ae88f27e164b8) Importer(815301076,1909f56bfc062723c751e8b465ee728b)  -> (artifact id: '2e7209d8fd5f736f1f00fd2fe5d4c872') in 0.016778 seconds 
========================================================================
Received Import Request.
  Time since last request: 0.000030 seconds.
  path: Assets/Resources/Images/Materials/2566.mat
  artifactKey: Guid(21e8cb0915adaa84e81d49a24c46bd02) Importer(815301076,1909f56bfc062723c751e8b465ee728b)
Start importing Assets/Resources/Images/Materials/2566.mat using Guid(21e8cb0915adaa84e81d49a24c46bd02) Importer(815301076,1909f56bfc062723c751e8b465ee728b)  -> (artifact id: '0199e40f5cd8dbf2b1b15db5d45db73a') in 0.019623 seconds 
========================================================================
Received Import Request.
  Time since last request: 0.000031 seconds.
  path: Assets/Resources/Images/Materials/2557.mat
  artifactKey: Guid(76297feab2f84da4faca5dc7fe13387f) Importer(815301076,1909f56bfc062723c751e8b465ee728b)
Start importing Assets/Resources/Images/Materials/2557.mat using Guid(76297feab2f84da4faca5dc7fe13387f) Importer(815301076,1909f56bfc062723c751e8b465ee728b)  -> (artifact id: 'c2439cc88f80a2b2e20dca13790e06a7') in 0.016931 seconds 
========================================================================
Received Import Request.
  Time since last request: 0.000031 seconds.
  path: Assets/Resources/Images/Materials/2555.mat
  artifactKey: Guid(6e17213307127104f95a0124c3ab6ce1) Importer(815301076,1909f56bfc062723c751e8b465ee728b)
Start importing Assets/Resources/Images/Materials/2555.mat using Guid(6e17213307127104f95a0124c3ab6ce1) Importer(815301076,1909f56bfc062723c751e8b465ee728b)  -> (artifact id: '519ed6b28b9a9e4d6c3d12a20e66f2ac') in 0.017767 seconds 
========================================================================
Received Import Request.
  Time since last request: 0.000036 seconds.
  path: Assets/Resources/Images/Materials/2571.mat
  artifactKey: Guid(b6b505ef1f228884da47b298b254e4ad) Importer(815301076,1909f56bfc062723c751e8b465ee728b)
Start importing Assets/Resources/Images/Materials/2571.mat using Guid(b6b505ef1f228884da47b298b254e4ad) Importer(815301076,1909f56bfc062723c751e8b465ee728b)  -> (artifact id: 'd3590beecca03292d2d0bcaa1e66d91d') in 0.016735 seconds 
========================================================================
Received Import Request.
  Time since last request: 0.000063 seconds.
  path: Assets/Resources/Images/Materials/2554.mat
  artifactKey: Guid(d9cb9d4953dd2874f807c47f94d47d45) Importer(815301076,1909f56bfc062723c751e8b465ee728b)
Start importing Assets/Resources/Images/Materials/2554.mat using Guid(d9cb9d4953dd2874f807c47f94d47d45) Importer(815301076,1909f56bfc062723c751e8b465ee728b)  -> (artifact id: '47494886fd0d4e5c33be8c555f433cff') in 0.015887 seconds 
========================================================================
Received Import Request.
  Time since last request: 0.000031 seconds.
  path: Assets/Resources/Images/Materials/2567.mat
  artifactKey: Guid(713b5a1332cc7bd43b0e13e35239082e) Importer(815301076,1909f56bfc062723c751e8b465ee728b)
Start importing Assets/Resources/Images/Materials/2567.mat using Guid(713b5a1332cc7bd43b0e13e35239082e) Importer(815301076,1909f56bfc062723c751e8b465ee728b)  -> (artifact id: '6733a6416e5dfbb0391a3360ee6fd38d') in 0.018603 seconds 
========================================================================
Received Import Request.
  Time since last request: 0.118797 seconds.
  path: Assets/Resources/Images/Materials/2666.mat
  artifactKey: Guid(2d63ecf21b9726346962c0abfdc8cf9d) Importer(815301076,1909f56bfc062723c751e8b465ee728b)
Start importing Assets/Resources/Images/Materials/2666.mat using Guid(2d63ecf21b9726346962c0abfdc8cf9d) Importer(815301076,1909f56bfc062723c751e8b465ee728b)  -> (artifact id: '3c9540986ac279a002766b37171cbc24') in 0.040229 seconds 
========================================================================
Received Import Request.
  Time since last request: 0.000059 seconds.
  path: Assets/Resources/Images/Materials/2674.mat
  artifactKey: Guid(04444c0d9181d024d98cffc0f499893a) Importer(815301076,1909f56bfc062723c751e8b465ee728b)
Start importing Assets/Resources/Images/Materials/2674.mat using Guid(04444c0d9181d024d98cffc0f499893a) Importer(815301076,1909f56bfc062723c751e8b465ee728b)  -> (artifact id: '0bf5e3f32d82e9c3ae88b478e31e471c') in 0.031905 seconds 
========================================================================
Received Import Request.
  Time since last request: 0.000085 seconds.
  path: Assets/Resources/Images/Materials/2676.mat
  artifactKey: Guid(5e5e3212c68f2924e860916d1b126654) Importer(815301076,1909f56bfc062723c751e8b465ee728b)
Start importing Assets/Resources/Images/Materials/2676.mat using Guid(5e5e3212c68f2924e860916d1b126654) Importer(815301076,1909f56bfc062723c751e8b465ee728b)  -> (artifact id: '21abcb7268d54d9c5f671308e021bca0') in 0.021889 seconds 
========================================================================
Received Import Request.
  Time since last request: 0.211391 seconds.
  path: Assets/Resources/Images/Materials/2772.mat
  artifactKey: Guid(c15a99a7ca329a642858941f500ce1e5) Importer(815301076,1909f56bfc062723c751e8b465ee728b)
Start importing Assets/Resources/Images/Materials/2772.mat using Guid(c15a99a7ca329a642858941f500ce1e5) Importer(815301076,1909f56bfc062723c751e8b465ee728b)  -> (artifact id: 'cb3cb3923864daf84af6a1ef2de02e4e') in 0.025620 seconds 
========================================================================
Received Import Request.
  Time since last request: 0.000068 seconds.
  path: Assets/Resources/Images/Materials/2777.mat
  artifactKey: Guid(55eb100c246256b4098ce98ed34691cc) Importer(815301076,1909f56bfc062723c751e8b465ee728b)
Start importing Assets/Resources/Images/Materials/2777.mat using Guid(55eb100c246256b4098ce98ed34691cc) Importer(815301076,1909f56bfc062723c751e8b465ee728b)  -> (artifact id: '22e91609ff5448614ec83b635917d743') in 0.017303 seconds 
========================================================================
Received Import Request.
  Time since last request: 0.001994 seconds.
  path: Assets/Resources/Images/Materials/2779.mat
  artifactKey: Guid(438b4883592c28b43bdf0b5ffeffbff7) Importer(815301076,1909f56bfc062723c751e8b465ee728b)
Start importing Assets/Resources/Images/Materials/2779.mat using Guid(438b4883592c28b43bdf0b5ffeffbff7) Importer(815301076,1909f56bfc062723c751e8b465ee728b)  -> (artifact id: 'b5e681e05f32aadb3f3665ee866e4907') in 0.027672 seconds 
========================================================================
Received Import Request.
  Time since last request: 0.000041 seconds.
  path: Assets/Resources/Images/Materials/2784.mat
  artifactKey: Guid(3b08040be1723454fb1b51ae8c42c3a9) Importer(815301076,1909f56bfc062723c751e8b465ee728b)
Start importing Assets/Resources/Images/Materials/2784.mat using Guid(3b08040be1723454fb1b51ae8c42c3a9) Importer(815301076,1909f56bfc062723c751e8b465ee728b)  -> (artifact id: 'aab53cc0d41b9fb44765cd956d2ada83') in 0.020469 seconds 
========================================================================
Received Import Request.
  Time since last request: 0.000038 seconds.
  path: Assets/Resources/Images/Materials/2790.mat
  artifactKey: Guid(dee220e9b9ccca94ca7eacde6fa3d05c) Importer(815301076,1909f56bfc062723c751e8b465ee728b)
Start importing Assets/Resources/Images/Materials/2790.mat using Guid(dee220e9b9ccca94ca7eacde6fa3d05c) Importer(815301076,1909f56bfc062723c751e8b465ee728b)  -> (artifact id: 'e17ff1d69fa355f3abfeecc70e399d11') in 0.025870 seconds 
========================================================================
Received Import Request.
  Time since last request: 0.540364 seconds.
  path: Assets/Resources/Images/Materials/3584.mat
  artifactKey: Guid(63beac709aef17441b87678fbe9e28b9) Importer(815301076,1909f56bfc062723c751e8b465ee728b)
Start importing Assets/Resources/Images/Materials/3584.mat using Guid(63beac709aef17441b87678fbe9e28b9) Importer(815301076,1909f56bfc062723c751e8b465ee728b)  -> (artifact id: '5ca8326d70eb88761a96b6fd427c2dc8') in 0.038978 seconds 
========================================================================
Received Import Request.
  Time since last request: 0.000075 seconds.
  path: Assets/Resources/Images/Materials/3590.mat
  artifactKey: Guid(7235510dbf78e6b48bd6e66b41671dd2) Importer(815301076,1909f56bfc062723c751e8b465ee728b)
Start importing Assets/Resources/Images/Materials/3590.mat using Guid(7235510dbf78e6b48bd6e66b41671dd2) Importer(815301076,1909f56bfc062723c751e8b465ee728b)  -> (artifact id: '56e52ddf0bf457bf78fe242e03c2d5b4') in 0.036409 seconds 
========================================================================
Received Import Request.
  Time since last request: 0.000106 seconds.
  path: Assets/Resources/Images/Materials/3654.mat
  artifactKey: Guid(3d8e0707cdb7f974b9d086c6d5d15607) Importer(815301076,1909f56bfc062723c751e8b465ee728b)
Start importing Assets/Resources/Images/Materials/3654.mat using Guid(3d8e0707cdb7f974b9d086c6d5d15607) Importer(815301076,1909f56bfc062723c751e8b465ee728b)  -> (artifact id: '28f0587b0bfb408911af2da9785a08af') in 0.024098 seconds 
========================================================================
Received Import Request.
  Time since last request: 0.130271 seconds.
  path: Assets/Resources/Images/Materials/3655.mat
  artifactKey: Guid(8b4a3c1b328c02f4aa4510694f26a038) Importer(815301076,1909f56bfc062723c751e8b465ee728b)
Start importing Assets/Resources/Images/Materials/3655.mat using Guid(8b4a3c1b328c02f4aa4510694f26a038) Importer(815301076,1909f56bfc062723c751e8b465ee728b)  -> (artifact id: '1b7a30a554176153aa59a773924453fb') in 0.063456 seconds 
========================================================================
Received Import Request.
  Time since last request: 2.557010 seconds.
  path: Assets/Resources/Images/Materials/3669.mat
  artifactKey: Guid(44d03fcb11bd16e44bd6ff24ad9fb2e9) Importer(815301076,1909f56bfc062723c751e8b465ee728b)
Start importing Assets/Resources/Images/Materials/3669.mat using Guid(44d03fcb11bd16e44bd6ff24ad9fb2e9) Importer(815301076,1909f56bfc062723c751e8b465ee728b)  -> (artifact id: '042031888e381b9f0778c8094b7578a9') in 0.038011 seconds 
========================================================================
Received Import Request.
  Time since last request: 0.000065 seconds.
  path: Assets/Resources/Images/Materials/3674.mat
  artifactKey: Guid(906228638cf915f46b7d668f866a6d4d) Importer(815301076,1909f56bfc062723c751e8b465ee728b)
Start importing Assets/Resources/Images/Materials/3674.mat using Guid(906228638cf915f46b7d668f866a6d4d) Importer(815301076,1909f56bfc062723c751e8b465ee728b)  -> (artifact id: '3eb1b75843b4fec42675571537b1779a') in 0.024326 seconds 
========================================================================
Received Import Request.
  Time since last request: 0.142686 seconds.
  path: Assets/Resources/Images/Materials/3768.mat
  artifactKey: Guid(c568bcc40716dee4d9a9dc12d55719e5) Importer(815301076,1909f56bfc062723c751e8b465ee728b)
Start importing Assets/Resources/Images/Materials/3768.mat using Guid(c568bcc40716dee4d9a9dc12d55719e5) Importer(815301076,1909f56bfc062723c751e8b465ee728b)  -> (artifact id: 'e5c56039074222cd3c03d2231c54fdc0') in 0.049154 seconds 
========================================================================
Received Import Request.
  Time since last request: 0.000044 seconds.
  path: Assets/Resources/Images/Materials/3780.mat
  artifactKey: Guid(ec949d25c5189bd4db39f7686c7a156b) Importer(815301076,1909f56bfc062723c751e8b465ee728b)
Start importing Assets/Resources/Images/Materials/3780.mat using Guid(ec949d25c5189bd4db39f7686c7a156b) Importer(815301076,1909f56bfc062723c751e8b465ee728b)  -> (artifact id: 'ed19653c240dc523f88f0fe0e745022f') in 0.020512 seconds 
========================================================================
Received Import Request.
  Time since last request: 0.297523 seconds.
  path: Assets/Resources/Images/Materials/4187.mat
  artifactKey: Guid(411dc438749687948a2d47ba69ab7f9e) Importer(815301076,1909f56bfc062723c751e8b465ee728b)
Start importing Assets/Resources/Images/Materials/4187.mat using Guid(411dc438749687948a2d47ba69ab7f9e) Importer(815301076,1909f56bfc062723c751e8b465ee728b)  -> (artifact id: '08d38663027b7c90a0191d02d07a1ef0') in 0.034194 seconds 
========================================================================
Received Import Request.
  Time since last request: 0.797383 seconds.
  path: Assets/Resources/Images/Materials/4484.mat
  artifactKey: Guid(2537e475475a74d4d9ac6cb651c5598f) Importer(815301076,1909f56bfc062723c751e8b465ee728b)
Start importing Assets/Resources/Images/Materials/4484.mat using Guid(2537e475475a74d4d9ac6cb651c5598f) Importer(815301076,1909f56bfc062723c751e8b465ee728b)  -> (artifact id: '14eb7e1abfafe2f861d6d58b84c62951') in 0.043844 seconds 
========================================================================
Received Import Request.
  Time since last request: 0.000059 seconds.
  path: Assets/Resources/Images/Materials/4553.mat
  artifactKey: Guid(7ac47ad5e9f2b9548971430d76b5b4d1) Importer(815301076,1909f56bfc062723c751e8b465ee728b)
Start importing Assets/Resources/Images/Materials/4553.mat using Guid(7ac47ad5e9f2b9548971430d76b5b4d1) Importer(815301076,1909f56bfc062723c751e8b465ee728b)  -> (artifact id: '85ebd1d1da7fc0607c8ba3666e99ee78') in 0.032189 seconds 
========================================================================
Received Import Request.
  Time since last request: 0.186762 seconds.
  path: Assets/Resources/Images/Materials/4555.mat
  artifactKey: Guid(ecde2bd78ed25f444a43fef385520cad) Importer(815301076,1909f56bfc062723c751e8b465ee728b)
Start importing Assets/Resources/Images/Materials/4555.mat using Guid(ecde2bd78ed25f444a43fef385520cad) Importer(815301076,1909f56bfc062723c751e8b465ee728b)  -> (artifact id: 'c56d1e0f22332c1ac64bfab4b80ad06e') in 0.054751 seconds 
Editor requested this worker to shutdown with reason: Scaling down because of idle timeout
AssetImportWorker is now disconnected from the server
Process exiting
Exiting without the bug reporter. Application will terminate with return code 0