Using pre-set license
Built from '2021.3/staging' branch; Version is '2021.3.14f1 (eee1884e7226) revision 15655304'; Using compiler version '192829333'; Build Type 'Release'
OS: 'Windows 11  (10.0.22621) 64bit Core' Language: 'en' Physical Memory: 32439 MB
BatchMode: 1, IsHumanControllingUs: 0, StartBugReporterOnCrash: 0, Is64bit: 1, IsPro: 1

COMMAND LINE ARGUMENTS:
C:\Program Files\Unity\Hub\Editor\2021.3.14f1\Editor\Unity.exe
-adb2
-batchMode
-noUpm
-name
AssetImportWorker12
-projectPath
C:/Data/Buckeye Vertical/BV-Domain-Randomization-Unity-Project
-logFile
Logs/AssetImportWorker12.log
-srvPort
61913
Successfully changed project path to: C:/Data/Buckeye Vertical/BV-Domain-Randomization-Unity-Project
C:/Data/Buckeye Vertical/BV-Domain-Randomization-Unity-Project
[UnityMemory] Configuration Parameters - Can be set up in boot.config
    "memorysetup-bucket-allocator-granularity=16"
    "memorysetup-bucket-allocator-bucket-count=8"
    "memorysetup-bucket-allocator-block-size=33554432"
    "memorysetup-bucket-allocator-block-count=8"
    "memorysetup-main-allocator-block-size=16777216"
    "memorysetup-thread-allocator-block-size=16777216"
    "memorysetup-gfx-main-allocator-block-size=16777216"
    "memorysetup-gfx-thread-allocator-block-size=16777216"
    "memorysetup-cache-allocator-block-size=4194304"
    "memorysetup-typetree-allocator-block-size=2097152"
    "memorysetup-profiler-bucket-allocator-granularity=16"
    "memorysetup-profiler-bucket-allocator-bucket-count=8"
    "memorysetup-profiler-bucket-allocator-block-size=33554432"
    "memorysetup-profiler-bucket-allocator-block-count=8"
    "memorysetup-profiler-allocator-block-size=16777216"
    "memorysetup-profiler-editor-allocator-block-size=1048576"
    "memorysetup-temp-allocator-size-main=16777216"
    "memorysetup-job-temp-allocator-block-size=2097152"
    "memorysetup-job-temp-allocator-block-size-background=1048576"
    "memorysetup-job-temp-allocator-reduction-small-platforms=262144"
    "memorysetup-temp-allocator-size-background-worker=32768"
    "memorysetup-temp-allocator-size-job-worker=262144"
    "memorysetup-temp-allocator-size-preload-manager=33554432"
    "memorysetup-temp-allocator-size-nav-mesh-worker=65536"
    "memorysetup-temp-allocator-size-audio-worker=65536"
    "memorysetup-temp-allocator-size-cloud-worker=32768"
    "memorysetup-temp-allocator-size-gi-baking-worker=262144"
    "memorysetup-temp-allocator-size-gfx=262144"
Refreshing native plugins compatible for Editor in 175.71 ms, found 3 plugins.
Preloading 0 native plugins for Editor in 0.00 ms.
Initialize engine version: 2021.3.14f1 (eee1884e7226)
[Subsystems] Discovering subsystems at path C:/Program Files/Unity/Hub/Editor/2021.3.14f1/Editor/Data/Resources/UnitySubsystems
[Subsystems] Discovering subsystems at path C:/Data/Buckeye Vertical/BV-Domain-Randomization-Unity-Project/Assets
GfxDevice: creating device client; threaded=0; jobified=0
Direct3D:
    Version:  Direct3D 11.0 [level 11.1]
    Renderer: NVIDIA GeForce RTX 3050 Ti Laptop GPU (ID=0x25a0)
    Vendor:   NVIDIA
    VRAM:     3978 MB
    Driver:   31.0.15.3209
Initialize mono
Mono path[0] = 'C:/Program Files/Unity/Hub/Editor/2021.3.14f1/Editor/Data/Managed'
Mono path[1] = 'C:/Program Files/Unity/Hub/Editor/2021.3.14f1/Editor/Data/MonoBleedingEdge/lib/mono/unityjit-win32'
Mono config path = 'C:/Program Files/Unity/Hub/Editor/2021.3.14f1/Editor/Data/MonoBleedingEdge/etc'
Using monoOptions --debugger-agent=transport=dt_socket,embedding=1,server=y,suspend=n,address=127.0.0.1:56292
Begin MonoManager ReloadAssembly
Registering precompiled unity dll's ...
Register platform support module: C:/Program Files/Unity/Hub/Editor/2021.3.14f1/Editor/Data/PlaybackEngines/WebGLSupport/UnityEditor.WebGL.Extensions.dll
Register platform support module: C:/Program Files/Unity/Hub/Editor/2021.3.14f1/Editor/Data/PlaybackEngines/WindowsStandaloneSupport/UnityEditor.WindowsStandalone.Extensions.dll
Registered in 0.008740 seconds.
Native extension for WindowsStandalone target not found
Native extension for WebGL target not found
Refreshing native plugins compatible for Editor in 126.86 ms, found 3 plugins.
Preloading 0 native plugins for Editor in 0.00 ms.
Mono: successfully reloaded assembly
- Completed reload, in  0.925 seconds
Domain Reload Profiling:
	ReloadAssembly (926ms)
		BeginReloadAssembly (108ms)
			ExecutionOrderSort (0ms)
			DisableScriptedObjects (0ms)
			BackupInstance (0ms)
			ReleaseScriptingObjects (0ms)
			CreateAndSetChildDomain (1ms)
		EndReloadAssembly (665ms)
			LoadAssemblies (105ms)
			RebuildTransferFunctionScriptingTraits (0ms)
			SetupTypeCache (157ms)
			ReleaseScriptCaches (0ms)
			RebuildScriptCaches (49ms)
			SetupLoadedEditorAssemblies (383ms)
				LogAssemblyErrors (0ms)
				InitializePlatformSupportModulesInManaged (12ms)
				SetLoadedEditorAssemblies (0ms)
				RefreshPlugins (127ms)
				BeforeProcessingInitializeOnLoad (1ms)
				ProcessInitializeOnLoadAttributes (178ms)
				ProcessInitializeOnLoadMethodAttributes (64ms)
				AfterProcessingInitializeOnLoad (0ms)
				EditorAssembliesLoaded (0ms)
			ExecutionOrderSort2 (0ms)
			AwakeInstancesAfterBackupRestoration (0ms)
Platform modules already initialized, skipping
Registering precompiled user dll's ...
Registered in 0.007676 seconds.
Begin MonoManager ReloadAssembly
Symbol file LoadedFromMemory doesn't match image C:\Data\Buckeye Vertical\BV-Domain-Randomization-Unity-Project\Library\PackageCache\com.unity.visualscripting@1.7.8\Editor\VisualScripting.Core\Dependencies\YamlDotNet\Unity.VisualScripting.YamlDotNet.dll
Symbol file LoadedFromMemory doesn't match image C:\Data\Buckeye Vertical\BV-Domain-Randomization-Unity-Project\Library\PackageCache\com.unity.visualscripting@1.7.8\Editor\VisualScripting.Core\Dependencies\DotNetZip\Unity.VisualScripting.IonicZip.dll
Native extension for WindowsStandalone target not found
Native extension for WebGL target not found
Refreshing native plugins compatible for Editor in 0.82 ms, found 3 plugins.
Preloading 0 native plugins for Editor in 0.00 ms.
Mono: successfully reloaded assembly
- Completed reload, in  1.436 seconds
Domain Reload Profiling:
	ReloadAssembly (1438ms)
		BeginReloadAssembly (160ms)
			ExecutionOrderSort (0ms)
			DisableScriptedObjects (10ms)
			BackupInstance (0ms)
			ReleaseScriptingObjects (0ms)
			CreateAndSetChildDomain (27ms)
		EndReloadAssembly (1094ms)
			LoadAssemblies (147ms)
			RebuildTransferFunctionScriptingTraits (0ms)
			SetupTypeCache (342ms)
			ReleaseScriptCaches (0ms)
			RebuildScriptCaches (63ms)
			SetupLoadedEditorAssemblies (510ms)
				LogAssemblyErrors (0ms)
				InitializePlatformSupportModulesInManaged (8ms)
				SetLoadedEditorAssemblies (1ms)
				RefreshPlugins (1ms)
				BeforeProcessingInitializeOnLoad (95ms)
				ProcessInitializeOnLoadAttributes (350ms)
				ProcessInitializeOnLoadMethodAttributes (42ms)
				AfterProcessingInitializeOnLoad (13ms)
				EditorAssembliesLoaded (0ms)
			ExecutionOrderSort2 (0ms)
			AwakeInstancesAfterBackupRestoration (10ms)
Platform modules already initialized, skipping
========================================================================
Worker process is ready to serve import requests
Launched and connected shader compiler UnityShaderCompiler.exe after 0.10 seconds
Refreshing native plugins compatible for Editor in 1.37 ms, found 3 plugins.
Preloading 0 native plugins for Editor in 0.00 ms.
Unloading 3366 Unused Serialized files (Serialized files now loaded: 0)
Unloading 27 unused Assets / (113.5 KB). Loaded Objects now: 3824.
Memory consumption went from 120.5 MB to 120.4 MB.
Total: 6.081500 ms (FindLiveObjects: 0.297400 ms CreateObjectMapping: 0.143800 ms MarkObjects: 5.460000 ms  DeleteObjects: 0.177900 ms)

AssetImportParameters requested are different than current active one (requested -> active):
  custom:video-decoder-ogg-theora: a1e56fd34408186e4bbccfd4996cb3dc -> 
  custom:container-muxer-webm: aa71ff27fc2769a1b78a27578f13a17b -> 
  custom:container-demuxer-webm: 4f35f7cbe854078d1ac9338744f61a02 -> 
  custom:video-encoder-webm-vp8: eb34c28f22e8b96e1ab97ce403110664 -> 
  custom:video-codec-MediaFoundation-h265: 746d11721c4dcdbdad8f713fa42b33f4 -> 
  custom:audio-encoder-webm-vorbis: bf7c407c2cedff20999df2af8eb42d56 -> 
  custom:framework-win-MediaFoundation: 216162199b28c13a410421893ffa2e32 -> 
  custom:container-demuxer-ogg: 62fdf1f143b41e24485cea50d1cbac27 -> 
  custom:video-decoder-webm-vp8: 9c59270c3fd7afecdb556c50c9e8de78 -> 
  custom:audio-decoder-ogg-vorbis: bf7c407c2cedff20999df2af8eb42d56 -> 
========================================================================
Received Import Request.
  Time since last request: 392510.415320 seconds.
  path: Assets/Resources/Images/Materials/0568.mat
  artifactKey: Guid(4906fb9ed2ac9c449ba69a64ef49e5ac) Importer(815301076,1909f56bfc062723c751e8b465ee728b)
Start importing Assets/Resources/Images/Materials/0568.mat using Guid(4906fb9ed2ac9c449ba69a64ef49e5ac) Importer(815301076,1909f56bfc062723c751e8b465ee728b)  -> (artifact id: '2d58187c697810ca1ff832eb6275ffdd') in 0.204928 seconds 
========================================================================
Received Import Request.
  Time since last request: 4.103354 seconds.
  path: Assets/Resources/Images/Materials/0575.mat
  artifactKey: Guid(c8684eebf2225664695c00d779044c85) Importer(815301076,1909f56bfc062723c751e8b465ee728b)
Start importing Assets/Resources/Images/Materials/0575.mat using Guid(c8684eebf2225664695c00d779044c85) Importer(815301076,1909f56bfc062723c751e8b465ee728b)  -> (artifact id: 'b84b838f2655fe3076002f2d97a7121d') in 0.030038 seconds 
========================================================================
Received Import Request.
  Time since last request: 0.016410 seconds.
  path: Assets/Resources/Images/Materials/0582.mat
  artifactKey: Guid(e1b00f3f93e00ea489fb327ed735e741) Importer(815301076,1909f56bfc062723c751e8b465ee728b)
Start importing Assets/Resources/Images/Materials/0582.mat using Guid(e1b00f3f93e00ea489fb327ed735e741) Importer(815301076,1909f56bfc062723c751e8b465ee728b)  -> (artifact id: '82549d8c8080086648d08eb5fa4e7574') in 0.013268 seconds 
========================================================================
Received Import Request.
  Time since last request: 0.095234 seconds.
  path: Assets/Resources/Images/Materials/0589.mat
  artifactKey: Guid(035a32efec3e04440a71de2eb82c3c52) Importer(815301076,1909f56bfc062723c751e8b465ee728b)
Start importing Assets/Resources/Images/Materials/0589.mat using Guid(035a32efec3e04440a71de2eb82c3c52) Importer(815301076,1909f56bfc062723c751e8b465ee728b)  -> (artifact id: '5f017c376dcbf67c575035c4efadd5e7') in 0.022331 seconds 
========================================================================
Received Import Request.
  Time since last request: 0.066752 seconds.
  path: Assets/Resources/Images/Materials/0653.mat
  artifactKey: Guid(c4408336df56a8e49ad079c4268ba246) Importer(815301076,1909f56bfc062723c751e8b465ee728b)
Start importing Assets/Resources/Images/Materials/0653.mat using Guid(c4408336df56a8e49ad079c4268ba246) Importer(815301076,1909f56bfc062723c751e8b465ee728b)  -> (artifact id: 'ce19b5c16d27d8917afbe80befa60054') in 0.022239 seconds 
========================================================================
Received Import Request.
  Time since last request: 0.412056 seconds.
  path: Assets/Resources/Images/Materials/0667.mat
  artifactKey: Guid(507d3f6ee0f9e724f8234059bc7d55c2) Importer(815301076,1909f56bfc062723c751e8b465ee728b)
Start importing Assets/Resources/Images/Materials/0667.mat using Guid(507d3f6ee0f9e724f8234059bc7d55c2) Importer(815301076,1909f56bfc062723c751e8b465ee728b)  -> (artifact id: '840362389e23fba8405b492d251ca49f') in 0.017435 seconds 
========================================================================
Received Import Request.
  Time since last request: 0.000033 seconds.
  path: Assets/Resources/Images/Materials/0677.mat
  artifactKey: Guid(865345f893d5826489efd2089b93f8a2) Importer(815301076,1909f56bfc062723c751e8b465ee728b)
Start importing Assets/Resources/Images/Materials/0677.mat using Guid(865345f893d5826489efd2089b93f8a2) Importer(815301076,1909f56bfc062723c751e8b465ee728b)  -> (artifact id: 'e02f8dd6e566694067c6e4e408b4982c') in 0.015417 seconds 
========================================================================
Received Import Request.
  Time since last request: 0.000032 seconds.
  path: Assets/Resources/Images/Materials/0670.mat
  artifactKey: Guid(22019dcfacff6c648b3202b3a45f1863) Importer(815301076,1909f56bfc062723c751e8b465ee728b)
Start importing Assets/Resources/Images/Materials/0670.mat using Guid(22019dcfacff6c648b3202b3a45f1863) Importer(815301076,1909f56bfc062723c751e8b465ee728b)  -> (artifact id: '3bfe876ef18a8c96bd7fec04facd26aa') in 0.011360 seconds 
========================================================================
Received Import Request.
  Time since last request: 0.000033 seconds.
  path: Assets/Resources/Images/Materials/0675.mat
  artifactKey: Guid(afeff6782d74dfc46ae917a6a494cafe) Importer(815301076,1909f56bfc062723c751e8b465ee728b)
Start importing Assets/Resources/Images/Materials/0675.mat using Guid(afeff6782d74dfc46ae917a6a494cafe) Importer(815301076,1909f56bfc062723c751e8b465ee728b)  -> (artifact id: 'cd854ff0ba08b69e76788eb8e14aa134') in 0.010847 seconds 
========================================================================
Received Import Request.
  Time since last request: 0.000037 seconds.
  path: Assets/Resources/Images/Materials/0687.mat
  artifactKey: Guid(4e6783287c0e45e46aa3bef229358798) Importer(815301076,1909f56bfc062723c751e8b465ee728b)
Start importing Assets/Resources/Images/Materials/0687.mat using Guid(4e6783287c0e45e46aa3bef229358798) Importer(815301076,1909f56bfc062723c751e8b465ee728b)  -> (artifact id: '889547580c2e220214716f4c560dee94') in 0.009525 seconds 
========================================================================
Received Import Request.
  Time since last request: 0.000030 seconds.
  path: Assets/Resources/Images/Materials/0748.mat
  artifactKey: Guid(06468aab7abe9ec4f847c06524f83250) Importer(815301076,1909f56bfc062723c751e8b465ee728b)
Start importing Assets/Resources/Images/Materials/0748.mat using Guid(06468aab7abe9ec4f847c06524f83250) Importer(815301076,1909f56bfc062723c751e8b465ee728b)  -> (artifact id: 'e728dffe80434c972c83ef7f123037b9') in 0.012685 seconds 
========================================================================
Received Import Request.
  Time since last request: 0.000037 seconds.
  path: Assets/Resources/Images/Materials/0766.mat
  artifactKey: Guid(7c0f4ff8b60c52d478df76a3e4caba5b) Importer(815301076,1909f56bfc062723c751e8b465ee728b)
Start importing Assets/Resources/Images/Materials/0766.mat using Guid(7c0f4ff8b60c52d478df76a3e4caba5b) Importer(815301076,1909f56bfc062723c751e8b465ee728b)  -> (artifact id: '00de211da7638259da94d0b41550e4e7') in 0.012511 seconds 
========================================================================
Received Import Request.
  Time since last request: 0.000088 seconds.
  path: Assets/Resources/Images/Materials/0785.mat
  artifactKey: Guid(e26350b0b1b71534993c7d110bf1d064) Importer(815301076,1909f56bfc062723c751e8b465ee728b)
Start importing Assets/Resources/Images/Materials/0785.mat using Guid(e26350b0b1b71534993c7d110bf1d064) Importer(815301076,1909f56bfc062723c751e8b465ee728b)  -> (artifact id: '32c4ff2270eea835276fcf90f7482cd8') in 0.010768 seconds 
========================================================================
Received Import Request.
  Time since last request: 0.000026 seconds.
  path: Assets/Resources/Images/Materials/0768.mat
  artifactKey: Guid(344dbac7b964faa4e80267728d7308a9) Importer(815301076,1909f56bfc062723c751e8b465ee728b)
Start importing Assets/Resources/Images/Materials/0768.mat using Guid(344dbac7b964faa4e80267728d7308a9) Importer(815301076,1909f56bfc062723c751e8b465ee728b)  -> (artifact id: '81df4e2f899b2309498b64256f9ffbed') in 0.010239 seconds 
========================================================================
Received Import Request.
  Time since last request: 0.000029 seconds.
  path: Assets/Resources/Images/Materials/0775.mat
  artifactKey: Guid(77dc6dd8b20cd004a8951df11786f954) Importer(815301076,1909f56bfc062723c751e8b465ee728b)
Start importing Assets/Resources/Images/Materials/0775.mat using Guid(77dc6dd8b20cd004a8951df11786f954) Importer(815301076,1909f56bfc062723c751e8b465ee728b)  -> (artifact id: '0c927311d08bcc851d1c2f1702f406b1') in 0.009502 seconds 
========================================================================
Received Import Request.
  Time since last request: 0.000032 seconds.
  path: Assets/Resources/Images/Materials/1551.mat
  artifactKey: Guid(3955a609f8b15894695dc6eebfdfdd0f) Importer(815301076,1909f56bfc062723c751e8b465ee728b)
Start importing Assets/Resources/Images/Materials/1551.mat using Guid(3955a609f8b15894695dc6eebfdfdd0f) Importer(815301076,1909f56bfc062723c751e8b465ee728b)  -> (artifact id: 'c5cc7d8eb89ff6dc462b59117636b932') in 0.009926 seconds 
========================================================================
Received Import Request.
  Time since last request: 0.000074 seconds.
  path: Assets/Resources/Images/Materials/1566.mat
  artifactKey: Guid(7b3568dbeeae12f49b464be25cc74c00) Importer(815301076,1909f56bfc062723c751e8b465ee728b)
Start importing Assets/Resources/Images/Materials/1566.mat using Guid(7b3568dbeeae12f49b464be25cc74c00) Importer(815301076,1909f56bfc062723c751e8b465ee728b)  -> (artifact id: 'a950e131a5c975a4a020a4ba9a65308d') in 0.009206 seconds 
========================================================================
Received Import Request.
  Time since last request: 0.000025 seconds.
  path: Assets/Resources/Images/Materials/1577.mat
  artifactKey: Guid(e67a0201bc9dec04186b96d4466724ac) Importer(815301076,1909f56bfc062723c751e8b465ee728b)
Start importing Assets/Resources/Images/Materials/1577.mat using Guid(e67a0201bc9dec04186b96d4466724ac) Importer(815301076,1909f56bfc062723c751e8b465ee728b)  -> (artifact id: '0ae1b1367aa3444c44ec5ff63737f21c') in 0.006948 seconds 
========================================================================
Received Import Request.
  Time since last request: 0.000026 seconds.
  path: Assets/Resources/Images/Materials/1651.mat
  artifactKey: Guid(e9b02f94ffb4a3a40bec6d18205b7476) Importer(815301076,1909f56bfc062723c751e8b465ee728b)
Start importing Assets/Resources/Images/Materials/1651.mat using Guid(e9b02f94ffb4a3a40bec6d18205b7476) Importer(815301076,1909f56bfc062723c751e8b465ee728b)  -> (artifact id: '3501d980480ec137c7f949497d631f35') in 0.008354 seconds 
========================================================================
Received Import Request.
  Time since last request: 0.000031 seconds.
  path: Assets/Resources/Images/Materials/1575.mat
  artifactKey: Guid(0841134eb4a0e904cb2fdfa867fa7f4e) Importer(815301076,1909f56bfc062723c751e8b465ee728b)
Start importing Assets/Resources/Images/Materials/1575.mat using Guid(0841134eb4a0e904cb2fdfa867fa7f4e) Importer(815301076,1909f56bfc062723c751e8b465ee728b)  -> (artifact id: '3373ad4faa6e3d69f66ffffffe2f16a2') in 0.008421 seconds 
========================================================================
Received Import Request.
  Time since last request: 0.000060 seconds.
  path: Assets/Resources/Images/Materials/1675.mat
  artifactKey: Guid(da77aa12957d8a24d82efb0fa479d341) Importer(815301076,1909f56bfc062723c751e8b465ee728b)
Start importing Assets/Resources/Images/Materials/1675.mat using Guid(da77aa12957d8a24d82efb0fa479d341) Importer(815301076,1909f56bfc062723c751e8b465ee728b)  -> (artifact id: '57f348b7fd74c44baf394c5186a38051') in 0.008615 seconds 
========================================================================
Received Import Request.
  Time since last request: 0.000023 seconds.
  path: Assets/Resources/Images/Materials/1656.mat
  artifactKey: Guid(d036b2497d3518a4894804c9471be9f8) Importer(815301076,1909f56bfc062723c751e8b465ee728b)
Start importing Assets/Resources/Images/Materials/1656.mat using Guid(d036b2497d3518a4894804c9471be9f8) Importer(815301076,1909f56bfc062723c751e8b465ee728b)  -> (artifact id: '4467d0f20ae1eecce283bf5f0c497088') in 0.007556 seconds 
========================================================================
Received Import Request.
  Time since last request: 0.000025 seconds.
  path: Assets/Resources/Images/Materials/1748.mat
  artifactKey: Guid(48f2710e137cdd54cbf5977a297113f8) Importer(815301076,1909f56bfc062723c751e8b465ee728b)
Start importing Assets/Resources/Images/Materials/1748.mat using Guid(48f2710e137cdd54cbf5977a297113f8) Importer(815301076,1909f56bfc062723c751e8b465ee728b)  -> (artifact id: '34720dffc6e15b8d83d9767d617c79d1') in 0.008335 seconds 
========================================================================
Received Import Request.
  Time since last request: 0.000025 seconds.
  path: Assets/Resources/Images/Materials/1578.mat
  artifactKey: Guid(2438339202ad1bc49b50d49134da51fc) Importer(815301076,1909f56bfc062723c751e8b465ee728b)
Start importing Assets/Resources/Images/Materials/1578.mat using Guid(2438339202ad1bc49b50d49134da51fc) Importer(815301076,1909f56bfc062723c751e8b465ee728b)  -> (artifact id: '203db289497d0040517dde65112b3b6f') in 0.007128 seconds 
========================================================================
Received Import Request.
  Time since last request: 0.000023 seconds.
  path: Assets/Resources/Images/Materials/1779.mat
  artifactKey: Guid(dc304562ac0da034eb4834686fac209e) Importer(815301076,1909f56bfc062723c751e8b465ee728b)
Start importing Assets/Resources/Images/Materials/1779.mat using Guid(dc304562ac0da034eb4834686fac209e) Importer(815301076,1909f56bfc062723c751e8b465ee728b)  -> (artifact id: '0be7a96aeb3a689df6e98ef2a7e46c35') in 0.010354 seconds 
========================================================================
Received Import Request.
  Time since last request: 0.000024 seconds.
  path: Assets/Resources/Images/Materials/1776.mat
  artifactKey: Guid(60b208b2ed8c73a44b0aef2e97bb3709) Importer(815301076,1909f56bfc062723c751e8b465ee728b)
Start importing Assets/Resources/Images/Materials/1776.mat using Guid(60b208b2ed8c73a44b0aef2e97bb3709) Importer(815301076,1909f56bfc062723c751e8b465ee728b)  -> (artifact id: '5c7428f306bc1a907bd67c34d7e6547a') in 0.006870 seconds 
========================================================================
Received Import Request.
  Time since last request: 0.000041 seconds.
  path: Assets/Resources/Images/Materials/1669.mat
  artifactKey: Guid(7218d0614923fba4a97ef87d771f2513) Importer(815301076,1909f56bfc062723c751e8b465ee728b)
Start importing Assets/Resources/Images/Materials/1669.mat using Guid(7218d0614923fba4a97ef87d771f2513) Importer(815301076,1909f56bfc062723c751e8b465ee728b)  -> (artifact id: 'e2fc79af792708dce0663a627b559d3e') in 0.007690 seconds 
========================================================================
Received Import Request.
  Time since last request: 0.000026 seconds.
  path: Assets/Resources/Images/Materials/1671.mat
  artifactKey: Guid(2243ce58bcce23b48af583e6fd95151b) Importer(815301076,1909f56bfc062723c751e8b465ee728b)
Start importing Assets/Resources/Images/Materials/1671.mat using Guid(2243ce58bcce23b48af583e6fd95151b) Importer(815301076,1909f56bfc062723c751e8b465ee728b)  -> (artifact id: '2464011baa8409b8678bf791149d4a87') in 0.007338 seconds 
========================================================================
Received Import Request.
  Time since last request: 0.000039 seconds.
  path: Assets/Resources/Images/Materials/1650.mat
  artifactKey: Guid(6e86545256898c942aa0640cae01de98) Importer(815301076,1909f56bfc062723c751e8b465ee728b)
Start importing Assets/Resources/Images/Materials/1650.mat using Guid(6e86545256898c942aa0640cae01de98) Importer(815301076,1909f56bfc062723c751e8b465ee728b)  -> (artifact id: '505940588d70560b889f89e02ed5c5ce') in 0.008636 seconds 
========================================================================
Received Import Request.
  Time since last request: 0.000022 seconds.
  path: Assets/Resources/Images/Materials/1767.mat
  artifactKey: Guid(c8d27d77a54b82347a0ba8d880bad240) Importer(815301076,1909f56bfc062723c751e8b465ee728b)
Start importing Assets/Resources/Images/Materials/1767.mat using Guid(c8d27d77a54b82347a0ba8d880bad240) Importer(815301076,1909f56bfc062723c751e8b465ee728b)  -> (artifact id: '35fa4960782f7d2903d1de643d92c814') in 0.009387 seconds 
========================================================================
Received Import Request.
  Time since last request: 0.000024 seconds.
  path: Assets/Resources/Images/Materials/1586.mat
  artifactKey: Guid(8fa6f13644d4972458a0fe3334ddad00) Importer(815301076,1909f56bfc062723c751e8b465ee728b)
Start importing Assets/Resources/Images/Materials/1586.mat using Guid(8fa6f13644d4972458a0fe3334ddad00) Importer(815301076,1909f56bfc062723c751e8b465ee728b)  -> (artifact id: '8eaaa28c3b31325e237d3b776ccb1a43') in 0.009760 seconds 
========================================================================
Received Import Request.
  Time since last request: 0.000028 seconds.
  path: Assets/Resources/Images/Materials/1657.mat
  artifactKey: Guid(db18e2b9481867444a3295da41c8eeed) Importer(815301076,1909f56bfc062723c751e8b465ee728b)
Start importing Assets/Resources/Images/Materials/1657.mat using Guid(db18e2b9481867444a3295da41c8eeed) Importer(815301076,1909f56bfc062723c751e8b465ee728b)  -> (artifact id: '14ccaae439267f8d59bcb57ca0dc972a') in 0.006706 seconds 
========================================================================
Received Import Request.
  Time since last request: 0.000030 seconds.
  path: Assets/Resources/Images/Materials/1553.mat
  artifactKey: Guid(e651db974da62994a971d1140493aa78) Importer(815301076,1909f56bfc062723c751e8b465ee728b)
Start importing Assets/Resources/Images/Materials/1553.mat using Guid(e651db974da62994a971d1140493aa78) Importer(815301076,1909f56bfc062723c751e8b465ee728b)  -> (artifact id: '892388b20c8c10a53775e513b4c97b85') in 0.007769 seconds 
========================================================================
Received Import Request.
  Time since last request: 0.000027 seconds.
  path: Assets/Resources/Images/Materials/1772.mat
  artifactKey: Guid(62e7c593c4aba7048aea1ce54ef7262a) Importer(815301076,1909f56bfc062723c751e8b465ee728b)
Start importing Assets/Resources/Images/Materials/1772.mat using Guid(62e7c593c4aba7048aea1ce54ef7262a) Importer(815301076,1909f56bfc062723c751e8b465ee728b)  -> (artifact id: 'a48d99b373f285d3a62d1ec0693d44b4') in 0.007014 seconds 
========================================================================
Received Import Request.
  Time since last request: 0.000023 seconds.
  path: Assets/Resources/Images/Materials/0767.mat
  artifactKey: Guid(8f5e7ecbbad419d45a9ec3f281da3409) Importer(815301076,1909f56bfc062723c751e8b465ee728b)
Start importing Assets/Resources/Images/Materials/0767.mat using Guid(8f5e7ecbbad419d45a9ec3f281da3409) Importer(815301076,1909f56bfc062723c751e8b465ee728b)  -> (artifact id: 'fccefd033979c4f2285d75b4a555395d') in 0.007547 seconds 
========================================================================
Received Import Request.
  Time since last request: 0.000029 seconds.
  path: Assets/Resources/Images/Materials/0776.mat
  artifactKey: Guid(e9a41f6ae1418704584204943fe404f9) Importer(815301076,1909f56bfc062723c751e8b465ee728b)
Start importing Assets/Resources/Images/Materials/0776.mat using Guid(e9a41f6ae1418704584204943fe404f9) Importer(815301076,1909f56bfc062723c751e8b465ee728b)  -> (artifact id: 'e310e10c9877e8b9add94bfa3b703ba8') in 0.007448 seconds 
========================================================================
Received Import Request.
  Time since last request: 0.000030 seconds.
  path: Assets/Resources/Images/Materials/1756.mat
  artifactKey: Guid(ec77cb636d546644382ee0702f5340a9) Importer(815301076,1909f56bfc062723c751e8b465ee728b)
Start importing Assets/Resources/Images/Materials/1756.mat using Guid(ec77cb636d546644382ee0702f5340a9) Importer(815301076,1909f56bfc062723c751e8b465ee728b)  -> (artifact id: 'eac47477949d93c24282c65a4c8922bf') in 0.006704 seconds 
========================================================================
Received Import Request.
  Time since last request: 1.193623 seconds.
  path: Assets/Resources/Images/Materials/3684.mat
  artifactKey: Guid(6356764119597a44cbc01aaf2478abaa) Importer(815301076,1909f56bfc062723c751e8b465ee728b)
Start importing Assets/Resources/Images/Materials/3684.mat using Guid(6356764119597a44cbc01aaf2478abaa) Importer(815301076,1909f56bfc062723c751e8b465ee728b)  -> (artifact id: '3a86e32e784d2716e0a275721e59841d') in 0.011653 seconds 
========================================================================
Received Import Request.
  Time since last request: 0.000036 seconds.
  path: Assets/Resources/Images/Materials/3765.mat
  artifactKey: Guid(6c85322d44c7dc74aaea03d188ad4eb7) Importer(815301076,1909f56bfc062723c751e8b465ee728b)
Start importing Assets/Resources/Images/Materials/3765.mat using Guid(6c85322d44c7dc74aaea03d188ad4eb7) Importer(815301076,1909f56bfc062723c751e8b465ee728b)  -> (artifact id: '28b43544cff5ff924316e803398d8b93') in 0.010752 seconds 
========================================================================
Received Import Request.
  Time since last request: 0.000027 seconds.
  path: Assets/Resources/Images/Materials/4787.mat
  artifactKey: Guid(1952369c9126ff2448e558c5483c3869) Importer(815301076,1909f56bfc062723c751e8b465ee728b)
Start importing Assets/Resources/Images/Materials/4787.mat using Guid(1952369c9126ff2448e558c5483c3869) Importer(815301076,1909f56bfc062723c751e8b465ee728b)  -> (artifact id: '99057f09ead4e0b755ca6557f3f13efd') in 0.008740 seconds 
========================================================================
Received Import Request.
  Time since last request: 0.000021 seconds.
  path: Assets/Resources/Images/Materials/5768.mat
  artifactKey: Guid(d8137ade09c46eb40a1ed4c3df430880) Importer(815301076,1909f56bfc062723c751e8b465ee728b)
Start importing Assets/Resources/Images/Materials/5768.mat using Guid(d8137ade09c46eb40a1ed4c3df430880) Importer(815301076,1909f56bfc062723c751e8b465ee728b)  -> (artifact id: '67c3898462bbdf76b757aad83fd036d9') in 0.021280 seconds 
========================================================================
Received Import Request.
  Time since last request: 0.000025 seconds.
  path: Assets/Resources/Images/Materials/4766.mat
  artifactKey: Guid(d506b49c0ad917d4bafbd7507ea595f6) Importer(815301076,1909f56bfc062723c751e8b465ee728b)
Start importing Assets/Resources/Images/Materials/4766.mat using Guid(d506b49c0ad917d4bafbd7507ea595f6) Importer(815301076,1909f56bfc062723c751e8b465ee728b)  -> (artifact id: '5d4afae2f3d01685fbe11d72e8d35efd') in 0.009220 seconds 
========================================================================
Received Import Request.
  Time since last request: 0.000030 seconds.
  path: Assets/Resources/Images/Materials/6668.mat
  artifactKey: Guid(96e72659f1988f84c8f11fbc447f7973) Importer(815301076,1909f56bfc062723c751e8b465ee728b)
Start importing Assets/Resources/Images/Materials/6668.mat using Guid(96e72659f1988f84c8f11fbc447f7973) Importer(815301076,1909f56bfc062723c751e8b465ee728b)  -> (artifact id: '206fbadf09b417e957517e3358bb129d') in 0.010330 seconds 
========================================================================
Received Import Request.
  Time since last request: 0.000023 seconds.
  path: Assets/Resources/Images/Materials/5765.mat
  artifactKey: Guid(f84a654c823a48e4082e03b37e0d8ced) Importer(815301076,1909f56bfc062723c751e8b465ee728b)
Start importing Assets/Resources/Images/Materials/5765.mat using Guid(f84a654c823a48e4082e03b37e0d8ced) Importer(815301076,1909f56bfc062723c751e8b465ee728b)  -> (artifact id: '3d1232e950d2112664857a95ea145c00') in 0.008860 seconds 
========================================================================
Received Import Request.
  Time since last request: 0.000030 seconds.
  path: Assets/Resources/Images/Materials/7057.mat
  artifactKey: Guid(c573d3e3b4369654f955bcd6c04e3b5e) Importer(815301076,1909f56bfc062723c751e8b465ee728b)
Start importing Assets/Resources/Images/Materials/7057.mat using Guid(c573d3e3b4369654f955bcd6c04e3b5e) Importer(815301076,1909f56bfc062723c751e8b465ee728b)  -> (artifact id: '0b394972b805bd7f8a386101107f2ec4') in 0.008386 seconds 
========================================================================
Received Import Request.
  Time since last request: 0.000027 seconds.
  path: Assets/Resources/Images/Materials/5776.mat
  artifactKey: Guid(19a4c9145cf8c67409f2f25dd4c743fc) Importer(815301076,1909f56bfc062723c751e8b465ee728b)
Start importing Assets/Resources/Images/Materials/5776.mat using Guid(19a4c9145cf8c67409f2f25dd4c743fc) Importer(815301076,1909f56bfc062723c751e8b465ee728b)  -> (artifact id: '7cfc859892ea776c681c40353251d0ce') in 0.008983 seconds 
========================================================================
Received Import Request.
  Time since last request: 0.000036 seconds.
  path: Assets/Resources/Images/Materials/7255.mat
  artifactKey: Guid(1349d6be1a15bff45a2235541e26d3d3) Importer(815301076,1909f56bfc062723c751e8b465ee728b)
Start importing Assets/Resources/Images/Materials/7255.mat using Guid(1349d6be1a15bff45a2235541e26d3d3) Importer(815301076,1909f56bfc062723c751e8b465ee728b)  -> (artifact id: '597985e505e44ba824071389ecbcbcdd') in 0.008794 seconds 
========================================================================
Received Import Request.
  Time since last request: 0.000022 seconds.
  path: Assets/Resources/Images/Materials/7280.mat
  artifactKey: Guid(7bc15f2c649c1b94fa065108dff94aba) Importer(815301076,1909f56bfc062723c751e8b465ee728b)
Start importing Assets/Resources/Images/Materials/7280.mat using Guid(7bc15f2c649c1b94fa065108dff94aba) Importer(815301076,1909f56bfc062723c751e8b465ee728b)  -> (artifact id: '27c736acb6c7e7c74adf2fade6cf3432') in 0.008703 seconds 
========================================================================
Received Import Request.
  Time since last request: 0.000024 seconds.
  path: Assets/Resources/Images/Materials/7286.mat
  artifactKey: Guid(a66b197d96bf68247899ae20fddc3b4e) Importer(815301076,1909f56bfc062723c751e8b465ee728b)
Start importing Assets/Resources/Images/Materials/7286.mat using Guid(a66b197d96bf68247899ae20fddc3b4e) Importer(815301076,1909f56bfc062723c751e8b465ee728b)  -> (artifact id: '032f6cfc289e4d644bff28754bcadb75') in 0.007598 seconds 
========================================================================
Received Import Request.
  Time since last request: 0.000030 seconds.
  path: Assets/Resources/Images/Materials/7281.mat
  artifactKey: Guid(f71d86a4a43128745a90c435acc79f45) Importer(815301076,1909f56bfc062723c751e8b465ee728b)
Start importing Assets/Resources/Images/Materials/7281.mat using Guid(f71d86a4a43128745a90c435acc79f45) Importer(815301076,1909f56bfc062723c751e8b465ee728b)  -> (artifact id: 'b8a564c465c70aba8698c6c43abcf0e7') in 0.008274 seconds 
========================================================================
Received Import Request.
  Time since last request: 0.000028 seconds.
  path: Assets/Resources/Images/Materials/5775.mat
  artifactKey: Guid(c211211cc4370954d80793f9554019b6) Importer(815301076,1909f56bfc062723c751e8b465ee728b)
Start importing Assets/Resources/Images/Materials/5775.mat using Guid(c211211cc4370954d80793f9554019b6) Importer(815301076,1909f56bfc062723c751e8b465ee728b)  -> (artifact id: 'b7016d18519d556011c97e5ee113c30f') in 0.009746 seconds 
========================================================================
Received Import Request.
  Time since last request: 0.000027 seconds.
  path: Assets/Resources/Images/Materials/7588.mat
  artifactKey: Guid(7200cf08c11fe9044adc0b0d49dfcc74) Importer(815301076,1909f56bfc062723c751e8b465ee728b)
Start importing Assets/Resources/Images/Materials/7588.mat using Guid(7200cf08c11fe9044adc0b0d49dfcc74) Importer(815301076,1909f56bfc062723c751e8b465ee728b)  -> (artifact id: '0615a63939cda5c141c362dc8d0140f3') in 0.010532 seconds 
========================================================================
Received Import Request.
  Time since last request: 0.000044 seconds.
  path: Assets/Resources/Images/Materials/7090.mat
  artifactKey: Guid(dcec67f29ffddf843933a6b2cc58f310) Importer(815301076,1909f56bfc062723c751e8b465ee728b)
Start importing Assets/Resources/Images/Materials/7090.mat using Guid(dcec67f29ffddf843933a6b2cc58f310) Importer(815301076,1909f56bfc062723c751e8b465ee728b)  -> (artifact id: 'e756f0d3e6b78858b0247fdebbf8418d') in 0.011071 seconds 
========================================================================
Received Import Request.
  Time since last request: 0.000025 seconds.
  path: Assets/Resources/Images/Materials/7686.mat
  artifactKey: Guid(5b611bb6555d7e4438a2801ddcb0ffc4) Importer(815301076,1909f56bfc062723c751e8b465ee728b)
Start importing Assets/Resources/Images/Materials/7686.mat using Guid(5b611bb6555d7e4438a2801ddcb0ffc4) Importer(815301076,1909f56bfc062723c751e8b465ee728b)  -> (artifact id: 'fd74b49f32eb83f19dd4dc9c7303aceb') in 0.019974 seconds 
========================================================================
Received Import Request.
  Time since last request: 0.000144 seconds.
  path: Assets/Resources/Images/Materials/7690.mat
  artifactKey: Guid(aee9d115de65c7845b389055c41c8cd2) Importer(815301076,1909f56bfc062723c751e8b465ee728b)
Start importing Assets/Resources/Images/Materials/7690.mat using Guid(aee9d115de65c7845b389055c41c8cd2) Importer(815301076,1909f56bfc062723c751e8b465ee728b)  -> (artifact id: 'eaf0f6ac2ff593349a588bfd331ab6ae') in 0.009637 seconds 
========================================================================
Received Import Request.
  Time since last request: 0.000039 seconds.
  path: Assets/Resources/Images/Materials/7749.mat
  artifactKey: Guid(b4bc20d04f3661c4bb3f71c9369f3d63) Importer(815301076,1909f56bfc062723c751e8b465ee728b)
Start importing Assets/Resources/Images/Materials/7749.mat using Guid(b4bc20d04f3661c4bb3f71c9369f3d63) Importer(815301076,1909f56bfc062723c751e8b465ee728b)  -> (artifact id: 'b14660010fc673ae8e8a9520e9c93d18') in 0.008868 seconds 
========================================================================
Received Import Request.
  Time since last request: 0.000035 seconds.
  path: Assets/Resources/Images/Materials/3773.mat
  artifactKey: Guid(a80e23febb80b774aba1cc2881c69b97) Importer(815301076,1909f56bfc062723c751e8b465ee728b)
Start importing Assets/Resources/Images/Materials/3773.mat using Guid(a80e23febb80b774aba1cc2881c69b97) Importer(815301076,1909f56bfc062723c751e8b465ee728b)  -> (artifact id: '4bd0c852de46672edd5c162a74435b75') in 0.011081 seconds 
========================================================================
Received Import Request.
  Time since last request: 0.000033 seconds.
  path: Assets/Resources/Images/Materials/7480.mat
  artifactKey: Guid(a754e33b141c0194c85988d748fbdf0a) Importer(815301076,1909f56bfc062723c751e8b465ee728b)
Start importing Assets/Resources/Images/Materials/7480.mat using Guid(a754e33b141c0194c85988d748fbdf0a) Importer(815301076,1909f56bfc062723c751e8b465ee728b)  -> (artifact id: 'a7e4f8b8b8889d2bfd0b065685ca9f63') in 0.010138 seconds 
========================================================================
Received Import Request.
  Time since last request: 0.000027 seconds.
  path: Assets/Resources/Images/Materials/6589.mat
  artifactKey: Guid(10bf8113792f31146921ef548f0b1d0f) Importer(815301076,1909f56bfc062723c751e8b465ee728b)
Start importing Assets/Resources/Images/Materials/6589.mat using Guid(10bf8113792f31146921ef548f0b1d0f) Importer(815301076,1909f56bfc062723c751e8b465ee728b)  -> (artifact id: '5dadf87318e6e1b249efde12141f4906') in 0.009650 seconds 
========================================================================
Received Import Request.
  Time since last request: 0.000024 seconds.
  path: Assets/Resources/Images/Materials/7548.mat
  artifactKey: Guid(59f10eebc4cb3c34cbe07ca945641a4a) Importer(815301076,1909f56bfc062723c751e8b465ee728b)
Start importing Assets/Resources/Images/Materials/7548.mat using Guid(59f10eebc4cb3c34cbe07ca945641a4a) Importer(815301076,1909f56bfc062723c751e8b465ee728b)  -> (artifact id: 'e194bd889b73a1ec0d40e440fdda4c6a') in 0.010320 seconds 
========================================================================
Received Import Request.
  Time since last request: 0.000038 seconds.
  path: Assets/Resources/Images/Materials/3769.mat
  artifactKey: Guid(417b4dbdfe84fad48b918635eda4014b) Importer(815301076,1909f56bfc062723c751e8b465ee728b)
Start importing Assets/Resources/Images/Materials/3769.mat using Guid(417b4dbdfe84fad48b918635eda4014b) Importer(815301076,1909f56bfc062723c751e8b465ee728b)  -> (artifact id: 'd608fc0ff811a3de8a21def18b087e68') in 0.007595 seconds 
========================================================================
Received Import Request.
  Time since last request: 0.000046 seconds.
  path: Assets/Resources/Images/Materials/5785.mat
  artifactKey: Guid(1088a7adc05a6484aa73788676ac8805) Importer(815301076,1909f56bfc062723c751e8b465ee728b)
Start importing Assets/Resources/Images/Materials/5785.mat using Guid(1088a7adc05a6484aa73788676ac8805) Importer(815301076,1909f56bfc062723c751e8b465ee728b)  -> (artifact id: '304aa962b05f0072f0b330093afc1ad7') in 0.008165 seconds 
========================================================================
Received Import Request.
  Time since last request: 0.000031 seconds.
  path: Assets/Resources/Images/Materials/7576.mat
  artifactKey: Guid(a564b6c0c2da56347afb9836693a9288) Importer(815301076,1909f56bfc062723c751e8b465ee728b)
Start importing Assets/Resources/Images/Materials/7576.mat using Guid(a564b6c0c2da56347afb9836693a9288) Importer(815301076,1909f56bfc062723c751e8b465ee728b)  -> (artifact id: '5cb92c94f2c7e5b948e4a1b46bb001df') in 0.008094 seconds 
========================================================================
Received Import Request.
  Time since last request: 0.000173 seconds.
  path: Assets/Resources/Images/Materials/7587.mat
  artifactKey: Guid(7aaf84085714b984897c9c8c674bf8e6) Importer(815301076,1909f56bfc062723c751e8b465ee728b)
Start importing Assets/Resources/Images/Materials/7587.mat using Guid(7aaf84085714b984897c9c8c674bf8e6) Importer(815301076,1909f56bfc062723c751e8b465ee728b)  -> (artifact id: '7c762f2c09cc9e37af9c3eabd1096cff') in 0.007602 seconds 
========================================================================
Received Import Request.
  Time since last request: 0.000023 seconds.
  path: Assets/Resources/Images/Materials/3755.mat
  artifactKey: Guid(87b67f5d8c9ae5c4fac8905b54590f6c) Importer(815301076,1909f56bfc062723c751e8b465ee728b)
Start importing Assets/Resources/Images/Materials/3755.mat using Guid(87b67f5d8c9ae5c4fac8905b54590f6c) Importer(815301076,1909f56bfc062723c751e8b465ee728b)  -> (artifact id: '2d2109724a12fd133284e904cf6ac181') in 0.007272 seconds 
========================================================================
Received Import Request.
  Time since last request: 0.000022 seconds.
  path: Assets/Resources/Images/Materials/3751.mat
  artifactKey: Guid(28954c198909ff94da02bb91727e983f) Importer(815301076,1909f56bfc062723c751e8b465ee728b)
Start importing Assets/Resources/Images/Materials/3751.mat using Guid(28954c198909ff94da02bb91727e983f) Importer(815301076,1909f56bfc062723c751e8b465ee728b)  -> (artifact id: 'b71d5dc34a94fa063c3e1dc1bf14a454') in 0.008500 seconds 
========================================================================
Received Import Request.
  Time since last request: 0.000024 seconds.
  path: Assets/Resources/Images/Materials/4779.mat
  artifactKey: Guid(c4ef6781856c28c4386e3c0c3d498186) Importer(815301076,1909f56bfc062723c751e8b465ee728b)
Start importing Assets/Resources/Images/Materials/4779.mat using Guid(c4ef6781856c28c4386e3c0c3d498186) Importer(815301076,1909f56bfc062723c751e8b465ee728b)  -> (artifact id: '4a99105142f78e5d72a92f062fd1f0a1') in 0.008360 seconds 
========================================================================
Received Import Request.
  Time since last request: 0.000029 seconds.
  path: Assets/Resources/Images/Materials/7081.mat
  artifactKey: Guid(66555d5d95e035749996ecd42c4df17d) Importer(815301076,1909f56bfc062723c751e8b465ee728b)
Start importing Assets/Resources/Images/Materials/7081.mat using Guid(66555d5d95e035749996ecd42c4df17d) Importer(815301076,1909f56bfc062723c751e8b465ee728b)  -> (artifact id: '4fda38f1121fefcff0b22cb56f1cc80b') in 0.007491 seconds 
========================================================================
Received Import Request.
  Time since last request: 0.000022 seconds.
  path: Assets/Resources/Images/Materials/7289.mat
  artifactKey: Guid(d324909ac1f502141ae281e81528ce2e) Importer(815301076,1909f56bfc062723c751e8b465ee728b)
Start importing Assets/Resources/Images/Materials/7289.mat using Guid(d324909ac1f502141ae281e81528ce2e) Importer(815301076,1909f56bfc062723c751e8b465ee728b)  -> (artifact id: 'bd5421477d3525fd979fdde69d45de71') in 0.009225 seconds 
========================================================================
Received Import Request.
  Time since last request: 0.000139 seconds.
  path: Assets/Resources/Images/Materials/7766.mat
  artifactKey: Guid(09c185cebf1a5ff449e93a0a3de53976) Importer(815301076,1909f56bfc062723c751e8b465ee728b)
Start importing Assets/Resources/Images/Materials/7766.mat using Guid(09c185cebf1a5ff449e93a0a3de53976) Importer(815301076,1909f56bfc062723c751e8b465ee728b)  -> (artifact id: '411f53c0286b7f57a533d2afc306ad1d') in 0.009239 seconds 
========================================================================
Received Import Request.
  Time since last request: 0.000031 seconds.
  path: Assets/Resources/Images/Materials/5771.mat
  artifactKey: Guid(b4298c6cb4d53414da78f5c00e577cec) Importer(815301076,1909f56bfc062723c751e8b465ee728b)
Start importing Assets/Resources/Images/Materials/5771.mat using Guid(b4298c6cb4d53414da78f5c00e577cec) Importer(815301076,1909f56bfc062723c751e8b465ee728b)  -> (artifact id: 'd1694b4275bb8235a7c8629a21d2b13d') in 0.009191 seconds 
========================================================================
Received Import Request.
  Time since last request: 0.000034 seconds.
  path: Assets/Resources/Images/Materials/7265.mat
  artifactKey: Guid(6ac150c8feedf714db6254221dd030b4) Importer(815301076,1909f56bfc062723c751e8b465ee728b)
Start importing Assets/Resources/Images/Materials/7265.mat using Guid(6ac150c8feedf714db6254221dd030b4) Importer(815301076,1909f56bfc062723c751e8b465ee728b)  -> (artifact id: '385976517fad24aa80e7c3038fe967f7') in 0.008679 seconds 
========================================================================
Received Import Request.
  Time since last request: 0.000026 seconds.
  path: Assets/Resources/Images/Materials/7652.mat
  artifactKey: Guid(734df14fa09e4a04a89924e9d7d2b335) Importer(815301076,1909f56bfc062723c751e8b465ee728b)
Start importing Assets/Resources/Images/Materials/7652.mat using Guid(734df14fa09e4a04a89924e9d7d2b335) Importer(815301076,1909f56bfc062723c751e8b465ee728b)  -> (artifact id: 'ad3a27f802f8cba6737637619871075b') in 0.008043 seconds 
========================================================================
Received Import Request.
  Time since last request: 0.000035 seconds.
  path: Assets/Resources/Images/Materials/7567.mat
  artifactKey: Guid(aacf4031792131443a8072ed2440986d) Importer(815301076,1909f56bfc062723c751e8b465ee728b)
Start importing Assets/Resources/Images/Materials/7567.mat using Guid(aacf4031792131443a8072ed2440986d) Importer(815301076,1909f56bfc062723c751e8b465ee728b)  -> (artifact id: 'f46fc4b9eff19189ff34fd95c30f3c82') in 0.011548 seconds 
========================================================================
Received Import Request.
  Time since last request: 0.000025 seconds.
  path: Assets/Resources/Images/Materials/7555.mat
  artifactKey: Guid(d2ca8bc295ade364b8fadb976e566288) Importer(815301076,1909f56bfc062723c751e8b465ee728b)
Start importing Assets/Resources/Images/Materials/7555.mat using Guid(d2ca8bc295ade364b8fadb976e566288) Importer(815301076,1909f56bfc062723c751e8b465ee728b)  -> (artifact id: '898b74700ce7a55224a5302f44942613') in 0.009212 seconds 
========================================================================
Received Import Request.
  Time since last request: 0.000044 seconds.
  path: Assets/Resources/Images/Materials/7655.mat
  artifactKey: Guid(985a3c06ae43ef643a051450d74d943b) Importer(815301076,1909f56bfc062723c751e8b465ee728b)
Start importing Assets/Resources/Images/Materials/7655.mat using Guid(985a3c06ae43ef643a051450d74d943b) Importer(815301076,1909f56bfc062723c751e8b465ee728b)  -> (artifact id: 'c28084fd707446e3073f0a51e2e556f8') in 0.006736 seconds 
========================================================================
Received Import Request.
  Time since last request: 0.000035 seconds.
  path: Assets/Resources/Images/Materials/4778.mat
  artifactKey: Guid(e78190ca087bbc44f9c7d6cdc797ed66) Importer(815301076,1909f56bfc062723c751e8b465ee728b)
Start importing Assets/Resources/Images/Materials/4778.mat using Guid(e78190ca087bbc44f9c7d6cdc797ed66) Importer(815301076,1909f56bfc062723c751e8b465ee728b)  -> (artifact id: '0cbab95f0983024aca3f3787745648ec') in 0.006861 seconds 
========================================================================
Received Import Request.
  Time since last request: 0.000031 seconds.
  path: Assets/Resources/Images/Materials/5779.mat
  artifactKey: Guid(57b4606d1b41c2d499a8babec987ea21) Importer(815301076,1909f56bfc062723c751e8b465ee728b)
Start importing Assets/Resources/Images/Materials/5779.mat using Guid(57b4606d1b41c2d499a8babec987ea21) Importer(815301076,1909f56bfc062723c751e8b465ee728b)  -> (artifact id: '7ebb8f64971e5986d60ca0b9372f6244') in 0.018657 seconds 
========================================================================
Received Import Request.
  Time since last request: 0.000020 seconds.
  path: Assets/Resources/Images/Materials/7668.mat
  artifactKey: Guid(0cfa183c0a3f7d04aa49c9878d1bf85b) Importer(815301076,1909f56bfc062723c751e8b465ee728b)
Start importing Assets/Resources/Images/Materials/7668.mat using Guid(0cfa183c0a3f7d04aa49c9878d1bf85b) Importer(815301076,1909f56bfc062723c751e8b465ee728b)  -> (artifact id: '1fe21b458ee9a97e7ec5f174647b1ab5') in 0.007414 seconds 
========================================================================
Received Import Request.
  Time since last request: 0.000027 seconds.
  path: Assets/Resources/Images/Materials/7672.mat
  artifactKey: Guid(945e1f99edbe6db4da98629fdf2f906b) Importer(815301076,1909f56bfc062723c751e8b465ee728b)
Start importing Assets/Resources/Images/Materials/7672.mat using Guid(945e1f99edbe6db4da98629fdf2f906b) Importer(815301076,1909f56bfc062723c751e8b465ee728b)  -> (artifact id: '92c897a79945f9849d4eed800c0a2643') in 0.008312 seconds 
========================================================================
Received Import Request.
  Time since last request: 0.000029 seconds.
  path: Assets/Resources/Images/Materials/6372.mat
  artifactKey: Guid(c1e669e34529c4d499255b6a9cfb304b) Importer(815301076,1909f56bfc062723c751e8b465ee728b)
Start importing Assets/Resources/Images/Materials/6372.mat using Guid(c1e669e34529c4d499255b6a9cfb304b) Importer(815301076,1909f56bfc062723c751e8b465ee728b)  -> (artifact id: '4e63f5b7f897d2d3bd654ae914fe00f1') in 0.008311 seconds 
========================================================================
Received Import Request.
  Time since last request: 0.000029 seconds.
  path: Assets/Resources/Images/Materials/6386.mat
  artifactKey: Guid(bbee9dc39b7d3354dbfd354bf3116146) Importer(815301076,1909f56bfc062723c751e8b465ee728b)
Start importing Assets/Resources/Images/Materials/6386.mat using Guid(bbee9dc39b7d3354dbfd354bf3116146) Importer(815301076,1909f56bfc062723c751e8b465ee728b)  -> (artifact id: '745d24e83b925f322c511096e178e1ae') in 0.007272 seconds 
========================================================================
Received Import Request.
  Time since last request: 0.000023 seconds.
  path: Assets/Resources/Images/Materials/6381.mat
  artifactKey: Guid(7378b210dcad6cb439f4815f97fe2cab) Importer(815301076,1909f56bfc062723c751e8b465ee728b)
Start importing Assets/Resources/Images/Materials/6381.mat using Guid(7378b210dcad6cb439f4815f97fe2cab) Importer(815301076,1909f56bfc062723c751e8b465ee728b)  -> (artifact id: '75b3648f6a2db7d19882b9ecf232b7f2') in 0.008332 seconds 
========================================================================
Received Import Request.
  Time since last request: 0.000031 seconds.
  path: Assets/Resources/Images/Materials/4356.mat
  artifactKey: Guid(916ba4b7615e9904ba9c6ae34fa46e3e) Importer(815301076,1909f56bfc062723c751e8b465ee728b)
Start importing Assets/Resources/Images/Materials/4356.mat using Guid(916ba4b7615e9904ba9c6ae34fa46e3e) Importer(815301076,1909f56bfc062723c751e8b465ee728b)  -> (artifact id: 'a0f547086f1a8a8556097c0c6259aa3d') in 0.010148 seconds 
========================================================================
Received Import Request.
  Time since last request: 0.000026 seconds.
  path: Assets/Resources/Images/Materials/6377.mat
  artifactKey: Guid(2118f8bfc36e6904da6596f3eb6e9958) Importer(815301076,1909f56bfc062723c751e8b465ee728b)
Start importing Assets/Resources/Images/Materials/6377.mat using Guid(2118f8bfc36e6904da6596f3eb6e9958) Importer(815301076,1909f56bfc062723c751e8b465ee728b)  -> (artifact id: 'c96974a9e039154903b597b57e5da86c') in 0.008053 seconds 
========================================================================
Received Import Request.
  Time since last request: 0.000030 seconds.
  path: Assets/Resources/Images/Materials/6355.mat
  artifactKey: Guid(a312ac36d8c8ce34eac81d5f0d874125) Importer(815301076,1909f56bfc062723c751e8b465ee728b)
Start importing Assets/Resources/Images/Materials/6355.mat using Guid(a312ac36d8c8ce34eac81d5f0d874125) Importer(815301076,1909f56bfc062723c751e8b465ee728b)  -> (artifact id: '8dde6bc86dd15733b03aef013a0a7a70') in 0.007915 seconds 
========================================================================
Received Import Request.
  Time since last request: 0.000020 seconds.
  path: Assets/Resources/Images/Materials/6371.mat
  artifactKey: Guid(2e7bd6561be957d498d33932019d3842) Importer(815301076,1909f56bfc062723c751e8b465ee728b)
Start importing Assets/Resources/Images/Materials/6371.mat using Guid(2e7bd6561be957d498d33932019d3842) Importer(815301076,1909f56bfc062723c751e8b465ee728b)  -> (artifact id: '52a8174da544cbd95349d8c483524fa2') in 0.007363 seconds 
========================================================================
Received Import Request.
  Time since last request: 0.000019 seconds.
  path: Assets/Resources/Images/Materials/6375.mat
  artifactKey: Guid(731fc4ef5b118c74eb7b11bfcf569730) Importer(815301076,1909f56bfc062723c751e8b465ee728b)
Start importing Assets/Resources/Images/Materials/6375.mat using Guid(731fc4ef5b118c74eb7b11bfcf569730) Importer(815301076,1909f56bfc062723c751e8b465ee728b)  -> (artifact id: '3e9927f8c439fcac2a0a5c201b19d217') in 0.008552 seconds 
========================================================================
Received Import Request.
  Time since last request: 0.000020 seconds.
  path: Assets/Resources/Images/Materials/7781.mat
  artifactKey: Guid(da0634ed99bd65445b89e7c079c49303) Importer(815301076,1909f56bfc062723c751e8b465ee728b)
Start importing Assets/Resources/Images/Materials/7781.mat using Guid(da0634ed99bd65445b89e7c079c49303) Importer(815301076,1909f56bfc062723c751e8b465ee728b)  -> (artifact id: 'a513a0bda3b8d058feb5aedea8314ed7') in 0.007142 seconds 
========================================================================
Received Import Request.
  Time since last request: 0.000040 seconds.
  path: Assets/Resources/Images/Materials/7782.mat
  artifactKey: Guid(692944277a45e4740babe9dd4b7a8537) Importer(815301076,1909f56bfc062723c751e8b465ee728b)
Start importing Assets/Resources/Images/Materials/7782.mat using Guid(692944277a45e4740babe9dd4b7a8537) Importer(815301076,1909f56bfc062723c751e8b465ee728b)  -> (artifact id: '27b6a63109bd0a212406713321939636') in 0.006448 seconds 
========================================================================
Received Import Request.
  Time since last request: 0.000022 seconds.
  path: Assets/Resources/Images/Materials/4782.mat
  artifactKey: Guid(34ad88c5b02d5e644a9303a8f748b3da) Importer(815301076,1909f56bfc062723c751e8b465ee728b)
Start importing Assets/Resources/Images/Materials/4782.mat using Guid(34ad88c5b02d5e644a9303a8f748b3da) Importer(815301076,1909f56bfc062723c751e8b465ee728b)  -> (artifact id: '0eb06174338c07eea15cf0c264017a4a') in 0.007503 seconds 
========================================================================
Received Import Request.
  Time since last request: 0.000039 seconds.
  path: Assets/Resources/Images/Materials/7065.mat
  artifactKey: Guid(fdf3a84beef449645a83db2b3a143188) Importer(815301076,1909f56bfc062723c751e8b465ee728b)
Start importing Assets/Resources/Images/Materials/7065.mat using Guid(fdf3a84beef449645a83db2b3a143188) Importer(815301076,1909f56bfc062723c751e8b465ee728b)  -> (artifact id: 'f12e49d90bdf30588c5cd9ec0bdc6637') in 0.008619 seconds 
========================================================================
Received Import Request.
  Time since last request: 0.000038 seconds.
  path: Assets/Resources/Images/Materials/7089.mat
  artifactKey: Guid(4e15dcb555bc8a742bb94c2e36c4755a) Importer(815301076,1909f56bfc062723c751e8b465ee728b)
Start importing Assets/Resources/Images/Materials/7089.mat using Guid(4e15dcb555bc8a742bb94c2e36c4755a) Importer(815301076,1909f56bfc062723c751e8b465ee728b)  -> (artifact id: '2ed38a77e75eb40e4c3af7ae6de08139') in 0.007693 seconds 
========================================================================
Received Import Request.
  Time since last request: 0.000023 seconds.
  path: Assets/Resources/Images/Materials/7073.mat
  artifactKey: Guid(0909c0aa878e4114aa3f8a777a49caa0) Importer(815301076,1909f56bfc062723c751e8b465ee728b)
Start importing Assets/Resources/Images/Materials/7073.mat using Guid(0909c0aa878e4114aa3f8a777a49caa0) Importer(815301076,1909f56bfc062723c751e8b465ee728b)  -> (artifact id: '57b19a593d0e48289b31a694aaf8d27a') in 0.010130 seconds 
========================================================================
Received Import Request.
  Time since last request: 0.000040 seconds.
  path: Assets/Resources/Images/Materials/4770.mat
  artifactKey: Guid(9955bad2390bb2148b0d20ac2e5107be) Importer(815301076,1909f56bfc062723c751e8b465ee728b)
Start importing Assets/Resources/Images/Materials/4770.mat using Guid(9955bad2390bb2148b0d20ac2e5107be) Importer(815301076,1909f56bfc062723c751e8b465ee728b)  -> (artifact id: '9b21ca8eb041c88336db4249e898b068') in 0.013830 seconds 
========================================================================
Received Import Request.
  Time since last request: 0.000042 seconds.
  path: Assets/Resources/Images/Materials/7748.mat
  artifactKey: Guid(676d6739141430f4094c8ca786d756ce) Importer(815301076,1909f56bfc062723c751e8b465ee728b)
Start importing Assets/Resources/Images/Materials/7748.mat using Guid(676d6739141430f4094c8ca786d756ce) Importer(815301076,1909f56bfc062723c751e8b465ee728b)  -> (artifact id: '4ced8b94a8451ceee258fe93af70a914') in 0.016635 seconds 
========================================================================
Received Import Request.
  Time since last request: 0.000022 seconds.
  path: Assets/Resources/Images/Materials/7481.mat
  artifactKey: Guid(54f99141b3ae53548885e66bd8406798) Importer(815301076,1909f56bfc062723c751e8b465ee728b)
Start importing Assets/Resources/Images/Materials/7481.mat using Guid(54f99141b3ae53548885e66bd8406798) Importer(815301076,1909f56bfc062723c751e8b465ee728b)  -> (artifact id: 'b6eb4acd0742aaf75ef6821b97886a7b') in 0.007975 seconds 
========================================================================
Received Import Request.
  Time since last request: 0.000031 seconds.
  path: Assets/Resources/Images/Materials/6370.mat
  artifactKey: Guid(83ab497824340fd4995bbb9c1547e8be) Importer(815301076,1909f56bfc062723c751e8b465ee728b)
Start importing Assets/Resources/Images/Materials/6370.mat using Guid(83ab497824340fd4995bbb9c1547e8be) Importer(815301076,1909f56bfc062723c751e8b465ee728b)  -> (artifact id: '57e144355a17d56d72d20ace830a82b7') in 0.009699 seconds 
========================================================================
Received Import Request.
  Time since last request: 0.000066 seconds.
  path: Assets/Resources/Images/Materials/4783.mat
  artifactKey: Guid(98ee78bceaba46d42b35865936c9a69d) Importer(815301076,1909f56bfc062723c751e8b465ee728b)
Start importing Assets/Resources/Images/Materials/4783.mat using Guid(98ee78bceaba46d42b35865936c9a69d) Importer(815301076,1909f56bfc062723c751e8b465ee728b)  -> (artifact id: 'bb8496ddfcb208c4259fa2b2c13d66cb') in 0.009348 seconds 
========================================================================
Received Import Request.
  Time since last request: 0.000027 seconds.
  path: Assets/Resources/Images/Materials/7780.mat
  artifactKey: Guid(e73bfe2e3a0d9eb42916b163ae4d007a) Importer(815301076,1909f56bfc062723c751e8b465ee728b)
Start importing Assets/Resources/Images/Materials/7780.mat using Guid(e73bfe2e3a0d9eb42916b163ae4d007a) Importer(815301076,1909f56bfc062723c751e8b465ee728b)  -> (artifact id: 'cf57ce82b16bd5ee934e709a8b70de6d') in 0.009073 seconds 
========================================================================
Received Import Request.
  Time since last request: 0.000035 seconds.
  path: Assets/Resources/Images/Materials/7256.mat
  artifactKey: Guid(173174eff8032db4596d96d2bf034eb8) Importer(815301076,1909f56bfc062723c751e8b465ee728b)
Start importing Assets/Resources/Images/Materials/7256.mat using Guid(173174eff8032db4596d96d2bf034eb8) Importer(815301076,1909f56bfc062723c751e8b465ee728b)  -> (artifact id: '7cf4a5ed1f9b6edd3c1c1e5a67b51ed4') in 0.009072 seconds 
========================================================================
Received Import Request.
  Time since last request: 0.000027 seconds.
  path: Assets/Resources/Images/Materials/4774.mat
  artifactKey: Guid(80d9f2804a8dbd0448617d089dbadea2) Importer(815301076,1909f56bfc062723c751e8b465ee728b)
Start importing Assets/Resources/Images/Materials/4774.mat using Guid(80d9f2804a8dbd0448617d089dbadea2) Importer(815301076,1909f56bfc062723c751e8b465ee728b)  -> (artifact id: '97d4e291941e1a0d00b29c949567230f') in 0.009511 seconds 
========================================================================
Received Import Request.
  Time since last request: 0.000026 seconds.
  path: Assets/Resources/Images/Materials/7586.mat
  artifactKey: Guid(cb9544643ac7c8345a425de6a70cc0a9) Importer(815301076,1909f56bfc062723c751e8b465ee728b)
Start importing Assets/Resources/Images/Materials/7586.mat using Guid(cb9544643ac7c8345a425de6a70cc0a9) Importer(815301076,1909f56bfc062723c751e8b465ee728b)  -> (artifact id: 'b88526527bc6a241f1c7a156b44aa722') in 0.010428 seconds 
========================================================================
Received Import Request.
  Time since last request: 0.000025 seconds.
  path: Assets/Resources/Images/Materials/7553.mat
  artifactKey: Guid(9a25fb137201c94449792d781f8ac1fd) Importer(815301076,1909f56bfc062723c751e8b465ee728b)
Start importing Assets/Resources/Images/Materials/7553.mat using Guid(9a25fb137201c94449792d781f8ac1fd) Importer(815301076,1909f56bfc062723c751e8b465ee728b)  -> (artifact id: 'da522cf2aee7b6db4105c65ca31a3ca1') in 0.008916 seconds 
========================================================================
Received Import Request.
  Time since last request: 0.000025 seconds.
  path: Assets/Resources/Images/Materials/4278.mat
  artifactKey: Guid(b8a0e328c566372418f4c875c1e3ac2a) Importer(815301076,1909f56bfc062723c751e8b465ee728b)
Start importing Assets/Resources/Images/Materials/4278.mat using Guid(b8a0e328c566372418f4c875c1e3ac2a) Importer(815301076,1909f56bfc062723c751e8b465ee728b)  -> (artifact id: '0b787eb554631e435f3744fc44f06648') in 0.007820 seconds 
========================================================================
Received Import Request.
  Time since last request: 0.000036 seconds.
  path: Assets/Resources/Images/Materials/7088.mat
  artifactKey: Guid(d506ffc9ec4a10e44a4d09bd55ac77d9) Importer(815301076,1909f56bfc062723c751e8b465ee728b)
Start importing Assets/Resources/Images/Materials/7088.mat using Guid(d506ffc9ec4a10e44a4d09bd55ac77d9) Importer(815301076,1909f56bfc062723c751e8b465ee728b)  -> (artifact id: '61813ecba7a6436d266edaaa904a92b4') in 0.008406 seconds 
========================================================================
Received Import Request.
  Time since last request: 0.000023 seconds.
  path: Assets/Resources/Images/Materials/6586.mat
  artifactKey: Guid(d274341b232917144bf140f984efe4a0) Importer(815301076,1909f56bfc062723c751e8b465ee728b)
Start importing Assets/Resources/Images/Materials/6586.mat using Guid(d274341b232917144bf140f984efe4a0) Importer(815301076,1909f56bfc062723c751e8b465ee728b)  -> (artifact id: '72c543792c3d00af31ba2fcabb1d34e3') in 0.007684 seconds 
========================================================================
Received Import Request.
  Time since last request: 0.000024 seconds.
  path: Assets/Resources/Images/Materials/7752.mat
  artifactKey: Guid(191c4d5eb6038834f9170559926cf277) Importer(815301076,1909f56bfc062723c751e8b465ee728b)
Start importing Assets/Resources/Images/Materials/7752.mat using Guid(191c4d5eb6038834f9170559926cf277) Importer(815301076,1909f56bfc062723c751e8b465ee728b)  -> (artifact id: '9553cb61adfabba184dc49bb7a1d8c08') in 0.007115 seconds 
========================================================================
Received Import Request.
  Time since last request: 102.364649 seconds.
  path: Assets/Resources/Images/Materials/0048.mat
  artifactKey: Guid(e1d72c64f869d5741bebc81136c063fd) Importer(815301076,1909f56bfc062723c751e8b465ee728b)
Start importing Assets/Resources/Images/Materials/0048.mat using Guid(e1d72c64f869d5741bebc81136c063fd) Importer(815301076,1909f56bfc062723c751e8b465ee728b)  -> (artifact id: '3b0a0fb33f7db57752a7c7549d1be587') in 0.010944 seconds 
========================================================================
Received Import Request.
  Time since last request: 0.825120 seconds.
  path: Assets/Resources/Images/Materials/0052.mat
  artifactKey: Guid(fb475b58c3b7ec24dab59f2a3ba4200f) Importer(815301076,1909f56bfc062723c751e8b465ee728b)
Start importing Assets/Resources/Images/Materials/0052.mat using Guid(fb475b58c3b7ec24dab59f2a3ba4200f) Importer(815301076,1909f56bfc062723c751e8b465ee728b)  -> (artifact id: '4dab9390c3165b120ac276ba572a45ea') in 0.007943 seconds 
========================================================================
Received Import Request.
  Time since last request: 0.816716 seconds.
  path: Assets/Resources/Images/Materials/0056.mat
  artifactKey: Guid(dad0ebbc3020c7846807467b938ab17f) Importer(815301076,1909f56bfc062723c751e8b465ee728b)
Start importing Assets/Resources/Images/Materials/0056.mat using Guid(dad0ebbc3020c7846807467b938ab17f) Importer(815301076,1909f56bfc062723c751e8b465ee728b)  -> (artifact id: 'd82ac5af2d22bfad106112a2e5b3a4e6') in 0.007573 seconds 
========================================================================
Received Import Request.
  Time since last request: 0.811968 seconds.
  path: Assets/Resources/Images/Materials/0548.mat
  artifactKey: Guid(2813c8bf24876ae4ea701db8c7607896) Importer(815301076,1909f56bfc062723c751e8b465ee728b)
Start importing Assets/Resources/Images/Materials/0548.mat using Guid(2813c8bf24876ae4ea701db8c7607896) Importer(815301076,1909f56bfc062723c751e8b465ee728b)  -> (artifact id: '333a0ee470cca54423c4191cbc44b909') in 0.006706 seconds 
========================================================================
Received Import Request.
  Time since last request: 0.000019 seconds.
  path: Assets/Resources/Images/Materials/0551.mat
  artifactKey: Guid(f8fc43b0d44da7248b2b24048b39adfe) Importer(815301076,1909f56bfc062723c751e8b465ee728b)
Start importing Assets/Resources/Images/Materials/0551.mat using Guid(f8fc43b0d44da7248b2b24048b39adfe) Importer(815301076,1909f56bfc062723c751e8b465ee728b)  -> (artifact id: '965b309a1cf978a5bd07c0d78e854d70') in 0.007267 seconds 
========================================================================
Received Import Request.
  Time since last request: 0.000023 seconds.
  path: Assets/Resources/Images/Materials/0553.mat
  artifactKey: Guid(45bda2728a330ec4d83834c6fae37a06) Importer(815301076,1909f56bfc062723c751e8b465ee728b)
Start importing Assets/Resources/Images/Materials/0553.mat using Guid(45bda2728a330ec4d83834c6fae37a06) Importer(815301076,1909f56bfc062723c751e8b465ee728b)  -> (artifact id: 'fb889a20d5f2d3fbbab4b64943a69c0e') in 0.007680 seconds 
========================================================================
Received Import Request.
  Time since last request: 0.000021 seconds.
  path: Assets/Resources/Images/Materials/0549.mat
  artifactKey: Guid(0d73485119cb16644b3328f10375a9b6) Importer(815301076,1909f56bfc062723c751e8b465ee728b)
Start importing Assets/Resources/Images/Materials/0549.mat using Guid(0d73485119cb16644b3328f10375a9b6) Importer(815301076,1909f56bfc062723c751e8b465ee728b)  -> (artifact id: 'a776e470517ab7a9d4609441e9fbe98c') in 0.007782 seconds 
========================================================================
Received Import Request.
  Time since last request: 0.000038 seconds.
  path: Assets/Resources/Images/Materials/0556.mat
  artifactKey: Guid(7cff1d650f6912e4c932424aa3bb0ad4) Importer(815301076,1909f56bfc062723c751e8b465ee728b)
Start importing Assets/Resources/Images/Materials/0556.mat using Guid(7cff1d650f6912e4c932424aa3bb0ad4) Importer(815301076,1909f56bfc062723c751e8b465ee728b)  -> (artifact id: '774552af8e4ceb7278195beb3cd8caa8') in 0.007488 seconds 
========================================================================
Received Import Request.
  Time since last request: 0.000021 seconds.
  path: Assets/Resources/Images/Materials/0057.mat
  artifactKey: Guid(10800333f0aed584abc0472f6b2322ba) Importer(815301076,1909f56bfc062723c751e8b465ee728b)
Start importing Assets/Resources/Images/Materials/0057.mat using Guid(10800333f0aed584abc0472f6b2322ba) Importer(815301076,1909f56bfc062723c751e8b465ee728b)  -> (artifact id: '4d343626fcbb62f4309e4d068bcb7d14') in 0.007064 seconds 
========================================================================
Received Import Request.
  Time since last request: 0.000028 seconds.
  path: Assets/Resources/Images/Materials/0555.mat
  artifactKey: Guid(9b00e01ba51ccb74db07f1d2f5e02fba) Importer(815301076,1909f56bfc062723c751e8b465ee728b)
Start importing Assets/Resources/Images/Materials/0555.mat using Guid(9b00e01ba51ccb74db07f1d2f5e02fba) Importer(815301076,1909f56bfc062723c751e8b465ee728b)  -> (artifact id: '2bda43dda1c7572c2f9c8f400e962e57') in 0.006323 seconds 
========================================================================
Received Import Request.
  Time since last request: 0.000023 seconds.
  path: Assets/Resources/Images/Materials/0051.mat
  artifactKey: Guid(1ca9549c47ef6c141994d56b1da4f1f0) Importer(815301076,1909f56bfc062723c751e8b465ee728b)
Start importing Assets/Resources/Images/Materials/0051.mat using Guid(1ca9549c47ef6c141994d56b1da4f1f0) Importer(815301076,1909f56bfc062723c751e8b465ee728b)  -> (artifact id: '638c8640976200befd125611b564c3c6') in 0.008122 seconds 
========================================================================
Received Import Request.
  Time since last request: 0.000027 seconds.
  path: Assets/Resources/Images/Materials/0554.mat
  artifactKey: Guid(2b2715ce62843fb49b535173c6d261bf) Importer(815301076,1909f56bfc062723c751e8b465ee728b)
Start importing Assets/Resources/Images/Materials/0554.mat using Guid(2b2715ce62843fb49b535173c6d261bf) Importer(815301076,1909f56bfc062723c751e8b465ee728b)  -> (artifact id: 'a7183dbed3a0f3599d24415f79f5bda1') in 0.007219 seconds 
========================================================================
Received Import Request.
  Time since last request: 59.142713 seconds.
  path: Assets/Resources/Images/Materials/0567.mat
  artifactKey: Guid(15a7e2113be20eb4faedf4180bd4a2bf) Importer(815301076,1909f56bfc062723c751e8b465ee728b)
Start importing Assets/Resources/Images/Materials/0567.mat using Guid(15a7e2113be20eb4faedf4180bd4a2bf) Importer(815301076,1909f56bfc062723c751e8b465ee728b)  -> (artifact id: '4d1f8d7df63512c72699d97b5a56bb65') in 0.011362 seconds 
========================================================================
Received Import Request.
  Time since last request: 0.000025 seconds.
  path: Assets/Resources/Images/Materials/0572.mat
  artifactKey: Guid(43faf40ce605c2046bd6ca71dd5d0395) Importer(815301076,1909f56bfc062723c751e8b465ee728b)
Start importing Assets/Resources/Images/Materials/0572.mat using Guid(43faf40ce605c2046bd6ca71dd5d0395) Importer(815301076,1909f56bfc062723c751e8b465ee728b)  -> (artifact id: 'cd745509f4e1f33b83c82e9dcc0c2e7a') in 0.010483 seconds 
========================================================================
Received Import Request.
  Time since last request: 0.000024 seconds.
  path: Assets/Resources/Images/Materials/0573.mat
  artifactKey: Guid(749758011c1e2ba48a52fed077d0b1e6) Importer(815301076,1909f56bfc062723c751e8b465ee728b)
Start importing Assets/Resources/Images/Materials/0573.mat using Guid(749758011c1e2ba48a52fed077d0b1e6) Importer(815301076,1909f56bfc062723c751e8b465ee728b)  -> (artifact id: '1835628414dc0dec1b4da33d554d6f1f') in 0.012521 seconds 
========================================================================
Received Import Request.
  Time since last request: 0.000022 seconds.
  path: Assets/Resources/Images/Materials/0576.mat
  artifactKey: Guid(6b160e867bdd3a64db1d6418e93152a3) Importer(815301076,1909f56bfc062723c751e8b465ee728b)
Start importing Assets/Resources/Images/Materials/0576.mat using Guid(6b160e867bdd3a64db1d6418e93152a3) Importer(815301076,1909f56bfc062723c751e8b465ee728b)  -> (artifact id: 'b1977777c62ab42e6e1e55700c7adcba') in 0.014849 seconds 
========================================================================
Received Import Request.
  Time since last request: 0.000027 seconds.
  path: Assets/Resources/Images/Materials/0575.mat
  artifactKey: Guid(c8684eebf2225664695c00d779044c85) Importer(815301076,1909f56bfc062723c751e8b465ee728b)
Start importing Assets/Resources/Images/Materials/0575.mat using Guid(c8684eebf2225664695c00d779044c85) Importer(815301076,1909f56bfc062723c751e8b465ee728b)  -> (artifact id: '60f7d57b1a2371e37002813b5b339117') in 0.015451 seconds 
========================================================================
Received Import Request.
  Time since last request: 0.059289 seconds.
  path: Assets/Resources/Images/Materials/0586.mat
  artifactKey: Guid(acff77db4c310594990aed8a5f00f442) Importer(815301076,1909f56bfc062723c751e8b465ee728b)
Start importing Assets/Resources/Images/Materials/0586.mat using Guid(acff77db4c310594990aed8a5f00f442) Importer(815301076,1909f56bfc062723c751e8b465ee728b)  -> (artifact id: '92a282e98cbd61cc27903976874e983f') in 0.017942 seconds 
========================================================================
Received Import Request.
  Time since last request: 0.000062 seconds.
  path: Assets/Resources/Images/Materials/0677.mat
  artifactKey: Guid(865345f893d5826489efd2089b93f8a2) Importer(815301076,1909f56bfc062723c751e8b465ee728b)
Start importing Assets/Resources/Images/Materials/0677.mat using Guid(865345f893d5826489efd2089b93f8a2) Importer(815301076,1909f56bfc062723c751e8b465ee728b)  -> (artifact id: '829b3b22068e1001c461631bdc5044bf') in 0.015609 seconds 
========================================================================
Received Import Request.
  Time since last request: 0.000044 seconds.
  path: Assets/Resources/Images/Materials/0669.mat
  artifactKey: Guid(6d92647fdd3a0d045a485a9ab6220cbe) Importer(815301076,1909f56bfc062723c751e8b465ee728b)
Start importing Assets/Resources/Images/Materials/0669.mat using Guid(6d92647fdd3a0d045a485a9ab6220cbe) Importer(815301076,1909f56bfc062723c751e8b465ee728b)  -> (artifact id: '4365cd3941b67cee5d656539fffb2d62') in 0.016669 seconds 
========================================================================
Received Import Request.
  Time since last request: 0.000036 seconds.
  path: Assets/Resources/Images/Materials/0667.mat
  artifactKey: Guid(507d3f6ee0f9e724f8234059bc7d55c2) Importer(815301076,1909f56bfc062723c751e8b465ee728b)
Start importing Assets/Resources/Images/Materials/0667.mat using Guid(507d3f6ee0f9e724f8234059bc7d55c2) Importer(815301076,1909f56bfc062723c751e8b465ee728b)  -> (artifact id: 'd884192c6ae5b76c5c377c474016dc33') in 0.012316 seconds 
========================================================================
Received Import Request.
  Time since last request: 0.000026 seconds.
  path: Assets/Resources/Images/Materials/0674.mat
  artifactKey: Guid(88d3b39438e762a438fc10261b4136af) Importer(815301076,1909f56bfc062723c751e8b465ee728b)
Start importing Assets/Resources/Images/Materials/0674.mat using Guid(88d3b39438e762a438fc10261b4136af) Importer(815301076,1909f56bfc062723c751e8b465ee728b)  -> (artifact id: '17a6a46a4012ba1f6867232d447f9dca') in 0.011525 seconds 
========================================================================
Received Import Request.
  Time since last request: 0.000023 seconds.
  path: Assets/Resources/Images/Materials/0678.mat
  artifactKey: Guid(d634d3dac2f71f84da76ea605805c547) Importer(815301076,1909f56bfc062723c751e8b465ee728b)
Start importing Assets/Resources/Images/Materials/0678.mat using Guid(d634d3dac2f71f84da76ea605805c547) Importer(815301076,1909f56bfc062723c751e8b465ee728b)  -> (artifact id: '975a2526f738647815a673a8d18fa7e9') in 0.009253 seconds 
========================================================================
Received Import Request.
  Time since last request: 0.000030 seconds.
  path: Assets/Resources/Images/Materials/0673.mat
  artifactKey: Guid(e64c867f1d2908f4c9282f5dae9b6740) Importer(815301076,1909f56bfc062723c751e8b465ee728b)
Start importing Assets/Resources/Images/Materials/0673.mat using Guid(e64c867f1d2908f4c9282f5dae9b6740) Importer(815301076,1909f56bfc062723c751e8b465ee728b)  -> (artifact id: '2ea962a7eb1b9cc141cac5562e9eb3c9') in 0.011627 seconds 
========================================================================
Received Import Request.
  Time since last request: 0.000029 seconds.
  path: Assets/Resources/Images/Materials/0683.mat
  artifactKey: Guid(46d8ac7b07f1b1a45aa06aa3e35716ab) Importer(815301076,1909f56bfc062723c751e8b465ee728b)
Start importing Assets/Resources/Images/Materials/0683.mat using Guid(46d8ac7b07f1b1a45aa06aa3e35716ab) Importer(815301076,1909f56bfc062723c751e8b465ee728b)  -> (artifact id: '4b5d7ed1b00a4861d277eaf625504f84') in 0.009237 seconds 
========================================================================
Received Import Request.
  Time since last request: 0.155577 seconds.
  path: Assets/Resources/Images/Materials/0687.mat
  artifactKey: Guid(4e6783287c0e45e46aa3bef229358798) Importer(815301076,1909f56bfc062723c751e8b465ee728b)
Start importing Assets/Resources/Images/Materials/0687.mat using Guid(4e6783287c0e45e46aa3bef229358798) Importer(815301076,1909f56bfc062723c751e8b465ee728b)  -> (artifact id: '00faa796c448cd41ba02fc4b1d7e484b') in 0.010563 seconds 
========================================================================
Received Import Request.
  Time since last request: 0.000021 seconds.
  path: Assets/Resources/Images/Materials/0748.mat
  artifactKey: Guid(06468aab7abe9ec4f847c06524f83250) Importer(815301076,1909f56bfc062723c751e8b465ee728b)
Start importing Assets/Resources/Images/Materials/0748.mat using Guid(06468aab7abe9ec4f847c06524f83250) Importer(815301076,1909f56bfc062723c751e8b465ee728b)  -> (artifact id: 'eff88d42ce9926668fc6422931cf9e8f') in 0.009326 seconds 
========================================================================
Received Import Request.
  Time since last request: 0.027777 seconds.
  path: Assets/Resources/Images/Materials/0751.mat
  artifactKey: Guid(c9b5ac92b318a9945adbf23697ebe451) Importer(815301076,1909f56bfc062723c751e8b465ee728b)
Start importing Assets/Resources/Images/Materials/0751.mat using Guid(c9b5ac92b318a9945adbf23697ebe451) Importer(815301076,1909f56bfc062723c751e8b465ee728b)  -> (artifact id: '13226b25c1aab74e4a88bcf1479f875c') in 0.020662 seconds 
========================================================================
Received Import Request.
  Time since last request: 0.000028 seconds.
  path: Assets/Resources/Images/Materials/0756.mat
  artifactKey: Guid(e5e36d02cc2256c4ea3e4b3fcdab27f6) Importer(815301076,1909f56bfc062723c751e8b465ee728b)
Start importing Assets/Resources/Images/Materials/0756.mat using Guid(e5e36d02cc2256c4ea3e4b3fcdab27f6) Importer(815301076,1909f56bfc062723c751e8b465ee728b)  -> (artifact id: 'f0ce14edab273668c6a391a418dff1fc') in 0.007333 seconds 
========================================================================
Received Import Request.
  Time since last request: 0.374443 seconds.
  path: Assets/Resources/Images/Materials/0581.mat
  artifactKey: Guid(4417046756230e54a8eb6d8995f9e802) Importer(815301076,1909f56bfc062723c751e8b465ee728b)
Start importing Assets/Resources/Images/Materials/0581.mat using Guid(4417046756230e54a8eb6d8995f9e802) Importer(815301076,1909f56bfc062723c751e8b465ee728b)  -> (artifact id: '0ebb0ed014501f3d7e63ebd37c9e38bf') in 0.012293 seconds 
========================================================================
Received Import Request.
  Time since last request: 42.494624 seconds.
  path: Assets/Resources/Images/Materials/0049.mat
  artifactKey: Guid(7b2cb55c58ef40f43b1d795457154fbb) Importer(815301076,1909f56bfc062723c751e8b465ee728b)
Start importing Assets/Resources/Images/Materials/0049.mat using Guid(7b2cb55c58ef40f43b1d795457154fbb) Importer(815301076,1909f56bfc062723c751e8b465ee728b)  -> (artifact id: '5865b8c87c8d250f94b57fe916fefb76') in 0.076071 seconds 
========================================================================
Received Import Request.
  Time since last request: 0.000066 seconds.
  path: Assets/Resources/Images/Materials/0548.mat
  artifactKey: Guid(2813c8bf24876ae4ea701db8c7607896) Importer(815301076,1909f56bfc062723c751e8b465ee728b)
Start importing Assets/Resources/Images/Materials/0548.mat using Guid(2813c8bf24876ae4ea701db8c7607896) Importer(815301076,1909f56bfc062723c751e8b465ee728b)  -> (artifact id: 'b8c42a8f95d01e15258f1b5dfcf4180e') in 0.040315 seconds 
========================================================================
Received Import Request.
  Time since last request: 0.000073 seconds.
  path: Assets/Resources/Images/Materials/0553.mat
  artifactKey: Guid(45bda2728a330ec4d83834c6fae37a06) Importer(815301076,1909f56bfc062723c751e8b465ee728b)
Start importing Assets/Resources/Images/Materials/0553.mat using Guid(45bda2728a330ec4d83834c6fae37a06) Importer(815301076,1909f56bfc062723c751e8b465ee728b)  -> (artifact id: 'b139d2408f8b9ee376dac35ff2065551') in 0.032883 seconds 
========================================================================
Received Import Request.
  Time since last request: 0.000073 seconds.
  path: Assets/Resources/Images/Materials/0057.mat
  artifactKey: Guid(10800333f0aed584abc0472f6b2322ba) Importer(815301076,1909f56bfc062723c751e8b465ee728b)
Start importing Assets/Resources/Images/Materials/0057.mat using Guid(10800333f0aed584abc0472f6b2322ba) Importer(815301076,1909f56bfc062723c751e8b465ee728b)  -> (artifact id: '83a6aabd41e77fb2b3dc002efbe8adad') in 0.021681 seconds 
========================================================================
Received Import Request.
  Time since last request: 37.536509 seconds.
  path: Assets/Resources/Images/Materials/0567.mat
  artifactKey: Guid(15a7e2113be20eb4faedf4180bd4a2bf) Importer(815301076,1909f56bfc062723c751e8b465ee728b)
Start importing Assets/Resources/Images/Materials/0567.mat using Guid(15a7e2113be20eb4faedf4180bd4a2bf) Importer(815301076,1909f56bfc062723c751e8b465ee728b)  -> (artifact id: '06821df4ed780e428fceb8b49d733060') in 0.019123 seconds 
========================================================================
Received Import Request.
  Time since last request: 0.000030 seconds.
  path: Assets/Resources/Images/Materials/0572.mat
  artifactKey: Guid(43faf40ce605c2046bd6ca71dd5d0395) Importer(815301076,1909f56bfc062723c751e8b465ee728b)
Start importing Assets/Resources/Images/Materials/0572.mat using Guid(43faf40ce605c2046bd6ca71dd5d0395) Importer(815301076,1909f56bfc062723c751e8b465ee728b)  -> (artifact id: 'edb20c8393b36fe3c88ab085f4d2142e') in 0.015975 seconds 
========================================================================
Received Import Request.
  Time since last request: 1.145739 seconds.
  path: Assets/Resources/Images/Materials/0574.mat
  artifactKey: Guid(8f4abc1378c3694449600420802a12bc) Importer(815301076,1909f56bfc062723c751e8b465ee728b)
Start importing Assets/Resources/Images/Materials/0574.mat using Guid(8f4abc1378c3694449600420802a12bc) Importer(815301076,1909f56bfc062723c751e8b465ee728b)  -> (artifact id: '3abc58ab95525176eb4b1f6dc178b0f0') in 0.024755 seconds 
========================================================================
Received Import Request.
  Time since last request: 0.148196 seconds.
  path: Assets/Resources/Images/Materials/0581.mat
  artifactKey: Guid(4417046756230e54a8eb6d8995f9e802) Importer(815301076,1909f56bfc062723c751e8b465ee728b)
Start importing Assets/Resources/Images/Materials/0581.mat using Guid(4417046756230e54a8eb6d8995f9e802) Importer(815301076,1909f56bfc062723c751e8b465ee728b)  -> (artifact id: 'f6642ae077ea00e30f1ef4c6552e4742') in 0.016502 seconds 
========================================================================
Received Import Request.
  Time since last request: 0.000109 seconds.
  path: Assets/Resources/Images/Materials/0585.mat
  artifactKey: Guid(f1c0d8c37a2f548458dbd9c2bc01d9b9) Importer(815301076,1909f56bfc062723c751e8b465ee728b)
Start importing Assets/Resources/Images/Materials/0585.mat using Guid(f1c0d8c37a2f548458dbd9c2bc01d9b9) Importer(815301076,1909f56bfc062723c751e8b465ee728b)  -> (artifact id: '40f2d431a852dba4626bbd8ba99f2de9') in 0.009370 seconds 
========================================================================
Received Prepare
Registering precompiled user dll's ...
Registered in 0.006510 seconds.
Begin MonoManager ReloadAssembly
Symbol file LoadedFromMemory doesn't match image C:\Data\Buckeye Vertical\BV-Domain-Randomization-Unity-Project\Library\PackageCache\com.unity.visualscripting@1.7.8\Editor\VisualScripting.Core\Dependencies\YamlDotNet\Unity.VisualScripting.YamlDotNet.dll
Symbol file LoadedFromMemory doesn't match image C:\Data\Buckeye Vertical\BV-Domain-Randomization-Unity-Project\Library\PackageCache\com.unity.visualscripting@1.7.8\Editor\VisualScripting.Core\Dependencies\DotNetZip\Unity.VisualScripting.IonicZip.dll
Native extension for WindowsStandalone target not found
Native extension for WebGL target not found
Refreshing native plugins compatible for Editor in 1.25 ms, found 3 plugins.
Preloading 0 native plugins for Editor in 0.00 ms.
Mono: successfully reloaded assembly
- Completed reload, in  1.075 seconds
Domain Reload Profiling:
	ReloadAssembly (1076ms)
		BeginReloadAssembly (131ms)
			ExecutionOrderSort (0ms)
			DisableScriptedObjects (5ms)
			BackupInstance (0ms)
			ReleaseScriptingObjects (0ms)
			CreateAndSetChildDomain (34ms)
		EndReloadAssembly (832ms)
			LoadAssemblies (79ms)
			RebuildTransferFunctionScriptingTraits (0ms)
			SetupTypeCache (265ms)
			ReleaseScriptCaches (2ms)
			RebuildScriptCaches (38ms)
			SetupLoadedEditorAssemblies (386ms)
				LogAssemblyErrors (0ms)
				InitializePlatformSupportModulesInManaged (18ms)
				SetLoadedEditorAssemblies (1ms)
				RefreshPlugins (1ms)
				BeforeProcessingInitializeOnLoad (76ms)
				ProcessInitializeOnLoadAttributes (255ms)
				ProcessInitializeOnLoadMethodAttributes (27ms)
				AfterProcessingInitializeOnLoad (9ms)
				EditorAssembliesLoaded (0ms)
			ExecutionOrderSort2 (0ms)
			AwakeInstancesAfterBackupRestoration (10ms)
Platform modules already initialized, skipping
Refreshing native plugins compatible for Editor in 2.22 ms, found 3 plugins.
Preloading 0 native plugins for Editor in 0.00 ms.
Unloading 3348 Unused Serialized files (Serialized files now loaded: 0)
Unloading 20 unused Assets / (80.0 KB). Loaded Objects now: 3868.
Memory consumption went from 124.0 MB to 123.9 MB.
Total: 3.004900 ms (FindLiveObjects: 0.197400 ms CreateObjectMapping: 0.155000 ms MarkObjects: 2.560300 ms  DeleteObjects: 0.089300 ms)

AssetImportParameters requested are different than current active one (requested -> active):
  custom:video-decoder-ogg-theora: a1e56fd34408186e4bbccfd4996cb3dc -> 
  custom:container-muxer-webm: aa71ff27fc2769a1b78a27578f13a17b -> 
  custom:container-demuxer-webm: 4f35f7cbe854078d1ac9338744f61a02 -> 
  custom:video-encoder-webm-vp8: eb34c28f22e8b96e1ab97ce403110664 -> 
  custom:video-codec-MediaFoundation-h265: 746d11721c4dcdbdad8f713fa42b33f4 -> 
  custom:audio-encoder-webm-vorbis: bf7c407c2cedff20999df2af8eb42d56 -> 
  custom:framework-win-MediaFoundation: 216162199b28c13a410421893ffa2e32 -> 
  custom:container-demuxer-ogg: 62fdf1f143b41e24485cea50d1cbac27 -> 
  custom:video-decoder-webm-vp8: 9c59270c3fd7afecdb556c50c9e8de78 -> 
  custom:audio-decoder-ogg-vorbis: bf7c407c2cedff20999df2af8eb42d56 -> 
========================================================================
Received Import Request.
  Time since last request: 500.526612 seconds.
  path: Assets/Resources/Images/Materials/0588.mat
  artifactKey: Guid(cfcfb2289cde9094b8ecb6bfcc2c4091) Importer(815301076,1909f56bfc062723c751e8b465ee728b)
Start importing Assets/Resources/Images/Materials/0588.mat using Guid(cfcfb2289cde9094b8ecb6bfcc2c4091) Importer(815301076,1909f56bfc062723c751e8b465ee728b)  -> (artifact id: '35a47c420422e28075862a65c8b16c24') in 0.117335 seconds 
========================================================================
Received Import Request.
  Time since last request: 0.935275 seconds.
  path: Assets/Resources/Images/Materials/0589.mat
  artifactKey: Guid(035a32efec3e04440a71de2eb82c3c52) Importer(815301076,1909f56bfc062723c751e8b465ee728b)
Start importing Assets/Resources/Images/Materials/0589.mat using Guid(035a32efec3e04440a71de2eb82c3c52) Importer(815301076,1909f56bfc062723c751e8b465ee728b)  -> (artifact id: 'e949aa19ad2caee47138a346a61ffc0c') in 0.013601 seconds 
========================================================================
Received Import Request.
  Time since last request: 0.000035 seconds.
  path: Assets/Resources/Images/Materials/0650.mat
  artifactKey: Guid(8345e6f01ba4b94478a98ee4fbb67af7) Importer(815301076,1909f56bfc062723c751e8b465ee728b)
Start importing Assets/Resources/Images/Materials/0650.mat using Guid(8345e6f01ba4b94478a98ee4fbb67af7) Importer(815301076,1909f56bfc062723c751e8b465ee728b)  -> (artifact id: '30340c293a0bbe2a6e2b888fdc3d4299') in 0.019884 seconds 
========================================================================
Received Import Request.
  Time since last request: 0.000028 seconds.
  path: Assets/Resources/Images/Materials/0590.mat
  artifactKey: Guid(c5e07105c46d25140bbf2ad16bd5041e) Importer(815301076,1909f56bfc062723c751e8b465ee728b)
Start importing Assets/Resources/Images/Materials/0590.mat using Guid(c5e07105c46d25140bbf2ad16bd5041e) Importer(815301076,1909f56bfc062723c751e8b465ee728b)  -> (artifact id: 'a9d58989256b4b70c5c66d9ac088be64') in 0.018565 seconds 
Editor requested this worker to shutdown with reason: Scaling down because of idle timeout
AssetImportWorker is now disconnected from the server
Process exiting
Exiting without the bug reporter. Application will terminate with return code 0