Using pre-set license
Built from '2021.3/staging' branch; Version is '2021.3.14f1 (eee1884e7226) revision 15655304'; Using compiler version '192829333'; Build Type 'Release'
OS: 'Windows 11  (10.0.22621) 64bit Core' Language: 'en' Physical Memory: 32439 MB
BatchMode: 1, IsHumanControllingUs: 0, StartBugReporterOnCrash: 0, Is64bit: 1, IsPro: 1

COMMAND LINE ARGUMENTS:
C:\Program Files\Unity\Hub\Editor\2021.3.14f1\Editor\Unity.exe
-adb2
-batchMode
-noUpm
-name
AssetImportWorker9
-projectPath
C:/Data/Buckeye Vertical/BV-Domain-Randomization-Unity-Project
-logFile
Logs/AssetImportWorker9.log
-srvPort
61913
Successfully changed project path to: C:/Data/Buckeye Vertical/BV-Domain-Randomization-Unity-Project
C:/Data/Buckeye Vertical/BV-Domain-Randomization-Unity-Project
[UnityMemory] Configuration Parameters - Can be set up in boot.config
    "memorysetup-bucket-allocator-granularity=16"
    "memorysetup-bucket-allocator-bucket-count=8"
    "memorysetup-bucket-allocator-block-size=33554432"
    "memorysetup-bucket-allocator-block-count=8"
    "memorysetup-main-allocator-block-size=16777216"
    "memorysetup-thread-allocator-block-size=16777216"
    "memorysetup-gfx-main-allocator-block-size=16777216"
    "memorysetup-gfx-thread-allocator-block-size=16777216"
    "memorysetup-cache-allocator-block-size=4194304"
    "memorysetup-typetree-allocator-block-size=2097152"
    "memorysetup-profiler-bucket-allocator-granularity=16"
    "memorysetup-profiler-bucket-allocator-bucket-count=8"
    "memorysetup-profiler-bucket-allocator-block-size=33554432"
    "memorysetup-profiler-bucket-allocator-block-count=8"
    "memorysetup-profiler-allocator-block-size=16777216"
    "memorysetup-profiler-editor-allocator-block-size=1048576"
    "memorysetup-temp-allocator-size-main=16777216"
    "memorysetup-job-temp-allocator-block-size=2097152"
    "memorysetup-job-temp-allocator-block-size-background=1048576"
    "memorysetup-job-temp-allocator-reduction-small-platforms=262144"
    "memorysetup-temp-allocator-size-background-worker=32768"
    "memorysetup-temp-allocator-size-job-worker=262144"
    "memorysetup-temp-allocator-size-preload-manager=33554432"
    "memorysetup-temp-allocator-size-nav-mesh-worker=65536"
    "memorysetup-temp-allocator-size-audio-worker=65536"
    "memorysetup-temp-allocator-size-cloud-worker=32768"
    "memorysetup-temp-allocator-size-gi-baking-worker=262144"
    "memorysetup-temp-allocator-size-gfx=262144"
Refreshing native plugins compatible for Editor in 201.55 ms, found 3 plugins.
Preloading 0 native plugins for Editor in 0.00 ms.
Initialize engine version: 2021.3.14f1 (eee1884e7226)
[Subsystems] Discovering subsystems at path C:/Program Files/Unity/Hub/Editor/2021.3.14f1/Editor/Data/Resources/UnitySubsystems
[Subsystems] Discovering subsystems at path C:/Data/Buckeye Vertical/BV-Domain-Randomization-Unity-Project/Assets
GfxDevice: creating device client; threaded=0; jobified=0
Direct3D:
    Version:  Direct3D 11.0 [level 11.1]
    Renderer: Intel(R) Iris(R) Xe Graphics (ID=0x46a6)
    Vendor:   Intel
    VRAM:     16219 MB
    Driver:   31.0.101.4575
Initialize mono
Mono path[0] = 'C:/Program Files/Unity/Hub/Editor/2021.3.14f1/Editor/Data/Managed'
Mono path[1] = 'C:/Program Files/Unity/Hub/Editor/2021.3.14f1/Editor/Data/MonoBleedingEdge/lib/mono/unityjit-win32'
Mono config path = 'C:/Program Files/Unity/Hub/Editor/2021.3.14f1/Editor/Data/MonoBleedingEdge/etc'
Using monoOptions --debugger-agent=transport=dt_socket,embedding=1,server=y,suspend=n,address=127.0.0.1:56180
Begin MonoManager ReloadAssembly
Registering precompiled unity dll's ...
Register platform support module: C:/Program Files/Unity/Hub/Editor/2021.3.14f1/Editor/Data/PlaybackEngines/WebGLSupport/UnityEditor.WebGL.Extensions.dll
Register platform support module: C:/Program Files/Unity/Hub/Editor/2021.3.14f1/Editor/Data/PlaybackEngines/WindowsStandaloneSupport/UnityEditor.WindowsStandalone.Extensions.dll
Registered in 0.012993 seconds.
Native extension for WindowsStandalone target not found
Native extension for WebGL target not found
Refreshing native plugins compatible for Editor in 194.76 ms, found 3 plugins.
Preloading 0 native plugins for Editor in 0.00 ms.
Mono: successfully reloaded assembly
- Completed reload, in  1.336 seconds
Domain Reload Profiling:
	ReloadAssembly (1338ms)
		BeginReloadAssembly (125ms)
			ExecutionOrderSort (0ms)
			DisableScriptedObjects (0ms)
			BackupInstance (0ms)
			ReleaseScriptingObjects (0ms)
			CreateAndSetChildDomain (2ms)
		EndReloadAssembly (996ms)
			LoadAssemblies (122ms)
			RebuildTransferFunctionScriptingTraits (0ms)
			SetupTypeCache (233ms)
			ReleaseScriptCaches (0ms)
			RebuildScriptCaches (53ms)
			SetupLoadedEditorAssemblies (603ms)
				LogAssemblyErrors (0ms)
				InitializePlatformSupportModulesInManaged (14ms)
				SetLoadedEditorAssemblies (0ms)
				RefreshPlugins (195ms)
				BeforeProcessingInitializeOnLoad (2ms)
				ProcessInitializeOnLoadAttributes (262ms)
				ProcessInitializeOnLoadMethodAttributes (129ms)
				AfterProcessingInitializeOnLoad (0ms)
				EditorAssembliesLoaded (0ms)
			ExecutionOrderSort2 (0ms)
			AwakeInstancesAfterBackupRestoration (0ms)
Platform modules already initialized, skipping
Registering precompiled user dll's ...
Registered in 0.009475 seconds.
Begin MonoManager ReloadAssembly
Symbol file LoadedFromMemory doesn't match image C:\Data\Buckeye Vertical\BV-Domain-Randomization-Unity-Project\Library\PackageCache\com.unity.visualscripting@1.7.8\Editor\VisualScripting.Core\Dependencies\YamlDotNet\Unity.VisualScripting.YamlDotNet.dll
Symbol file LoadedFromMemory doesn't match image C:\Data\Buckeye Vertical\BV-Domain-Randomization-Unity-Project\Library\PackageCache\com.unity.visualscripting@1.7.8\Editor\VisualScripting.Core\Dependencies\DotNetZip\Unity.VisualScripting.IonicZip.dll
Native extension for WindowsStandalone target not found
Native extension for WebGL target not found
Refreshing native plugins compatible for Editor in 0.91 ms, found 3 plugins.
Preloading 0 native plugins for Editor in 0.00 ms.
Mono: successfully reloaded assembly
- Completed reload, in  1.238 seconds
Domain Reload Profiling:
	ReloadAssembly (1239ms)
		BeginReloadAssembly (121ms)
			ExecutionOrderSort (0ms)
			DisableScriptedObjects (7ms)
			BackupInstance (0ms)
			ReleaseScriptingObjects (0ms)
			CreateAndSetChildDomain (21ms)
		EndReloadAssembly (969ms)
			LoadAssemblies (86ms)
			RebuildTransferFunctionScriptingTraits (0ms)
			SetupTypeCache (345ms)
			ReleaseScriptCaches (1ms)
			RebuildScriptCaches (59ms)
			SetupLoadedEditorAssemblies (415ms)
				LogAssemblyErrors (0ms)
				InitializePlatformSupportModulesInManaged (8ms)
				SetLoadedEditorAssemblies (1ms)
				RefreshPlugins (1ms)
				BeforeProcessingInitializeOnLoad (97ms)
				ProcessInitializeOnLoadAttributes (276ms)
				ProcessInitializeOnLoadMethodAttributes (24ms)
				AfterProcessingInitializeOnLoad (8ms)
				EditorAssembliesLoaded (0ms)
			ExecutionOrderSort2 (0ms)
			AwakeInstancesAfterBackupRestoration (9ms)
Platform modules already initialized, skipping
========================================================================
Worker process is ready to serve import requests
Launched and connected shader compiler UnityShaderCompiler.exe after 0.09 seconds
Refreshing native plugins compatible for Editor in 0.83 ms, found 3 plugins.
Preloading 0 native plugins for Editor in 0.00 ms.
Unloading 3366 Unused Serialized files (Serialized files now loaded: 0)
Unloading 27 unused Assets / (113.5 KB). Loaded Objects now: 3824.
Memory consumption went from 120.7 MB to 120.6 MB.
Total: 3.813300 ms (FindLiveObjects: 0.250700 ms CreateObjectMapping: 0.126900 ms MarkObjects: 3.300700 ms  DeleteObjects: 0.133600 ms)

AssetImportParameters requested are different than current active one (requested -> active):
  custom:video-decoder-ogg-theora: a1e56fd34408186e4bbccfd4996cb3dc -> 
  custom:container-muxer-webm: aa71ff27fc2769a1b78a27578f13a17b -> 
  custom:container-demuxer-webm: 4f35f7cbe854078d1ac9338744f61a02 -> 
  custom:video-encoder-webm-vp8: eb34c28f22e8b96e1ab97ce403110664 -> 
  custom:video-codec-MediaFoundation-h265: 746d11721c4dcdbdad8f713fa42b33f4 -> 
  custom:audio-encoder-webm-vorbis: bf7c407c2cedff20999df2af8eb42d56 -> 
  custom:framework-win-MediaFoundation: 216162199b28c13a410421893ffa2e32 -> 
  custom:container-demuxer-ogg: 62fdf1f143b41e24485cea50d1cbac27 -> 
  custom:video-decoder-webm-vp8: 9c59270c3fd7afecdb556c50c9e8de78 -> 
  custom:audio-decoder-ogg-vorbis: bf7c407c2cedff20999df2af8eb42d56 -> 
========================================================================
Received Import Request.
  Time since last request: 391596.148410 seconds.
  path: Assets/Resources/Images/Materials/7767.mat
  artifactKey: Guid(64990b991adaaa0429d7be2d1da4c971) Importer(815301076,1909f56bfc062723c751e8b465ee728b)
Start importing Assets/Resources/Images/Materials/7767.mat using Guid(64990b991adaaa0429d7be2d1da4c971) Importer(815301076,1909f56bfc062723c751e8b465ee728b)  -> (artifact id: '2f7e514eeb9eea854523073705901836') in 0.408998 seconds 
========================================================================
Received Import Request.
  Time since last request: 0.000060 seconds.
  path: Assets/Resources/Images/Materials/7753.mat
  artifactKey: Guid(8274662655438a340917f629c1528146) Importer(815301076,1909f56bfc062723c751e8b465ee728b)
Start importing Assets/Resources/Images/Materials/7753.mat using Guid(8274662655438a340917f629c1528146) Importer(815301076,1909f56bfc062723c751e8b465ee728b)  -> (artifact id: '21ebe464c63ef87bb125f1ed50778e9d') in 0.024123 seconds 
========================================================================
Received Import Request.
  Time since last request: 0.000053 seconds.
  path: Assets/Resources/Images/Materials/7688.mat
  artifactKey: Guid(609472ed1f473504eab4b8a12748bd04) Importer(815301076,1909f56bfc062723c751e8b465ee728b)
Start importing Assets/Resources/Images/Materials/7688.mat using Guid(609472ed1f473504eab4b8a12748bd04) Importer(815301076,1909f56bfc062723c751e8b465ee728b)  -> (artifact id: '421d7e0565b10012e0541ccaca027497') in 0.020346 seconds 
========================================================================
Received Import Request.
  Time since last request: 0.000049 seconds.
  path: Assets/Resources/Images/Materials/7565.mat
  artifactKey: Guid(657209555a552f847bd6378aabedf349) Importer(815301076,1909f56bfc062723c751e8b465ee728b)
Start importing Assets/Resources/Images/Materials/7565.mat using Guid(657209555a552f847bd6378aabedf349) Importer(815301076,1909f56bfc062723c751e8b465ee728b)  -> (artifact id: '4ac47a7e7d0ab870eda662c2d5f28163') in 0.022445 seconds 
========================================================================
Received Import Request.
  Time since last request: 0.000046 seconds.
  path: Assets/Resources/Images/Materials/7388.mat
  artifactKey: Guid(336d08f490a9a0a428fe4af7853ec5ab) Importer(815301076,1909f56bfc062723c751e8b465ee728b)
Start importing Assets/Resources/Images/Materials/7388.mat using Guid(336d08f490a9a0a428fe4af7853ec5ab) Importer(815301076,1909f56bfc062723c751e8b465ee728b)  -> (artifact id: 'ccc0c4d60cd7191bd47973bf83a94568') in 0.022779 seconds 
========================================================================
Received Import Request.
  Time since last request: 0.000040 seconds.
  path: Assets/Resources/Images/Materials/7582.mat
  artifactKey: Guid(cd7ac07d01e809e4b965ec0f0b7a8a52) Importer(815301076,1909f56bfc062723c751e8b465ee728b)
Start importing Assets/Resources/Images/Materials/7582.mat using Guid(cd7ac07d01e809e4b965ec0f0b7a8a52) Importer(815301076,1909f56bfc062723c751e8b465ee728b)  -> (artifact id: '7063954eddeca88305520ece21007868') in 0.023533 seconds 
========================================================================
Received Import Request.
  Time since last request: 0.000060 seconds.
  path: Assets/Resources/Images/Materials/7486.mat
  artifactKey: Guid(1fdf481640aec454fb766096a1410ed7) Importer(815301076,1909f56bfc062723c751e8b465ee728b)
Start importing Assets/Resources/Images/Materials/7486.mat using Guid(1fdf481640aec454fb766096a1410ed7) Importer(815301076,1909f56bfc062723c751e8b465ee728b)  -> (artifact id: '5f5f0940e5801b85cf4de68f9e59adb4') in 0.043136 seconds 
========================================================================
Received Import Request.
  Time since last request: 0.000042 seconds.
  path: Assets/Resources/Images/Materials/7376.mat
  artifactKey: Guid(78e2774d8d576ea44b05f63cd734436b) Importer(815301076,1909f56bfc062723c751e8b465ee728b)
Start importing Assets/Resources/Images/Materials/7376.mat using Guid(78e2774d8d576ea44b05f63cd734436b) Importer(815301076,1909f56bfc062723c751e8b465ee728b)  -> (artifact id: 'e4b8fad099379ba88ca334d787515ab0') in 0.028668 seconds 
========================================================================
Received Import Request.
  Time since last request: 0.000065 seconds.
  path: Assets/Resources/Images/Materials/7383.mat
  artifactKey: Guid(09104e91044153d4da6d6eedd0c48fe1) Importer(815301076,1909f56bfc062723c751e8b465ee728b)
Start importing Assets/Resources/Images/Materials/7383.mat using Guid(09104e91044153d4da6d6eedd0c48fe1) Importer(815301076,1909f56bfc062723c751e8b465ee728b)  -> (artifact id: 'd5ef889de9d33eb53306aca4f2bb640b') in 0.029952 seconds 
========================================================================
Received Import Request.
  Time since last request: 0.000112 seconds.
  path: Assets/Resources/Images/Materials/7280.mat
  artifactKey: Guid(7bc15f2c649c1b94fa065108dff94aba) Importer(815301076,1909f56bfc062723c751e8b465ee728b)
Start importing Assets/Resources/Images/Materials/7280.mat using Guid(7bc15f2c649c1b94fa065108dff94aba) Importer(815301076,1909f56bfc062723c751e8b465ee728b)  -> (artifact id: '88fdffbc33b29472ee806bd600761301') in 0.030663 seconds 
========================================================================
Received Import Request.
  Time since last request: 0.000059 seconds.
  path: Assets/Resources/Images/Materials/7754.mat
  artifactKey: Guid(af481e906d132614e88faacd4433d4ce) Importer(815301076,1909f56bfc062723c751e8b465ee728b)
Start importing Assets/Resources/Images/Materials/7754.mat using Guid(af481e906d132614e88faacd4433d4ce) Importer(815301076,1909f56bfc062723c751e8b465ee728b)  -> (artifact id: '84c690a7e0652d300d7997cbda1010e9') in 0.071290 seconds 
========================================================================
Received Import Request.
  Time since last request: 0.000088 seconds.
  path: Assets/Resources/Images/Materials/7657.mat
  artifactKey: Guid(115b6fd3d01b3714b893cb19d8c73150) Importer(815301076,1909f56bfc062723c751e8b465ee728b)
Start importing Assets/Resources/Images/Materials/7657.mat using Guid(115b6fd3d01b3714b893cb19d8c73150) Importer(815301076,1909f56bfc062723c751e8b465ee728b)  -> (artifact id: 'e2aad3c99c39035e110457f9c8df5c4e') in 0.037691 seconds 
========================================================================
Received Import Request.
  Time since last request: 0.000065 seconds.
  path: Assets/Resources/Images/Materials/7281.mat
  artifactKey: Guid(f71d86a4a43128745a90c435acc79f45) Importer(815301076,1909f56bfc062723c751e8b465ee728b)
Start importing Assets/Resources/Images/Materials/7281.mat using Guid(f71d86a4a43128745a90c435acc79f45) Importer(815301076,1909f56bfc062723c751e8b465ee728b)  -> (artifact id: '1f0ea93a177ade4cb5083c697e67ce79') in 0.046738 seconds 
========================================================================
Received Import Request.
  Time since last request: 0.000098 seconds.
  path: Assets/Resources/Images/Materials/7590.mat
  artifactKey: Guid(ecc7c86768c82b1449af8747f3103244) Importer(815301076,1909f56bfc062723c751e8b465ee728b)
Start importing Assets/Resources/Images/Materials/7590.mat using Guid(ecc7c86768c82b1449af8747f3103244) Importer(815301076,1909f56bfc062723c751e8b465ee728b)  -> (artifact id: '013271010e2eea8d663c1d3d9b9c1835') in 0.042066 seconds 
========================================================================
Received Import Request.
  Time since last request: 0.000099 seconds.
  path: Assets/Resources/Images/Materials/7375.mat
  artifactKey: Guid(382fe9a22fa28364caa1a8990694569a) Importer(815301076,1909f56bfc062723c751e8b465ee728b)
Start importing Assets/Resources/Images/Materials/7375.mat using Guid(382fe9a22fa28364caa1a8990694569a) Importer(815301076,1909f56bfc062723c751e8b465ee728b)  -> (artifact id: 'fc50f494a273c0c18a4e61ffe40e782f') in 0.040507 seconds 
========================================================================
Received Import Request.
  Time since last request: 0.000070 seconds.
  path: Assets/Resources/Images/Materials/7653.mat
  artifactKey: Guid(daedc1e41ed5d1442b80dba82716df77) Importer(815301076,1909f56bfc062723c751e8b465ee728b)
Start importing Assets/Resources/Images/Materials/7653.mat using Guid(daedc1e41ed5d1442b80dba82716df77) Importer(815301076,1909f56bfc062723c751e8b465ee728b)  -> (artifact id: 'f88cfecbf6f11b98c3025a4c7bc43bc3') in 0.047459 seconds 
========================================================================
Received Import Request.
  Time since last request: 0.000055 seconds.
  path: Assets/Resources/Images/Materials/7268.mat
  artifactKey: Guid(70b67aea85e78eb4aa276fa7af7b9ac4) Importer(815301076,1909f56bfc062723c751e8b465ee728b)
Start importing Assets/Resources/Images/Materials/7268.mat using Guid(70b67aea85e78eb4aa276fa7af7b9ac4) Importer(815301076,1909f56bfc062723c751e8b465ee728b)  -> (artifact id: '79b040e26d6e63ddd52b009a7abd37cf') in 0.041957 seconds 
========================================================================
Received Import Request.
  Time since last request: 0.000061 seconds.
  path: Assets/Resources/Images/Materials/7551.mat
  artifactKey: Guid(10ab5b7b8367887438bc6cdb1b0fd5e0) Importer(815301076,1909f56bfc062723c751e8b465ee728b)
Start importing Assets/Resources/Images/Materials/7551.mat using Guid(10ab5b7b8367887438bc6cdb1b0fd5e0) Importer(815301076,1909f56bfc062723c751e8b465ee728b)  -> (artifact id: '44a496e4f00522c908ab62d526d0c780') in 0.039549 seconds 
========================================================================
Received Import Request.
  Time since last request: 0.000080 seconds.
  path: Assets/Resources/Images/Materials/7572.mat
  artifactKey: Guid(9bdf8250f3a89be4d8ed2b8afec0b359) Importer(815301076,1909f56bfc062723c751e8b465ee728b)
Start importing Assets/Resources/Images/Materials/7572.mat using Guid(9bdf8250f3a89be4d8ed2b8afec0b359) Importer(815301076,1909f56bfc062723c751e8b465ee728b)  -> (artifact id: '773ecc68dd7dfa2b9f71a9c8c9a35d72') in 0.046830 seconds 
========================================================================
Received Import Request.
  Time since last request: 0.000133 seconds.
  path: Assets/Resources/Images/Materials/7273.mat
  artifactKey: Guid(d6c7d2111e0a84c4b80f0f924e6523a7) Importer(815301076,1909f56bfc062723c751e8b465ee728b)
Start importing Assets/Resources/Images/Materials/7273.mat using Guid(d6c7d2111e0a84c4b80f0f924e6523a7) Importer(815301076,1909f56bfc062723c751e8b465ee728b)  -> (artifact id: 'f0312adb3c77b39184fb549099b33e36') in 0.042824 seconds 
========================================================================
Received Import Request.
  Time since last request: 0.000081 seconds.
  path: Assets/Resources/Images/Materials/7650.mat
  artifactKey: Guid(d88c7fa0a9da5be4b88b28ccafb95847) Importer(815301076,1909f56bfc062723c751e8b465ee728b)
Start importing Assets/Resources/Images/Materials/7650.mat using Guid(d88c7fa0a9da5be4b88b28ccafb95847) Importer(815301076,1909f56bfc062723c751e8b465ee728b)  -> (artifact id: '670707a1505c1c817600b6e0a3abd3d4') in 0.034983 seconds 
========================================================================
Received Import Request.
  Time since last request: 1.173845 seconds.
  path: Assets/Resources/Images/Materials/7251.mat
  artifactKey: Guid(e1676bc3c55681b4996fde482a27ce0e) Importer(815301076,1909f56bfc062723c751e8b465ee728b)
Start importing Assets/Resources/Images/Materials/7251.mat using Guid(e1676bc3c55681b4996fde482a27ce0e) Importer(815301076,1909f56bfc062723c751e8b465ee728b)  -> (artifact id: 'd72c01a36132ad749f015ffd5140def1') in 0.029387 seconds 
========================================================================
Received Import Request.
  Time since last request: 0.000036 seconds.
  path: Assets/Resources/Images/Materials/7149.mat
  artifactKey: Guid(de7cdaa8be61ca8439a52d9f01542aa8) Importer(815301076,1909f56bfc062723c751e8b465ee728b)
Start importing Assets/Resources/Images/Materials/7149.mat using Guid(de7cdaa8be61ca8439a52d9f01542aa8) Importer(815301076,1909f56bfc062723c751e8b465ee728b)  -> (artifact id: 'a04bc47377d976421cf682de4c4de014') in 0.025271 seconds 
========================================================================
Received Import Request.
  Time since last request: 0.000032 seconds.
  path: Assets/Resources/Images/Materials/6686.mat
  artifactKey: Guid(6a81a9d2a7f07c249b53af73cd55b693) Importer(815301076,1909f56bfc062723c751e8b465ee728b)
Start importing Assets/Resources/Images/Materials/6686.mat using Guid(6a81a9d2a7f07c249b53af73cd55b693) Importer(815301076,1909f56bfc062723c751e8b465ee728b)  -> (artifact id: '4551fca9b5252f07638b07a5600b1795') in 0.022158 seconds 
========================================================================
Received Import Request.
  Time since last request: 0.000036 seconds.
  path: Assets/Resources/Images/Materials/7085.mat
  artifactKey: Guid(3bb62933c8607584da58ef18b7c1df2b) Importer(815301076,1909f56bfc062723c751e8b465ee728b)
Start importing Assets/Resources/Images/Materials/7085.mat using Guid(3bb62933c8607584da58ef18b7c1df2b) Importer(815301076,1909f56bfc062723c751e8b465ee728b)  -> (artifact id: '4e3a2dc9fa7faa72515f47f610d49352') in 0.022291 seconds 
========================================================================
Received Import Request.
  Time since last request: 0.000049 seconds.
  path: Assets/Resources/Images/Materials/5178.mat
  artifactKey: Guid(e77ec962de6e7124da953eaf8c4dd841) Importer(815301076,1909f56bfc062723c751e8b465ee728b)
Start importing Assets/Resources/Images/Materials/5178.mat using Guid(e77ec962de6e7124da953eaf8c4dd841) Importer(815301076,1909f56bfc062723c751e8b465ee728b)  -> (artifact id: '2df8b42de4538c3ce65a04bf27d5f34b') in 0.027124 seconds 
========================================================================
Received Import Request.
  Time since last request: 0.000055 seconds.
  path: Assets/Resources/Images/Materials/5183.mat
  artifactKey: Guid(d6221ae6cb178ad4eb2396d4700c74ed) Importer(815301076,1909f56bfc062723c751e8b465ee728b)
Start importing Assets/Resources/Images/Materials/5183.mat using Guid(d6221ae6cb178ad4eb2396d4700c74ed) Importer(815301076,1909f56bfc062723c751e8b465ee728b)  -> (artifact id: '25756f175df17848ef7bc05d6518e497') in 0.019658 seconds 
========================================================================
Received Import Request.
  Time since last request: 0.000318 seconds.
  path: Assets/Resources/Images/Materials/7253.mat
  artifactKey: Guid(61a7457a5e210614a98e2e2c58561f68) Importer(815301076,1909f56bfc062723c751e8b465ee728b)
Start importing Assets/Resources/Images/Materials/7253.mat using Guid(61a7457a5e210614a98e2e2c58561f68) Importer(815301076,1909f56bfc062723c751e8b465ee728b)  -> (artifact id: 'f643bf5ced9fa81201798ab5431f8f40') in 0.021298 seconds 
========================================================================
Received Import Request.
  Time since last request: 0.000128 seconds.
  path: Assets/Resources/Images/Materials/7176.mat
  artifactKey: Guid(cfb9d5b1cc2127f42b9ce27520916993) Importer(815301076,1909f56bfc062723c751e8b465ee728b)
Start importing Assets/Resources/Images/Materials/7176.mat using Guid(cfb9d5b1cc2127f42b9ce27520916993) Importer(815301076,1909f56bfc062723c751e8b465ee728b)  -> (artifact id: '339591be8c261d4cd79fd35534216c9b') in 0.021833 seconds 
========================================================================
Received Import Request.
  Time since last request: 0.000060 seconds.
  path: Assets/Resources/Images/Materials/7152.mat
  artifactKey: Guid(ae4688e04ba59da4a95ef66b6b959ccc) Importer(815301076,1909f56bfc062723c751e8b465ee728b)
Start importing Assets/Resources/Images/Materials/7152.mat using Guid(ae4688e04ba59da4a95ef66b6b959ccc) Importer(815301076,1909f56bfc062723c751e8b465ee728b)  -> (artifact id: '5111dfba1601f575918a838883117aee') in 0.024129 seconds 
========================================================================
Received Import Request.
  Time since last request: 0.000039 seconds.
  path: Assets/Resources/Images/Materials/7169.mat
  artifactKey: Guid(2b51b9c66b1299548858ab739868c239) Importer(815301076,1909f56bfc062723c751e8b465ee728b)
Start importing Assets/Resources/Images/Materials/7169.mat using Guid(2b51b9c66b1299548858ab739868c239) Importer(815301076,1909f56bfc062723c751e8b465ee728b)  -> (artifact id: '4855957c467465d61209ad6a7303dc7e') in 0.020677 seconds 
========================================================================
Received Import Request.
  Time since last request: 0.000042 seconds.
  path: Assets/Resources/Images/Materials/5150.mat
  artifactKey: Guid(c0ae85ef6c30a1247bad9e35e6d20f82) Importer(815301076,1909f56bfc062723c751e8b465ee728b)
Start importing Assets/Resources/Images/Materials/5150.mat using Guid(c0ae85ef6c30a1247bad9e35e6d20f82) Importer(815301076,1909f56bfc062723c751e8b465ee728b)  -> (artifact id: 'd4193ac579e7d4b5d9b3013e7aa880b1') in 0.021443 seconds 
========================================================================
Received Import Request.
  Time since last request: 0.000044 seconds.
  path: Assets/Resources/Images/Materials/7182.mat
  artifactKey: Guid(0c33d7b2bd419f344ba9ccdd11574d3f) Importer(815301076,1909f56bfc062723c751e8b465ee728b)
Start importing Assets/Resources/Images/Materials/7182.mat using Guid(0c33d7b2bd419f344ba9ccdd11574d3f) Importer(815301076,1909f56bfc062723c751e8b465ee728b)  -> (artifact id: '1a7ac222301b5f5beb75e2419b83f753') in 0.021715 seconds 
========================================================================
Received Import Request.
  Time since last request: 0.000044 seconds.
  path: Assets/Resources/Images/Materials/7187.mat
  artifactKey: Guid(5581068088a823744a5953e56ddd7dc0) Importer(815301076,1909f56bfc062723c751e8b465ee728b)
Start importing Assets/Resources/Images/Materials/7187.mat using Guid(5581068088a823744a5953e56ddd7dc0) Importer(815301076,1909f56bfc062723c751e8b465ee728b)  -> (artifact id: '43b02b707ad7f8d20df7a6af5d560a1c') in 0.028535 seconds 
========================================================================
Received Import Request.
  Time since last request: 0.000549 seconds.
  path: Assets/Resources/Images/Materials/7181.mat
  artifactKey: Guid(920d3ccb61c14ad4593c864b17cb2e31) Importer(815301076,1909f56bfc062723c751e8b465ee728b)
Start importing Assets/Resources/Images/Materials/7181.mat using Guid(920d3ccb61c14ad4593c864b17cb2e31) Importer(815301076,1909f56bfc062723c751e8b465ee728b)  -> (artifact id: 'f4e2c549843d4f60401558246a4fdb37') in 0.030159 seconds 
========================================================================
Received Import Request.
  Time since last request: 0.000043 seconds.
  path: Assets/Resources/Images/Materials/5154.mat
  artifactKey: Guid(f184dc3c678c8c74a91b24cd63b7abc5) Importer(815301076,1909f56bfc062723c751e8b465ee728b)
Start importing Assets/Resources/Images/Materials/5154.mat using Guid(f184dc3c678c8c74a91b24cd63b7abc5) Importer(815301076,1909f56bfc062723c751e8b465ee728b)  -> (artifact id: 'fa3bb3ff980b0d7b1168b1b909d8ff73') in 0.029078 seconds 
========================================================================
Received Import Request.
  Time since last request: 0.000041 seconds.
  path: Assets/Resources/Images/Materials/7070.mat
  artifactKey: Guid(cb844a743332583408b9c43168d126f8) Importer(815301076,1909f56bfc062723c751e8b465ee728b)
Start importing Assets/Resources/Images/Materials/7070.mat using Guid(cb844a743332583408b9c43168d126f8) Importer(815301076,1909f56bfc062723c751e8b465ee728b)  -> (artifact id: '09c8c3255346f78238c9baf773bb55d1') in 0.026829 seconds 
========================================================================
Received Import Request.
  Time since last request: 0.000053 seconds.
  path: Assets/Resources/Images/Materials/6753.mat
  artifactKey: Guid(7352016d14462244abc20247f8e1b16b) Importer(815301076,1909f56bfc062723c751e8b465ee728b)
Start importing Assets/Resources/Images/Materials/6753.mat using Guid(7352016d14462244abc20247f8e1b16b) Importer(815301076,1909f56bfc062723c751e8b465ee728b)  -> (artifact id: '6a992d13c4077298ba5b51075c6d2174') in 0.030113 seconds 
========================================================================
Received Import Request.
  Time since last request: 0.000074 seconds.
  path: Assets/Resources/Images/Materials/6689.mat
  artifactKey: Guid(dec4e0c0b517deb49a952757d727b947) Importer(815301076,1909f56bfc062723c751e8b465ee728b)
Start importing Assets/Resources/Images/Materials/6689.mat using Guid(dec4e0c0b517deb49a952757d727b947) Importer(815301076,1909f56bfc062723c751e8b465ee728b)  -> (artifact id: '4c22b702863e864fc59265c65ad71b34') in 0.043894 seconds 
========================================================================
Received Import Request.
  Time since last request: 0.000058 seconds.
  path: Assets/Resources/Images/Materials/6688.mat
  artifactKey: Guid(2aca0c6d614ba9c49a1a2f997c107104) Importer(815301076,1909f56bfc062723c751e8b465ee728b)
Start importing Assets/Resources/Images/Materials/6688.mat using Guid(2aca0c6d614ba9c49a1a2f997c107104) Importer(815301076,1909f56bfc062723c751e8b465ee728b)  -> (artifact id: '060f4e1d16a259e806295c6b6e2bb5e8') in 0.025127 seconds 
========================================================================
Received Import Request.
  Time since last request: 0.000100 seconds.
  path: Assets/Resources/Images/Materials/7148.mat
  artifactKey: Guid(c9ca504fa75cbdc4d94dd62b7cc558b0) Importer(815301076,1909f56bfc062723c751e8b465ee728b)
Start importing Assets/Resources/Images/Materials/7148.mat using Guid(c9ca504fa75cbdc4d94dd62b7cc558b0) Importer(815301076,1909f56bfc062723c751e8b465ee728b)  -> (artifact id: 'fbf21f5d0c3c57f774937e71109baa2c') in 0.029145 seconds 
========================================================================
Received Import Request.
  Time since last request: 0.000065 seconds.
  path: Assets/Resources/Images/Materials/7265.mat
  artifactKey: Guid(6ac150c8feedf714db6254221dd030b4) Importer(815301076,1909f56bfc062723c751e8b465ee728b)
Start importing Assets/Resources/Images/Materials/7265.mat using Guid(6ac150c8feedf714db6254221dd030b4) Importer(815301076,1909f56bfc062723c751e8b465ee728b)  -> (artifact id: 'a88ecec0dbe52e8b222f43046f296cac') in 0.037324 seconds 
========================================================================
Received Import Request.
  Time since last request: 0.000071 seconds.
  path: Assets/Resources/Images/Materials/6748.mat
  artifactKey: Guid(10ae58f6a109e4d4a83b1ad8216ce3ee) Importer(815301076,1909f56bfc062723c751e8b465ee728b)
Start importing Assets/Resources/Images/Materials/6748.mat using Guid(10ae58f6a109e4d4a83b1ad8216ce3ee) Importer(815301076,1909f56bfc062723c751e8b465ee728b)  -> (artifact id: '3d2b53577c97df01e9f3ce6b4f9cf3b3') in 0.048583 seconds 
========================================================================
Received Import Request.
  Time since last request: 0.000070 seconds.
  path: Assets/Resources/Images/Materials/6749.mat
  artifactKey: Guid(001f0b2cf9a7a0d49a08b1ab72b93372) Importer(815301076,1909f56bfc062723c751e8b465ee728b)
Start importing Assets/Resources/Images/Materials/6749.mat using Guid(001f0b2cf9a7a0d49a08b1ab72b93372) Importer(815301076,1909f56bfc062723c751e8b465ee728b)  -> (artifact id: 'ca233045e513f6dabb84ffea491b6c38') in 0.037238 seconds 
Editor requested this worker to shutdown with reason: Scaling down because of idle timeout
AssetImportWorker is now disconnected from the server
Process exiting
Exiting without the bug reporter. Application will terminate with return code 0