Using pre-set license
Built from '2021.3/staging' branch; Version is '2021.3.14f1 (eee1884e7226) revision 15655304'; Using compiler version '192829333'; Build Type 'Release'
OS: 'Windows 11  (10.0.22621) 64bit Core' Language: 'en' Physical Memory: 32439 MB
BatchMode: 1, IsHumanControllingUs: 0, StartBugReporterOnCrash: 0, Is64bit: 1, IsPro: 1

COMMAND LINE ARGUMENTS:
C:\Program Files\Unity\Hub\Editor\2021.3.14f1\Editor\Unity.exe
-adb2
-batchMode
-noUpm
-name
AssetImportWorker2
-projectPath
C:/Data/Buckeye Vertical/BV-Domain-Randomization-Unity-Project
-logFile
Logs/AssetImportWorker2.log
-srvPort
61913
Successfully changed project path to: C:/Data/Buckeye Vertical/BV-Domain-Randomization-Unity-Project
C:/Data/Buckeye Vertical/BV-Domain-Randomization-Unity-Project
[UnityMemory] Configuration Parameters - Can be set up in boot.config
    "memorysetup-bucket-allocator-granularity=16"
    "memorysetup-bucket-allocator-bucket-count=8"
    "memorysetup-bucket-allocator-block-size=33554432"
    "memorysetup-bucket-allocator-block-count=8"
    "memorysetup-main-allocator-block-size=16777216"
    "memorysetup-thread-allocator-block-size=16777216"
    "memorysetup-gfx-main-allocator-block-size=16777216"
    "memorysetup-gfx-thread-allocator-block-size=16777216"
    "memorysetup-cache-allocator-block-size=4194304"
    "memorysetup-typetree-allocator-block-size=2097152"
    "memorysetup-profiler-bucket-allocator-granularity=16"
    "memorysetup-profiler-bucket-allocator-bucket-count=8"
    "memorysetup-profiler-bucket-allocator-block-size=33554432"
    "memorysetup-profiler-bucket-allocator-block-count=8"
    "memorysetup-profiler-allocator-block-size=16777216"
    "memorysetup-profiler-editor-allocator-block-size=1048576"
    "memorysetup-temp-allocator-size-main=16777216"
    "memorysetup-job-temp-allocator-block-size=2097152"
    "memorysetup-job-temp-allocator-block-size-background=1048576"
    "memorysetup-job-temp-allocator-reduction-small-platforms=262144"
    "memorysetup-temp-allocator-size-background-worker=32768"
    "memorysetup-temp-allocator-size-job-worker=262144"
    "memorysetup-temp-allocator-size-preload-manager=33554432"
    "memorysetup-temp-allocator-size-nav-mesh-worker=65536"
    "memorysetup-temp-allocator-size-audio-worker=65536"
    "memorysetup-temp-allocator-size-cloud-worker=32768"
    "memorysetup-temp-allocator-size-gi-baking-worker=262144"
    "memorysetup-temp-allocator-size-gfx=262144"
Refreshing native plugins compatible for Editor in 164.11 ms, found 3 plugins.
Preloading 0 native plugins for Editor in 0.00 ms.
Initialize engine version: 2021.3.14f1 (eee1884e7226)
[Subsystems] Discovering subsystems at path C:/Program Files/Unity/Hub/Editor/2021.3.14f1/Editor/Data/Resources/UnitySubsystems
[Subsystems] Discovering subsystems at path C:/Data/Buckeye Vertical/BV-Domain-Randomization-Unity-Project/Assets
GfxDevice: creating device client; threaded=0; jobified=0
Direct3D:
    Version:  Direct3D 11.0 [level 11.1]
    Renderer: NVIDIA GeForce RTX 3050 Ti Laptop GPU (ID=0x25a0)
    Vendor:   NVIDIA
    VRAM:     3978 MB
    Driver:   31.0.15.3209
Initialize mono
Mono path[0] = 'C:/Program Files/Unity/Hub/Editor/2021.3.14f1/Editor/Data/Managed'
Mono path[1] = 'C:/Program Files/Unity/Hub/Editor/2021.3.14f1/Editor/Data/MonoBleedingEdge/lib/mono/unityjit-win32'
Mono config path = 'C:/Program Files/Unity/Hub/Editor/2021.3.14f1/Editor/Data/MonoBleedingEdge/etc'
Using monoOptions --debugger-agent=transport=dt_socket,embedding=1,server=y,suspend=n,address=127.0.0.1:56328
Begin MonoManager ReloadAssembly
Registering precompiled unity dll's ...
Register platform support module: C:/Program Files/Unity/Hub/Editor/2021.3.14f1/Editor/Data/PlaybackEngines/WebGLSupport/UnityEditor.WebGL.Extensions.dll
Register platform support module: C:/Program Files/Unity/Hub/Editor/2021.3.14f1/Editor/Data/PlaybackEngines/WindowsStandaloneSupport/UnityEditor.WindowsStandalone.Extensions.dll
Registered in 0.008901 seconds.
Native extension for WindowsStandalone target not found
Native extension for WebGL target not found
Refreshing native plugins compatible for Editor in 165.35 ms, found 3 plugins.
Preloading 0 native plugins for Editor in 0.00 ms.
Mono: successfully reloaded assembly
- Completed reload, in  1.111 seconds
Domain Reload Profiling:
	ReloadAssembly (1112ms)
		BeginReloadAssembly (133ms)
			ExecutionOrderSort (0ms)
			DisableScriptedObjects (0ms)
			BackupInstance (0ms)
			ReleaseScriptingObjects (0ms)
			CreateAndSetChildDomain (1ms)
		EndReloadAssembly (808ms)
			LoadAssemblies (129ms)
			RebuildTransferFunctionScriptingTraits (0ms)
			SetupTypeCache (171ms)
			ReleaseScriptCaches (0ms)
			RebuildScriptCaches (45ms)
			SetupLoadedEditorAssemblies (508ms)
				LogAssemblyErrors (0ms)
				InitializePlatformSupportModulesInManaged (19ms)
				SetLoadedEditorAssemblies (0ms)
				RefreshPlugins (165ms)
				BeforeProcessingInitializeOnLoad (2ms)
				ProcessInitializeOnLoadAttributes (245ms)
				ProcessInitializeOnLoadMethodAttributes (77ms)
				AfterProcessingInitializeOnLoad (0ms)
				EditorAssembliesLoaded (0ms)
			ExecutionOrderSort2 (0ms)
			AwakeInstancesAfterBackupRestoration (0ms)
Platform modules already initialized, skipping
Registering precompiled user dll's ...
Registered in 0.010959 seconds.
Begin MonoManager ReloadAssembly
Symbol file LoadedFromMemory doesn't match image C:\Data\Buckeye Vertical\BV-Domain-Randomization-Unity-Project\Library\PackageCache\com.unity.visualscripting@1.7.8\Editor\VisualScripting.Core\Dependencies\YamlDotNet\Unity.VisualScripting.YamlDotNet.dll
Symbol file LoadedFromMemory doesn't match image C:\Data\Buckeye Vertical\BV-Domain-Randomization-Unity-Project\Library\PackageCache\com.unity.visualscripting@1.7.8\Editor\VisualScripting.Core\Dependencies\DotNetZip\Unity.VisualScripting.IonicZip.dll
Native extension for WindowsStandalone target not found
Native extension for WebGL target not found
Refreshing native plugins compatible for Editor in 2.99 ms, found 3 plugins.
Preloading 0 native plugins for Editor in 0.00 ms.
Mono: successfully reloaded assembly
- Completed reload, in  1.733 seconds
Domain Reload Profiling:
	ReloadAssembly (1737ms)
		BeginReloadAssembly (201ms)
			ExecutionOrderSort (0ms)
			DisableScriptedObjects (10ms)
			BackupInstance (0ms)
			ReleaseScriptingObjects (0ms)
			CreateAndSetChildDomain (32ms)
		EndReloadAssembly (1311ms)
			LoadAssemblies (137ms)
			RebuildTransferFunctionScriptingTraits (0ms)
			SetupTypeCache (512ms)
			ReleaseScriptCaches (1ms)
			RebuildScriptCaches (92ms)
			SetupLoadedEditorAssemblies (502ms)
				LogAssemblyErrors (0ms)
				InitializePlatformSupportModulesInManaged (12ms)
				SetLoadedEditorAssemblies (1ms)
				RefreshPlugins (3ms)
				BeforeProcessingInitializeOnLoad (146ms)
				ProcessInitializeOnLoadAttributes (303ms)
				ProcessInitializeOnLoadMethodAttributes (29ms)
				AfterProcessingInitializeOnLoad (9ms)
				EditorAssembliesLoaded (0ms)
			ExecutionOrderSort2 (0ms)
			AwakeInstancesAfterBackupRestoration (10ms)
Platform modules already initialized, skipping
========================================================================
Worker process is ready to serve import requests
Launched and connected shader compiler UnityShaderCompiler.exe after 0.13 seconds
Refreshing native plugins compatible for Editor in 1.02 ms, found 3 plugins.
Preloading 0 native plugins for Editor in 0.00 ms.
Unloading 3366 Unused Serialized files (Serialized files now loaded: 0)
Unloading 27 unused Assets / (113.5 KB). Loaded Objects now: 3824.
Memory consumption went from 120.5 MB to 120.4 MB.
Total: 4.804200 ms (FindLiveObjects: 0.290100 ms CreateObjectMapping: 0.144100 ms MarkObjects: 4.203200 ms  DeleteObjects: 0.165000 ms)

AssetImportParameters requested are different than current active one (requested -> active):
  custom:video-decoder-ogg-theora: a1e56fd34408186e4bbccfd4996cb3dc -> 
  custom:container-muxer-webm: aa71ff27fc2769a1b78a27578f13a17b -> 
  custom:container-demuxer-webm: 4f35f7cbe854078d1ac9338744f61a02 -> 
  custom:video-encoder-webm-vp8: eb34c28f22e8b96e1ab97ce403110664 -> 
  custom:video-codec-MediaFoundation-h265: 746d11721c4dcdbdad8f713fa42b33f4 -> 
  custom:audio-encoder-webm-vorbis: bf7c407c2cedff20999df2af8eb42d56 -> 
  custom:framework-win-MediaFoundation: 216162199b28c13a410421893ffa2e32 -> 
  custom:container-demuxer-ogg: 62fdf1f143b41e24485cea50d1cbac27 -> 
  custom:video-decoder-webm-vp8: 9c59270c3fd7afecdb556c50c9e8de78 -> 
  custom:audio-decoder-ogg-vorbis: bf7c407c2cedff20999df2af8eb42d56 -> 
========================================================================
Received Import Request.
  Time since last request: 389566.158971 seconds.
  path: Assets/Resources/Images/2173.png
  artifactKey: Guid(23b67d754d4befe489b04a7d43f4fab8) Importer(815301076,1909f56bfc062723c751e8b465ee728b)
Start importing Assets/Resources/Images/2173.png using Guid(23b67d754d4befe489b04a7d43f4fab8) Importer(815301076,1909f56bfc062723c751e8b465ee728b)  -> (artifact id: '9798aa477c7e01d2ea4b4cacc089b21a') in 0.146693 seconds 
========================================================================
Received Import Request.
  Time since last request: 0.000045 seconds.
  path: Assets/Resources/Images/2181.png
  artifactKey: Guid(4e6a87b679e49a44ea8022016412efd7) Importer(815301076,1909f56bfc062723c751e8b465ee728b)
Start importing Assets/Resources/Images/2181.png using Guid(4e6a87b679e49a44ea8022016412efd7) Importer(815301076,1909f56bfc062723c751e8b465ee728b)  -> (artifact id: '4604d25be242027ada3d6ed7ef9cc878') in 0.015047 seconds 
========================================================================
Received Import Request.
  Time since last request: 0.000057 seconds.
  path: Assets/Resources/Images/2184.png
  artifactKey: Guid(b351b13131b72d6419661d23581b132a) Importer(815301076,1909f56bfc062723c751e8b465ee728b)
Start importing Assets/Resources/Images/2184.png using Guid(b351b13131b72d6419661d23581b132a) Importer(815301076,1909f56bfc062723c751e8b465ee728b)  -> (artifact id: '88e4c3c9b6f12cee1ce331d96fe6a5ca') in 0.017315 seconds 
========================================================================
Received Import Request.
  Time since last request: 0.000042 seconds.
  path: Assets/Resources/Images/2187.png
  artifactKey: Guid(f4811da421c1adc409eeb64539c57157) Importer(815301076,1909f56bfc062723c751e8b465ee728b)
Start importing Assets/Resources/Images/2187.png using Guid(f4811da421c1adc409eeb64539c57157) Importer(815301076,1909f56bfc062723c751e8b465ee728b)  -> (artifact id: 'd5255f18a1ad2c021406876a0b4a6beb') in 0.012701 seconds 
========================================================================
Received Import Request.
  Time since last request: 0.000039 seconds.
  path: Assets/Resources/Images/2255.png
  artifactKey: Guid(ff2f5e248dc7ffc4eac17364236b5203) Importer(815301076,1909f56bfc062723c751e8b465ee728b)
Start importing Assets/Resources/Images/2255.png using Guid(ff2f5e248dc7ffc4eac17364236b5203) Importer(815301076,1909f56bfc062723c751e8b465ee728b)  -> (artifact id: 'a71229392c3e04bcbecf6dee274d7918') in 0.015883 seconds 
========================================================================
Received Import Request.
  Time since last request: 0.000030 seconds.
  path: Assets/Resources/Images/2185.png
  artifactKey: Guid(442d7d1563b7a5046b3da3475c991795) Importer(815301076,1909f56bfc062723c751e8b465ee728b)
Start importing Assets/Resources/Images/2185.png using Guid(442d7d1563b7a5046b3da3475c991795) Importer(815301076,1909f56bfc062723c751e8b465ee728b)  -> (artifact id: 'c4143544f48901914ee14945090b6590') in 0.012240 seconds 
========================================================================
Received Import Request.
  Time since last request: 9.002776 seconds.
  path: Assets/Resources/Images/2266.png
  artifactKey: Guid(d83ddbd8a846d4c4193f495c1781b3e2) Importer(815301076,1909f56bfc062723c751e8b465ee728b)
Start importing Assets/Resources/Images/2266.png using Guid(d83ddbd8a846d4c4193f495c1781b3e2) Importer(815301076,1909f56bfc062723c751e8b465ee728b)  -> (artifact id: '14f495ea5b9bd99ea2ea0f314de8eeca') in 0.034004 seconds 
========================================================================
Received Import Request.
  Time since last request: 0.000066 seconds.
  path: Assets/Resources/Images/2270.png
  artifactKey: Guid(ef394730a1cd1fd47bcf8804c288d531) Importer(815301076,1909f56bfc062723c751e8b465ee728b)
Start importing Assets/Resources/Images/2270.png using Guid(ef394730a1cd1fd47bcf8804c288d531) Importer(815301076,1909f56bfc062723c751e8b465ee728b)  -> (artifact id: '2d78e97d7014b498d4dd31249d7a3234') in 0.016052 seconds 
========================================================================
Received Import Request.
  Time since last request: 0.062654 seconds.
  path: Assets/Resources/Images/2273.png
  artifactKey: Guid(a854ba7b48232da47bf2e80d4e6db89d) Importer(815301076,1909f56bfc062723c751e8b465ee728b)
Start importing Assets/Resources/Images/2273.png using Guid(a854ba7b48232da47bf2e80d4e6db89d) Importer(815301076,1909f56bfc062723c751e8b465ee728b)  -> (artifact id: '1a56b4851345eae85050efaac04139e3') in 0.030255 seconds 
========================================================================
Received Import Request.
  Time since last request: 1.036294 seconds.
  path: Assets/Resources/Images/2166.png
  artifactKey: Guid(38c2e6d3af75b4e4ca9e111897c63e2c) Importer(815301076,1909f56bfc062723c751e8b465ee728b)
Start importing Assets/Resources/Images/2166.png using Guid(38c2e6d3af75b4e4ca9e111897c63e2c) Importer(815301076,1909f56bfc062723c751e8b465ee728b)  -> (artifact id: '8d448229e33f1394cec5a29ac5b9668f') in 0.033815 seconds 
========================================================================
Received Import Request.
  Time since last request: 0.000067 seconds.
  path: Assets/Resources/Images/2171.png
  artifactKey: Guid(e758ad6ffcf06774a9f8eab621cd3e7b) Importer(815301076,1909f56bfc062723c751e8b465ee728b)
Start importing Assets/Resources/Images/2171.png using Guid(e758ad6ffcf06774a9f8eab621cd3e7b) Importer(815301076,1909f56bfc062723c751e8b465ee728b)  -> (artifact id: '4c577db729397b8988622f0f1b55c55b') in 0.017480 seconds 
========================================================================
Received Import Request.
  Time since last request: 0.323033 seconds.
  path: Assets/Resources/Images/2152.png
  artifactKey: Guid(5ae2ad12d3d25ec4eb0ba9002d9d4fb6) Importer(815301076,1909f56bfc062723c751e8b465ee728b)
Start importing Assets/Resources/Images/2152.png using Guid(5ae2ad12d3d25ec4eb0ba9002d9d4fb6) Importer(815301076,1909f56bfc062723c751e8b465ee728b)  -> (artifact id: '8ff53589804ec4beb775c76dcbd4a3f0') in 0.033667 seconds 
========================================================================
Received Import Request.
  Time since last request: 0.110612 seconds.
  path: Assets/Resources/Images/2088.png
  artifactKey: Guid(99c319237cc2c4949940b2dd383b2c7a) Importer(815301076,1909f56bfc062723c751e8b465ee728b)
Start importing Assets/Resources/Images/2088.png using Guid(99c319237cc2c4949940b2dd383b2c7a) Importer(815301076,1909f56bfc062723c751e8b465ee728b)  -> (artifact id: 'd12cdb6828b8b56a4e47030c61332daf') in 0.022464 seconds 
========================================================================
Received Import Request.
  Time since last request: 0.000051 seconds.
  path: Assets/Resources/Images/2150.png
  artifactKey: Guid(6417fa4a63b01e94180341c7ffa7e81c) Importer(815301076,1909f56bfc062723c751e8b465ee728b)
Start importing Assets/Resources/Images/2150.png using Guid(6417fa4a63b01e94180341c7ffa7e81c) Importer(815301076,1909f56bfc062723c751e8b465ee728b)  -> (artifact id: '95871ce25d4222731e10990280bc28b0') in 0.016611 seconds 
========================================================================
Received Import Request.
  Time since last request: 0.675426 seconds.
  path: Assets/Resources/Images/2081.png
  artifactKey: Guid(9355d5c0b52c3e747b70e4439579d354) Importer(815301076,1909f56bfc062723c751e8b465ee728b)
Start importing Assets/Resources/Images/2081.png using Guid(9355d5c0b52c3e747b70e4439579d354) Importer(815301076,1909f56bfc062723c751e8b465ee728b)  -> (artifact id: '24427dace0b66481844097b82c9a7248') in 0.033775 seconds 
========================================================================
Received Import Request.
  Time since last request: 0.000067 seconds.
  path: Assets/Resources/Images/2085.png
  artifactKey: Guid(e9565355e37613f4da480aaf3e6a444d) Importer(815301076,1909f56bfc062723c751e8b465ee728b)
Start importing Assets/Resources/Images/2085.png using Guid(e9565355e37613f4da480aaf3e6a444d) Importer(815301076,1909f56bfc062723c751e8b465ee728b)  -> (artifact id: '4c9e3a8c55244c3f79b6c6a372396d59') in 0.011111 seconds 
========================================================================
Received Import Request.
  Time since last request: 1.076737 seconds.
  path: Assets/Resources/Images/2074.png
  artifactKey: Guid(d8e96397a55a8994aa0770249ee22592) Importer(815301076,1909f56bfc062723c751e8b465ee728b)
Start importing Assets/Resources/Images/2074.png using Guid(d8e96397a55a8994aa0770249ee22592) Importer(815301076,1909f56bfc062723c751e8b465ee728b)  -> (artifact id: 'd32c96a39d5f94333d51627af53ffe69') in 0.040280 seconds 
========================================================================
Received Import Request.
  Time since last request: 3.432658 seconds.
  path: Assets/Resources/Images/Materials/4449.mat
  artifactKey: Guid(ce907df925709ca47ac2b7d2276a1479) Importer(815301076,1909f56bfc062723c751e8b465ee728b)
Start importing Assets/Resources/Images/Materials/4449.mat using Guid(ce907df925709ca47ac2b7d2276a1479) Importer(815301076,1909f56bfc062723c751e8b465ee728b)  -> (artifact id: 'a5716d5519c8b9e58e7f738c1c910c5c') in 0.280118 seconds 
========================================================================
Received Import Request.
  Time since last request: 0.000034 seconds.
  path: Assets/Resources/Images/Materials/4472.mat
  artifactKey: Guid(16aee90919216f246a17a53df0cd61f0) Importer(815301076,1909f56bfc062723c751e8b465ee728b)
Start importing Assets/Resources/Images/Materials/4472.mat using Guid(16aee90919216f246a17a53df0cd61f0) Importer(815301076,1909f56bfc062723c751e8b465ee728b)  -> (artifact id: 'f7d36edb6e9c8f58331dcd2d033cddfe') in 0.030105 seconds 
========================================================================
Received Import Request.
  Time since last request: 0.000053 seconds.
  path: Assets/Resources/Images/Materials/4478.mat
  artifactKey: Guid(60c77fd8efb77244681cfee1bc9be14b) Importer(815301076,1909f56bfc062723c751e8b465ee728b)
Start importing Assets/Resources/Images/Materials/4478.mat using Guid(60c77fd8efb77244681cfee1bc9be14b) Importer(815301076,1909f56bfc062723c751e8b465ee728b)  -> (artifact id: '183beb25567afbd16e8dd2ab44fe509e') in 0.020047 seconds 
========================================================================
Received Import Request.
  Time since last request: 0.000031 seconds.
  path: Assets/Resources/Images/Materials/4483.mat
  artifactKey: Guid(ad3150b4edf4d41489e710adb6d2765f) Importer(815301076,1909f56bfc062723c751e8b465ee728b)
Start importing Assets/Resources/Images/Materials/4483.mat using Guid(ad3150b4edf4d41489e710adb6d2765f) Importer(815301076,1909f56bfc062723c751e8b465ee728b)  -> (artifact id: 'd1879a150e7425e6a866fd442f4cadd4') in 0.014006 seconds 
========================================================================
Received Import Request.
  Time since last request: 0.000037 seconds.
  path: Assets/Resources/Images/Materials/4473.mat
  artifactKey: Guid(b512647ea47310e4197c2687f951a065) Importer(815301076,1909f56bfc062723c751e8b465ee728b)
Start importing Assets/Resources/Images/Materials/4473.mat using Guid(b512647ea47310e4197c2687f951a065) Importer(815301076,1909f56bfc062723c751e8b465ee728b)  -> (artifact id: '5d22fd9d70080e6ec7eac24eb29741b8') in 0.014484 seconds 
========================================================================
Received Import Request.
  Time since last request: 0.492525 seconds.
  path: Assets/Resources/Images/Materials/4385.mat
  artifactKey: Guid(3fabb20493d4a8940af33c3c70859459) Importer(815301076,1909f56bfc062723c751e8b465ee728b)
Start importing Assets/Resources/Images/Materials/4385.mat using Guid(3fabb20493d4a8940af33c3c70859459) Importer(815301076,1909f56bfc062723c751e8b465ee728b)  -> (artifact id: '21ec510dadd45b734fde851627d1bc3f') in 0.041322 seconds 
========================================================================
Received Import Request.
  Time since last request: 0.000049 seconds.
  path: Assets/Resources/Images/Materials/4381.mat
  artifactKey: Guid(de918a1eccf95344fa615666b31d906b) Importer(815301076,1909f56bfc062723c751e8b465ee728b)
Start importing Assets/Resources/Images/Materials/4381.mat using Guid(de918a1eccf95344fa615666b31d906b) Importer(815301076,1909f56bfc062723c751e8b465ee728b)  -> (artifact id: '252be6e516747c46c5d902d82a0edcdd') in 0.027660 seconds 
========================================================================
Received Import Request.
  Time since last request: 0.000097 seconds.
  path: Assets/Resources/Images/Materials/4371.mat
  artifactKey: Guid(f8eb8d5e3648298478cf00c9f47b5ed1) Importer(815301076,1909f56bfc062723c751e8b465ee728b)
Start importing Assets/Resources/Images/Materials/4371.mat using Guid(f8eb8d5e3648298478cf00c9f47b5ed1) Importer(815301076,1909f56bfc062723c751e8b465ee728b)  -> (artifact id: '8421b9d1f276bc34d82ec1cdddb8cb51') in 0.028602 seconds 
========================================================================
Received Import Request.
  Time since last request: 0.000033 seconds.
  path: Assets/Resources/Images/Materials/4350.mat
  artifactKey: Guid(a5d28fbee715e3c479ed7fa176247b97) Importer(815301076,1909f56bfc062723c751e8b465ee728b)
Start importing Assets/Resources/Images/Materials/4350.mat using Guid(a5d28fbee715e3c479ed7fa176247b97) Importer(815301076,1909f56bfc062723c751e8b465ee728b)  -> (artifact id: 'a390ec88b469f8960ca5354c62e0a061') in 0.015665 seconds 
========================================================================
Received Import Request.
  Time since last request: 0.000037 seconds.
  path: Assets/Resources/Images/Materials/4367.mat
  artifactKey: Guid(f071f43fbd58745449649cb781d04263) Importer(815301076,1909f56bfc062723c751e8b465ee728b)
Start importing Assets/Resources/Images/Materials/4367.mat using Guid(f071f43fbd58745449649cb781d04263) Importer(815301076,1909f56bfc062723c751e8b465ee728b)  -> (artifact id: '3ea4b29d890d988f4cc955eab8865864') in 0.013037 seconds 
========================================================================
Received Import Request.
  Time since last request: 0.000032 seconds.
  path: Assets/Resources/Images/Materials/4356.mat
  artifactKey: Guid(916ba4b7615e9904ba9c6ae34fa46e3e) Importer(815301076,1909f56bfc062723c751e8b465ee728b)
Start importing Assets/Resources/Images/Materials/4356.mat using Guid(916ba4b7615e9904ba9c6ae34fa46e3e) Importer(815301076,1909f56bfc062723c751e8b465ee728b)  -> (artifact id: 'a9dbb04a0d43576062315c7792f3ae6b') in 0.018985 seconds 
========================================================================
Received Import Request.
  Time since last request: 0.000072 seconds.
  path: Assets/Resources/Images/Materials/4382.mat
  artifactKey: Guid(0464a1a06f82ae64b9abdd28a260f806) Importer(815301076,1909f56bfc062723c751e8b465ee728b)
Start importing Assets/Resources/Images/Materials/4382.mat using Guid(0464a1a06f82ae64b9abdd28a260f806) Importer(815301076,1909f56bfc062723c751e8b465ee728b)  -> (artifact id: '7d7372dad0737a01bcaa642a46c6c065') in 0.015750 seconds 
========================================================================
Received Import Request.
  Time since last request: 0.016282 seconds.
  path: Assets/Resources/Images/Materials/4272.mat
  artifactKey: Guid(d86ddd82c7d3fa34d97308b8bfbebbff) Importer(815301076,1909f56bfc062723c751e8b465ee728b)
Start importing Assets/Resources/Images/Materials/4272.mat using Guid(d86ddd82c7d3fa34d97308b8bfbebbff) Importer(815301076,1909f56bfc062723c751e8b465ee728b)  -> (artifact id: 'b03f2ce9da8ddc1b9662550073d1dbd3') in 0.018003 seconds 
========================================================================
Received Import Request.
  Time since last request: 0.000058 seconds.
  path: Assets/Resources/Images/Materials/4285.mat
  artifactKey: Guid(ccf50646340fda94fa8392237631763f) Importer(815301076,1909f56bfc062723c751e8b465ee728b)
Start importing Assets/Resources/Images/Materials/4285.mat using Guid(ccf50646340fda94fa8392237631763f) Importer(815301076,1909f56bfc062723c751e8b465ee728b)  -> (artifact id: '89c92645c44e03b9de5a0d6f49eb6c06') in 0.017612 seconds 
========================================================================
Received Import Request.
  Time since last request: 0.000042 seconds.
  path: Assets/Resources/Images/Materials/4348.mat
  artifactKey: Guid(8e56429bcd0e2be41ad97bcdf30ff179) Importer(815301076,1909f56bfc062723c751e8b465ee728b)
Start importing Assets/Resources/Images/Materials/4348.mat using Guid(8e56429bcd0e2be41ad97bcdf30ff179) Importer(815301076,1909f56bfc062723c751e8b465ee728b)  -> (artifact id: 'be7e5084bb527ef9aa8a17f4bdf1b931') in 0.017936 seconds 
========================================================================
Received Import Request.
  Time since last request: 0.000072 seconds.
  path: Assets/Resources/Images/Materials/4283.mat
  artifactKey: Guid(095edab60b95af141a14d7ba26ea25eb) Importer(815301076,1909f56bfc062723c751e8b465ee728b)
Start importing Assets/Resources/Images/Materials/4283.mat using Guid(095edab60b95af141a14d7ba26ea25eb) Importer(815301076,1909f56bfc062723c751e8b465ee728b)  -> (artifact id: '3d99609f1fafbbfe7cc39b78601e95df') in 0.017104 seconds 
========================================================================
Received Import Request.
  Time since last request: 0.000031 seconds.
  path: Assets/Resources/Images/Materials/4251.mat
  artifactKey: Guid(5535e66a65880e9499a07ff82486212c) Importer(815301076,1909f56bfc062723c751e8b465ee728b)
Start importing Assets/Resources/Images/Materials/4251.mat using Guid(5535e66a65880e9499a07ff82486212c) Importer(815301076,1909f56bfc062723c751e8b465ee728b)  -> (artifact id: '2af00ded2661374567b5f1546006c1a6') in 0.021692 seconds 
========================================================================
Received Import Request.
  Time since last request: 0.000071 seconds.
  path: Assets/Resources/Images/Materials/4255.mat
  artifactKey: Guid(8b628b98ae1e01d4b9ad995c6eb991b9) Importer(815301076,1909f56bfc062723c751e8b465ee728b)
Start importing Assets/Resources/Images/Materials/4255.mat using Guid(8b628b98ae1e01d4b9ad995c6eb991b9) Importer(815301076,1909f56bfc062723c751e8b465ee728b)  -> (artifact id: '64c64fc72d046bfa4a65541d8e095642') in 0.019573 seconds 
========================================================================
Received Import Request.
  Time since last request: 0.000035 seconds.
  path: Assets/Resources/Images/Materials/4254.mat
  artifactKey: Guid(4749de03178ec5144bc83941922b2b8e) Importer(815301076,1909f56bfc062723c751e8b465ee728b)
Start importing Assets/Resources/Images/Materials/4254.mat using Guid(4749de03178ec5144bc83941922b2b8e) Importer(815301076,1909f56bfc062723c751e8b465ee728b)  -> (artifact id: 'b4df7a264b46b29bec7c8ee1cc7a6de5') in 0.018667 seconds 
========================================================================
Received Import Request.
  Time since last request: 0.000030 seconds.
  path: Assets/Resources/Images/Materials/4172.mat
  artifactKey: Guid(b18e556d8026bf84b94c29e7cb483e1c) Importer(815301076,1909f56bfc062723c751e8b465ee728b)
Start importing Assets/Resources/Images/Materials/4172.mat using Guid(b18e556d8026bf84b94c29e7cb483e1c) Importer(815301076,1909f56bfc062723c751e8b465ee728b)  -> (artifact id: 'b039b8394188140819a6b24465f65455') in 0.016969 seconds 
========================================================================
Received Import Request.
  Time since last request: 0.000032 seconds.
  path: Assets/Resources/Images/Materials/4185.mat
  artifactKey: Guid(45328a101862ff349b0e7d98f915369c) Importer(815301076,1909f56bfc062723c751e8b465ee728b)
Start importing Assets/Resources/Images/Materials/4185.mat using Guid(45328a101862ff349b0e7d98f915369c) Importer(815301076,1909f56bfc062723c751e8b465ee728b)  -> (artifact id: '8b8eecc74c4072c6cb8411463b500bcf') in 0.023401 seconds 
========================================================================
Received Import Request.
  Time since last request: 0.000032 seconds.
  path: Assets/Resources/Images/Materials/4171.mat
  artifactKey: Guid(649bf0b9fc4d8044a8cbebd3f5fcf7e7) Importer(815301076,1909f56bfc062723c751e8b465ee728b)
Start importing Assets/Resources/Images/Materials/4171.mat using Guid(649bf0b9fc4d8044a8cbebd3f5fcf7e7) Importer(815301076,1909f56bfc062723c751e8b465ee728b)  -> (artifact id: '2bf90bf0c2713f59d4e917be8e26d3c7') in 0.017456 seconds 
========================================================================
Received Import Request.
  Time since last request: 0.000039 seconds.
  path: Assets/Resources/Images/Materials/4180.mat
  artifactKey: Guid(360e0967a274bd548b6d26b8826ad11d) Importer(815301076,1909f56bfc062723c751e8b465ee728b)
Start importing Assets/Resources/Images/Materials/4180.mat using Guid(360e0967a274bd548b6d26b8826ad11d) Importer(815301076,1909f56bfc062723c751e8b465ee728b)  -> (artifact id: '62b8c5229b2e8ffde1c20f32ca2ea0c9') in 0.021775 seconds 
========================================================================
Received Import Request.
  Time since last request: 0.000039 seconds.
  path: Assets/Resources/Images/Materials/4155.mat
  artifactKey: Guid(cb9d86ae3f415a444814f37a11d14dc7) Importer(815301076,1909f56bfc062723c751e8b465ee728b)
Start importing Assets/Resources/Images/Materials/4155.mat using Guid(cb9d86ae3f415a444814f37a11d14dc7) Importer(815301076,1909f56bfc062723c751e8b465ee728b)  -> (artifact id: '262b2a598316ea311a1b85cbb2101b90') in 0.015916 seconds 
========================================================================
Received Import Request.
  Time since last request: 0.000045 seconds.
  path: Assets/Resources/Images/Materials/4082.mat
  artifactKey: Guid(6596fbc2bab05204296c9782aa75b474) Importer(815301076,1909f56bfc062723c751e8b465ee728b)
Start importing Assets/Resources/Images/Materials/4082.mat using Guid(6596fbc2bab05204296c9782aa75b474) Importer(815301076,1909f56bfc062723c751e8b465ee728b)  -> (artifact id: '2dae8e922f7a2615360a9b8e35ee8711') in 0.018167 seconds 
========================================================================
Received Import Request.
  Time since last request: 0.000034 seconds.
  path: Assets/Resources/Images/Materials/4088.mat
  artifactKey: Guid(cbd132ff12495764c897ec55a5ac9495) Importer(815301076,1909f56bfc062723c751e8b465ee728b)
Start importing Assets/Resources/Images/Materials/4088.mat using Guid(cbd132ff12495764c897ec55a5ac9495) Importer(815301076,1909f56bfc062723c751e8b465ee728b)  -> (artifact id: '1c8fdcedaad9042ca330f93b29992f2e') in 0.017401 seconds 
========================================================================
Received Import Request.
  Time since last request: 0.000032 seconds.
  path: Assets/Resources/Images/Materials/4090.mat
  artifactKey: Guid(0813a9ff19a09e84cae02058aa36a3c9) Importer(815301076,1909f56bfc062723c751e8b465ee728b)
Start importing Assets/Resources/Images/Materials/4090.mat using Guid(0813a9ff19a09e84cae02058aa36a3c9) Importer(815301076,1909f56bfc062723c751e8b465ee728b)  -> (artifact id: 'f92b3488235edf27f4bab7de3ac698bf') in 0.016437 seconds 
========================================================================
Received Import Request.
  Time since last request: 0.000031 seconds.
  path: Assets/Resources/Images/Materials/4053.mat
  artifactKey: Guid(b05dd0f0ddae8be45a9b355a9ccadd76) Importer(815301076,1909f56bfc062723c751e8b465ee728b)
Start importing Assets/Resources/Images/Materials/4053.mat using Guid(b05dd0f0ddae8be45a9b355a9ccadd76) Importer(815301076,1909f56bfc062723c751e8b465ee728b)  -> (artifact id: '511c91cc9ee7a9db731c35c84a40914c') in 0.012969 seconds 
========================================================================
Received Import Request.
  Time since last request: 0.000031 seconds.
  path: Assets/Resources/Images/Materials/4084.mat
  artifactKey: Guid(023f67999d96fe24eabfd48e9f224c2c) Importer(815301076,1909f56bfc062723c751e8b465ee728b)
Start importing Assets/Resources/Images/Materials/4084.mat using Guid(023f67999d96fe24eabfd48e9f224c2c) Importer(815301076,1909f56bfc062723c751e8b465ee728b)  -> (artifact id: '19ce048eb13de795176ae0970af0ee3a') in 0.016616 seconds 
========================================================================
Received Import Request.
  Time since last request: 0.000034 seconds.
  path: Assets/Resources/Images/Materials/4068.mat
  artifactKey: Guid(07c99f3f80837f84f92382573f040226) Importer(815301076,1909f56bfc062723c751e8b465ee728b)
Start importing Assets/Resources/Images/Materials/4068.mat using Guid(07c99f3f80837f84f92382573f040226) Importer(815301076,1909f56bfc062723c751e8b465ee728b)  -> (artifact id: '9f40f467d9e07ab428a4977cc9122607') in 0.018582 seconds 
========================================================================
Received Import Request.
  Time since last request: 0.000031 seconds.
  path: Assets/Resources/Images/Materials/3748.mat
  artifactKey: Guid(2b6b931edbd87544cbd3c974d96b7f71) Importer(815301076,1909f56bfc062723c751e8b465ee728b)
Start importing Assets/Resources/Images/Materials/3748.mat using Guid(2b6b931edbd87544cbd3c974d96b7f71) Importer(815301076,1909f56bfc062723c751e8b465ee728b)  -> (artifact id: '764a8d8b1bf7cd0c7a11824523a920f0') in 0.014782 seconds 
========================================================================
Received Import Request.
  Time since last request: 0.000031 seconds.
  path: Assets/Resources/Images/Materials/3767.mat
  artifactKey: Guid(2f28b4fa144470e478da033965917ec7) Importer(815301076,1909f56bfc062723c751e8b465ee728b)
Start importing Assets/Resources/Images/Materials/3767.mat using Guid(2f28b4fa144470e478da033965917ec7) Importer(815301076,1909f56bfc062723c751e8b465ee728b)  -> (artifact id: '2f7c0ca3b81cbe466abe83f71dab5064') in 0.020138 seconds 
========================================================================
Received Import Request.
  Time since last request: 0.000033 seconds.
  path: Assets/Resources/Images/Materials/3687.mat
  artifactKey: Guid(6101f636ef1341d4d93ae98d20b4efa9) Importer(815301076,1909f56bfc062723c751e8b465ee728b)
Start importing Assets/Resources/Images/Materials/3687.mat using Guid(6101f636ef1341d4d93ae98d20b4efa9) Importer(815301076,1909f56bfc062723c751e8b465ee728b)  -> (artifact id: '3ff9de7e80302d4ad8a837d048b15675') in 0.012806 seconds 
========================================================================
Received Import Request.
  Time since last request: 0.000044 seconds.
  path: Assets/Resources/Images/Materials/3555.mat
  artifactKey: Guid(db24deb7b3690124eab4372b6e89cd7f) Importer(815301076,1909f56bfc062723c751e8b465ee728b)
Start importing Assets/Resources/Images/Materials/3555.mat using Guid(db24deb7b3690124eab4372b6e89cd7f) Importer(815301076,1909f56bfc062723c751e8b465ee728b)  -> (artifact id: 'db9b4e2fa5142374ef55c3b894ad7840') in 0.017277 seconds 
========================================================================
Received Import Request.
  Time since last request: 0.000046 seconds.
  path: Assets/Resources/Images/Materials/3557.mat
  artifactKey: Guid(10621e074189d404cb46cdf8ff4cf0cd) Importer(815301076,1909f56bfc062723c751e8b465ee728b)
Start importing Assets/Resources/Images/Materials/3557.mat using Guid(10621e074189d404cb46cdf8ff4cf0cd) Importer(815301076,1909f56bfc062723c751e8b465ee728b)  -> (artifact id: '281c7b5025bb1d02ff4184aa16584c06') in 0.016153 seconds 
========================================================================
Received Import Request.
  Time since last request: 0.000042 seconds.
  path: Assets/Resources/Images/Materials/3577.mat
  artifactKey: Guid(195ba57ca06e3184696ea039a107716d) Importer(815301076,1909f56bfc062723c751e8b465ee728b)
Start importing Assets/Resources/Images/Materials/3577.mat using Guid(195ba57ca06e3184696ea039a107716d) Importer(815301076,1909f56bfc062723c751e8b465ee728b)  -> (artifact id: '5b4f08860f38406ff9902b841ef1e249') in 0.013603 seconds 
========================================================================
Received Import Request.
  Time since last request: 0.000030 seconds.
  path: Assets/Resources/Images/Materials/3686.mat
  artifactKey: Guid(32fcba2ebaaafa249b7c168d6ed147b8) Importer(815301076,1909f56bfc062723c751e8b465ee728b)
Start importing Assets/Resources/Images/Materials/3686.mat using Guid(32fcba2ebaaafa249b7c168d6ed147b8) Importer(815301076,1909f56bfc062723c751e8b465ee728b)  -> (artifact id: 'e1be4b25c7b4c28eb7c8da4d27692a4e') in 0.017944 seconds 
========================================================================
Received Import Request.
  Time since last request: 0.000034 seconds.
  path: Assets/Resources/Images/Materials/3567.mat
  artifactKey: Guid(4ddb3ecba55e31c4d807a08ab76165fe) Importer(815301076,1909f56bfc062723c751e8b465ee728b)
Start importing Assets/Resources/Images/Materials/3567.mat using Guid(4ddb3ecba55e31c4d807a08ab76165fe) Importer(815301076,1909f56bfc062723c751e8b465ee728b)  -> (artifact id: '827038721c1eceeb177bf65c26ebba01') in 0.013755 seconds 
========================================================================
Received Import Request.
  Time since last request: 0.000202 seconds.
  path: Assets/Resources/Images/Materials/3548.mat
  artifactKey: Guid(88b922ee27e15a44f8988459be78c687) Importer(815301076,1909f56bfc062723c751e8b465ee728b)
Start importing Assets/Resources/Images/Materials/3548.mat using Guid(88b922ee27e15a44f8988459be78c687) Importer(815301076,1909f56bfc062723c751e8b465ee728b)  -> (artifact id: 'a24cd9b43b9f60cb1203556b019f0490') in 0.021322 seconds 
========================================================================
Received Import Request.
  Time since last request: 0.000033 seconds.
  path: Assets/Resources/Images/Materials/2766.mat
  artifactKey: Guid(2aaf40642672605498eea12c5897d77e) Importer(815301076,1909f56bfc062723c751e8b465ee728b)
Start importing Assets/Resources/Images/Materials/2766.mat using Guid(2aaf40642672605498eea12c5897d77e) Importer(815301076,1909f56bfc062723c751e8b465ee728b)  -> (artifact id: '70673ad26de7925d1bebe8071c652502') in 0.020770 seconds 
========================================================================
Received Import Request.
  Time since last request: 0.000050 seconds.
  path: Assets/Resources/Images/Materials/3573.mat
  artifactKey: Guid(73a197e82b1aaf84ab08882631c45de6) Importer(815301076,1909f56bfc062723c751e8b465ee728b)
Start importing Assets/Resources/Images/Materials/3573.mat using Guid(73a197e82b1aaf84ab08882631c45de6) Importer(815301076,1909f56bfc062723c751e8b465ee728b)  -> (artifact id: '170f2add744f70071ba3553cf5bd00fc') in 0.018463 seconds 
========================================================================
Received Import Request.
  Time since last request: 0.000034 seconds.
  path: Assets/Resources/Images/Materials/2579.mat
  artifactKey: Guid(3f9955e500fe73243bf3f8295a12c1f8) Importer(815301076,1909f56bfc062723c751e8b465ee728b)
Start importing Assets/Resources/Images/Materials/2579.mat using Guid(3f9955e500fe73243bf3f8295a12c1f8) Importer(815301076,1909f56bfc062723c751e8b465ee728b)  -> (artifact id: '140c5411776130a39a8782ea3876f6c8') in 0.019512 seconds 
========================================================================
Received Import Request.
  Time since last request: 0.000035 seconds.
  path: Assets/Resources/Images/Materials/2589.mat
  artifactKey: Guid(1a0985417dff8c7458e7fd290f16808c) Importer(815301076,1909f56bfc062723c751e8b465ee728b)
Start importing Assets/Resources/Images/Materials/2589.mat using Guid(1a0985417dff8c7458e7fd290f16808c) Importer(815301076,1909f56bfc062723c751e8b465ee728b)  -> (artifact id: 'e20d1f8d0a482522d610291e0d83654c') in 0.013347 seconds 
========================================================================
Received Import Request.
  Time since last request: 0.000048 seconds.
  path: Assets/Resources/Images/Materials/3788.mat
  artifactKey: Guid(2851f7f66c4825949ad7da580921c692) Importer(815301076,1909f56bfc062723c751e8b465ee728b)
Start importing Assets/Resources/Images/Materials/3788.mat using Guid(2851f7f66c4825949ad7da580921c692) Importer(815301076,1909f56bfc062723c751e8b465ee728b)  -> (artifact id: '0fdbd27484e9b388f9e50a1ad21ad808') in 0.015508 seconds 
========================================================================
Received Import Request.
  Time since last request: 0.000030 seconds.
  path: Assets/Resources/Images/Materials/4065.mat
  artifactKey: Guid(f52226d59dee8fa49bd5dfb62b5c6976) Importer(815301076,1909f56bfc062723c751e8b465ee728b)
Start importing Assets/Resources/Images/Materials/4065.mat using Guid(f52226d59dee8fa49bd5dfb62b5c6976) Importer(815301076,1909f56bfc062723c751e8b465ee728b)  -> (artifact id: 'c464423eac08bdbe4173189a9f603517') in 0.012929 seconds 
========================================================================
Received Import Request.
  Time since last request: 0.000031 seconds.
  path: Assets/Resources/Images/Materials/1784.mat
  artifactKey: Guid(d9031fc9a1ea23f4494cfe6402ddf839) Importer(815301076,1909f56bfc062723c751e8b465ee728b)
Start importing Assets/Resources/Images/Materials/1784.mat using Guid(d9031fc9a1ea23f4494cfe6402ddf839) Importer(815301076,1909f56bfc062723c751e8b465ee728b)  -> (artifact id: '0183e558cfb84413fdc9cee44b637084') in 0.017278 seconds 
========================================================================
Received Import Request.
  Time since last request: 0.000040 seconds.
  path: Assets/Resources/Images/Materials/1785.mat
  artifactKey: Guid(d0680135e8efae54e9761d8f28c09ae0) Importer(815301076,1909f56bfc062723c751e8b465ee728b)
Start importing Assets/Resources/Images/Materials/1785.mat using Guid(d0680135e8efae54e9761d8f28c09ae0) Importer(815301076,1909f56bfc062723c751e8b465ee728b)  -> (artifact id: '6b5193f0ad9e6059b2a152891b91c7ca') in 0.022043 seconds 
========================================================================
Received Import Request.
  Time since last request: 0.000049 seconds.
  path: Assets/Resources/Images/Materials/1771.mat
  artifactKey: Guid(24379544f30065f428f82dba023a12ab) Importer(815301076,1909f56bfc062723c751e8b465ee728b)
Start importing Assets/Resources/Images/Materials/1771.mat using Guid(24379544f30065f428f82dba023a12ab) Importer(815301076,1909f56bfc062723c751e8b465ee728b)  -> (artifact id: '84b588a6f93f9cb95ec7c206c40464d4') in 0.018384 seconds 
========================================================================
Received Import Request.
  Time since last request: 0.000032 seconds.
  path: Assets/Resources/Images/Materials/4176.mat
  artifactKey: Guid(85552e425f8e4024ca81d18d391505be) Importer(815301076,1909f56bfc062723c751e8b465ee728b)
Start importing Assets/Resources/Images/Materials/4176.mat using Guid(85552e425f8e4024ca81d18d391505be) Importer(815301076,1909f56bfc062723c751e8b465ee728b)  -> (artifact id: 'e5c3174ff7a2d5aa567709d9cba1a341') in 0.015659 seconds 
========================================================================
Received Import Request.
  Time since last request: 0.000043 seconds.
  path: Assets/Resources/Images/Materials/4169.mat
  artifactKey: Guid(259773ddf006977408c264f1af619f13) Importer(815301076,1909f56bfc062723c751e8b465ee728b)
Start importing Assets/Resources/Images/Materials/4169.mat using Guid(259773ddf006977408c264f1af619f13) Importer(815301076,1909f56bfc062723c751e8b465ee728b)  -> (artifact id: '57812c489615d51a78a1297eb223de47') in 0.020928 seconds 
========================================================================
Received Import Request.
  Time since last request: 0.000029 seconds.
  path: Assets/Resources/Images/Materials/1680.mat
  artifactKey: Guid(072954298b0f96a459cd04aeaab12460) Importer(815301076,1909f56bfc062723c751e8b465ee728b)
Start importing Assets/Resources/Images/Materials/1680.mat using Guid(072954298b0f96a459cd04aeaab12460) Importer(815301076,1909f56bfc062723c751e8b465ee728b)  -> (artifact id: '2b18d4c8559c84bab5002328112ef80a') in 0.019658 seconds 
========================================================================
Received Import Request.
  Time since last request: 0.000028 seconds.
  path: Assets/Resources/Images/Materials/1678.mat
  artifactKey: Guid(5d60f7d67219df24d8e71f7ad2ee90ae) Importer(815301076,1909f56bfc062723c751e8b465ee728b)
Start importing Assets/Resources/Images/Materials/1678.mat using Guid(5d60f7d67219df24d8e71f7ad2ee90ae) Importer(815301076,1909f56bfc062723c751e8b465ee728b)  -> (artifact id: 'c8895a35d07bd14bea9c558fc233e992') in 0.022649 seconds 
========================================================================
Received Import Request.
  Time since last request: 0.000031 seconds.
  path: Assets/Resources/Images/Materials/1682.mat
  artifactKey: Guid(e9c25f5bce3c3644c991098f640446de) Importer(815301076,1909f56bfc062723c751e8b465ee728b)
Start importing Assets/Resources/Images/Materials/1682.mat using Guid(e9c25f5bce3c3644c991098f640446de) Importer(815301076,1909f56bfc062723c751e8b465ee728b)  -> (artifact id: '7d521e3e92e442ff6f79b243fd1f4301') in 0.015418 seconds 
========================================================================
Received Import Request.
  Time since last request: 0.000046 seconds.
  path: Assets/Resources/Images/Materials/1565.mat
  artifactKey: Guid(8f037d77013c5fe4ab15138aa9b940e5) Importer(815301076,1909f56bfc062723c751e8b465ee728b)
Start importing Assets/Resources/Images/Materials/1565.mat using Guid(8f037d77013c5fe4ab15138aa9b940e5) Importer(815301076,1909f56bfc062723c751e8b465ee728b)  -> (artifact id: '3228d034f68acf6cb7685ea452746036') in 0.019346 seconds 
========================================================================
Received Import Request.
  Time since last request: 0.000031 seconds.
  path: Assets/Resources/Images/Materials/1566.mat
  artifactKey: Guid(7b3568dbeeae12f49b464be25cc74c00) Importer(815301076,1909f56bfc062723c751e8b465ee728b)
Start importing Assets/Resources/Images/Materials/1566.mat using Guid(7b3568dbeeae12f49b464be25cc74c00) Importer(815301076,1909f56bfc062723c751e8b465ee728b)  -> (artifact id: 'da7157e55e8c5dfcf6cbd0c2182ab9ed') in 0.019246 seconds 
========================================================================
Received Import Request.
  Time since last request: 0.000032 seconds.
  path: Assets/Resources/Images/Materials/1556.mat
  artifactKey: Guid(d66883b70a57212428beb5b18a5ebe35) Importer(815301076,1909f56bfc062723c751e8b465ee728b)
Start importing Assets/Resources/Images/Materials/1556.mat using Guid(d66883b70a57212428beb5b18a5ebe35) Importer(815301076,1909f56bfc062723c751e8b465ee728b)  -> (artifact id: '7015418cb67df954cdd069afe59e58c3') in 0.016947 seconds 
========================================================================
Received Import Request.
  Time since last request: 0.000030 seconds.
  path: Assets/Resources/Images/Materials/0749.mat
  artifactKey: Guid(21d61eca2abbe7442875906b585e412d) Importer(815301076,1909f56bfc062723c751e8b465ee728b)
Start importing Assets/Resources/Images/Materials/0749.mat using Guid(21d61eca2abbe7442875906b585e412d) Importer(815301076,1909f56bfc062723c751e8b465ee728b)  -> (artifact id: 'eccd511e8d6ee9e26fd61ecfbd518016') in 0.026902 seconds 
========================================================================
Received Import Request.
  Time since last request: 0.000031 seconds.
  path: Assets/Resources/Images/Materials/0689.mat
  artifactKey: Guid(9cd5c8ffa4c70f44a9fca72f4d293676) Importer(815301076,1909f56bfc062723c751e8b465ee728b)
Start importing Assets/Resources/Images/Materials/0689.mat using Guid(9cd5c8ffa4c70f44a9fca72f4d293676) Importer(815301076,1909f56bfc062723c751e8b465ee728b)  -> (artifact id: 'a8ddffe28dde938e5e05a3493462240a') in 0.029690 seconds 
========================================================================
Received Import Request.
  Time since last request: 0.000028 seconds.
  path: Assets/Resources/Images/Materials/1555.mat
  artifactKey: Guid(8c5b8c04910efa54498add90b5275b83) Importer(815301076,1909f56bfc062723c751e8b465ee728b)
Start importing Assets/Resources/Images/Materials/1555.mat using Guid(8c5b8c04910efa54498add90b5275b83) Importer(815301076,1909f56bfc062723c751e8b465ee728b)  -> (artifact id: 'bdce649041884acdddc171943c02f3ab') in 0.016641 seconds 
========================================================================
Received Import Request.
  Time since last request: 0.000028 seconds.
  path: Assets/Resources/Images/Materials/1571.mat
  artifactKey: Guid(0af218c22bf5c5b43bb3a0bd38cf9373) Importer(815301076,1909f56bfc062723c751e8b465ee728b)
Start importing Assets/Resources/Images/Materials/1571.mat using Guid(0af218c22bf5c5b43bb3a0bd38cf9373) Importer(815301076,1909f56bfc062723c751e8b465ee728b)  -> (artifact id: 'f9e40f28e5eec315ac7cc2f9e5b94f21') in 0.022004 seconds 
========================================================================
Received Import Request.
  Time since last request: 0.000032 seconds.
  path: Assets/Resources/Images/Materials/1688.mat
  artifactKey: Guid(522cb36d83f2c01458eeeda0c89a14bb) Importer(815301076,1909f56bfc062723c751e8b465ee728b)
Start importing Assets/Resources/Images/Materials/1688.mat using Guid(522cb36d83f2c01458eeeda0c89a14bb) Importer(815301076,1909f56bfc062723c751e8b465ee728b)  -> (artifact id: '5c61b8ed34f3eeb375e2d5c4ffb08bad') in 0.019645 seconds 
========================================================================
Received Import Request.
  Time since last request: 0.000064 seconds.
  path: Assets/Resources/Images/Materials/0579.mat
  artifactKey: Guid(cf9c36be196dfea4a86cde6c55d2115b) Importer(815301076,1909f56bfc062723c751e8b465ee728b)
Start importing Assets/Resources/Images/Materials/0579.mat using Guid(cf9c36be196dfea4a86cde6c55d2115b) Importer(815301076,1909f56bfc062723c751e8b465ee728b)  -> (artifact id: '23635f36d2264d3bdf5d9d38a0b1194e') in 0.015612 seconds 
========================================================================
Received Import Request.
  Time since last request: 0.000050 seconds.
  path: Assets/Resources/Images/Materials/0581.mat
  artifactKey: Guid(4417046756230e54a8eb6d8995f9e802) Importer(815301076,1909f56bfc062723c751e8b465ee728b)
Start importing Assets/Resources/Images/Materials/0581.mat using Guid(4417046756230e54a8eb6d8995f9e802) Importer(815301076,1909f56bfc062723c751e8b465ee728b)  -> (artifact id: '42efa0846efa33ba40ef323ed56f7d45') in 0.013736 seconds 
========================================================================
Received Import Request.
  Time since last request: 0.000047 seconds.
  path: Assets/Resources/Images/Materials/0669.mat
  artifactKey: Guid(6d92647fdd3a0d045a485a9ab6220cbe) Importer(815301076,1909f56bfc062723c751e8b465ee728b)
Start importing Assets/Resources/Images/Materials/0669.mat using Guid(6d92647fdd3a0d045a485a9ab6220cbe) Importer(815301076,1909f56bfc062723c751e8b465ee728b)  -> (artifact id: '92e968352be93c617778ec3f91803e52') in 0.023436 seconds 
========================================================================
Received Import Request.
  Time since last request: 0.000032 seconds.
  path: Assets/Resources/Images/Materials/0667.mat
  artifactKey: Guid(507d3f6ee0f9e724f8234059bc7d55c2) Importer(815301076,1909f56bfc062723c751e8b465ee728b)
Start importing Assets/Resources/Images/Materials/0667.mat using Guid(507d3f6ee0f9e724f8234059bc7d55c2) Importer(815301076,1909f56bfc062723c751e8b465ee728b)  -> (artifact id: 'fa44fd0ecde666ca846a624e663e3745') in 0.019805 seconds 
========================================================================
Received Import Request.
  Time since last request: 0.000032 seconds.
  path: Assets/Resources/Images/Materials/2754.mat
  artifactKey: Guid(db13720e20f73034f99fe2b709c13037) Importer(815301076,1909f56bfc062723c751e8b465ee728b)
Start importing Assets/Resources/Images/Materials/2754.mat using Guid(db13720e20f73034f99fe2b709c13037) Importer(815301076,1909f56bfc062723c751e8b465ee728b)  -> (artifact id: 'ac3dc9fd3696f74eb7dcbab7854ee2f4') in 0.021185 seconds 
========================================================================
Received Import Request.
  Time since last request: 0.000039 seconds.
  path: Assets/Resources/Images/Materials/0657.mat
  artifactKey: Guid(b546e6a83951a074b883fd9cfc50bc66) Importer(815301076,1909f56bfc062723c751e8b465ee728b)
Start importing Assets/Resources/Images/Materials/0657.mat using Guid(b546e6a83951a074b883fd9cfc50bc66) Importer(815301076,1909f56bfc062723c751e8b465ee728b)  -> (artifact id: '3d6477620f852d4b62c871f46f3f4ddd') in 0.019684 seconds 
========================================================================
Received Import Request.
  Time since last request: 0.000034 seconds.
  path: Assets/Resources/Images/Materials/0585.mat
  artifactKey: Guid(f1c0d8c37a2f548458dbd9c2bc01d9b9) Importer(815301076,1909f56bfc062723c751e8b465ee728b)
Start importing Assets/Resources/Images/Materials/0585.mat using Guid(f1c0d8c37a2f548458dbd9c2bc01d9b9) Importer(815301076,1909f56bfc062723c751e8b465ee728b)  -> (artifact id: '6862648364a854bad44d9e48741ec232') in 0.012983 seconds 
========================================================================
Received Import Request.
  Time since last request: 0.000031 seconds.
  path: Assets/Resources/Images/Materials/1681.mat
  artifactKey: Guid(7801209e2750ca34193aceebcb1a8d83) Importer(815301076,1909f56bfc062723c751e8b465ee728b)
Start importing Assets/Resources/Images/Materials/1681.mat using Guid(7801209e2750ca34193aceebcb1a8d83) Importer(815301076,1909f56bfc062723c751e8b465ee728b)  -> (artifact id: '9a8fde374fe82e016b37730ff3ef7324') in 0.025396 seconds 
========================================================================
Received Import Request.
  Time since last request: 0.000043 seconds.
  path: Assets/Resources/Images/Materials/2576.mat
  artifactKey: Guid(7e4c57cceac96224289b65cc201033c0) Importer(815301076,1909f56bfc062723c751e8b465ee728b)
Start importing Assets/Resources/Images/Materials/2576.mat using Guid(7e4c57cceac96224289b65cc201033c0) Importer(815301076,1909f56bfc062723c751e8b465ee728b)  -> (artifact id: '5a81eed763f603f23b3ca8bc4f358d00') in 0.020835 seconds 
========================================================================
Received Import Request.
  Time since last request: 0.000041 seconds.
  path: Assets/Resources/Images/Materials/2750.mat
  artifactKey: Guid(2272f4dd693b1f6468d9d3cb679d6d7e) Importer(815301076,1909f56bfc062723c751e8b465ee728b)
Start importing Assets/Resources/Images/Materials/2750.mat using Guid(2272f4dd693b1f6468d9d3cb679d6d7e) Importer(815301076,1909f56bfc062723c751e8b465ee728b)  -> (artifact id: 'db5f2e46421271dabf013e4152123c12') in 0.016633 seconds 
========================================================================
Received Import Request.
  Time since last request: 0.000053 seconds.
  path: Assets/Resources/Images/Materials/0584.mat
  artifactKey: Guid(1179005eb12a8ab48b778cf16d316d1c) Importer(815301076,1909f56bfc062723c751e8b465ee728b)
Start importing Assets/Resources/Images/Materials/0584.mat using Guid(1179005eb12a8ab48b778cf16d316d1c) Importer(815301076,1909f56bfc062723c751e8b465ee728b)  -> (artifact id: '85ae3ff6f2501dea1190df141e1fe3f3') in 0.025126 seconds 
========================================================================
Received Import Request.
  Time since last request: 0.000043 seconds.
  path: Assets/Resources/Images/Materials/3550.mat
  artifactKey: Guid(8df05a39ba2ff1848a600cbca89bf36d) Importer(815301076,1909f56bfc062723c751e8b465ee728b)
Start importing Assets/Resources/Images/Materials/3550.mat using Guid(8df05a39ba2ff1848a600cbca89bf36d) Importer(815301076,1909f56bfc062723c751e8b465ee728b)  -> (artifact id: 'c2a75d59a601a0bc0a1a63f132d8e116') in 0.018914 seconds 
========================================================================
Received Import Request.
  Time since last request: 0.000038 seconds.
  path: Assets/Resources/Images/Materials/0753.mat
  artifactKey: Guid(d0da7e69fe3b08240bc8b0ac363fbe06) Importer(815301076,1909f56bfc062723c751e8b465ee728b)
Start importing Assets/Resources/Images/Materials/0753.mat using Guid(d0da7e69fe3b08240bc8b0ac363fbe06) Importer(815301076,1909f56bfc062723c751e8b465ee728b)  -> (artifact id: '236c67379280f103e73e8e765b422f31') in 0.016258 seconds 
========================================================================
Received Import Request.
  Time since last request: 0.000034 seconds.
  path: Assets/Resources/Images/Materials/0589.mat
  artifactKey: Guid(035a32efec3e04440a71de2eb82c3c52) Importer(815301076,1909f56bfc062723c751e8b465ee728b)
Start importing Assets/Resources/Images/Materials/0589.mat using Guid(035a32efec3e04440a71de2eb82c3c52) Importer(815301076,1909f56bfc062723c751e8b465ee728b)  -> (artifact id: '5e269a2d0e93234b30d13639325dc706') in 0.018607 seconds 
========================================================================
Received Import Request.
  Time since last request: 0.000030 seconds.
  path: Assets/Resources/Images/Materials/1754.mat
  artifactKey: Guid(22bf2c363a9ad4d4ba898769c1ed85c5) Importer(815301076,1909f56bfc062723c751e8b465ee728b)
Start importing Assets/Resources/Images/Materials/1754.mat using Guid(22bf2c363a9ad4d4ba898769c1ed85c5) Importer(815301076,1909f56bfc062723c751e8b465ee728b)  -> (artifact id: 'ceae9e812f0f6b84ec2a058ae4ed2fb7') in 0.018075 seconds 
========================================================================
Received Import Request.
  Time since last request: 0.000057 seconds.
  path: Assets/Resources/Images/Materials/1787.mat
  artifactKey: Guid(7cc7cbc770e9876488444b2ed98d2c9a) Importer(815301076,1909f56bfc062723c751e8b465ee728b)
Start importing Assets/Resources/Images/Materials/1787.mat using Guid(7cc7cbc770e9876488444b2ed98d2c9a) Importer(815301076,1909f56bfc062723c751e8b465ee728b)  -> (artifact id: 'e4d1402a416afb3a0e5bf70cabe84e1d') in 0.017649 seconds 
========================================================================
Received Import Request.
  Time since last request: 0.000034 seconds.
  path: Assets/Resources/Images/Materials/0671.mat
  artifactKey: Guid(adaf755a330d95948886e3de3455ce84) Importer(815301076,1909f56bfc062723c751e8b465ee728b)
Start importing Assets/Resources/Images/Materials/0671.mat using Guid(adaf755a330d95948886e3de3455ce84) Importer(815301076,1909f56bfc062723c751e8b465ee728b)  -> (artifact id: '924283ad1b93b7351fdfc045c8327b51') in 0.013767 seconds 
========================================================================
Received Import Request.
  Time since last request: 0.000032 seconds.
  path: Assets/Resources/Images/Materials/0777.mat
  artifactKey: Guid(549cd2dff2052494dbbae59948fe765a) Importer(815301076,1909f56bfc062723c751e8b465ee728b)
Start importing Assets/Resources/Images/Materials/0777.mat using Guid(549cd2dff2052494dbbae59948fe765a) Importer(815301076,1909f56bfc062723c751e8b465ee728b)  -> (artifact id: 'c0dc21eb6aaa5a5e4a71fd7ea911a6d3') in 0.023347 seconds 
========================================================================
Received Import Request.
  Time since last request: 0.000034 seconds.
  path: Assets/Resources/Images/Materials/2648.mat
  artifactKey: Guid(e0438b8190f140241936f5b00017d6ec) Importer(815301076,1909f56bfc062723c751e8b465ee728b)
Start importing Assets/Resources/Images/Materials/2648.mat using Guid(e0438b8190f140241936f5b00017d6ec) Importer(815301076,1909f56bfc062723c751e8b465ee728b)  -> (artifact id: '9a44b86145f79b2ccc3fe19de8bd75c1') in 0.014311 seconds 
========================================================================
Received Import Request.
  Time since last request: 0.000044 seconds.
  path: Assets/Resources/Images/Materials/2688.mat
  artifactKey: Guid(ff30ea879f87d0f4f8014ff4388ca206) Importer(815301076,1909f56bfc062723c751e8b465ee728b)
Start importing Assets/Resources/Images/Materials/2688.mat using Guid(ff30ea879f87d0f4f8014ff4388ca206) Importer(815301076,1909f56bfc062723c751e8b465ee728b)  -> (artifact id: 'a41db48894ba7091711e43a2f094437b') in 0.014693 seconds 
========================================================================
Received Import Request.
  Time since last request: 0.000032 seconds.
  path: Assets/Resources/Images/Materials/0665.mat
  artifactKey: Guid(40a79a407241ada4b8a722bf0b59e558) Importer(815301076,1909f56bfc062723c751e8b465ee728b)
Start importing Assets/Resources/Images/Materials/0665.mat using Guid(40a79a407241ada4b8a722bf0b59e558) Importer(815301076,1909f56bfc062723c751e8b465ee728b)  -> (artifact id: 'a0bd6992a2b7ef1a088410a04904209f') in 0.018469 seconds 
========================================================================
Received Import Request.
  Time since last request: 0.000033 seconds.
  path: Assets/Resources/Images/Materials/3787.mat
  artifactKey: Guid(8963beb0a850b11459bcd5cc7bfb6c3b) Importer(815301076,1909f56bfc062723c751e8b465ee728b)
Start importing Assets/Resources/Images/Materials/3787.mat using Guid(8963beb0a850b11459bcd5cc7bfb6c3b) Importer(815301076,1909f56bfc062723c751e8b465ee728b)  -> (artifact id: 'b1b8c99308c261eb6f8b6bc9c87dd206') in 0.015315 seconds 
========================================================================
Received Import Request.
  Time since last request: 0.000046 seconds.
  path: Assets/Resources/Images/Materials/3766.mat
  artifactKey: Guid(ecaa1a0b96c2f0e40b895fccb1c66f52) Importer(815301076,1909f56bfc062723c751e8b465ee728b)
Start importing Assets/Resources/Images/Materials/3766.mat using Guid(ecaa1a0b96c2f0e40b895fccb1c66f52) Importer(815301076,1909f56bfc062723c751e8b465ee728b)  -> (artifact id: '2f79579af88676d848637d53a42bf5fe') in 0.015935 seconds 
========================================================================
Received Import Request.
  Time since last request: 0.000044 seconds.
  path: Assets/Resources/Images/Materials/1766.mat
  artifactKey: Guid(fa2d348ffcea99d46ab6fa01aec9b19e) Importer(815301076,1909f56bfc062723c751e8b465ee728b)
Start importing Assets/Resources/Images/Materials/1766.mat using Guid(fa2d348ffcea99d46ab6fa01aec9b19e) Importer(815301076,1909f56bfc062723c751e8b465ee728b)  -> (artifact id: '6881fd360035609527f77f66bc9c09a5') in 0.016941 seconds 
========================================================================
Received Import Request.
  Time since last request: 0.000033 seconds.
  path: Assets/Resources/Images/Materials/0767.mat
  artifactKey: Guid(8f5e7ecbbad419d45a9ec3f281da3409) Importer(815301076,1909f56bfc062723c751e8b465ee728b)
Start importing Assets/Resources/Images/Materials/0767.mat using Guid(8f5e7ecbbad419d45a9ec3f281da3409) Importer(815301076,1909f56bfc062723c751e8b465ee728b)  -> (artifact id: '1776a17d15e7cefcaeff33729f3b0032') in 0.014533 seconds 
========================================================================
Received Import Request.
  Time since last request: 0.000034 seconds.
  path: Assets/Resources/Images/Materials/2584.mat
  artifactKey: Guid(b52cbd7ce23007241a99ae1e7b83171c) Importer(815301076,1909f56bfc062723c751e8b465ee728b)
Start importing Assets/Resources/Images/Materials/2584.mat using Guid(b52cbd7ce23007241a99ae1e7b83171c) Importer(815301076,1909f56bfc062723c751e8b465ee728b)  -> (artifact id: '1a9b1c0a7a1d606ae4611f8a8802cfa3') in 0.022481 seconds 
========================================================================
Received Import Request.
  Time since last request: 0.616712 seconds.
  path: Assets/Resources/Images/Materials/0567.mat
  artifactKey: Guid(15a7e2113be20eb4faedf4180bd4a2bf) Importer(815301076,1909f56bfc062723c751e8b465ee728b)
Start importing Assets/Resources/Images/Materials/0567.mat using Guid(15a7e2113be20eb4faedf4180bd4a2bf) Importer(815301076,1909f56bfc062723c751e8b465ee728b)  -> (artifact id: '3a6cfd465d474e459900f24a6d013619') in 0.047875 seconds 
========================================================================
Received Import Request.
  Time since last request: 0.000059 seconds.
  path: Assets/Resources/Images/Materials/0573.mat
  artifactKey: Guid(749758011c1e2ba48a52fed077d0b1e6) Importer(815301076,1909f56bfc062723c751e8b465ee728b)
Start importing Assets/Resources/Images/Materials/0573.mat using Guid(749758011c1e2ba48a52fed077d0b1e6) Importer(815301076,1909f56bfc062723c751e8b465ee728b)  -> (artifact id: '9ee8f8f97eec3045330627f60c06343c') in 0.028613 seconds 
========================================================================
Received Import Request.
  Time since last request: 0.006159 seconds.
  path: Assets/Resources/Images/Materials/0672.mat
  artifactKey: Guid(112fca888f0835540a9c4ff05ee3a7b5) Importer(815301076,1909f56bfc062723c751e8b465ee728b)
Start importing Assets/Resources/Images/Materials/0672.mat using Guid(112fca888f0835540a9c4ff05ee3a7b5) Importer(815301076,1909f56bfc062723c751e8b465ee728b)  -> (artifact id: '07a140c6254273c515abf6316d18aa7f') in 0.016661 seconds 
========================================================================
Received Import Request.
  Time since last request: 0.000040 seconds.
  path: Assets/Resources/Images/Materials/0681.mat
  artifactKey: Guid(e4e9af7acdf21b64a96ecfc4ba80e9f0) Importer(815301076,1909f56bfc062723c751e8b465ee728b)
Start importing Assets/Resources/Images/Materials/0681.mat using Guid(e4e9af7acdf21b64a96ecfc4ba80e9f0) Importer(815301076,1909f56bfc062723c751e8b465ee728b)  -> (artifact id: '1436a9562ad0faf2c70c2272b9934cda') in 0.024369 seconds 
========================================================================
Received Import Request.
  Time since last request: 0.000063 seconds.
  path: Assets/Resources/Images/Materials/0680.mat
  artifactKey: Guid(51031e84d0ce7384bb867abc9775a84a) Importer(815301076,1909f56bfc062723c751e8b465ee728b)
Start importing Assets/Resources/Images/Materials/0680.mat using Guid(51031e84d0ce7384bb867abc9775a84a) Importer(815301076,1909f56bfc062723c751e8b465ee728b)  -> (artifact id: '349cd53af8221fe9e68b84cd7e714243') in 0.024180 seconds 
========================================================================
Received Import Request.
  Time since last request: 0.208604 seconds.
  path: Assets/Resources/Images/Materials/0779.mat
  artifactKey: Guid(421ce1eaa4ecd3644bdd8f54b4f6ba21) Importer(815301076,1909f56bfc062723c751e8b465ee728b)
Start importing Assets/Resources/Images/Materials/0779.mat using Guid(421ce1eaa4ecd3644bdd8f54b4f6ba21) Importer(815301076,1909f56bfc062723c751e8b465ee728b)  -> (artifact id: 'a21a2d728235f599f226ec0b21f2fa56') in 0.030258 seconds 
========================================================================
Received Import Request.
  Time since last request: 0.131181 seconds.
  path: Assets/Resources/Images/Materials/1649.mat
  artifactKey: Guid(9a481b8a5d69d9948b3cab1ec430ba1f) Importer(815301076,1909f56bfc062723c751e8b465ee728b)
Start importing Assets/Resources/Images/Materials/1649.mat using Guid(9a481b8a5d69d9948b3cab1ec430ba1f) Importer(815301076,1909f56bfc062723c751e8b465ee728b)  -> (artifact id: 'ca73e41504cd4cb9dbc17b5bbbd3161c') in 0.022541 seconds 
========================================================================
Received Import Request.
  Time since last request: 20.061622 seconds.
  path: Assets/Resources/Images/Materials/1748.mat
  artifactKey: Guid(48f2710e137cdd54cbf5977a297113f8) Importer(815301076,1909f56bfc062723c751e8b465ee728b)
Start importing Assets/Resources/Images/Materials/1748.mat using Guid(48f2710e137cdd54cbf5977a297113f8) Importer(815301076,1909f56bfc062723c751e8b465ee728b)  -> (artifact id: 'efbc309e94442cd09d255abfe5ac9df4') in 0.036194 seconds 
========================================================================
Received Import Request.
  Time since last request: 14.449012 seconds.
  path: Assets/Resources/Images/Materials/1549.mat
  artifactKey: Guid(9ede7208ff8474d4a9f7316636beef84) Importer(815301076,1909f56bfc062723c751e8b465ee728b)
Start importing Assets/Resources/Images/Materials/1549.mat using Guid(9ede7208ff8474d4a9f7316636beef84) Importer(815301076,1909f56bfc062723c751e8b465ee728b)  -> (artifact id: '7c421ab1a28e646d4fa107965e0da618') in 0.044122 seconds 
========================================================================
Received Import Request.
  Time since last request: 0.000055 seconds.
  path: Assets/Resources/Images/Materials/0789.mat
  artifactKey: Guid(5019022ee858e604182e97a7e3544786) Importer(815301076,1909f56bfc062723c751e8b465ee728b)
Start importing Assets/Resources/Images/Materials/0789.mat using Guid(5019022ee858e604182e97a7e3544786) Importer(815301076,1909f56bfc062723c751e8b465ee728b)  -> (artifact id: '2ed2209bc929948f21990118d492393c') in 0.020831 seconds 
Editor requested this worker to shutdown with reason: Scaling down because of idle timeout
AssetImportWorker is now disconnected from the server
Process exiting
Exiting without the bug reporter. Application will terminate with return code 0